===== Input Arguments =====
  model         : resnet34
  attn          : none
  tuning        : False
  use_excluded  : False
  use_added     : False
  folds         : 4
  epochs        : 50
  batch_size    : 32
  lr            : 0.001
  optimizer     : adam
  weight_decay  : 1e-05
  label_smoothing: 0.0
  label         : family
  crop_bbox     : True
  seed          : 42
  save_csv      : results_all.csv
  outdir        : /home/work/AIPJ/EF2039_Introduction_to_AI_Programming_Project_1/experiment_overfitting
  added_repeat  : 1
  rotation      : 15
  cutmix        : 0.0
===========================
Device: cuda  |  AMP: True  |  Workers: 14
Label: family  |  Classes: 70
Mode: excl=False, added=False  |  Original: 10000, Added(train-only): 0 ×1 = 0
Test set isolated: 2000 samples (20%, seed=42)
Train+Val pool   : 8000 samples → 4-fold CV

============================================================
  Fold 1/4
============================================================
  Train: 6000, Val: 2000, Test: 2000
  resnet34 (no attention)
  [F1 E  1/50] Train 4.0061/0.0855  Val 3.6104/0.1500  (9.6s)
  [F1 E  2/50] Train 3.5655/0.1447  Val 3.3756/0.1800  (7.8s)
  [F1 E  3/50] Train 3.3317/0.1793  Val 3.1718/0.2010  (7.7s)
  [F1 E  4/50] Train 3.1787/0.2070  Val 3.0617/0.2420  (7.6s)
  [F1 E  5/50] Train 3.1042/0.2255  Val 2.9491/0.2475  (7.6s)
  [Epoch 6] Backbone unfreeze (lr=1e-04)
  [F1 E  6/50] Train 2.0435/0.4220  Val 1.3571/0.5855  (7.6s)
  [F1 E  7/50] Train 1.1298/0.6570  Val 1.0042/0.6875  (7.8s)
  [F1 E  8/50] Train 0.7634/0.7665  Val 0.7926/0.7590  (8.3s)
  [F1 E  9/50] Train 0.5722/0.8187  Val 0.7405/0.7720  (7.9s)
  [F1 E 10/50] Train 0.4373/0.8633  Val 0.6880/0.7920  (7.9s)
  [F1 E 11/50] Train 0.3353/0.8905  Val 0.7137/0.7965  (7.8s)
  [F1 E 12/50] Train 0.2753/0.9123  Val 0.6151/0.8285  (8.2s)
  [F1 E 13/50] Train 0.2316/0.9270  Val 0.6169/0.8240  (8.1s)
  [F1 E 14/50] Train 0.2319/0.9260  Val 0.7312/0.8145  (7.7s)
  [F1 E 15/50] Train 0.2007/0.9327  Val 0.7076/0.8040  (8.0s)
  [F1 E 16/50] Train 0.1542/0.9508  Val 0.6750/0.8295  (7.8s)
  [F1 E 17/50] Train 0.1288/0.9622  Val 0.5935/0.8510  (7.7s)
  [F1 E 18/50] Train 0.1005/0.9697  Val 0.6231/0.8460  (8.0s)
  [F1 E 19/50] Train 0.1160/0.9653  Val 0.6682/0.8505  (7.7s)
  [F1 E 20/50] Train 0.1023/0.9703  Val 0.6243/0.8555  (8.1s)
  [F1 E 21/50] Train 0.0909/0.9718  Val 0.6424/0.8550  (8.1s)
  [F1 E 22/50] Train 0.0903/0.9725  Val 0.5931/0.8595  (7.7s)
  [F1 E 23/50] Train 0.0677/0.9803  Val 0.6678/0.8435  (8.2s)
  [F1 E 24/50] Train 0.0710/0.9772  Val 0.6169/0.8530  (7.7s)
  [F1 E 25/50] Train 0.0563/0.9838  Val 0.6197/0.8555  (7.7s)
  [F1 E 26/50] Train 0.0313/0.9917  Val 0.5660/0.8675  (7.8s)
  [F1 E 27/50] Train 0.0332/0.9903  Val 0.6211/0.8665  (8.3s)
  [F1 E 28/50] Train 0.0398/0.9888  Val 0.5733/0.8705  (7.7s)
  [F1 E 29/50] Train 0.0198/0.9953  Val 0.5593/0.8765  (8.1s)
  [F1 E 30/50] Train 0.0221/0.9945  Val 0.6094/0.8680  (7.9s)
  [F1 E 31/50] Train 0.0320/0.9898  Val 0.5961/0.8640  (8.0s)
  [F1 E 32/50] Train 0.0272/0.9915  Val 0.5366/0.8800  (8.3s)
  [F1 E 33/50] Train 0.0185/0.9955  Val 0.5219/0.8790  (7.9s)
  [F1 E 34/50] Train 0.0160/0.9960  Val 0.5214/0.8835  (7.9s)
  [F1 E 35/50] Train 0.0132/0.9967  Val 0.5141/0.8845  (8.1s)
  [F1 E 36/50] Train 0.0110/0.9972  Val 0.5424/0.8805  (7.8s)
  [F1 E 37/50] Train 0.0110/0.9978  Val 0.5279/0.8835  (7.9s)
  [F1 E 38/50] Train 0.0079/0.9978  Val 0.5175/0.8815  (7.9s)
  [F1 E 39/50] Train 0.0072/0.9983  Val 0.5197/0.8860  (8.1s)
  [F1 E 40/50] Train 0.0074/0.9980  Val 0.5204/0.8845  (8.1s)
  [F1 E 41/50] Train 0.0045/0.9993  Val 0.5189/0.8840  (7.8s)
  [F1 E 42/50] Train 0.0047/0.9985  Val 0.5105/0.8865  (8.1s)
  [F1 E 43/50] Train 0.0031/0.9997  Val 0.4970/0.8865  (7.7s)
  [F1 E 44/50] Train 0.0041/0.9990  Val 0.4974/0.8905  (7.7s)
  [F1 E 45/50] Train 0.0032/0.9995  Val 0.4923/0.8885  (8.4s)
  [F1 E 46/50] Train 0.0042/0.9990  Val 0.4929/0.8910  (8.2s)
  [F1 E 47/50] Train 0.0028/0.9998  Val 0.5044/0.8845  (7.9s)
  [F1 E 48/50] Train 0.0021/0.9998  Val 0.5025/0.8870  (7.8s)
  [F1 E 49/50] Train 0.0031/0.9992  Val 0.4994/0.8870  (7.8s)
  [F1 E 50/50] Train 0.0024/0.9995  Val 0.4888/0.8900  (7.8s)
  Fold 1 done — best val acc: 0.8910  (6m 40s)

============================================================
  Fold 2/4
============================================================
  Train: 6000, Val: 2000, Test: 2000
  resnet34 (no attention)
  [F2 E  1/50] Train 4.0010/0.0912  Val 3.6268/0.1300  (9.0s)
  [F2 E  2/50] Train 3.5383/0.1470  Val 3.3521/0.1935  (8.1s)
  [F2 E  3/50] Train 3.3148/0.1827  Val 3.2134/0.2065  (8.0s)
  [F2 E  4/50] Train 3.1781/0.2033  Val 3.1018/0.2245  (7.8s)
  [F2 E  5/50] Train 3.0643/0.2223  Val 3.0483/0.2380  (8.3s)
  [Epoch 6] Backbone unfreeze (lr=1e-04)
  [F2 E  6/50] Train 2.0418/0.4095  Val 1.3735/0.5745  (8.0s)
  [F2 E  7/50] Train 1.1264/0.6497  Val 1.0288/0.6725  (7.9s)
  [F2 E  8/50] Train 0.7704/0.7605  Val 0.9291/0.7130  (8.9s)
  [F2 E  9/50] Train 0.5474/0.8235  Val 0.9272/0.7295  (8.1s)
  [F2 E 10/50] Train 0.4387/0.8613  Val 0.8328/0.7500  (8.1s)
  [F2 E 11/50] Train 0.3685/0.8847  Val 0.7447/0.8010  (8.3s)
  [F2 E 12/50] Train 0.2777/0.9108  Val 0.6908/0.8135  (8.1s)
  [F2 E 13/50] Train 0.2094/0.9382  Val 0.6708/0.8360  (8.1s)
  [F2 E 14/50] Train 0.2028/0.9368  Val 0.7419/0.8080  (7.8s)
  [F2 E 15/50] Train 0.1741/0.9442  Val 0.7460/0.8140  (8.3s)
  [F2 E 16/50] Train 0.1748/0.9428  Val 0.7121/0.8140  (7.8s)
  [F2 E 17/50] Train 0.1618/0.9498  Val 0.6375/0.8405  (7.8s)
  [F2 E 18/50] Train 0.1124/0.9650  Val 0.6766/0.8375  (7.9s)
  [F2 E 19/50] Train 0.0937/0.9725  Val 0.7137/0.8425  (7.9s)
  [F2 E 20/50] Train 0.0807/0.9747  Val 0.6949/0.8330  (7.8s)
  [F2 E 21/50] Train 0.1001/0.9685  Val 0.7585/0.8295  (8.2s)
  [F2 E 22/50] Train 0.0767/0.9773  Val 0.7281/0.8345  (8.5s)
  [F2 E 23/50] Train 0.0619/0.9815  Val 0.7042/0.8440  (8.0s)
  [F2 E 24/50] Train 0.0585/0.9817  Val 0.6626/0.8625  (7.7s)
  [F2 E 25/50] Train 0.0526/0.9827  Val 0.7330/0.8375  (8.2s)
  [F2 E 26/50] Train 0.0368/0.9892  Val 0.6916/0.8585  (7.9s)
  [F2 E 27/50] Train 0.0483/0.9860  Val 0.6762/0.8510  (8.1s)
  [F2 E 28/50] Train 0.0421/0.9883  Val 0.6228/0.8700  (7.9s)
  [F2 E 29/50] Train 0.0339/0.9893  Val 0.6795/0.8570  (7.7s)
  [F2 E 30/50] Train 0.0324/0.9908  Val 0.6998/0.8565  (8.4s)
  [F2 E 31/50] Train 0.0238/0.9935  Val 0.6578/0.8655  (8.1s)
  [F2 E 32/50] Train 0.0244/0.9932  Val 0.6189/0.8705  (8.1s)
  [F2 E 33/50] Train 0.0184/0.9953  Val 0.6148/0.8690  (8.4s)
  [F2 E 34/50] Train 0.0118/0.9975  Val 0.5964/0.8780  (8.1s)
  [F2 E 35/50] Train 0.0180/0.9950  Val 0.5976/0.8745  (8.4s)
  [F2 E 36/50] Train 0.0092/0.9983  Val 0.5995/0.8745  (8.2s)
  [F2 E 37/50] Train 0.0105/0.9965  Val 0.6085/0.8790  (7.8s)
  [F2 E 38/50] Train 0.0074/0.9985  Val 0.5828/0.8760  (8.1s)
  [F2 E 39/50] Train 0.0085/0.9978  Val 0.5794/0.8820  (7.9s)
  [F2 E 40/50] Train 0.0063/0.9990  Val 0.5931/0.8760  (8.1s)
  [F2 E 41/50] Train 0.0055/0.9992  Val 0.6031/0.8780  (7.9s)
  [F2 E 42/50] Train 0.0046/0.9990  Val 0.5963/0.8795  (8.3s)
  [F2 E 43/50] Train 0.0046/0.9992  Val 0.5930/0.8760  (8.2s)
  [F2 E 44/50] Train 0.0031/0.9997  Val 0.5832/0.8815  (8.0s)
  [F2 E 45/50] Train 0.0027/0.9997  Val 0.5824/0.8815  (7.7s)
  [F2 E 46/50] Train 0.0048/0.9988  Val 0.5895/0.8800  (7.8s)
  [F2 E 47/50] Train 0.0021/1.0000  Val 0.5861/0.8775  (8.0s)
  [F2 E 48/50] Train 0.0027/0.9995  Val 0.5835/0.8825  (8.3s)
  [F2 E 49/50] Train 0.0027/0.9997  Val 0.5793/0.8795  (8.1s)
  [F2 E 50/50] Train 0.0024/0.9997  Val 0.5837/0.8745  (7.8s)
  Fold 2 done — best val acc: 0.8825  (6m 47s)

============================================================
  Fold 3/4
============================================================
  Train: 6000, Val: 2000, Test: 2000
  resnet34 (no attention)
  [F3 E  1/50] Train 4.0182/0.0832  Val 3.6857/0.1065  (9.7s)
  [F3 E  2/50] Train 3.5545/0.1517  Val 3.3715/0.1750  (8.1s)
  [F3 E  3/50] Train 3.3445/0.1780  Val 3.1965/0.1965  (8.3s)
  [F3 E  4/50] Train 3.1960/0.2075  Val 3.0892/0.2475  (8.0s)
  [F3 E  5/50] Train 3.0823/0.2257  Val 2.9636/0.2450  (8.6s)
  [Epoch 6] Backbone unfreeze (lr=1e-04)
  [F3 E  6/50] Train 2.0364/0.4180  Val 1.4666/0.5455  (9.3s)
  [F3 E  7/50] Train 1.0883/0.6697  Val 0.9706/0.7105  (9.5s)
  [F3 E  8/50] Train 0.7364/0.7753  Val 0.8586/0.7475  (9.4s)
  [F3 E  9/50] Train 0.5521/0.8268  Val 0.7245/0.7855  (9.1s)
  [F3 E 10/50] Train 0.4310/0.8647  Val 0.7374/0.7785  (9.2s)
  [F3 E 11/50] Train 0.3353/0.8927  Val 0.7069/0.8060  (8.9s)
  [F3 E 12/50] Train 0.2740/0.9138  Val 0.7158/0.8125  (9.3s)
  [F3 E 13/50] Train 0.2689/0.9097  Val 0.6671/0.8175  (9.6s)
  [F3 E 14/50] Train 0.2034/0.9327  Val 0.7407/0.7990  (9.4s)
  [F3 E 15/50] Train 0.1689/0.9458  Val 0.6458/0.8275  (9.4s)
  [F3 E 16/50] Train 0.1443/0.9548  Val 0.6845/0.8205  (9.5s)
  [F3 E 17/50] Train 0.1136/0.9655  Val 0.6492/0.8255  (9.5s)
  [F3 E 18/50] Train 0.1078/0.9660  Val 0.6737/0.8360  (9.3s)
  [F3 E 19/50] Train 0.1101/0.9633  Val 0.6774/0.8310  (9.2s)
  [F3 E 20/50] Train 0.1102/0.9630  Val 0.6962/0.8280  (9.5s)
  [F3 E 21/50] Train 0.0960/0.9707  Val 0.6049/0.8540  (8.7s)
  [F3 E 22/50] Train 0.0689/0.9792  Val 0.6113/0.8570  (9.7s)
  [F3 E 23/50] Train 0.0565/0.9850  Val 0.6535/0.8510  (9.2s)
  [F3 E 24/50] Train 0.0563/0.9825  Val 0.6791/0.8455  (9.5s)
  [F3 E 25/50] Train 0.0498/0.9855  Val 0.5921/0.8650  (9.7s)
  [F3 E 26/50] Train 0.0501/0.9838  Val 0.6571/0.8595  (10.1s)
  [F3 E 27/50] Train 0.0481/0.9852  Val 0.6103/0.8670  (9.2s)
  [F3 E 28/50] Train 0.0396/0.9868  Val 0.6986/0.8525  (9.1s)
  [F3 E 29/50] Train 0.0327/0.9910  Val 0.6224/0.8635  (9.7s)
  [F3 E 30/50] Train 0.0241/0.9932  Val 0.6150/0.8620  (9.1s)
  [F3 E 31/50] Train 0.0255/0.9923  Val 0.6285/0.8635  (9.7s)
  [F3 E 32/50] Train 0.0208/0.9945  Val 0.6114/0.8705  (9.2s)
  [F3 E 33/50] Train 0.0137/0.9963  Val 0.5800/0.8745  (9.1s)
  [F3 E 34/50] Train 0.0205/0.9930  Val 0.6047/0.8700  (8.9s)
  [F3 E 35/50] Train 0.0128/0.9970  Val 0.5707/0.8740  (9.4s)
  [F3 E 36/50] Train 0.0074/0.9985  Val 0.5687/0.8765  (9.2s)
  [F3 E 37/50] Train 0.0084/0.9978  Val 0.5805/0.8755  (9.9s)
  [F3 E 38/50] Train 0.0067/0.9987  Val 0.5818/0.8760  (9.5s)
  [F3 E 39/50] Train 0.0070/0.9982  Val 0.5674/0.8765  (9.2s)
  [F3 E 40/50] Train 0.0061/0.9988  Val 0.5574/0.8770  (9.6s)
  [F3 E 41/50] Train 0.0055/0.9985  Val 0.5478/0.8810  (9.8s)
  [F3 E 42/50] Train 0.0051/0.9992  Val 0.5636/0.8760  (9.4s)
  [F3 E 43/50] Train 0.0039/0.9992  Val 0.5597/0.8780  (9.6s)
  [F3 E 44/50] Train 0.0058/0.9980  Val 0.5555/0.8795  (9.6s)
  [F3 E 45/50] Train 0.0035/0.9992  Val 0.5491/0.8810  (10.1s)
  [F3 E 46/50] Train 0.0035/0.9995  Val 0.5491/0.8845  (9.6s)
  [F3 E 47/50] Train 0.0028/0.9997  Val 0.5514/0.8850  (9.5s)
  [F3 E 48/50] Train 0.0021/0.9998  Val 0.5480/0.8825  (9.9s)
  [F3 E 49/50] Train 0.0026/0.9997  Val 0.5419/0.8860  (9.6s)
  [F3 E 50/50] Train 0.0028/0.9993  Val 0.5488/0.8820  (9.8s)
  Fold 3 done — best val acc: 0.8860  (7m 50s)

============================================================
  Fold 4/4
============================================================
  Train: 6000, Val: 2000, Test: 2000
  resnet34 (no attention)
  [F4 E  1/50] Train 4.0047/0.0807  Val 3.6704/0.1285  (11.8s)
  [F4 E  2/50] Train 3.5546/0.1470  Val 3.3762/0.1580  (9.7s)
  [F4 E  3/50] Train 3.3165/0.1800  Val 3.2297/0.1920  (9.9s)
  [F4 E  4/50] Train 3.1772/0.2070  Val 3.1181/0.2180  (9.2s)
  [F4 E  5/50] Train 3.0643/0.2277  Val 3.0397/0.2305  (9.3s)
  [Epoch 6] Backbone unfreeze (lr=1e-04)
  [F4 E  6/50] Train 2.0272/0.4233  Val 1.4659/0.5540  (9.3s)
  [F4 E  7/50] Train 1.1267/0.6588  Val 1.0480/0.6835  (9.4s)
  [F4 E  8/50] Train 0.7480/0.7642  Val 0.9720/0.7155  (9.4s)
  [F4 E  9/50] Train 0.5709/0.8252  Val 0.7781/0.7700  (9.9s)
  [F4 E 10/50] Train 0.4599/0.8545  Val 0.7179/0.7975  (9.2s)
  [F4 E 11/50] Train 0.3384/0.8922  Val 0.7152/0.7910  (9.4s)
  [F4 E 12/50] Train 0.2797/0.9110  Val 0.7837/0.7815  (9.0s)
  [F4 E 13/50] Train 0.2476/0.9180  Val 0.7862/0.7970  (9.1s)
  [F4 E 14/50] Train 0.2037/0.9382  Val 0.6938/0.8115  (9.5s)
  [F4 E 15/50] Train 0.1607/0.9485  Val 0.7259/0.8055  (9.2s)
  [F4 E 16/50] Train 0.1664/0.9465  Val 0.7167/0.8215  (9.7s)
  [F4 E 17/50] Train 0.1358/0.9570  Val 0.7144/0.8260  (9.5s)
  [F4 E 18/50] Train 0.1237/0.9602  Val 0.7544/0.8200  (9.6s)
  [F4 E 19/50] Train 0.1253/0.9588  Val 0.6549/0.8435  (9.2s)
  [F4 E 20/50] Train 0.0875/0.9728  Val 0.7282/0.8235  (9.2s)
  [F4 E 21/50] Train 0.0908/0.9713  Val 0.6874/0.8405  (9.7s)
  [F4 E 22/50] Train 0.0819/0.9765  Val 0.6936/0.8380  (9.6s)
  [F4 E 23/50] Train 0.0711/0.9795  Val 0.6889/0.8440  (9.6s)
  [F4 E 24/50] Train 0.0737/0.9762  Val 0.6859/0.8465  (9.7s)
  [F4 E 25/50] Train 0.0422/0.9883  Val 0.7045/0.8385  (9.3s)
  [F4 E 26/50] Train 0.0451/0.9865  Val 0.7372/0.8445  (9.7s)
  [F4 E 27/50] Train 0.0455/0.9863  Val 0.6682/0.8600  (9.2s)
  [F4 E 28/50] Train 0.0330/0.9913  Val 0.6718/0.8550  (9.2s)
  [F4 E 29/50] Train 0.0271/0.9935  Val 0.6564/0.8620  (9.3s)
  [F4 E 30/50] Train 0.0288/0.9915  Val 0.6028/0.8705  (9.5s)
  [F4 E 31/50] Train 0.0254/0.9932  Val 0.6615/0.8560  (9.3s)
  [F4 E 32/50] Train 0.0261/0.9927  Val 0.6865/0.8600  (9.1s)
  [F4 E 33/50] Train 0.0150/0.9960  Val 0.6283/0.8670  (9.4s)
  [F4 E 34/50] Train 0.0124/0.9968  Val 0.6538/0.8695  (9.4s)
  [F4 E 35/50] Train 0.0079/0.9988  Val 0.6095/0.8780  (9.9s)
  [F4 E 36/50] Train 0.0071/0.9982  Val 0.6102/0.8810  (9.5s)
  [F4 E 37/50] Train 0.0097/0.9975  Val 0.6081/0.8800  (9.5s)
  [F4 E 38/50] Train 0.0086/0.9973  Val 0.6292/0.8725  (9.5s)
  [F4 E 39/50] Train 0.0064/0.9983  Val 0.6004/0.8775  (9.8s)
  [F4 E 40/50] Train 0.0076/0.9975  Val 0.5993/0.8855  (9.7s)
  [F4 E 41/50] Train 0.0067/0.9985  Val 0.5960/0.8820  (9.8s)
  [F4 E 42/50] Train 0.0060/0.9982  Val 0.5835/0.8845  (9.8s)
  [F4 E 43/50] Train 0.0045/0.9992  Val 0.5834/0.8845  (9.7s)
  [F4 E 44/50] Train 0.0043/0.9992  Val 0.5898/0.8835  (10.0s)
  [F4 E 45/50] Train 0.0036/0.9995  Val 0.5792/0.8830  (10.1s)
  [F4 E 46/50] Train 0.0026/0.9997  Val 0.5762/0.8870  (9.8s)
  [F4 E 47/50] Train 0.0035/0.9993  Val 0.5782/0.8815  (9.7s)
  [F4 E 48/50] Train 0.0025/0.9995  Val 0.5738/0.8825  (9.4s)
  [F4 E 49/50] Train 0.0025/0.9997  Val 0.5835/0.8850  (9.6s)
  [F4 E 50/50] Train 0.0030/0.9995  Val 0.5777/0.8820  (9.3s)
  Fold 4 done — best val acc: 0.8870  (8m 1s)

============================================================
  Ensemble — Weighted Soft Voting
  Fold val accs: ['0.8910', '0.8825', '0.8860', '0.8870']
  Weights      : ['0.2512', '0.2488', '0.2498', '0.2501']
============================================================
  resnet34 (no attention)
  resnet34 (no attention)
  resnet34 (no attention)
  resnet34 (no attention)
Ensemble Test Acc : 0.9030
Class-Norm Acc    : 0.8917
History → /home/work/AIPJ/EF2039_Introduction_to_AI_Programming_Project_1/experiment_overfitting/history_resnet34_noattn_vanilla_family_lr0.001_optadam_wd1e-05_rot15.csv
Curve → /home/work/AIPJ/EF2039_Introduction_to_AI_Programming_Project_1/experiment_overfitting/curve_resnet34_noattn_vanilla_family_lr0.001_optadam_wd1e-05_rot15.png
Confusion → /home/work/AIPJ/EF2039_Introduction_to_AI_Programming_Project_1/experiment_overfitting/confusion_resnet34_noattn_vanilla_family_lr0.001_optadam_wd1e-05_rot15.png
Class-wise → /home/work/AIPJ/EF2039_Introduction_to_AI_Programming_Project_1/experiment_overfitting/classwise_resnet34_noattn_vanilla_family_lr0.001_optadam_wd1e-05_rot15.csv
Predictions → /home/work/AIPJ/EF2039_Introduction_to_AI_Programming_Project_1/experiment_overfitting/predictions_resnet34_noattn_vanilla_family_lr0.001_optadam_wd1e-05_rot15.csv
Results → /home/work/AIPJ/EF2039_Introduction_to_AI_Programming_Project_1/experiment_overfitting/results_all.csv
