===== Input Arguments =====
  model         : resnet34
  attn          : none
  tuning        : False
  use_excluded  : False
  use_added     : False
  folds         : 4
  epochs        : 50
  batch_size    : 32
  lr            : 0.001
  optimizer     : adamw
  weight_decay  : 0.005
  label_smoothing: 0.0
  label         : family
  crop_bbox     : True
  seed          : 42
  save_csv      : results_all.csv
  outdir        : /home/work/AIPJ/EF2039_Introduction_to_AI_Programming_Project_1/experiment_overfitting
  added_repeat  : 1
  rotation      : 15
  cutmix        : 0.0
===========================
Device: cuda  |  AMP: True  |  Workers: 14
Label: family  |  Classes: 70
Mode: excl=False, added=False  |  Original: 10000, Added(train-only): 0 ×1 = 0
Test set isolated: 2000 samples (20%, seed=42)
Train+Val pool   : 8000 samples → 4-fold CV

============================================================
  Fold 1/4
============================================================
  Train: 6000, Val: 2000, Test: 2000
  resnet34 (no attention)
  [F1 E  1/50] Train 4.0092/0.0857  Val 3.6465/0.1250  (10.0s)
  [F1 E  2/50] Train 3.5593/0.1465  Val 3.4016/0.1700  (9.6s)
  [F1 E  3/50] Train 3.3230/0.1882  Val 3.2205/0.2025  (9.5s)
  [F1 E  4/50] Train 3.2111/0.2067  Val 3.0992/0.2165  (9.1s)
  [F1 E  5/50] Train 3.0852/0.2213  Val 2.9738/0.2480  (9.2s)
  [Epoch 6] Backbone unfreeze (lr=1e-04)
  [F1 E  6/50] Train 2.0430/0.4220  Val 1.2834/0.6005  (9.3s)
  [F1 E  7/50] Train 1.1207/0.6592  Val 0.9625/0.7055  (8.8s)
  [F1 E  8/50] Train 0.7818/0.7580  Val 0.8207/0.7405  (9.5s)
  [F1 E  9/50] Train 0.5873/0.8118  Val 0.6721/0.7880  (8.8s)
  [F1 E 10/50] Train 0.4311/0.8687  Val 0.7837/0.7770  (9.4s)
  [F1 E 11/50] Train 0.3424/0.8948  Val 0.7064/0.8015  (8.8s)
  [F1 E 12/50] Train 0.2708/0.9163  Val 0.7709/0.7875  (8.7s)
  [F1 E 13/50] Train 0.2800/0.9062  Val 0.6298/0.8250  (8.7s)
  [F1 E 14/50] Train 0.2224/0.9265  Val 0.6862/0.8165  (9.1s)
  [F1 E 15/50] Train 0.1737/0.9447  Val 0.6844/0.8205  (9.0s)
  [F1 E 16/50] Train 0.1532/0.9518  Val 0.6323/0.8485  (8.8s)
  [F1 E 17/50] Train 0.1542/0.9498  Val 0.6123/0.8400  (8.7s)
  [F1 E 18/50] Train 0.1109/0.9640  Val 0.6254/0.8480  (8.7s)
  [F1 E 19/50] Train 0.0919/0.9707  Val 0.6240/0.8490  (8.6s)
  [F1 E 20/50] Train 0.1065/0.9675  Val 0.5341/0.8695  (9.1s)
  [F1 E 21/50] Train 0.0902/0.9697  Val 0.6306/0.8555  (8.9s)
  [F1 E 22/50] Train 0.0733/0.9777  Val 0.5681/0.8635  (8.4s)
  [F1 E 23/50] Train 0.0580/0.9845  Val 0.5708/0.8710  (8.0s)
  [F1 E 24/50] Train 0.0503/0.9852  Val 0.6288/0.8550  (8.5s)
  [F1 E 25/50] Train 0.0601/0.9813  Val 0.6012/0.8605  (8.7s)
  [F1 E 26/50] Train 0.0559/0.9842  Val 0.5933/0.8665  (8.7s)
  [F1 E 27/50] Train 0.0471/0.9868  Val 0.6131/0.8600  (8.1s)
  [F1 E 28/50] Train 0.0429/0.9863  Val 0.6518/0.8595  (8.3s)
  [F1 E 29/50] Train 0.0308/0.9913  Val 0.5928/0.8725  (8.2s)
  [F1 E 30/50] Train 0.0275/0.9908  Val 0.5669/0.8775  (8.0s)
  [F1 E 31/50] Train 0.0282/0.9912  Val 0.5757/0.8770  (7.5s)
  [F1 E 32/50] Train 0.0129/0.9968  Val 0.5560/0.8820  (7.7s)
  [F1 E 33/50] Train 0.0150/0.9965  Val 0.5571/0.8810  (8.2s)
  [F1 E 34/50] Train 0.0149/0.9960  Val 0.5591/0.8795  (8.0s)
  [F1 E 35/50] Train 0.0181/0.9955  Val 0.5272/0.8870  (7.9s)
  [F1 E 36/50] Train 0.0105/0.9977  Val 0.5397/0.8865  (7.8s)
  [F1 E 37/50] Train 0.0074/0.9978  Val 0.5321/0.8855  (7.9s)
  [F1 E 38/50] Train 0.0094/0.9977  Val 0.5363/0.8870  (8.4s)
  [F1 E 39/50] Train 0.0074/0.9980  Val 0.5336/0.8885  (8.0s)
  [F1 E 40/50] Train 0.0074/0.9982  Val 0.5281/0.8880  (8.2s)
  [F1 E 41/50] Train 0.0041/0.9993  Val 0.5206/0.8935  (8.7s)
  [F1 E 42/50] Train 0.0067/0.9985  Val 0.5155/0.8915  (8.4s)
  [F1 E 43/50] Train 0.0035/0.9997  Val 0.5281/0.8925  (7.8s)
  [F1 E 44/50] Train 0.0052/0.9992  Val 0.5188/0.8940  (7.7s)
  [F1 E 45/50] Train 0.0033/0.9997  Val 0.5201/0.8945  (7.8s)
  [F1 E 46/50] Train 0.0034/0.9992  Val 0.5158/0.8935  (8.0s)
  [F1 E 47/50] Train 0.0034/0.9993  Val 0.5084/0.8940  (8.4s)
  [F1 E 48/50] Train 0.0038/0.9992  Val 0.5096/0.8960  (7.9s)
  [F1 E 49/50] Train 0.0024/0.9998  Val 0.5050/0.8995  (8.2s)
  [F1 E 50/50] Train 0.0026/0.9995  Val 0.5071/0.8950  (8.0s)
  Fold 1 done — best val acc: 0.8995  (7m 9s)

============================================================
  Fold 2/4
============================================================
  Train: 6000, Val: 2000, Test: 2000
  resnet34 (no attention)
  [F2 E  1/50] Train 4.0138/0.0867  Val 3.6701/0.1220  (9.3s)
  [F2 E  2/50] Train 3.5644/0.1413  Val 3.3946/0.1785  (8.5s)
  [F2 E  3/50] Train 3.3333/0.1807  Val 3.1926/0.2215  (8.9s)
  [F2 E  4/50] Train 3.1958/0.2073  Val 3.0794/0.2365  (9.1s)
  [F2 E  5/50] Train 3.0554/0.2297  Val 3.0343/0.2455  (8.7s)
  [Epoch 6] Backbone unfreeze (lr=1e-04)
  [F2 E  6/50] Train 2.0499/0.4135  Val 1.3756/0.6010  (8.5s)
  [F2 E  7/50] Train 1.1335/0.6542  Val 1.0369/0.6840  (9.2s)
  [F2 E  8/50] Train 0.7551/0.7700  Val 0.9282/0.7260  (9.0s)
  [F2 E  9/50] Train 0.5610/0.8227  Val 0.7919/0.7630  (8.6s)
  [F2 E 10/50] Train 0.4194/0.8703  Val 0.7377/0.7980  (8.8s)
  [F2 E 11/50] Train 0.3519/0.8850  Val 0.7536/0.7905  (9.0s)
  [F2 E 12/50] Train 0.2853/0.9057  Val 0.7510/0.7885  (9.4s)
  [F2 E 13/50] Train 0.2277/0.9295  Val 0.7123/0.8200  (9.4s)
  [F2 E 14/50] Train 0.2084/0.9337  Val 0.7398/0.8070  (9.0s)
  [F2 E 15/50] Train 0.1774/0.9437  Val 0.7901/0.7970  (8.7s)
  [F2 E 16/50] Train 0.1465/0.9545  Val 0.6847/0.8340  (9.0s)
  [F2 E 17/50] Train 0.1347/0.9580  Val 0.7408/0.8090  (9.0s)
  [F2 E 18/50] Train 0.1426/0.9522  Val 0.7378/0.8200  (8.6s)
  [F2 E 19/50] Train 0.1068/0.9660  Val 0.7205/0.8355  (9.0s)
  [F2 E 20/50] Train 0.1020/0.9678  Val 0.6977/0.8375  (8.9s)
  [F2 E 21/50] Train 0.0882/0.9712  Val 0.6775/0.8380  (9.3s)
  [F2 E 22/50] Train 0.0888/0.9723  Val 0.6869/0.8375  (9.5s)
  [F2 E 23/50] Train 0.0602/0.9803  Val 0.6780/0.8400  (9.0s)
  [F2 E 24/50] Train 0.0623/0.9823  Val 0.6414/0.8550  (8.6s)
  [F2 E 25/50] Train 0.0660/0.9797  Val 0.6651/0.8470  (9.4s)
  [F2 E 26/50] Train 0.0409/0.9877  Val 0.6994/0.8425  (9.0s)
  [F2 E 27/50] Train 0.0491/0.9850  Val 0.6598/0.8500  (8.9s)
  [F2 E 28/50] Train 0.0353/0.9885  Val 0.6610/0.8530  (8.7s)
  [F2 E 29/50] Train 0.0293/0.9918  Val 0.6358/0.8540  (8.9s)
  [F2 E 30/50] Train 0.0242/0.9927  Val 0.6449/0.8520  (9.8s)
  [F2 E 31/50] Train 0.0242/0.9918  Val 0.6654/0.8535  (9.1s)
  [F2 E 32/50] Train 0.0237/0.9950  Val 0.6581/0.8615  (9.5s)
  [F2 E 33/50] Train 0.0197/0.9957  Val 0.6572/0.8695  (8.6s)
  [F2 E 34/50] Train 0.0113/0.9978  Val 0.6263/0.8640  (8.7s)
  [F2 E 35/50] Train 0.0099/0.9975  Val 0.6186/0.8710  (9.0s)
  [F2 E 36/50] Train 0.0089/0.9985  Val 0.6083/0.8750  (8.7s)
  [F2 E 37/50] Train 0.0089/0.9982  Val 0.6114/0.8750  (8.8s)
  [F2 E 38/50] Train 0.0069/0.9985  Val 0.5975/0.8770  (9.3s)
  [F2 E 39/50] Train 0.0062/0.9987  Val 0.5984/0.8730  (9.1s)
  [F2 E 40/50] Train 0.0050/0.9988  Val 0.5984/0.8790  (9.8s)
  [F2 E 41/50] Train 0.0055/0.9983  Val 0.5886/0.8835  (8.8s)
  [F2 E 42/50] Train 0.0056/0.9988  Val 0.5923/0.8770  (8.5s)
  [F2 E 43/50] Train 0.0040/0.9987  Val 0.5997/0.8815  (9.5s)
  [F2 E 44/50] Train 0.0043/0.9990  Val 0.5991/0.8800  (8.9s)
  [F2 E 45/50] Train 0.0042/0.9993  Val 0.5914/0.8785  (8.8s)
  [F2 E 46/50] Train 0.0027/0.9997  Val 0.5848/0.8800  (9.2s)
  [F2 E 47/50] Train 0.0028/0.9998  Val 0.5835/0.8820  (8.5s)
  [F2 E 48/50] Train 0.0026/0.9997  Val 0.5885/0.8820  (9.4s)
  [F2 E 49/50] Train 0.0035/0.9992  Val 0.5817/0.8850  (9.1s)
  [F2 E 50/50] Train 0.0029/0.9995  Val 0.5854/0.8830  (9.1s)
  Fold 2 done — best val acc: 0.8850  (7m 33s)

============================================================
  Fold 3/4
============================================================
  Train: 6000, Val: 2000, Test: 2000
  resnet34 (no attention)
  [F3 E  1/50] Train 3.9947/0.0922  Val 3.6681/0.1245  (12.0s)
  [F3 E  2/50] Train 3.5668/0.1440  Val 3.4115/0.1630  (9.9s)
  [F3 E  3/50] Train 3.3425/0.1803  Val 3.1904/0.2065  (9.5s)
  [F3 E  4/50] Train 3.1967/0.2045  Val 3.0813/0.2310  (9.1s)
  [F3 E  5/50] Train 3.0923/0.2298  Val 3.0500/0.2330  (9.1s)
  [Epoch 6] Backbone unfreeze (lr=1e-04)
  [F3 E  6/50] Train 2.0140/0.4292  Val 1.3517/0.5845  (9.0s)
  [F3 E  7/50] Train 1.1159/0.6585  Val 1.0842/0.6715  (9.6s)
  [F3 E  8/50] Train 0.7646/0.7632  Val 0.8327/0.7440  (9.0s)
  [F3 E  9/50] Train 0.5426/0.8317  Val 0.7582/0.7690  (8.8s)
  [F3 E 10/50] Train 0.4341/0.8628  Val 0.7363/0.7785  (8.9s)
  [F3 E 11/50] Train 0.3492/0.8880  Val 0.6971/0.7965  (9.7s)
  [F3 E 12/50] Train 0.2720/0.9117  Val 0.6673/0.8155  (9.1s)
  [F3 E 13/50] Train 0.2386/0.9252  Val 0.7045/0.8045  (9.4s)
  [F3 E 14/50] Train 0.2216/0.9252  Val 0.7271/0.8085  (9.3s)
  [F3 E 15/50] Train 0.1674/0.9475  Val 0.7234/0.8160  (9.2s)
  [F3 E 16/50] Train 0.1550/0.9510  Val 0.7990/0.7960  (9.7s)
  [F3 E 17/50] Train 0.1435/0.9553  Val 0.6398/0.8295  (9.1s)
  [F3 E 18/50] Train 0.1285/0.9588  Val 0.6603/0.8360  (9.7s)
  [F3 E 19/50] Train 0.1037/0.9678  Val 0.7039/0.8255  (9.0s)
  [F3 E 20/50] Train 0.1008/0.9665  Val 0.7566/0.8040  (9.1s)
  [F3 E 21/50] Train 0.1007/0.9688  Val 0.6351/0.8460  (9.0s)
  [F3 E 22/50] Train 0.0864/0.9755  Val 0.6698/0.8305  (9.0s)
  [F3 E 23/50] Train 0.0529/0.9840  Val 0.6013/0.8440  (8.8s)
  [F3 E 24/50] Train 0.0536/0.9833  Val 0.6396/0.8485  (8.7s)
  [F3 E 25/50] Train 0.0448/0.9868  Val 0.6604/0.8500  (8.7s)
  [F3 E 26/50] Train 0.0414/0.9878  Val 0.6600/0.8425  (8.8s)
  [F3 E 27/50] Train 0.0447/0.9858  Val 0.6752/0.8440  (9.2s)
  [F3 E 28/50] Train 0.0346/0.9912  Val 0.6123/0.8500  (9.0s)
  [F3 E 29/50] Train 0.0369/0.9902  Val 0.6497/0.8555  (8.7s)
  [F3 E 30/50] Train 0.0377/0.9873  Val 0.6150/0.8575  (8.3s)
  [F3 E 31/50] Train 0.0308/0.9918  Val 0.5873/0.8655  (9.0s)
  [F3 E 32/50] Train 0.0192/0.9945  Val 0.6210/0.8605  (8.9s)
  [F3 E 33/50] Train 0.0164/0.9962  Val 0.5874/0.8615  (8.6s)
  [F3 E 34/50] Train 0.0133/0.9972  Val 0.6143/0.8610  (8.9s)
  [F3 E 35/50] Train 0.0103/0.9972  Val 0.5455/0.8745  (8.6s)
  [F3 E 36/50] Train 0.0082/0.9983  Val 0.5820/0.8705  (8.6s)
  [F3 E 37/50] Train 0.0074/0.9987  Val 0.5514/0.8730  (8.6s)
  [F3 E 38/50] Train 0.0050/0.9993  Val 0.5520/0.8765  (8.7s)
  [F3 E 39/50] Train 0.0066/0.9982  Val 0.5546/0.8720  (8.8s)
  [F3 E 40/50] Train 0.0057/0.9993  Val 0.5541/0.8700  (9.0s)
  [F3 E 41/50] Train 0.0054/0.9987  Val 0.5492/0.8755  (8.9s)
  [F3 E 42/50] Train 0.0044/0.9988  Val 0.5506/0.8750  (8.9s)
  [F3 E 43/50] Train 0.0042/0.9997  Val 0.5389/0.8775  (9.2s)
  [F3 E 44/50] Train 0.0036/0.9995  Val 0.5481/0.8745  (8.7s)
  [F3 E 45/50] Train 0.0042/0.9990  Val 0.5490/0.8795  (8.5s)
  [F3 E 46/50] Train 0.0021/0.9998  Val 0.5425/0.8780  (8.4s)
  [F3 E 47/50] Train 0.0027/0.9997  Val 0.5367/0.8800  (9.6s)
  [F3 E 48/50] Train 0.0027/0.9993  Val 0.5294/0.8780  (8.6s)
  [F3 E 49/50] Train 0.0022/0.9995  Val 0.5367/0.8775  (9.1s)
  [F3 E 50/50] Train 0.0018/1.0000  Val 0.5423/0.8760  (8.4s)
  Fold 3 done — best val acc: 0.8800  (7m 36s)

============================================================
  Fold 4/4
============================================================
  Train: 6000, Val: 2000, Test: 2000
  resnet34 (no attention)
  [F4 E  1/50] Train 4.0160/0.0880  Val 3.6652/0.1220  (9.6s)
  [F4 E  2/50] Train 3.5635/0.1450  Val 3.4084/0.1675  (8.0s)
  [F4 E  3/50] Train 3.3564/0.1782  Val 3.1905/0.2005  (7.9s)
  [F4 E  4/50] Train 3.1951/0.2087  Val 3.0994/0.2180  (8.0s)
  [F4 E  5/50] Train 3.0944/0.2190  Val 3.0422/0.2270  (7.8s)
  [Epoch 6] Backbone unfreeze (lr=1e-04)
  [F4 E  6/50] Train 2.0547/0.4180  Val 1.4466/0.5500  (8.7s)
  [F4 E  7/50] Train 1.0995/0.6713  Val 1.1089/0.6445  (8.9s)
  [F4 E  8/50] Train 0.7678/0.7618  Val 0.8599/0.7395  (9.3s)
  [F4 E  9/50] Train 0.5345/0.8390  Val 0.8144/0.7630  (9.0s)
  [F4 E 10/50] Train 0.4205/0.8718  Val 0.7554/0.7875  (9.2s)
  [F4 E 11/50] Train 0.3528/0.8842  Val 0.6930/0.8035  (9.4s)
  [F4 E 12/50] Train 0.3094/0.8988  Val 0.8176/0.7775  (8.9s)
  [F4 E 13/50] Train 0.2553/0.9193  Val 0.7321/0.8030  (8.8s)
  [F4 E 14/50] Train 0.1890/0.9392  Val 0.7115/0.8215  (9.1s)
  [F4 E 15/50] Train 0.1889/0.9387  Val 0.6989/0.8290  (8.8s)
  [F4 E 16/50] Train 0.1480/0.9555  Val 0.6695/0.8295  (9.3s)
  [F4 E 17/50] Train 0.1290/0.9587  Val 0.6452/0.8385  (8.6s)
  [F4 E 18/50] Train 0.1201/0.9638  Val 0.6704/0.8250  (9.1s)
  [F4 E 19/50] Train 0.1281/0.9585  Val 0.7241/0.8325  (9.0s)
  [F4 E 20/50] Train 0.0890/0.9715  Val 0.6749/0.8400  (8.7s)
  [F4 E 21/50] Train 0.0698/0.9780  Val 0.7083/0.8305  (9.2s)
  [F4 E 22/50] Train 0.0656/0.9792  Val 0.6982/0.8405  (9.2s)
  [F4 E 23/50] Train 0.0712/0.9780  Val 0.7752/0.8265  (9.1s)
  [F4 E 24/50] Train 0.0555/0.9823  Val 0.6205/0.8670  (8.5s)
  [F4 E 25/50] Train 0.0489/0.9857  Val 0.6663/0.8630  (9.4s)
  [F4 E 26/50] Train 0.0407/0.9875  Val 0.7020/0.8535  (9.1s)
  [F4 E 27/50] Train 0.0508/0.9825  Val 0.6531/0.8545  (9.2s)
  [F4 E 28/50] Train 0.0320/0.9912  Val 0.6925/0.8535  (9.1s)
  [F4 E 29/50] Train 0.0308/0.9920  Val 0.6804/0.8620  (9.1s)
  [F4 E 30/50] Train 0.0303/0.9917  Val 0.6671/0.8575  (9.1s)
  [F4 E 31/50] Train 0.0260/0.9923  Val 0.6720/0.8615  (9.2s)
  [F4 E 32/50] Train 0.0198/0.9938  Val 0.6642/0.8655  (9.1s)
  [F4 E 33/50] Train 0.0135/0.9975  Val 0.6426/0.8700  (8.8s)
  [F4 E 34/50] Train 0.0157/0.9957  Val 0.6338/0.8735  (9.0s)
  [F4 E 35/50] Train 0.0188/0.9953  Val 0.6435/0.8665  (9.6s)
  [F4 E 36/50] Train 0.0139/0.9972  Val 0.6152/0.8715  (8.7s)
  [F4 E 37/50] Train 0.0097/0.9972  Val 0.5953/0.8790  (9.1s)
  [F4 E 38/50] Train 0.0064/0.9987  Val 0.5860/0.8835  (9.0s)
  [F4 E 39/50] Train 0.0036/0.9997  Val 0.5980/0.8825  (9.0s)
  [F4 E 40/50] Train 0.0038/0.9993  Val 0.6012/0.8815  (8.8s)
  [F4 E 41/50] Train 0.0049/0.9985  Val 0.5953/0.8835  (9.0s)
  [F4 E 42/50] Train 0.0042/0.9993  Val 0.6008/0.8845  (8.8s)
  [F4 E 43/50] Train 0.0046/0.9990  Val 0.6137/0.8815  (9.1s)
  [F4 E 44/50] Train 0.0038/0.9993  Val 0.6093/0.8860  (9.3s)
  [F4 E 45/50] Train 0.0024/0.9995  Val 0.6119/0.8810  (9.2s)
  [F4 E 46/50] Train 0.0035/0.9995  Val 0.6119/0.8845  (9.0s)
  [F4 E 47/50] Train 0.0023/0.9998  Val 0.6033/0.8835  (9.4s)
  [F4 E 48/50] Train 0.0021/0.9997  Val 0.6056/0.8870  (8.7s)
  [F4 E 49/50] Train 0.0022/0.9998  Val 0.6106/0.8840  (9.1s)
  [F4 E 50/50] Train 0.0024/0.9997  Val 0.6050/0.8855  (9.0s)
  Fold 4 done — best val acc: 0.8870  (7m 32s)

============================================================
  Ensemble — Weighted Soft Voting
  Fold val accs: ['0.8995', '0.8850', '0.8800', '0.8870']
  Weights      : ['0.2533', '0.2492', '0.2478', '0.2498']
============================================================
  resnet34 (no attention)
  resnet34 (no attention)
  resnet34 (no attention)
  resnet34 (no attention)
Ensemble Test Acc : 0.9085
Class-Norm Acc    : 0.8942
History → /home/work/AIPJ/EF2039_Introduction_to_AI_Programming_Project_1/experiment_overfitting/history_resnet34_noattn_vanilla_family_lr0.001_optadamw_wd0.005_rot15.csv
Curve → /home/work/AIPJ/EF2039_Introduction_to_AI_Programming_Project_1/experiment_overfitting/curve_resnet34_noattn_vanilla_family_lr0.001_optadamw_wd0.005_rot15.png
Confusion → /home/work/AIPJ/EF2039_Introduction_to_AI_Programming_Project_1/experiment_overfitting/confusion_resnet34_noattn_vanilla_family_lr0.001_optadamw_wd0.005_rot15.png
Class-wise → /home/work/AIPJ/EF2039_Introduction_to_AI_Programming_Project_1/experiment_overfitting/classwise_resnet34_noattn_vanilla_family_lr0.001_optadamw_wd0.005_rot15.csv
Predictions → /home/work/AIPJ/EF2039_Introduction_to_AI_Programming_Project_1/experiment_overfitting/predictions_resnet34_noattn_vanilla_family_lr0.001_optadamw_wd0.005_rot15.csv
Results → /home/work/AIPJ/EF2039_Introduction_to_AI_Programming_Project_1/experiment_overfitting/results_all.csv
