===== Input Arguments =====
  model         : resnet34d
  attn          : none
  tuning        : False
  use_excluded  : False
  use_added     : False
  folds         : 4
  epochs        : 50
  batch_size    : 32
  lr            : 0.001
  optimizer     : adam
  weight_decay  : 1e-05
  label_smoothing: 0.0
  label         : family
  crop_bbox     : True
  seed          : 42
  save_csv      : results_all.csv
  outdir        : /home/work/AIPJ/EF2039_Introduction_to_AI_Programming_Project_1/experiment_overfitting
  added_repeat  : 1
  rotation      : 15
  cutmix        : 0.0
===========================
Device: cuda  |  AMP: True  |  Workers: 14
Label: family  |  Classes: 70
Mode: excl=False, added=False  |  Original: 10000, Added(train-only): 0 ×1 = 0
Test set isolated: 2000 samples (20%, seed=42)
Train+Val pool   : 8000 samples → 4-fold CV

============================================================
  Fold 1/4
============================================================
  Train: 6000, Val: 2000, Test: 2000
  resnet34_dropout(p=0.5, no attention)
  [F1 E  1/50] Train 4.2549/0.0680  Val 3.7223/0.1105  (9.1s)
  [F1 E  2/50] Train 3.8874/0.0975  Val 3.4615/0.1585  (8.1s)
  [F1 E  3/50] Train 3.7225/0.1152  Val 3.3520/0.1730  (8.9s)
  [F1 E  4/50] Train 3.6399/0.1327  Val 3.2603/0.1940  (8.7s)
  [F1 E  5/50] Train 3.5709/0.1380  Val 3.1839/0.1930  (8.1s)
  [Epoch 6] Backbone unfreeze (lr=1e-04)
  [F1 E  6/50] Train 2.5018/0.3150  Val 1.6244/0.5080  (8.6s)
  [F1 E  7/50] Train 1.5195/0.5380  Val 1.0605/0.6640  (8.2s)
  [F1 E  8/50] Train 1.0935/0.6542  Val 0.8715/0.7255  (8.0s)
  [F1 E  9/50] Train 0.8399/0.7360  Val 0.7755/0.7535  (8.1s)
  [F1 E 10/50] Train 0.6923/0.7832  Val 0.7900/0.7535  (7.8s)
  [F1 E 11/50] Train 0.5548/0.8258  Val 0.6661/0.8050  (9.0s)
  [F1 E 12/50] Train 0.4779/0.8467  Val 0.6218/0.8040  (8.6s)
  [F1 E 13/50] Train 0.3967/0.8725  Val 0.5513/0.8395  (8.1s)
  [F1 E 14/50] Train 0.3313/0.8943  Val 0.6380/0.8265  (7.9s)
  [F1 E 15/50] Train 0.3182/0.8950  Val 0.6119/0.8220  (8.0s)
  [F1 E 16/50] Train 0.2484/0.9185  Val 0.5732/0.8390  (7.6s)
  [F1 E 17/50] Train 0.2277/0.9208  Val 0.5548/0.8490  (8.3s)
  [F1 E 18/50] Train 0.2154/0.9332  Val 0.5603/0.8455  (7.9s)
  [F1 E 19/50] Train 0.1840/0.9410  Val 0.5396/0.8510  (8.3s)
  [F1 E 20/50] Train 0.1797/0.9418  Val 0.6133/0.8440  (8.2s)
  [F1 E 21/50] Train 0.1451/0.9553  Val 0.5829/0.8555  (7.8s)
  [F1 E 22/50] Train 0.1251/0.9618  Val 0.5420/0.8680  (8.1s)
  [F1 E 23/50] Train 0.1154/0.9623  Val 0.5861/0.8590  (8.1s)
  [F1 E 24/50] Train 0.0991/0.9685  Val 0.6291/0.8510  (8.2s)
  [F1 E 25/50] Train 0.1028/0.9667  Val 0.5203/0.8675  (7.7s)
  [F1 E 26/50] Train 0.0746/0.9772  Val 0.5111/0.8725  (8.0s)
  [F1 E 27/50] Train 0.0662/0.9798  Val 0.5710/0.8705  (7.6s)
  [F1 E 28/50] Train 0.0625/0.9817  Val 0.5564/0.8785  (8.3s)
  [F1 E 29/50] Train 0.0554/0.9808  Val 0.5324/0.8815  (8.0s)
  [F1 E 30/50] Train 0.0603/0.9813  Val 0.6145/0.8735  (7.9s)
  [F1 E 31/50] Train 0.0504/0.9855  Val 0.6210/0.8720  (7.9s)
  [F1 E 32/50] Train 0.0370/0.9893  Val 0.5501/0.8845  (8.2s)
  [F1 E 33/50] Train 0.0278/0.9922  Val 0.5192/0.8890  (8.5s)
  [F1 E 34/50] Train 0.0325/0.9903  Val 0.5628/0.8810  (8.1s)
  [F1 E 35/50] Train 0.0275/0.9925  Val 0.5371/0.8950  (7.9s)
  [F1 E 36/50] Train 0.0196/0.9940  Val 0.5275/0.8910  (7.8s)
  [F1 E 37/50] Train 0.0213/0.9942  Val 0.5192/0.8935  (7.9s)
  [F1 E 38/50] Train 0.0150/0.9965  Val 0.5229/0.8930  (8.1s)
  [F1 E 39/50] Train 0.0175/0.9953  Val 0.5197/0.8930  (8.2s)
  [F1 E 40/50] Train 0.0108/0.9982  Val 0.5099/0.8900  (8.2s)
  [F1 E 41/50] Train 0.0099/0.9975  Val 0.4952/0.8955  (7.7s)
  [F1 E 42/50] Train 0.0103/0.9975  Val 0.4884/0.8975  (7.8s)
  [F1 E 43/50] Train 0.0114/0.9963  Val 0.4880/0.8970  (7.8s)
  [F1 E 44/50] Train 0.0100/0.9977  Val 0.4858/0.8965  (8.0s)
  [F1 E 45/50] Train 0.0093/0.9972  Val 0.4932/0.8985  (8.0s)
  [F1 E 46/50] Train 0.0074/0.9982  Val 0.4865/0.9010  (7.7s)
  [F1 E 47/50] Train 0.0080/0.9978  Val 0.4828/0.9055  (8.1s)
  [F1 E 48/50] Train 0.0079/0.9985  Val 0.4863/0.9050  (7.7s)
  [F1 E 49/50] Train 0.0068/0.9985  Val 0.4879/0.9025  (7.6s)
  [F1 E 50/50] Train 0.0079/0.9978  Val 0.4809/0.9030  (7.8s)
  Fold 1 done — best val acc: 0.9055  (6m 48s)

============================================================
  Fold 2/4
============================================================
  Train: 6000, Val: 2000, Test: 2000
  resnet34_dropout(p=0.5, no attention)
  [F2 E  1/50] Train 4.2334/0.0618  Val 3.7264/0.1145  (9.8s)
  [F2 E  2/50] Train 3.8825/0.0937  Val 3.5095/0.1540  (8.1s)
  [F2 E  3/50] Train 3.7119/0.1142  Val 3.3939/0.1810  (7.8s)
  [F2 E  4/50] Train 3.6347/0.1277  Val 3.2843/0.1850  (7.8s)
  [F2 E  5/50] Train 3.5668/0.1422  Val 3.1862/0.2085  (7.6s)
  [Epoch 6] Backbone unfreeze (lr=1e-04)
  [F2 E  6/50] Train 2.4602/0.3220  Val 1.6043/0.5195  (8.8s)
  [F2 E  7/50] Train 1.5352/0.5343  Val 1.1157/0.6560  (8.1s)
  [F2 E  8/50] Train 1.0763/0.6685  Val 1.0023/0.7030  (8.0s)
  [F2 E  9/50] Train 0.8207/0.7460  Val 0.7536/0.7675  (7.9s)
  [F2 E 10/50] Train 0.6630/0.7883  Val 0.7315/0.7820  (8.0s)
  [F2 E 11/50] Train 0.5260/0.8267  Val 0.6497/0.8090  (8.5s)
  [F2 E 12/50] Train 0.4814/0.8412  Val 0.6659/0.8170  (8.2s)
  [F2 E 13/50] Train 0.3892/0.8713  Val 0.6682/0.8080  (8.5s)
  [F2 E 14/50] Train 0.3327/0.8912  Val 0.6522/0.8290  (9.4s)
  [F2 E 15/50] Train 0.3208/0.9002  Val 0.7385/0.8095  (8.6s)
  [F2 E 16/50] Train 0.2755/0.9118  Val 0.7191/0.8065  (8.8s)
  [F2 E 17/50] Train 0.2479/0.9232  Val 0.6484/0.8320  (8.8s)
  [F2 E 18/50] Train 0.2146/0.9300  Val 0.6708/0.8325  (8.6s)
  [F2 E 19/50] Train 0.1740/0.9430  Val 0.6219/0.8485  (9.2s)
  [F2 E 20/50] Train 0.1538/0.9477  Val 0.6418/0.8455  (8.6s)
  [F2 E 21/50] Train 0.1308/0.9570  Val 0.6261/0.8450  (9.1s)
  [F2 E 22/50] Train 0.1368/0.9555  Val 0.6483/0.8450  (9.4s)
  [F2 E 23/50] Train 0.1289/0.9577  Val 0.5808/0.8590  (9.0s)
  [F2 E 24/50] Train 0.1182/0.9617  Val 0.6063/0.8595  (8.6s)
  [F2 E 25/50] Train 0.0766/0.9768  Val 0.5896/0.8625  (9.2s)
  [F2 E 26/50] Train 0.0739/0.9773  Val 0.6049/0.8540  (9.0s)
  [F2 E 27/50] Train 0.0743/0.9763  Val 0.5907/0.8630  (8.3s)
  [F2 E 28/50] Train 0.0587/0.9808  Val 0.6226/0.8645  (8.5s)
  [F2 E 29/50] Train 0.0616/0.9817  Val 0.6050/0.8635  (8.5s)
  [F2 E 30/50] Train 0.0554/0.9825  Val 0.6782/0.8510  (8.7s)
  [F2 E 31/50] Train 0.0442/0.9863  Val 0.5456/0.8795  (8.6s)
  [F2 E 32/50] Train 0.0300/0.9912  Val 0.5539/0.8800  (8.8s)
  [F2 E 33/50] Train 0.0279/0.9908  Val 0.5626/0.8825  (8.5s)
  [F2 E 34/50] Train 0.0266/0.9927  Val 0.5554/0.8875  (8.1s)
  [F2 E 35/50] Train 0.0226/0.9937  Val 0.5822/0.8830  (8.6s)
  [F2 E 36/50] Train 0.0175/0.9955  Val 0.5566/0.8830  (8.3s)
  [F2 E 37/50] Train 0.0172/0.9958  Val 0.5570/0.8795  (8.4s)
  [F2 E 38/50] Train 0.0128/0.9965  Val 0.5708/0.8840  (8.9s)
  [F2 E 39/50] Train 0.0118/0.9965  Val 0.5572/0.8840  (8.8s)
  [F2 E 40/50] Train 0.0165/0.9950  Val 0.5584/0.8870  (8.3s)
  [F2 E 41/50] Train 0.0098/0.9973  Val 0.5435/0.8915  (9.1s)
  [F2 E 42/50] Train 0.0080/0.9990  Val 0.5435/0.8885  (8.7s)
  [F2 E 43/50] Train 0.0118/0.9963  Val 0.5405/0.8895  (8.7s)
  [F2 E 44/50] Train 0.0129/0.9967  Val 0.5349/0.8900  (8.6s)
  [F2 E 45/50] Train 0.0089/0.9982  Val 0.5330/0.8885  (8.3s)
  [F2 E 46/50] Train 0.0073/0.9980  Val 0.5236/0.8935  (8.6s)
  [F2 E 47/50] Train 0.0079/0.9980  Val 0.5307/0.8905  (8.3s)
  [F2 E 48/50] Train 0.0067/0.9983  Val 0.5221/0.8935  (8.4s)
  [F2 E 49/50] Train 0.0068/0.9985  Val 0.5229/0.8940  (7.8s)
  [F2 E 50/50] Train 0.0066/0.9978  Val 0.5318/0.8925  (8.2s)
  Fold 2 done — best val acc: 0.8940  (7m 10s)

============================================================
  Fold 3/4
============================================================
  Train: 6000, Val: 2000, Test: 2000
  resnet34_dropout(p=0.5, no attention)
  [F3 E  1/50] Train 4.2612/0.0635  Val 3.7423/0.1335  (8.9s)
  [F3 E  2/50] Train 3.8954/0.1010  Val 3.4797/0.1640  (7.7s)
  [F3 E  3/50] Train 3.7122/0.1208  Val 3.3458/0.1860  (8.0s)
  [F3 E  4/50] Train 3.6813/0.1240  Val 3.2750/0.2055  (7.6s)
  [F3 E  5/50] Train 3.5588/0.1370  Val 3.1745/0.2005  (7.7s)
  [Epoch 6] Backbone unfreeze (lr=1e-04)
  [F3 E  6/50] Train 2.4574/0.3210  Val 1.6097/0.5070  (8.3s)
  [F3 E  7/50] Train 1.5273/0.5387  Val 1.0541/0.6670  (7.5s)
  [F3 E  8/50] Train 1.0690/0.6703  Val 0.8741/0.7340  (7.5s)
  [F3 E  9/50] Train 0.8568/0.7307  Val 0.8139/0.7460  (7.8s)
  [F3 E 10/50] Train 0.6572/0.7893  Val 0.7397/0.7765  (7.7s)
  [F3 E 11/50] Train 0.5309/0.8285  Val 0.6912/0.7820  (8.1s)
  [F3 E 12/50] Train 0.4570/0.8535  Val 0.6124/0.8230  (7.8s)
  [F3 E 13/50] Train 0.3930/0.8728  Val 0.6624/0.8075  (7.8s)
  [F3 E 14/50] Train 0.3602/0.8835  Val 0.6483/0.8130  (7.6s)
  [F3 E 15/50] Train 0.3067/0.9033  Val 0.5764/0.8400  (8.0s)
  [F3 E 16/50] Train 0.2500/0.9207  Val 0.5717/0.8410  (7.7s)
  [F3 E 17/50] Train 0.2381/0.9185  Val 0.6132/0.8225  (8.0s)
  [F3 E 18/50] Train 0.1896/0.9392  Val 0.6766/0.8280  (8.1s)
  [F3 E 19/50] Train 0.1739/0.9467  Val 0.6571/0.8300  (8.2s)
  [F3 E 20/50] Train 0.1873/0.9400  Val 0.5883/0.8390  (7.6s)
  [F3 E 21/50] Train 0.1420/0.9538  Val 0.5978/0.8475  (8.1s)
  [F3 E 22/50] Train 0.1294/0.9595  Val 0.6087/0.8550  (7.8s)
  [F3 E 23/50] Train 0.1166/0.9628  Val 0.6050/0.8510  (8.0s)
  [F3 E 24/50] Train 0.0916/0.9707  Val 0.6044/0.8480  (7.9s)
  [F3 E 25/50] Train 0.0895/0.9752  Val 0.5874/0.8620  (8.3s)
  [F3 E 26/50] Train 0.0764/0.9773  Val 0.6213/0.8550  (8.0s)
  [F3 E 27/50] Train 0.0744/0.9768  Val 0.5451/0.8690  (8.0s)
  [F3 E 28/50] Train 0.0684/0.9778  Val 0.5598/0.8675  (8.4s)
  [F3 E 29/50] Train 0.0614/0.9812  Val 0.6157/0.8505  (8.4s)
  [F3 E 30/50] Train 0.0471/0.9853  Val 0.5385/0.8755  (8.1s)
  [F3 E 31/50] Train 0.0407/0.9892  Val 0.5541/0.8720  (8.0s)
  [F3 E 32/50] Train 0.0401/0.9870  Val 0.5853/0.8685  (7.6s)
  [F3 E 33/50] Train 0.0355/0.9882  Val 0.5262/0.8790  (7.7s)
  [F3 E 34/50] Train 0.0269/0.9932  Val 0.5566/0.8695  (7.8s)
  [F3 E 35/50] Train 0.0205/0.9940  Val 0.5525/0.8770  (7.5s)
  [F3 E 36/50] Train 0.0193/0.9953  Val 0.5154/0.8840  (8.1s)
  [F3 E 37/50] Train 0.0183/0.9952  Val 0.5222/0.8895  (7.8s)
  [F3 E 38/50] Train 0.0200/0.9940  Val 0.5301/0.8830  (7.9s)
  [F3 E 39/50] Train 0.0153/0.9957  Val 0.5189/0.8855  (8.2s)
  [F3 E 40/50] Train 0.0091/0.9980  Val 0.5277/0.8835  (7.7s)
  [F3 E 41/50] Train 0.0075/0.9983  Val 0.5259/0.8875  (7.7s)
  [F3 E 42/50] Train 0.0088/0.9983  Val 0.5103/0.8855  (8.2s)
  [F3 E 43/50] Train 0.0113/0.9968  Val 0.5166/0.8900  (7.7s)
  [F3 E 44/50] Train 0.0089/0.9972  Val 0.5117/0.8885  (8.0s)
  [F3 E 45/50] Train 0.0081/0.9980  Val 0.5032/0.8885  (7.8s)
  [F3 E 46/50] Train 0.0067/0.9985  Val 0.5092/0.8910  (7.5s)
  [F3 E 47/50] Train 0.0066/0.9988  Val 0.5115/0.8910  (7.6s)
  [F3 E 48/50] Train 0.0058/0.9983  Val 0.5104/0.8905  (7.7s)
  [F3 E 49/50] Train 0.0070/0.9985  Val 0.5137/0.8900  (7.9s)
  [F3 E 50/50] Train 0.0075/0.9985  Val 0.5068/0.8930  (7.6s)
  Fold 3 done — best val acc: 0.8930  (6m 38s)

============================================================
  Fold 4/4
============================================================
  Train: 6000, Val: 2000, Test: 2000
  resnet34_dropout(p=0.5, no attention)
  [F4 E  1/50] Train 4.2243/0.0662  Val 3.7164/0.1055  (10.0s)
  [F4 E  2/50] Train 3.8989/0.0960  Val 3.5106/0.1390  (7.9s)
  [F4 E  3/50] Train 3.7250/0.1202  Val 3.3168/0.1935  (8.1s)
  [F4 E  4/50] Train 3.6119/0.1273  Val 3.2940/0.1755  (8.0s)
  [F4 E  5/50] Train 3.5785/0.1353  Val 3.1687/0.2055  (8.0s)
  [Epoch 6] Backbone unfreeze (lr=1e-04)
  [F4 E  6/50] Train 2.4763/0.3152  Val 1.5816/0.5205  (8.0s)
  [F4 E  7/50] Train 1.5105/0.5423  Val 1.1835/0.6265  (8.3s)
  [F4 E  8/50] Train 1.0862/0.6695  Val 0.9362/0.7165  (7.7s)
  [F4 E  9/50] Train 0.8231/0.7415  Val 0.8441/0.7425  (7.9s)
  [F4 E 10/50] Train 0.6615/0.7960  Val 0.7872/0.7655  (8.6s)
  [F4 E 11/50] Train 0.5657/0.8173  Val 0.7593/0.7840  (8.3s)
  [F4 E 12/50] Train 0.4590/0.8540  Val 0.6352/0.8080  (8.2s)
  [F4 E 13/50] Train 0.3798/0.8752  Val 0.7422/0.7920  (8.2s)
  [F4 E 14/50] Train 0.3505/0.8838  Val 0.6671/0.8055  (7.7s)
  [F4 E 15/50] Train 0.2818/0.9100  Val 0.6657/0.8245  (8.4s)
  [F4 E 16/50] Train 0.2819/0.9075  Val 0.6107/0.8345  (8.0s)
  [F4 E 17/50] Train 0.2161/0.9302  Val 0.6523/0.8240  (7.9s)
  [F4 E 18/50] Train 0.1838/0.9445  Val 0.7560/0.8040  (8.0s)
  [F4 E 19/50] Train 0.2008/0.9350  Val 0.6222/0.8505  (8.0s)
  [F4 E 20/50] Train 0.1697/0.9457  Val 0.6599/0.8395  (8.7s)
  [F4 E 21/50] Train 0.1358/0.9578  Val 0.6735/0.8370  (8.3s)
  [F4 E 22/50] Train 0.1372/0.9543  Val 0.6854/0.8325  (8.3s)
  [F4 E 23/50] Train 0.1198/0.9615  Val 0.5690/0.8625  (8.5s)
  [F4 E 24/50] Train 0.0950/0.9718  Val 0.6170/0.8665  (7.6s)
  [F4 E 25/50] Train 0.0966/0.9705  Val 0.6449/0.8605  (8.2s)
  [F4 E 26/50] Train 0.0889/0.9702  Val 0.6890/0.8400  (8.2s)
  [F4 E 27/50] Train 0.0799/0.9758  Val 0.5936/0.8655  (8.3s)
  [F4 E 28/50] Train 0.0498/0.9858  Val 0.5875/0.8670  (8.0s)
  [F4 E 29/50] Train 0.0530/0.9847  Val 0.5691/0.8660  (8.1s)
  [F4 E 30/50] Train 0.0457/0.9872  Val 0.6070/0.8695  (8.2s)
  [F4 E 31/50] Train 0.0548/0.9827  Val 0.6121/0.8690  (8.2s)
  [F4 E 32/50] Train 0.0364/0.9887  Val 0.5873/0.8695  (8.1s)
  [F4 E 33/50] Train 0.0379/0.9875  Val 0.5792/0.8735  (7.6s)
  [F4 E 34/50] Train 0.0356/0.9888  Val 0.5898/0.8740  (7.9s)
  [F4 E 35/50] Train 0.0246/0.9938  Val 0.5616/0.8835  (8.3s)
  [F4 E 36/50] Train 0.0165/0.9955  Val 0.5491/0.8855  (7.9s)
  [F4 E 37/50] Train 0.0179/0.9957  Val 0.5693/0.8735  (7.9s)
  [F4 E 38/50] Train 0.0173/0.9957  Val 0.5458/0.8880  (7.8s)
  [F4 E 39/50] Train 0.0151/0.9967  Val 0.5427/0.8800  (7.8s)
  [F4 E 40/50] Train 0.0149/0.9953  Val 0.5619/0.8810  (7.9s)
  [F4 E 41/50] Train 0.0137/0.9965  Val 0.5329/0.8850  (8.8s)
  [F4 E 42/50] Train 0.0080/0.9982  Val 0.5310/0.8865  (8.4s)
  [F4 E 43/50] Train 0.0095/0.9978  Val 0.5147/0.8875  (8.1s)
  [F4 E 44/50] Train 0.0090/0.9982  Val 0.5200/0.8875  (9.2s)
  [F4 E 45/50] Train 0.0079/0.9977  Val 0.5129/0.8895  (9.0s)
  [F4 E 46/50] Train 0.0076/0.9985  Val 0.5158/0.8900  (8.3s)
  [F4 E 47/50] Train 0.0075/0.9978  Val 0.5229/0.8920  (8.6s)
  [F4 E 48/50] Train 0.0053/0.9990  Val 0.5138/0.8860  (8.8s)
  [F4 E 49/50] Train 0.0067/0.9980  Val 0.5211/0.8875  (9.0s)
  [F4 E 50/50] Train 0.0074/0.9977  Val 0.5165/0.8890  (8.5s)
  Fold 4 done — best val acc: 0.8920  (6m 55s)

============================================================
  Ensemble — Weighted Soft Voting
  Fold val accs: ['0.9055', '0.8940', '0.8930', '0.8920']
  Weights      : ['0.2526', '0.2494', '0.2491', '0.2488']
============================================================
  resnet34_dropout(p=0.5, no attention)
  resnet34_dropout(p=0.5, no attention)
  resnet34_dropout(p=0.5, no attention)
  resnet34_dropout(p=0.5, no attention)
Ensemble Test Acc : 0.9075
Class-Norm Acc    : 0.8938
History → /home/work/AIPJ/EF2039_Introduction_to_AI_Programming_Project_1/experiment_overfitting/history_resnet34d_noattn_vanilla_family_lr0.001_optadam_wd1e-05_rot15.csv
Curve → /home/work/AIPJ/EF2039_Introduction_to_AI_Programming_Project_1/experiment_overfitting/curve_resnet34d_noattn_vanilla_family_lr0.001_optadam_wd1e-05_rot15.png
Confusion → /home/work/AIPJ/EF2039_Introduction_to_AI_Programming_Project_1/experiment_overfitting/confusion_resnet34d_noattn_vanilla_family_lr0.001_optadam_wd1e-05_rot15.png
Class-wise → /home/work/AIPJ/EF2039_Introduction_to_AI_Programming_Project_1/experiment_overfitting/classwise_resnet34d_noattn_vanilla_family_lr0.001_optadam_wd1e-05_rot15.csv
Predictions → /home/work/AIPJ/EF2039_Introduction_to_AI_Programming_Project_1/experiment_overfitting/predictions_resnet34d_noattn_vanilla_family_lr0.001_optadam_wd1e-05_rot15.csv
Results → /home/work/AIPJ/EF2039_Introduction_to_AI_Programming_Project_1/experiment_overfitting/results_all.csv
