===== Input Arguments =====
  model         : resnet34
  attn          : none
  tuning        : False
  use_excluded  : False
  use_added     : False
  folds         : 4
  epochs        : 50
  batch_size    : 32
  lr            : 0.001
  optimizer     : adam
  weight_decay  : 1e-05
  label_smoothing: 0.0
  label         : family
  crop_bbox     : True
  seed          : 42
  save_csv      : results_all.csv
  outdir        : /home/work/AIPJ/EF2039_Introduction_to_AI_Programming_Project_1/experiment_overfitting
  added_repeat  : 1
  rotation      : 15
  cutmix        : 1.0
===========================
Device: cuda  |  AMP: True  |  Workers: 14
Label: family  |  Classes: 70
Mode: excl=False, added=False  |  Original: 10000, Added(train-only): 0 ×1 = 0
Test set isolated: 2000 samples (20%, seed=42)
Train+Val pool   : 8000 samples → 4-fold CV

============================================================
  Fold 1/4
============================================================
  Train: 6000, Val: 2000, Test: 2000
  resnet34 (no attention)
  [F1 E  1/50] Train 4.1153/0.0758  Val 3.7059/0.1315  (9.1s)
  [F1 E  2/50] Train 3.8010/0.1083  Val 3.4380/0.1515  (7.7s)
  [F1 E  3/50] Train 3.6793/0.1285  Val 3.2998/0.1875  (7.5s)
  [F1 E  4/50] Train 3.5446/0.1490  Val 3.2112/0.2055  (8.0s)
  [F1 E  5/50] Train 3.4376/0.1652  Val 3.0685/0.2345  (8.1s)
  [Epoch 6] Backbone unfreeze (lr=1e-04)
  [F1 E  6/50] Train 2.7703/0.2937  Val 1.6998/0.4785  (8.2s)
  [F1 E  7/50] Train 2.2050/0.4340  Val 1.2483/0.6345  (8.1s)
  [F1 E  8/50] Train 1.8945/0.5247  Val 1.0281/0.6780  (7.9s)
  [F1 E  9/50] Train 1.7584/0.5535  Val 0.8947/0.7405  (8.8s)
  [F1 E 10/50] Train 1.5092/0.6240  Val 0.7402/0.7840  (8.5s)
  [F1 E 11/50] Train 1.4256/0.6397  Val 0.7111/0.7970  (8.5s)
  [F1 E 12/50] Train 1.4298/0.6568  Val 0.6694/0.8055  (8.1s)
  [F1 E 13/50] Train 1.2271/0.6967  Val 0.6304/0.8160  (8.6s)
  [F1 E 14/50] Train 1.2816/0.6893  Val 0.6194/0.8300  (8.4s)
  [F1 E 15/50] Train 0.9719/0.7817  Val 0.6167/0.8405  (9.0s)
  [F1 E 16/50] Train 1.1077/0.7275  Val 0.5526/0.8465  (8.5s)
  [F1 E 17/50] Train 1.0996/0.7337  Val 0.5760/0.8545  (7.6s)
  [F1 E 18/50] Train 1.0277/0.7417  Val 0.5389/0.8590  (8.1s)
  [F1 E 19/50] Train 1.0500/0.7642  Val 0.5687/0.8570  (8.0s)
  [F1 E 20/50] Train 0.9017/0.7998  Val 0.5402/0.8535  (7.9s)
  [F1 E 21/50] Train 0.9438/0.7932  Val 0.5176/0.8615  (7.7s)
  [F1 E 22/50] Train 1.0321/0.7692  Val 0.5166/0.8710  (7.8s)
  [F1 E 23/50] Train 0.9103/0.8030  Val 0.4415/0.8780  (7.7s)
  [F1 E 24/50] Train 0.9033/0.8097  Val 0.4810/0.8725  (7.6s)
  [F1 E 25/50] Train 0.9603/0.7903  Val 0.4638/0.8765  (8.3s)
  [F1 E 26/50] Train 0.9143/0.7962  Val 0.4948/0.8735  (8.3s)
  [F1 E 27/50] Train 0.8403/0.8228  Val 0.4767/0.8850  (9.3s)
  [F1 E 28/50] Train 0.8390/0.8168  Val 0.4539/0.8925  (8.1s)
  [F1 E 29/50] Train 0.8474/0.8230  Val 0.4541/0.8890  (8.0s)
  [F1 E 30/50] Train 0.8569/0.7877  Val 0.4207/0.8915  (8.7s)
  [F1 E 31/50] Train 0.8744/0.8038  Val 0.4172/0.8890  (8.8s)
  [F1 E 32/50] Train 0.7765/0.8222  Val 0.4003/0.8925  (8.1s)
  [F1 E 33/50] Train 0.8327/0.8017  Val 0.4167/0.8930  (8.5s)
  [F1 E 34/50] Train 0.8422/0.7982  Val 0.4067/0.8990  (8.1s)
  [F1 E 35/50] Train 0.8926/0.8195  Val 0.4049/0.8985  (8.5s)
  [F1 E 36/50] Train 0.7179/0.8552  Val 0.3934/0.8980  (8.4s)
  [F1 E 37/50] Train 0.7915/0.8245  Val 0.3965/0.9035  (8.2s)
  [F1 E 38/50] Train 0.8256/0.8018  Val 0.3793/0.9040  (8.2s)
  [F1 E 39/50] Train 0.7809/0.8073  Val 0.4009/0.9005  (8.0s)
  [F1 E 40/50] Train 0.7489/0.8557  Val 0.3676/0.9070  (8.0s)
  [F1 E 41/50] Train 0.6711/0.8468  Val 0.3633/0.9070  (8.1s)
  [F1 E 42/50] Train 0.7509/0.8397  Val 0.3514/0.9115  (8.6s)
  [F1 E 43/50] Train 0.7469/0.8272  Val 0.3538/0.9090  (8.2s)
  [F1 E 44/50] Train 0.7261/0.8478  Val 0.3547/0.9135  (8.1s)
  [F1 E 45/50] Train 0.6973/0.8545  Val 0.3514/0.9135  (8.1s)
  [F1 E 46/50] Train 0.6410/0.8578  Val 0.3548/0.9075  (8.2s)
  [F1 E 47/50] Train 0.8392/0.8228  Val 0.3571/0.9085  (7.7s)
  [F1 E 48/50] Train 0.7344/0.8083  Val 0.3599/0.9085  (8.3s)
  [F1 E 49/50] Train 0.7049/0.8300  Val 0.3547/0.9075  (8.4s)
  [F1 E 50/50] Train 0.6716/0.8473  Val 0.3572/0.9125  (7.9s)
  Fold 1 done — best val acc: 0.9135  (6m 54s)

============================================================
  Fold 2/4
============================================================
  Train: 6000, Val: 2000, Test: 2000
  resnet34 (no attention)
  [F2 E  1/50] Train 4.1024/0.0812  Val 3.7195/0.1200  (9.4s)
  [F2 E  2/50] Train 3.7922/0.1102  Val 3.5119/0.1445  (7.6s)
  [F2 E  3/50] Train 3.6377/0.1307  Val 3.3510/0.1725  (7.6s)
  [F2 E  4/50] Train 3.5452/0.1493  Val 3.2746/0.1845  (7.5s)
  [F2 E  5/50] Train 3.4455/0.1538  Val 3.1460/0.2125  (7.6s)
  [Epoch 6] Backbone unfreeze (lr=1e-04)
  [F2 E  6/50] Train 2.7873/0.2845  Val 1.7285/0.4840  (7.8s)
  [F2 E  7/50] Train 1.9843/0.4748  Val 1.2085/0.6400  (7.8s)
  [F2 E  8/50] Train 1.7788/0.5533  Val 1.0178/0.7120  (7.6s)
  [F2 E  9/50] Train 1.4659/0.6377  Val 0.8782/0.7515  (7.7s)
  [F2 E 10/50] Train 1.5277/0.6345  Val 0.7691/0.7805  (7.8s)
  [F2 E 11/50] Train 1.2921/0.6890  Val 0.7064/0.7980  (8.0s)
  [F2 E 12/50] Train 1.3977/0.6620  Val 0.7280/0.7975  (8.3s)
  [F2 E 13/50] Train 1.2353/0.6968  Val 0.6464/0.8210  (7.6s)
  [F2 E 14/50] Train 1.0882/0.7347  Val 0.6051/0.8330  (7.6s)
  [F2 E 15/50] Train 1.1784/0.7250  Val 0.6830/0.8120  (7.8s)
  [F2 E 16/50] Train 1.1872/0.7325  Val 0.6875/0.8150  (8.3s)
  [F2 E 17/50] Train 1.0957/0.7395  Val 0.6330/0.8375  (8.0s)
  [F2 E 18/50] Train 1.1496/0.7218  Val 0.5910/0.8445  (7.7s)
  [F2 E 19/50] Train 1.0121/0.7588  Val 0.5784/0.8475  (7.6s)
  [F2 E 20/50] Train 1.0386/0.7585  Val 0.5462/0.8575  (7.7s)
  [F2 E 21/50] Train 0.9468/0.7690  Val 0.5556/0.8640  (7.8s)
  [F2 E 22/50] Train 0.9253/0.7855  Val 0.5690/0.8580  (7.9s)
  [F2 E 23/50] Train 0.9771/0.7692  Val 0.5420/0.8635  (8.2s)
  [F2 E 24/50] Train 0.9000/0.7962  Val 0.5120/0.8655  (7.8s)
  [F2 E 25/50] Train 0.9316/0.8062  Val 0.5432/0.8585  (7.8s)
  [F2 E 26/50] Train 0.9932/0.7605  Val 0.5353/0.8730  (7.9s)
  [F2 E 27/50] Train 0.8474/0.8077  Val 0.4894/0.8840  (7.6s)
  [F2 E 28/50] Train 0.8976/0.7770  Val 0.5402/0.8705  (7.9s)
  [F2 E 29/50] Train 0.7876/0.8530  Val 0.5059/0.8800  (7.8s)
  [F2 E 30/50] Train 0.8991/0.8073  Val 0.4982/0.8740  (7.8s)
  [F2 E 31/50] Train 0.7354/0.8118  Val 0.4606/0.8905  (7.7s)
  [F2 E 32/50] Train 0.9126/0.7827  Val 0.4813/0.8805  (7.9s)
  [F2 E 33/50] Train 0.8048/0.8287  Val 0.4643/0.8855  (7.9s)
  [F2 E 34/50] Train 0.8060/0.8188  Val 0.4541/0.8840  (8.6s)
  [F2 E 35/50] Train 0.8428/0.8192  Val 0.4750/0.8855  (8.0s)
  [F2 E 36/50] Train 0.7690/0.8372  Val 0.4791/0.8830  (7.7s)
  [F2 E 37/50] Train 0.8157/0.8197  Val 0.4561/0.8880  (8.0s)
  [F2 E 38/50] Train 0.8508/0.7992  Val 0.4556/0.8880  (7.7s)
  [F2 E 39/50] Train 0.8437/0.7925  Val 0.4511/0.8865  (8.1s)
  [F2 E 40/50] Train 0.7401/0.8337  Val 0.4274/0.8910  (7.8s)
  [F2 E 41/50] Train 0.7388/0.8367  Val 0.4370/0.8925  (7.8s)
  [F2 E 42/50] Train 0.6457/0.8522  Val 0.4305/0.8900  (7.6s)
  [F2 E 43/50] Train 0.7052/0.8522  Val 0.4280/0.8915  (7.8s)
  [F2 E 44/50] Train 0.7306/0.8588  Val 0.4217/0.8940  (8.1s)
  [F2 E 45/50] Train 0.6891/0.8382  Val 0.4342/0.8900  (7.6s)
  [F2 E 46/50] Train 0.7535/0.8145  Val 0.4263/0.8930  (7.8s)
  [F2 E 47/50] Train 0.7027/0.8617  Val 0.4194/0.8925  (7.9s)
  [F2 E 48/50] Train 0.8277/0.8135  Val 0.4254/0.8920  (7.9s)
  [F2 E 49/50] Train 0.7092/0.8695  Val 0.4246/0.8935  (7.9s)
  [F2 E 50/50] Train 0.7079/0.8477  Val 0.4232/0.8905  (7.5s)
  Fold 2 done — best val acc: 0.8940  (6m 36s)

============================================================
  Fold 3/4
============================================================
  Train: 6000, Val: 2000, Test: 2000
  resnet34 (no attention)
  [F3 E  1/50] Train 4.1010/0.0735  Val 3.7713/0.1120  (9.4s)
  [F3 E  2/50] Train 3.8005/0.1143  Val 3.4566/0.1565  (7.9s)
  [F3 E  3/50] Train 3.6496/0.1312  Val 3.3442/0.1810  (8.0s)
  [F3 E  4/50] Train 3.5387/0.1528  Val 3.2670/0.2015  (8.0s)
  [F3 E  5/50] Train 3.4527/0.1627  Val 3.1622/0.2060  (7.9s)
  [Epoch 6] Backbone unfreeze (lr=1e-04)
  [F3 E  6/50] Train 2.7988/0.2982  Val 1.6664/0.4955  (8.8s)
  [F3 E  7/50] Train 2.0293/0.4765  Val 1.1562/0.6410  (8.4s)
  [F3 E  8/50] Train 1.7815/0.5470  Val 1.0481/0.6890  (8.3s)
  [F3 E  9/50] Train 1.5604/0.6228  Val 0.8583/0.7605  (8.5s)
  [F3 E 10/50] Train 1.4843/0.6353  Val 0.7948/0.7730  (8.1s)
  [F3 E 11/50] Train 1.4017/0.6428  Val 0.7670/0.7765  (8.2s)
  [F3 E 12/50] Train 1.2787/0.6915  Val 0.6683/0.8130  (8.3s)
  [F3 E 13/50] Train 1.1580/0.7347  Val 0.6814/0.8165  (8.4s)
  [F3 E 14/50] Train 1.1930/0.7350  Val 0.6920/0.8140  (7.9s)
  [F3 E 15/50] Train 1.2118/0.7235  Val 0.7144/0.8025  (8.0s)
  [F3 E 16/50] Train 1.1785/0.7225  Val 0.6004/0.8400  (8.7s)
  [F3 E 17/50] Train 1.1092/0.7285  Val 0.5872/0.8430  (8.0s)
  [F3 E 18/50] Train 1.0141/0.7768  Val 0.5949/0.8415  (7.7s)
  [F3 E 19/50] Train 1.0636/0.7567  Val 0.6335/0.8250  (7.6s)
  [F3 E 20/50] Train 1.2016/0.7078  Val 0.5660/0.8530  (8.2s)
  [F3 E 21/50] Train 0.9384/0.7772  Val 0.5506/0.8665  (8.8s)
  [F3 E 22/50] Train 0.9154/0.8415  Val 0.5023/0.8620  (8.6s)
  [F3 E 23/50] Train 0.9020/0.7925  Val 0.5416/0.8635  (8.4s)
  [F3 E 24/50] Train 0.9213/0.7933  Val 0.4713/0.8755  (8.0s)
  [F3 E 25/50] Train 0.8925/0.8315  Val 0.5315/0.8625  (8.3s)
  [F3 E 26/50] Train 1.0359/0.7757  Val 0.5174/0.8660  (8.3s)
  [F3 E 27/50] Train 0.9247/0.8032  Val 0.5169/0.8625  (8.6s)
  [F3 E 28/50] Train 0.7830/0.8488  Val 0.4591/0.8800  (8.4s)
  [F3 E 29/50] Train 0.9164/0.7978  Val 0.4922/0.8805  (8.7s)
  [F3 E 30/50] Train 0.8379/0.8307  Val 0.4917/0.8760  (8.9s)
  [F3 E 31/50] Train 0.8010/0.8205  Val 0.4710/0.8870  (9.3s)
  [F3 E 32/50] Train 0.8580/0.8050  Val 0.4712/0.8770  (9.8s)
  [F3 E 33/50] Train 0.8633/0.8002  Val 0.4878/0.8825  (9.5s)
  [F3 E 34/50] Train 0.7991/0.8197  Val 0.4353/0.8930  (9.7s)
  [F3 E 35/50] Train 0.8284/0.8228  Val 0.4402/0.8925  (9.6s)
  [F3 E 36/50] Train 0.6983/0.8402  Val 0.4490/0.8915  (10.2s)
  [F3 E 37/50] Train 0.5923/0.8935  Val 0.4708/0.8890  (9.4s)
  [F3 E 38/50] Train 0.7839/0.8167  Val 0.4283/0.8960  (9.6s)
  [F3 E 39/50] Train 0.8156/0.8373  Val 0.4166/0.9040  (9.2s)
  [F3 E 40/50] Train 0.8551/0.8168  Val 0.4208/0.9020  (10.0s)
  [F3 E 41/50] Train 0.7686/0.8480  Val 0.4223/0.9035  (10.3s)
  [F3 E 42/50] Train 0.7652/0.8223  Val 0.4140/0.9010  (9.8s)
  [F3 E 43/50] Train 0.8215/0.8012  Val 0.4042/0.9025  (10.2s)
  [F3 E 44/50] Train 0.8118/0.8513  Val 0.4158/0.8990  (9.9s)
  [F3 E 45/50] Train 0.7680/0.8567  Val 0.4249/0.9010  (10.2s)
  [F3 E 46/50] Train 0.8114/0.7910  Val 0.4151/0.9060  (9.7s)
  [F3 E 47/50] Train 0.6635/0.8697  Val 0.4122/0.9010  (10.3s)
  [F3 E 48/50] Train 0.6974/0.8580  Val 0.4096/0.9015  (9.8s)
  [F3 E 49/50] Train 0.8368/0.8338  Val 0.4144/0.9045  (9.8s)
  [F3 E 50/50] Train 0.7534/0.8333  Val 0.4121/0.9055  (10.5s)
  Fold 3 done — best val acc: 0.9060  (7m 30s)

============================================================
  Fold 4/4
============================================================
  Train: 6000, Val: 2000, Test: 2000
  resnet34 (no attention)
  [F4 E  1/50] Train 4.0782/0.0788  Val 3.7533/0.1055  (12.3s)
  [F4 E  2/50] Train 3.8008/0.1050  Val 3.4681/0.1515  (10.5s)
  [F4 E  3/50] Train 3.6145/0.1357  Val 3.3229/0.2000  (10.2s)
  [F4 E  4/50] Train 3.5267/0.1500  Val 3.2243/0.1995  (9.6s)
  [F4 E  5/50] Train 3.4561/0.1567  Val 3.1235/0.2270  (8.9s)
  [Epoch 6] Backbone unfreeze (lr=1e-04)
  [F4 E  6/50] Train 2.8574/0.2757  Val 1.6906/0.5135  (8.5s)
  [F4 E  7/50] Train 2.1638/0.4323  Val 1.2334/0.6305  (8.8s)
  [F4 E  8/50] Train 1.8695/0.5197  Val 1.0603/0.6960  (8.2s)
  [F4 E  9/50] Train 1.6121/0.5880  Val 0.9178/0.7295  (8.2s)
  [F4 E 10/50] Train 1.5644/0.6180  Val 0.8734/0.7470  (9.1s)
  [F4 E 11/50] Train 1.4018/0.6502  Val 0.7906/0.7720  (8.7s)
  [F4 E 12/50] Train 1.2888/0.6903  Val 0.7525/0.7800  (9.0s)
  [F4 E 13/50] Train 1.2310/0.6980  Val 0.7175/0.7975  (9.2s)
  [F4 E 14/50] Train 1.2102/0.6985  Val 0.6862/0.8125  (8.5s)
  [F4 E 15/50] Train 1.1588/0.7232  Val 0.7118/0.8055  (8.1s)
  [F4 E 16/50] Train 1.1598/0.7475  Val 0.6507/0.8315  (8.7s)
  [F4 E 17/50] Train 1.0387/0.7553  Val 0.6129/0.8535  (8.7s)
  [F4 E 18/50] Train 1.0050/0.7592  Val 0.6095/0.8495  (8.9s)
  [F4 E 19/50] Train 1.1205/0.7372  Val 0.5736/0.8395  (8.2s)
  [F4 E 20/50] Train 1.1423/0.7392  Val 0.5778/0.8520  (8.7s)
  [F4 E 21/50] Train 0.9735/0.7753  Val 0.5531/0.8615  (8.3s)
  [F4 E 22/50] Train 1.0229/0.7563  Val 0.5369/0.8645  (8.7s)
  [F4 E 23/50] Train 0.7923/0.8337  Val 0.5571/0.8615  (9.1s)
  [F4 E 24/50] Train 1.0055/0.7847  Val 0.5660/0.8630  (8.4s)
  [F4 E 25/50] Train 0.9161/0.7963  Val 0.5258/0.8680  (8.3s)
  [F4 E 26/50] Train 0.8430/0.8245  Val 0.5126/0.8690  (8.5s)
  [F4 E 27/50] Train 0.9275/0.7940  Val 0.5139/0.8780  (9.2s)
  [F4 E 28/50] Train 0.9192/0.7742  Val 0.5115/0.8760  (9.0s)
  [F4 E 29/50] Train 0.8259/0.8330  Val 0.4783/0.8850  (8.5s)
  [F4 E 30/50] Train 0.8144/0.8118  Val 0.4702/0.8805  (8.0s)
  [F4 E 31/50] Train 0.9104/0.7885  Val 0.4788/0.8805  (8.4s)
  [F4 E 32/50] Train 1.0029/0.7770  Val 0.4792/0.8840  (8.7s)
  [F4 E 33/50] Train 0.8119/0.8155  Val 0.4539/0.8890  (8.8s)
  [F4 E 34/50] Train 0.8547/0.8072  Val 0.4643/0.8860  (8.4s)
  [F4 E 35/50] Train 0.7103/0.8168  Val 0.4346/0.8910  (8.0s)
  [F4 E 36/50] Train 0.8091/0.8232  Val 0.4542/0.8950  (8.7s)
  [F4 E 37/50] Train 0.8720/0.8132  Val 0.4341/0.8935  (8.7s)
  [F4 E 38/50] Train 0.8471/0.8085  Val 0.4220/0.8995  (8.5s)
  [F4 E 39/50] Train 0.8293/0.8350  Val 0.4289/0.9000  (8.6s)
  [F4 E 40/50] Train 0.8657/0.7688  Val 0.4239/0.8960  (8.3s)
  [F4 E 41/50] Train 0.7092/0.8813  Val 0.4210/0.8985  (8.7s)
  [F4 E 42/50] Train 0.6897/0.8650  Val 0.4194/0.9005  (9.4s)
  [F4 E 43/50] Train 0.6743/0.8862  Val 0.4150/0.9020  (8.4s)
  [F4 E 44/50] Train 0.7098/0.8233  Val 0.4103/0.9020  (8.3s)
  [F4 E 45/50] Train 0.6861/0.8348  Val 0.4066/0.9025  (8.6s)
  [F4 E 46/50] Train 0.6776/0.8692  Val 0.4124/0.9040  (8.8s)
  [F4 E 47/50] Train 0.7608/0.8408  Val 0.4210/0.9035  (8.5s)
  [F4 E 48/50] Train 0.7145/0.8415  Val 0.4098/0.9035  (8.7s)
  [F4 E 49/50] Train 0.7650/0.8398  Val 0.4077/0.9035  (8.4s)
  [F4 E 50/50] Train 0.7422/0.8238  Val 0.4057/0.9025  (8.4s)
  Fold 4 done — best val acc: 0.9040  (7m 23s)

============================================================
  Ensemble — Weighted Soft Voting
  Fold val accs: ['0.9135', '0.8940', '0.9060', '0.9040']
  Weights      : ['0.2525', '0.2471', '0.2504', '0.2499']
============================================================
  resnet34 (no attention)
  resnet34 (no attention)
  resnet34 (no attention)
  resnet34 (no attention)
Ensemble Test Acc : 0.9200
Class-Norm Acc    : 0.9104
History → /home/work/AIPJ/EF2039_Introduction_to_AI_Programming_Project_1/experiment_overfitting/history_resnet34_noattn_vanilla_family_lr0.001_optadam_wd1e-05_rot15_cm1.0.csv
Curve → /home/work/AIPJ/EF2039_Introduction_to_AI_Programming_Project_1/experiment_overfitting/curve_resnet34_noattn_vanilla_family_lr0.001_optadam_wd1e-05_rot15_cm1.0.png
Confusion → /home/work/AIPJ/EF2039_Introduction_to_AI_Programming_Project_1/experiment_overfitting/confusion_resnet34_noattn_vanilla_family_lr0.001_optadam_wd1e-05_rot15_cm1.0.png
Class-wise → /home/work/AIPJ/EF2039_Introduction_to_AI_Programming_Project_1/experiment_overfitting/classwise_resnet34_noattn_vanilla_family_lr0.001_optadam_wd1e-05_rot15_cm1.0.csv
Predictions → /home/work/AIPJ/EF2039_Introduction_to_AI_Programming_Project_1/experiment_overfitting/predictions_resnet34_noattn_vanilla_family_lr0.001_optadam_wd1e-05_rot15_cm1.0.csv
Results → /home/work/AIPJ/EF2039_Introduction_to_AI_Programming_Project_1/experiment_overfitting/results_all.csv
