===== Input Arguments =====
  model         : resnet34d
  attn          : channel
  tuning        : False
  use_excluded  : True
  use_added     : True
  folds         : 4
  epochs        : 200
  batch_size    : 32
  lr            : 0.001
  optimizer     : adamw
  weight_decay  : 0.005
  label_smoothing: 0.0
  label         : family
  crop_bbox     : True
  seed          : 42
  save_csv      : results_all.csv
  outdir        : /home/work/AIPJ/EF2039_Introduction_to_AI_Programming_Project_1/best_model/200epochs
  added_repeat  : 1
  rotation      : 15
  cutmix        : 0.5
===========================
Device: cuda  |  AMP: True  |  Workers: 14
Label: family  |  Classes: 70
Mode: excl=True, added=True  |  Original: 10000, Added(train-only): 180 ×1 = 180
Test set isolated: 2000 samples (20%, seed=42)
Train+Val pool   : 8000 samples → 4-fold CV

============================================================
  Fold 1/4
============================================================
  Train: 6180, Val: 2000, Test: 2000
  resnet34_dropout(p=0.5) + CHANNEL  injected=9 modules
  [F1 E  1/200] Train 4.1239/0.0720  Val 3.8627/0.0970  (10.1s)
  [F1 E  2/200] Train 3.9437/0.0851  Val 3.6912/0.1255  (7.9s)
  [F1 E  3/200] Train 3.8361/0.1011  Val 3.5721/0.1355  (7.8s)
  [F1 E  4/200] Train 3.7542/0.1058  Val 3.4691/0.1630  (7.8s)
  [F1 E  5/200] Train 3.7041/0.1168  Val 3.4033/0.1730  (7.6s)
  [Epoch 6] Backbone unfreeze (lr=1e-04)
  [F1 E  6/200] Train 2.9751/0.2421  Val 1.8080/0.4680  (10.4s)
  [F1 E  7/200] Train 2.3142/0.3785  Val 1.3479/0.5945  (9.9s)
  [F1 E  8/200] Train 1.9211/0.4977  Val 1.0627/0.6845  (10.1s)
  [F1 E  9/200] Train 1.7936/0.5481  Val 0.8184/0.7525  (9.9s)
  [F1 E 10/200] Train 1.6120/0.5956  Val 0.8666/0.7390  (10.0s)
  [F1 E 11/200] Train 1.5506/0.6028  Val 0.7747/0.7700  (9.8s)
  [F1 E 12/200] Train 1.5187/0.6231  Val 0.6042/0.8205  (10.1s)
  [F1 E 13/200] Train 1.3656/0.6581  Val 0.6661/0.8045  (11.6s)
  [F1 E 14/200] Train 1.2918/0.6720  Val 0.6031/0.8225  (12.2s)
  [F1 E 15/200] Train 1.2408/0.6987  Val 0.7012/0.7920  (12.2s)
  [F1 E 16/200] Train 1.2636/0.6723  Val 0.5462/0.8480  (12.4s)
  [F1 E 17/200] Train 1.2080/0.7125  Val 0.5573/0.8330  (10.2s)
  [F1 E 18/200] Train 1.1663/0.6985  Val 0.4739/0.8680  (9.9s)
  [F1 E 19/200] Train 1.1899/0.7176  Val 0.5223/0.8565  (10.1s)
  [F1 E 20/200] Train 1.1337/0.7167  Val 0.5329/0.8430  (10.2s)
  [F1 E 21/200] Train 0.9884/0.7537  Val 0.5081/0.8605  (10.2s)
  [F1 E 22/200] Train 1.0880/0.7204  Val 0.5166/0.8605  (10.1s)
  [F1 E 23/200] Train 1.1593/0.7154  Val 0.4841/0.8695  (10.6s)
  [F1 E 24/200] Train 1.0515/0.7413  Val 0.4991/0.8645  (10.3s)
  [F1 E 25/200] Train 1.0091/0.7322  Val 0.4772/0.8640  (10.0s)
  [F1 E 26/200] Train 0.9947/0.7568  Val 0.4568/0.8745  (10.0s)
  [F1 E 27/200] Train 1.0579/0.7385  Val 0.4804/0.8670  (10.2s)
  [F1 E 28/200] Train 0.8865/0.7735  Val 0.4908/0.8695  (12.2s)
  [F1 E 29/200] Train 0.9094/0.7625  Val 0.4392/0.8765  (12.5s)
  [F1 E 30/200] Train 0.9539/0.7702  Val 0.4710/0.8810  (12.3s)
  [F1 E 31/200] Train 0.9956/0.7377  Val 0.4762/0.8740  (11.4s)
  [F1 E 32/200] Train 1.0251/0.7649  Val 0.4362/0.8830  (10.0s)
  [F1 E 33/200] Train 0.8894/0.7807  Val 0.4567/0.8850  (10.1s)
  [F1 E 34/200] Train 0.8729/0.7812  Val 0.4184/0.8965  (10.1s)
  [F1 E 35/200] Train 0.8452/0.8133  Val 0.4802/0.8755  (9.9s)
  [F1 E 36/200] Train 0.8519/0.7958  Val 0.4285/0.8880  (10.1s)
  [F1 E 37/200] Train 0.9779/0.7618  Val 0.3973/0.8885  (10.1s)
  [F1 E 38/200] Train 0.8127/0.8013  Val 0.4500/0.8855  (10.2s)
  [F1 E 39/200] Train 0.8375/0.8053  Val 0.4277/0.8945  (10.1s)
  [F1 E 40/200] Train 0.8428/0.8159  Val 0.4583/0.8880  (10.3s)
  [F1 E 41/200] Train 0.6993/0.8364  Val 0.4314/0.8855  (10.4s)
  [F1 E 42/200] Train 0.9660/0.7547  Val 0.4277/0.8865  (10.8s)
  [F1 E 43/200] Train 0.7327/0.8068  Val 0.4181/0.8930  (12.1s)
  [F1 E 44/200] Train 0.7487/0.8367  Val 0.4279/0.8830  (12.4s)
  [F1 E 45/200] Train 0.7407/0.8239  Val 0.4582/0.8795  (12.5s)
  [F1 E 46/200] Train 0.9061/0.7728  Val 0.4341/0.8845  (11.3s)
  [F1 E 47/200] Train 0.8599/0.7882  Val 0.4695/0.8825  (10.0s)
  [F1 E 48/200] Train 0.9255/0.8002  Val 0.4257/0.8940  (10.2s)
  [F1 E 49/200] Train 0.7690/0.8011  Val 0.4114/0.8865  (9.9s)
  [F1 E 50/200] Train 0.9183/0.7280  Val 0.4473/0.8810  (9.9s)
  [F1 E 51/200] Train 0.8725/0.7678  Val 0.4302/0.8885  (10.2s)
  [F1 E 52/200] Train 0.7965/0.8037  Val 0.4411/0.8800  (10.1s)
  [F1 E 53/200] Train 0.8477/0.7948  Val 0.4170/0.8975  (10.5s)
  [F1 E 54/200] Train 0.7278/0.8322  Val 0.3966/0.8975  (10.3s)
  [F1 E 55/200] Train 0.7713/0.8350  Val 0.4227/0.8910  (10.3s)
  [F1 E 56/200] Train 0.8836/0.7825  Val 0.4354/0.8865  (10.4s)
  [F1 E 57/200] Train 0.7917/0.8044  Val 0.4691/0.8810  (11.6s)
  [F1 E 58/200] Train 0.8004/0.8084  Val 0.4061/0.9040  (12.4s)
  [F1 E 59/200] Train 0.6358/0.8618  Val 0.4057/0.8975  (12.0s)
  [F1 E 60/200] Train 0.7887/0.8131  Val 0.4156/0.8965  (12.2s)
  [F1 E 61/200] Train 0.7561/0.8345  Val 0.4049/0.9015  (11.1s)
  [F1 E 62/200] Train 0.7898/0.8408  Val 0.4062/0.8995  (10.0s)
  [F1 E 63/200] Train 0.7604/0.7985  Val 0.4088/0.9025  (10.4s)
  [F1 E 64/200] Train 0.8427/0.7804  Val 0.3862/0.8990  (10.1s)
  [F1 E 65/200] Train 0.7420/0.8118  Val 0.4017/0.9000  (10.5s)
  [F1 E 66/200] Train 0.5950/0.8451  Val 0.3992/0.8980  (10.0s)
  [F1 E 67/200] Train 0.8628/0.7607  Val 0.4031/0.8995  (10.0s)
  [F1 E 68/200] Train 0.6430/0.8350  Val 0.4215/0.8940  (10.0s)
  [F1 E 69/200] Train 0.7694/0.8052  Val 0.3771/0.9080  (10.9s)
  [F1 E 70/200] Train 0.7862/0.8215  Val 0.3904/0.9045  (10.1s)
  [F1 E 71/200] Train 0.5884/0.8617  Val 0.4046/0.8940  (10.0s)
  [F1 E 72/200] Train 0.7064/0.7859  Val 0.4019/0.8940  (12.7s)
  [F1 E 73/200] Train 0.6803/0.8371  Val 0.4061/0.8970  (12.8s)
  [F1 E 74/200] Train 0.6645/0.8285  Val 0.3727/0.8995  (12.3s)
  [F1 E 75/200] Train 0.6463/0.8204  Val 0.3854/0.9010  (12.2s)
  [F1 E 76/200] Train 0.7163/0.8123  Val 0.4197/0.8985  (10.0s)
  [F1 E 77/200] Train 0.5716/0.8820  Val 0.4245/0.8935  (10.2s)
  [F1 E 78/200] Train 0.6965/0.8299  Val 0.3813/0.9035  (10.2s)
  [F1 E 79/200] Train 0.6598/0.8170  Val 0.4171/0.8990  (10.0s)
  [F1 E 80/200] Train 0.6444/0.8383  Val 0.4088/0.9010  (9.9s)
  [F1 E 81/200] Train 0.5974/0.8537  Val 0.4127/0.9020  (10.2s)
  [F1 E 82/200] Train 0.6622/0.8361  Val 0.4216/0.8985  (9.8s)
  [F1 E 83/200] Train 0.7128/0.8180  Val 0.3879/0.9065  (10.2s)
  [F1 E 84/200] Train 0.5514/0.8689  Val 0.3888/0.9055  (9.8s)
  [F1 E 85/200] Train 0.6439/0.8353  Val 0.3855/0.9000  (9.7s)
  [F1 E 86/200] Train 0.7025/0.8283  Val 0.3845/0.9070  (10.2s)
  [F1 E 87/200] Train 0.6712/0.8275  Val 0.3703/0.9080  (12.3s)
  [F1 E 88/200] Train 0.7088/0.8157  Val 0.3796/0.9060  (12.2s)
  [F1 E 89/200] Train 0.5791/0.8549  Val 0.3827/0.9005  (12.6s)
  [F1 E 90/200] Train 0.6593/0.8209  Val 0.4020/0.9020  (11.5s)
  [F1 E 91/200] Train 0.7092/0.8228  Val 0.4076/0.9025  (10.0s)
  [F1 E 92/200] Train 0.7228/0.8152  Val 0.3957/0.9005  (9.8s)
  [F1 E 93/200] Train 0.6760/0.8134  Val 0.3900/0.9015  (9.9s)
  [F1 E 94/200] Train 0.6690/0.8278  Val 0.3893/0.9045  (10.1s)
  [F1 E 95/200] Train 0.6525/0.8325  Val 0.3620/0.9130  (9.8s)
  [F1 E 96/200] Train 0.6784/0.8003  Val 0.3814/0.9040  (9.7s)
  [F1 E 97/200] Train 0.5589/0.8670  Val 0.4085/0.8975  (10.2s)
  [F1 E 98/200] Train 0.6855/0.8152  Val 0.3687/0.9110  (10.0s)
  [F1 E 99/200] Train 0.5912/0.8604  Val 0.3832/0.9055  (10.1s)
  [F1 E100/200] Train 0.6744/0.8325  Val 0.3654/0.9065  (10.0s)
  [F1 E101/200] Train 0.6955/0.8136  Val 0.3690/0.9125  (11.9s)
  [F1 E102/200] Train 0.5080/0.8447  Val 0.3901/0.9055  (12.5s)
  [F1 E103/200] Train 0.5984/0.8429  Val 0.3811/0.9075  (12.8s)
  [F1 E104/200] Train 0.5808/0.8414  Val 0.3711/0.9055  (12.2s)
  [F1 E105/200] Train 0.5256/0.8757  Val 0.3841/0.9085  (10.1s)
  [F1 E106/200] Train 0.5855/0.8880  Val 0.3740/0.9070  (10.5s)
  [F1 E107/200] Train 0.6023/0.8206  Val 0.3628/0.9090  (10.7s)
  [F1 E108/200] Train 0.5859/0.8337  Val 0.3517/0.9140  (10.4s)
  [F1 E109/200] Train 0.5932/0.8312  Val 0.3676/0.9095  (10.4s)
  [F1 E110/200] Train 0.6329/0.8144  Val 0.3368/0.9135  (10.5s)
  [F1 E111/200] Train 0.5956/0.8513  Val 0.3550/0.9160  (10.1s)
  [F1 E112/200] Train 0.6035/0.8244  Val 0.3961/0.9080  (10.0s)
  [F1 E113/200] Train 0.5836/0.8477  Val 0.3700/0.9135  (10.1s)
  [F1 E114/200] Train 0.5708/0.8492  Val 0.3546/0.9155  (10.1s)
  [F1 E115/200] Train 0.5599/0.8639  Val 0.3638/0.9115  (11.4s)
  [F1 E116/200] Train 0.5512/0.8450  Val 0.3562/0.9120  (13.1s)
  [F1 E117/200] Train 0.6219/0.8390  Val 0.3519/0.9150  (12.5s)
  [F1 E118/200] Train 0.4914/0.8827  Val 0.3551/0.9185  (12.4s)
  [F1 E119/200] Train 0.5658/0.8544  Val 0.3355/0.9145  (10.7s)
  [F1 E120/200] Train 0.5849/0.8524  Val 0.3662/0.9090  (10.2s)
  [F1 E121/200] Train 0.6035/0.8485  Val 0.3547/0.9155  (10.2s)
  [F1 E122/200] Train 0.5190/0.8490  Val 0.3443/0.9140  (9.7s)
  [F1 E123/200] Train 0.5410/0.8634  Val 0.3560/0.9180  (10.3s)
  [F1 E124/200] Train 0.6562/0.8108  Val 0.3446/0.9170  (9.6s)
  [F1 E125/200] Train 0.5016/0.8592  Val 0.3378/0.9140  (9.6s)
  [F1 E126/200] Train 0.5949/0.8481  Val 0.3559/0.9115  (9.8s)
  [F1 E127/200] Train 0.5996/0.8422  Val 0.3502/0.9125  (9.9s)
  [F1 E128/200] Train 0.4627/0.8896  Val 0.3548/0.9120  (10.1s)
  [F1 E129/200] Train 0.5188/0.8710  Val 0.3438/0.9140  (10.2s)
  [F1 E130/200] Train 0.5740/0.8341  Val 0.3488/0.9085  (9.8s)
  [F1 E131/200] Train 0.5242/0.8574  Val 0.3530/0.9105  (10.2s)
  [F1 E132/200] Train 0.4764/0.8610  Val 0.3566/0.9100  (11.0s)
  [F1 E133/200] Train 0.6113/0.8201  Val 0.3464/0.9125  (10.8s)
  [F1 E134/200] Train 0.5562/0.8299  Val 0.3393/0.9165  (10.3s)
  [F1 E135/200] Train 0.5127/0.8752  Val 0.3323/0.9155  (9.8s)
  [F1 E136/200] Train 0.6466/0.8060  Val 0.3389/0.9155  (9.9s)
  [F1 E137/200] Train 0.5875/0.8388  Val 0.3482/0.9120  (9.6s)
  [F1 E138/200] Train 0.5745/0.8309  Val 0.3372/0.9165  (9.5s)
  [F1 E139/200] Train 0.5755/0.8455  Val 0.3380/0.9150  (9.5s)
  [F1 E140/200] Train 0.5725/0.8261  Val 0.3348/0.9130  (9.3s)
  [F1 E141/200] Train 0.5298/0.8578  Val 0.3317/0.9165  (9.8s)
  [F1 E142/200] Train 0.5251/0.8689  Val 0.3428/0.9165  (9.8s)
  [F1 E143/200] Train 0.4976/0.8440  Val 0.3425/0.9155  (9.9s)
  [F1 E144/200] Train 0.5952/0.8442  Val 0.3291/0.9165  (10.6s)
  [F1 E145/200] Train 0.4856/0.8358  Val 0.3470/0.9130  (9.6s)
  [F1 E146/200] Train 0.5512/0.8429  Val 0.3391/0.9155  (9.8s)
  [F1 E147/200] Train 0.5658/0.8304  Val 0.3446/0.9135  (10.0s)
  [F1 E148/200] Train 0.5354/0.8403  Val 0.3290/0.9145  (10.1s)
  [F1 E149/200] Train 0.4745/0.8608  Val 0.3414/0.9200  (10.1s)
  [F1 E150/200] Train 0.5608/0.8248  Val 0.3345/0.9165  (9.8s)
  [F1 E151/200] Train 0.5044/0.8364  Val 0.3276/0.9160  (10.1s)
  [F1 E152/200] Train 0.4906/0.8466  Val 0.3454/0.9160  (10.3s)
  [F1 E153/200] Train 0.5823/0.8146  Val 0.3371/0.9190  (10.5s)
  [F1 E154/200] Train 0.5469/0.8157  Val 0.3265/0.9205  (10.3s)
  [F1 E155/200] Train 0.5032/0.8362  Val 0.3185/0.9225  (10.6s)
  [F1 E156/200] Train 0.5212/0.8414  Val 0.3263/0.9190  (10.0s)
  [F1 E157/200] Train 0.6448/0.8432  Val 0.3278/0.9205  (10.5s)
  [F1 E158/200] Train 0.5617/0.8591  Val 0.3194/0.9215  (10.0s)
  [F1 E159/200] Train 0.5553/0.8646  Val 0.3389/0.9190  (10.0s)
  [F1 E160/200] Train 0.4865/0.8715  Val 0.3255/0.9200  (10.4s)
  [F1 E161/200] Train 0.4828/0.8529  Val 0.3539/0.9190  (9.9s)
  [F1 E162/200] Train 0.4456/0.8615  Val 0.3246/0.9205  (10.1s)
  [F1 E163/200] Train 0.5789/0.8494  Val 0.3164/0.9215  (10.0s)
  [F1 E164/200] Train 0.5962/0.8346  Val 0.3196/0.9210  (9.9s)
  [F1 E165/200] Train 0.4906/0.8492  Val 0.3241/0.9195  (12.5s)
  [F1 E166/200] Train 0.5080/0.8581  Val 0.3218/0.9170  (13.0s)
  [F1 E167/200] Train 0.4415/0.8782  Val 0.3190/0.9205  (12.9s)
  [F1 E168/200] Train 0.5478/0.8723  Val 0.3248/0.9230  (11.2s)
  [F1 E169/200] Train 0.4936/0.8524  Val 0.3241/0.9230  (10.1s)
  [F1 E170/200] Train 0.5033/0.8539  Val 0.3231/0.9190  (10.7s)
  [F1 E171/200] Train 0.5332/0.8392  Val 0.3243/0.9215  (10.5s)
  [F1 E172/200] Train 0.4593/0.8639  Val 0.3229/0.9195  (10.4s)
  [F1 E173/200] Train 0.5236/0.8875  Val 0.3225/0.9240  (10.8s)
  [F1 E174/200] Train 0.4621/0.8369  Val 0.3245/0.9205  (10.0s)
  [F1 E175/200] Train 0.4811/0.8625  Val 0.3169/0.9205  (10.0s)
  [F1 E176/200] Train 0.4597/0.8589  Val 0.3290/0.9205  (10.5s)
  [F1 E177/200] Train 0.4290/0.8561  Val 0.3239/0.9205  (10.8s)
  [F1 E178/200] Train 0.3858/0.8877  Val 0.3278/0.9215  (10.9s)
  [F1 E179/200] Train 0.4970/0.8683  Val 0.3220/0.9170  (12.3s)
  [F1 E180/200] Train 0.4237/0.8686  Val 0.3205/0.9225  (12.7s)
  [F1 E181/200] Train 0.5386/0.8333  Val 0.3174/0.9215  (13.3s)
  [F1 E182/200] Train 0.5217/0.8481  Val 0.3166/0.9195  (12.9s)
  [F1 E183/200] Train 0.4960/0.8540  Val 0.3201/0.9215  (10.6s)
  [F1 E184/200] Train 0.4319/0.8697  Val 0.3175/0.9215  (9.7s)
  [F1 E185/200] Train 0.5535/0.8361  Val 0.3273/0.9195  (10.1s)
  [F1 E186/200] Train 0.4931/0.8659  Val 0.3180/0.9240  (10.1s)
  [F1 E187/200] Train 0.5466/0.8396  Val 0.3209/0.9220  (10.3s)
  [F1 E188/200] Train 0.4727/0.8668  Val 0.3242/0.9210  (10.5s)
  [F1 E189/200] Train 0.4904/0.8663  Val 0.3133/0.9195  (10.5s)
  [F1 E190/200] Train 0.5138/0.8654  Val 0.3188/0.9225  (10.1s)
  [F1 E191/200] Train 0.5134/0.8561  Val 0.3257/0.9220  (9.9s)
  [F1 E192/200] Train 0.4718/0.8638  Val 0.3180/0.9230  (10.0s)
  [F1 E193/200] Train 0.5100/0.8680  Val 0.3224/0.9175  (10.7s)
  [F1 E194/200] Train 0.5574/0.8338  Val 0.3175/0.9210  (12.9s)
  [F1 E195/200] Train 0.5209/0.8552  Val 0.3229/0.9210  (12.5s)
  [F1 E196/200] Train 0.5003/0.8565  Val 0.3201/0.9215  (12.5s)
  [F1 E197/200] Train 0.4557/0.8710  Val 0.3238/0.9220  (11.6s)
  [F1 E198/200] Train 0.4620/0.8536  Val 0.3340/0.9220  (10.7s)
  [F1 E199/200] Train 0.4854/0.8723  Val 0.3160/0.9225  (10.1s)
  [F1 E200/200] Train 0.4763/0.8694  Val 0.3165/0.9190  (10.0s)
  Fold 1 done — best val acc: 0.9240  (35m 17s)

============================================================
  Fold 2/4
============================================================
  Train: 6180, Val: 2000, Test: 2000
  resnet34_dropout(p=0.5) + CHANNEL  injected=9 modules
  [F2 E  1/200] Train 4.1192/0.0710  Val 3.8404/0.0945  (10.5s)
  [F2 E  2/200] Train 3.9283/0.0841  Val 3.6688/0.1115  (8.5s)
  [F2 E  3/200] Train 3.8190/0.0968  Val 3.5390/0.1320  (8.0s)
  [F2 E  4/200] Train 3.7929/0.1006  Val 3.4475/0.1620  (7.8s)
  [F2 E  5/200] Train 3.7247/0.1142  Val 3.4077/0.1590  (7.8s)
  [Epoch 6] Backbone unfreeze (lr=1e-04)
  [F2 E  6/200] Train 2.9826/0.2353  Val 1.8723/0.4695  (10.0s)
  [F2 E  7/200] Train 2.2766/0.3930  Val 1.4357/0.5805  (10.4s)
  [F2 E  8/200] Train 1.9949/0.4725  Val 1.0809/0.6995  (11.7s)
  [F2 E  9/200] Train 1.8052/0.5429  Val 0.9575/0.7200  (13.2s)
  [F2 E 10/200] Train 1.5928/0.5782  Val 0.8220/0.7545  (12.9s)
  [F2 E 11/200] Train 1.6850/0.5518  Val 0.7849/0.7845  (13.3s)
  [F2 E 12/200] Train 1.4410/0.6231  Val 0.7684/0.7760  (10.4s)
  [F2 E 13/200] Train 1.3620/0.6540  Val 0.6895/0.8140  (10.4s)
  [F2 E 14/200] Train 1.3302/0.6678  Val 0.6455/0.8170  (10.2s)
  [F2 E 15/200] Train 1.4104/0.6422  Val 0.6192/0.8295  (10.4s)
  [F2 E 16/200] Train 1.2202/0.6963  Val 0.5326/0.8515  (10.3s)
  [F2 E 17/200] Train 1.2886/0.6814  Val 0.5597/0.8490  (10.6s)
  [F2 E 18/200] Train 1.1670/0.7204  Val 0.5779/0.8500  (10.1s)
  [F2 E 19/200] Train 1.2321/0.6832  Val 0.5690/0.8495  (10.7s)
  [F2 E 20/200] Train 1.0383/0.7469  Val 0.5183/0.8660  (10.8s)
  [F2 E 21/200] Train 0.9626/0.7633  Val 0.6016/0.8265  (10.3s)
  [F2 E 22/200] Train 1.0447/0.7411  Val 0.5051/0.8600  (11.9s)
  [F2 E 23/200] Train 1.1084/0.7123  Val 0.5368/0.8650  (12.5s)
  [F2 E 24/200] Train 1.0568/0.7477  Val 0.5204/0.8595  (12.4s)
  [F2 E 25/200] Train 1.0066/0.7372  Val 0.5370/0.8630  (12.4s)
  [F2 E 26/200] Train 0.9169/0.7901  Val 0.5285/0.8590  (11.2s)
  [F2 E 27/200] Train 0.9841/0.7521  Val 0.4488/0.8845  (10.2s)
  [F2 E 28/200] Train 0.9312/0.7555  Val 0.5321/0.8705  (9.8s)
  [F2 E 29/200] Train 0.9299/0.7783  Val 0.5554/0.8595  (9.9s)
  [F2 E 30/200] Train 0.9416/0.7736  Val 0.5222/0.8610  (10.4s)
  [F2 E 31/200] Train 0.9419/0.7735  Val 0.4928/0.8720  (10.2s)
  [F2 E 32/200] Train 1.0045/0.7681  Val 0.5184/0.8655  (10.4s)
  [F2 E 33/200] Train 0.8466/0.8068  Val 0.4881/0.8725  (9.8s)
  [F2 E 34/200] Train 0.8722/0.8008  Val 0.4842/0.8820  (10.3s)
  [F2 E 35/200] Train 0.8954/0.7956  Val 0.4904/0.8715  (9.9s)
  [F2 E 36/200] Train 0.9218/0.7850  Val 0.5084/0.8725  (10.0s)
  [F2 E 37/200] Train 0.9760/0.7382  Val 0.5292/0.8630  (12.2s)
  [F2 E 38/200] Train 0.9304/0.7746  Val 0.4899/0.8720  (12.6s)
  [F2 E 39/200] Train 0.9642/0.7602  Val 0.5302/0.8660  (12.7s)
  [F2 E 40/200] Train 0.7718/0.7971  Val 0.4800/0.8855  (12.3s)
  [F2 E 41/200] Train 0.9992/0.7466  Val 0.5026/0.8765  (10.1s)
  [F2 E 42/200] Train 0.8850/0.7634  Val 0.5241/0.8785  (10.9s)
  [F2 E 43/200] Train 0.8417/0.7620  Val 0.4898/0.8690  (10.4s)
  [F2 E 44/200] Train 0.8695/0.8233  Val 0.4964/0.8725  (10.0s)
  [F2 E 45/200] Train 0.7801/0.8209  Val 0.5113/0.8735  (10.3s)
  [F2 E 46/200] Train 0.8496/0.7785  Val 0.4975/0.8705  (10.1s)
  [F2 E 47/200] Train 0.8946/0.7856  Val 0.4954/0.8825  (10.5s)
  [F2 E 48/200] Train 0.7477/0.8327  Val 0.4642/0.8900  (10.3s)
  [F2 E 49/200] Train 0.8664/0.7872  Val 0.4581/0.8865  (10.2s)
  [F2 E 50/200] Train 0.7836/0.7905  Val 0.4975/0.8705  (10.5s)
  [F2 E 51/200] Train 0.6716/0.8456  Val 0.4631/0.8860  (10.2s)
  [F2 E 52/200] Train 0.8765/0.7961  Val 0.4671/0.8895  (12.7s)
  [F2 E 53/200] Train 0.8228/0.8068  Val 0.4604/0.8950  (12.7s)
  [F2 E 54/200] Train 0.6181/0.8502  Val 0.4635/0.8885  (12.7s)
  [F2 E 55/200] Train 0.7592/0.8230  Val 0.5063/0.8775  (12.3s)
  [F2 E 56/200] Train 0.7654/0.8063  Val 0.5322/0.8745  (10.1s)
  [F2 E 57/200] Train 0.7661/0.8298  Val 0.4954/0.8850  (10.1s)
  [F2 E 58/200] Train 0.7749/0.8133  Val 0.4740/0.8830  (10.3s)
  [F2 E 59/200] Train 0.6480/0.8584  Val 0.4553/0.8920  (10.2s)
  [F2 E 60/200] Train 0.8227/0.7864  Val 0.4904/0.8905  (10.3s)
  [F2 E 61/200] Train 0.7613/0.8037  Val 0.4561/0.8890  (10.3s)
  [F2 E 62/200] Train 0.6832/0.8227  Val 0.4759/0.8930  (10.1s)
  [F2 E 63/200] Train 0.6377/0.8303  Val 0.4530/0.8990  (10.3s)
  [F2 E 64/200] Train 0.7035/0.8285  Val 0.4858/0.8825  (10.0s)
  [F2 E 65/200] Train 0.6992/0.8421  Val 0.5007/0.8840  (11.9s)
  [F2 E 66/200] Train 0.5983/0.8492  Val 0.4334/0.8955  (11.1s)
  [F2 E 67/200] Train 0.8651/0.7803  Val 0.4806/0.8835  (12.6s)
  [F2 E 68/200] Train 0.7189/0.8419  Val 0.4641/0.8885  (12.5s)
  [F2 E 69/200] Train 0.8991/0.7866  Val 0.4453/0.8930  (12.4s)
  [F2 E 70/200] Train 0.6510/0.8557  Val 0.4527/0.8905  (11.0s)
  [F2 E 71/200] Train 0.8177/0.7853  Val 0.4743/0.8870  (10.3s)
  [F2 E 72/200] Train 0.6695/0.8306  Val 0.4658/0.8925  (10.0s)
  [F2 E 73/200] Train 0.5882/0.8710  Val 0.4442/0.8980  (10.1s)
  [F2 E 74/200] Train 0.6851/0.8042  Val 0.4366/0.8960  (10.2s)
  [F2 E 75/200] Train 0.7409/0.8110  Val 0.4519/0.8905  (10.5s)
  [F2 E 76/200] Train 0.6376/0.8364  Val 0.4916/0.8895  (10.6s)
  [F2 E 77/200] Train 0.7371/0.7885  Val 0.4530/0.8965  (9.8s)
  [F2 E 78/200] Train 0.7217/0.8070  Val 0.4490/0.8955  (10.0s)
  [F2 E 79/200] Train 0.6383/0.8283  Val 0.4528/0.8925  (10.3s)
  [F2 E 80/200] Train 0.5798/0.8696  Val 0.4509/0.8900  (10.6s)
  [F2 E 81/200] Train 0.7378/0.7919  Val 0.4188/0.9000  (13.0s)
  [F2 E 82/200] Train 0.6836/0.8236  Val 0.4204/0.9035  (12.4s)
  [F2 E 83/200] Train 0.5706/0.8523  Val 0.4669/0.8900  (12.6s)
  [F2 E 84/200] Train 0.6771/0.8280  Val 0.4422/0.8985  (11.6s)
  [F2 E 85/200] Train 0.6749/0.8282  Val 0.4454/0.8900  (10.1s)
  [F2 E 86/200] Train 0.5982/0.8244  Val 0.4210/0.8950  (10.4s)
  [F2 E 87/200] Train 0.6518/0.8298  Val 0.4276/0.9045  (10.0s)
  [F2 E 88/200] Train 0.6357/0.8162  Val 0.4529/0.8920  (10.1s)
  [F2 E 89/200] Train 0.7013/0.8125  Val 0.4637/0.8920  (9.9s)
  [F2 E 90/200] Train 0.6316/0.8358  Val 0.4507/0.8980  (10.1s)
  [F2 E 91/200] Train 0.5995/0.8414  Val 0.4623/0.8935  (10.2s)
  [F2 E 92/200] Train 0.7079/0.8039  Val 0.4497/0.8980  (10.4s)
  [F2 E 93/200] Train 0.6749/0.8220  Val 0.4548/0.8900  (10.9s)
  [F2 E 94/200] Train 0.7022/0.8293  Val 0.4420/0.8995  (10.3s)
  [F2 E 95/200] Train 0.5936/0.8330  Val 0.4457/0.8930  (10.2s)
  [F2 E 96/200] Train 0.5710/0.8553  Val 0.4233/0.8995  (12.8s)
  [F2 E 97/200] Train 0.6127/0.8549  Val 0.4382/0.8950  (12.8s)
  [F2 E 98/200] Train 0.6016/0.8497  Val 0.4404/0.8985  (12.6s)
  [F2 E 99/200] Train 0.7145/0.8167  Val 0.4431/0.8965  (12.0s)
  [F2 E100/200] Train 0.5844/0.8464  Val 0.4229/0.8980  (10.2s)
  [F2 E101/200] Train 0.6245/0.8328  Val 0.4216/0.9010  (10.3s)
  [F2 E102/200] Train 0.5990/0.8317  Val 0.4150/0.8990  (10.1s)
  [F2 E103/200] Train 0.5820/0.8405  Val 0.4029/0.9030  (10.8s)
  [F2 E104/200] Train 0.5941/0.8536  Val 0.4605/0.8955  (10.4s)
  [F2 E105/200] Train 0.5312/0.8523  Val 0.4333/0.9005  (10.5s)
  [F2 E106/200] Train 0.5712/0.8338  Val 0.4376/0.8985  (10.3s)
  [F2 E107/200] Train 0.5782/0.8383  Val 0.4204/0.8990  (10.5s)
  [F2 E108/200] Train 0.5604/0.8458  Val 0.4172/0.9005  (10.5s)
  [F2 E109/200] Train 0.6719/0.7951  Val 0.4130/0.9025  (10.6s)
  [F2 E110/200] Train 0.6477/0.8210  Val 0.4481/0.8975  (12.1s)
  [F2 E111/200] Train 0.5556/0.8519  Val 0.4188/0.8985  (12.7s)
  [F2 E112/200] Train 0.5731/0.8581  Val 0.4087/0.9070  (12.6s)
  [F2 E113/200] Train 0.5483/0.8403  Val 0.4323/0.8975  (12.4s)
  [F2 E114/200] Train 0.6593/0.8466  Val 0.4059/0.9020  (10.5s)
  [F2 E115/200] Train 0.5591/0.8576  Val 0.4151/0.8970  (10.5s)
  [F2 E116/200] Train 0.5868/0.8264  Val 0.4298/0.9000  (10.3s)
  [F2 E117/200] Train 0.6418/0.8610  Val 0.4143/0.8985  (10.2s)
  [F2 E118/200] Train 0.5689/0.8186  Val 0.4075/0.9035  (10.4s)
  [F2 E119/200] Train 0.6703/0.8212  Val 0.4016/0.9070  (10.9s)
  [F2 E120/200] Train 0.5738/0.8447  Val 0.3951/0.9105  (10.3s)
  [F2 E121/200] Train 0.5682/0.8490  Val 0.3994/0.9110  (10.5s)
  [F2 E122/200] Train 0.5620/0.8453  Val 0.3745/0.9125  (10.3s)
  [F2 E123/200] Train 0.6078/0.8333  Val 0.3836/0.9105  (10.3s)
  [F2 E124/200] Train 0.5133/0.8188  Val 0.3928/0.9055  (10.9s)
  [F2 E125/200] Train 0.5846/0.8159  Val 0.3899/0.9105  (12.6s)
  [F2 E126/200] Train 0.5880/0.8419  Val 0.3896/0.9080  (12.9s)
  [F2 E127/200] Train 0.5755/0.8482  Val 0.3872/0.9055  (12.8s)
  [F2 E128/200] Train 0.5545/0.8422  Val 0.3841/0.9095  (10.9s)
  [F2 E129/200] Train 0.5010/0.8521  Val 0.3805/0.9115  (10.4s)
  [F2 E130/200] Train 0.5874/0.8390  Val 0.3785/0.9085  (10.7s)
  [F2 E131/200] Train 0.5174/0.8566  Val 0.4000/0.9065  (10.9s)
  [F2 E132/200] Train 0.4276/0.8930  Val 0.4004/0.9090  (10.2s)
  [F2 E133/200] Train 0.5237/0.8549  Val 0.3867/0.9095  (10.1s)
  [F2 E134/200] Train 0.4940/0.8722  Val 0.4144/0.9000  (10.6s)
  [F2 E135/200] Train 0.5461/0.8466  Val 0.3809/0.9095  (10.4s)
  [F2 E136/200] Train 0.4572/0.8786  Val 0.3892/0.9100  (10.7s)
  [F2 E137/200] Train 0.5038/0.8545  Val 0.3939/0.9110  (10.4s)
  [F2 E138/200] Train 0.5745/0.8296  Val 0.3789/0.9120  (10.5s)
  [F2 E139/200] Train 0.4420/0.8804  Val 0.3921/0.9110  (12.8s)
  [F2 E140/200] Train 0.5498/0.8267  Val 0.3885/0.9090  (12.8s)
  [F2 E141/200] Train 0.5357/0.8390  Val 0.3922/0.9115  (13.0s)
  [F2 E142/200] Train 0.6291/0.8338  Val 0.3877/0.9085  (12.5s)
  [F2 E143/200] Train 0.6588/0.8189  Val 0.3856/0.9095  (10.3s)
  [F2 E144/200] Train 0.5937/0.8356  Val 0.3902/0.9080  (10.4s)
  [F2 E145/200] Train 0.4862/0.8442  Val 0.3867/0.9090  (10.3s)
  [F2 E146/200] Train 0.5411/0.8408  Val 0.3799/0.9090  (10.4s)
  [F2 E147/200] Train 0.5170/0.8508  Val 0.3917/0.9120  (10.8s)
  [F2 E148/200] Train 0.4608/0.8487  Val 0.3939/0.9075  (10.0s)
  [F2 E149/200] Train 0.5292/0.8715  Val 0.3916/0.9120  (10.2s)
  [F2 E150/200] Train 0.5205/0.8629  Val 0.4038/0.9065  (10.3s)
  [F2 E151/200] Train 0.4863/0.8628  Val 0.3890/0.9095  (10.4s)
  [F2 E152/200] Train 0.4929/0.8472  Val 0.3915/0.9105  (10.1s)
  [F2 E153/200] Train 0.5285/0.8400  Val 0.3843/0.9095  (12.0s)
  [F2 E154/200] Train 0.5555/0.8293  Val 0.3885/0.9095  (12.2s)
  [F2 E155/200] Train 0.4477/0.8862  Val 0.3882/0.9090  (12.5s)
  [F2 E156/200] Train 0.5491/0.8249  Val 0.3903/0.9115  (12.3s)
  [F2 E157/200] Train 0.5599/0.8439  Val 0.3840/0.9140  (10.8s)
  [F2 E158/200] Train 0.4286/0.9034  Val 0.3809/0.9160  (10.2s)
  [F2 E159/200] Train 0.5729/0.8160  Val 0.3744/0.9125  (10.3s)
  [F2 E160/200] Train 0.4798/0.8599  Val 0.3817/0.9180  (9.9s)
  [F2 E161/200] Train 0.5923/0.8257  Val 0.3822/0.9140  (10.0s)
  [F2 E162/200] Train 0.5655/0.8474  Val 0.3791/0.9145  (10.1s)
  [F2 E163/200] Train 0.4654/0.8678  Val 0.3911/0.9150  (10.5s)
  [F2 E164/200] Train 0.5107/0.8464  Val 0.3980/0.9125  (10.4s)
  [F2 E165/200] Train 0.5092/0.8547  Val 0.3920/0.9135  (9.9s)
  [F2 E166/200] Train 0.4971/0.8770  Val 0.3948/0.9125  (10.0s)
  [F2 E167/200] Train 0.5119/0.8477  Val 0.3788/0.9145  (10.7s)
  [F2 E168/200] Train 0.3995/0.8801  Val 0.3879/0.9145  (12.4s)
  [F2 E169/200] Train 0.4394/0.8688  Val 0.3873/0.9140  (12.4s)
  [F2 E170/200] Train 0.4940/0.8746  Val 0.3875/0.9125  (12.7s)
  [F2 E171/200] Train 0.5330/0.8262  Val 0.3773/0.9145  (12.2s)
  [F2 E172/200] Train 0.5665/0.8524  Val 0.3781/0.9125  (10.1s)
  [F2 E173/200] Train 0.5004/0.8793  Val 0.3918/0.9155  (10.6s)
  [F2 E174/200] Train 0.4146/0.8935  Val 0.3818/0.9105  (10.6s)
  [F2 E175/200] Train 0.4617/0.8599  Val 0.4049/0.9145  (10.8s)
  [F2 E176/200] Train 0.5455/0.8416  Val 0.3770/0.9135  (10.4s)
  [F2 E177/200] Train 0.5253/0.8531  Val 0.3791/0.9145  (10.3s)
  [F2 E178/200] Train 0.4671/0.8702  Val 0.3841/0.9150  (10.3s)
  [F2 E179/200] Train 0.5799/0.8189  Val 0.3842/0.9165  (10.1s)
  [F2 E180/200] Train 0.5377/0.8481  Val 0.3701/0.9160  (10.5s)
  [F2 E181/200] Train 0.5252/0.8121  Val 0.3806/0.9130  (10.4s)
  [F2 E182/200] Train 0.5101/0.8667  Val 0.3728/0.9155  (12.6s)
  [F2 E183/200] Train 0.4647/0.8592  Val 0.3891/0.9160  (12.9s)
  [F2 E184/200] Train 0.4703/0.8817  Val 0.3744/0.9135  (12.5s)
  [F2 E185/200] Train 0.5196/0.8432  Val 0.3702/0.9165  (12.9s)
  [F2 E186/200] Train 0.4640/0.8948  Val 0.3734/0.9160  (10.2s)
  [F2 E187/200] Train 0.4633/0.8659  Val 0.3691/0.9160  (10.6s)
  [F2 E188/200] Train 0.4705/0.8710  Val 0.3803/0.9190  (10.1s)
  [F2 E189/200] Train 0.5234/0.8469  Val 0.3730/0.9155  (10.3s)
  [F2 E190/200] Train 0.4904/0.8429  Val 0.3782/0.9155  (10.6s)
  [F2 E191/200] Train 0.4926/0.8526  Val 0.3831/0.9170  (10.8s)
  [F2 E192/200] Train 0.3872/0.8775  Val 0.3718/0.9155  (10.4s)
  [F2 E193/200] Train 0.4006/0.8953  Val 0.3904/0.9165  (10.4s)
  [F2 E194/200] Train 0.5114/0.8408  Val 0.3769/0.9165  (10.3s)
  [F2 E195/200] Train 0.5053/0.8769  Val 0.3878/0.9165  (10.2s)
  [F2 E196/200] Train 0.4458/0.8650  Val 0.3702/0.9160  (12.9s)
  [F2 E197/200] Train 0.4794/0.8528  Val 0.3753/0.9135  (12.8s)
  [F2 E198/200] Train 0.4775/0.8561  Val 0.3808/0.9180  (12.8s)
  [F2 E199/200] Train 0.5248/0.8469  Val 0.3760/0.9165  (12.8s)
  [F2 E200/200] Train 0.4235/0.8665  Val 0.3835/0.9165  (10.4s)
  Fold 2 done — best val acc: 0.9190  (36m 25s)

============================================================
  Fold 3/4
============================================================
  Train: 6180, Val: 2000, Test: 2000
  resnet34_dropout(p=0.5) + CHANNEL  injected=9 modules
  [F3 E  1/200] Train 4.1329/0.0717  Val 3.8415/0.0925  (10.4s)
  [F3 E  2/200] Train 3.9243/0.0858  Val 3.6710/0.1115  (8.6s)
  [F3 E  3/200] Train 3.8434/0.0992  Val 3.5688/0.1285  (8.0s)
  [F3 E  4/200] Train 3.7387/0.1097  Val 3.4510/0.1590  (8.0s)
  [F3 E  5/200] Train 3.6946/0.1154  Val 3.3821/0.1520  (7.7s)
  [Epoch 6] Backbone unfreeze (lr=1e-04)
  [F3 E  6/200] Train 3.0368/0.2217  Val 1.8623/0.4615  (11.0s)
  [F3 E  7/200] Train 2.4151/0.3523  Val 1.3566/0.6075  (10.0s)
  [F3 E  8/200] Train 2.0392/0.4617  Val 1.0969/0.6730  (10.2s)
  [F3 E  9/200] Train 1.8083/0.5217  Val 0.9508/0.7065  (10.1s)
  [F3 E 10/200] Train 1.7791/0.5506  Val 0.8380/0.7670  (11.8s)
  [F3 E 11/200] Train 1.7496/0.5689  Val 0.8121/0.7715  (12.5s)
  [F3 E 12/200] Train 1.5125/0.6175  Val 0.6831/0.8085  (12.8s)
  [F3 E 13/200] Train 1.4470/0.6311  Val 0.6745/0.8175  (12.9s)
  [F3 E 14/200] Train 1.3904/0.6526  Val 0.6687/0.8050  (10.0s)
  [F3 E 15/200] Train 1.2714/0.6955  Val 0.6231/0.8355  (10.2s)
  [F3 E 16/200] Train 1.2727/0.6867  Val 0.5681/0.8400  (10.1s)
  [F3 E 17/200] Train 1.1775/0.7113  Val 0.6168/0.8245  (10.4s)
  [F3 E 18/200] Train 1.2094/0.7065  Val 0.6155/0.8260  (10.3s)
  [F3 E 19/200] Train 1.0824/0.7144  Val 0.6602/0.8120  (10.1s)
  [F3 E 20/200] Train 0.9694/0.7691  Val 0.5541/0.8480  (9.9s)
  [F3 E 21/200] Train 1.1038/0.7328  Val 0.5419/0.8585  (10.0s)
  [F3 E 22/200] Train 1.0473/0.7304  Val 0.5243/0.8485  (9.8s)
  [F3 E 23/200] Train 1.0248/0.7455  Val 0.5834/0.8395  (10.1s)
  [F3 E 24/200] Train 0.9233/0.7880  Val 0.5492/0.8460  (10.0s)
  [F3 E 25/200] Train 0.9136/0.7838  Val 0.5252/0.8500  (12.1s)
  [F3 E 26/200] Train 0.9346/0.7882  Val 0.5273/0.8505  (12.4s)
  [F3 E 27/200] Train 0.9603/0.7731  Val 0.5132/0.8560  (12.7s)
  [F3 E 28/200] Train 0.9664/0.7853  Val 0.5329/0.8530  (12.0s)
  [F3 E 29/200] Train 0.9889/0.7696  Val 0.5084/0.8535  (10.2s)
  [F3 E 30/200] Train 0.8280/0.8036  Val 0.4528/0.8790  (10.1s)
  [F3 E 31/200] Train 0.9272/0.7722  Val 0.5564/0.8535  (9.6s)
  [F3 E 32/200] Train 1.0044/0.7411  Val 0.5378/0.8635  (9.8s)
  [F3 E 33/200] Train 0.8837/0.7893  Val 0.5363/0.8580  (10.1s)
  [F3 E 34/200] Train 0.9003/0.7769  Val 0.5365/0.8635  (10.0s)
  [F3 E 35/200] Train 0.9459/0.7730  Val 0.4972/0.8725  (10.3s)
  [F3 E 36/200] Train 0.9716/0.7513  Val 0.5226/0.8655  (10.0s)
  [F3 E 37/200] Train 0.9326/0.7895  Val 0.5299/0.8690  (10.3s)
  [F3 E 38/200] Train 0.7942/0.8084  Val 0.5559/0.8590  (9.9s)
  [F3 E 39/200] Train 0.9803/0.7659  Val 0.5352/0.8630  (9.8s)
  [F3 E 40/200] Train 0.9174/0.7767  Val 0.5183/0.8680  (9.8s)
  [F3 E 41/200] Train 0.8655/0.7858  Val 0.4853/0.8745  (10.0s)
  [F3 E 42/200] Train 0.7995/0.8144  Val 0.4931/0.8690  (10.3s)
  [F3 E 43/200] Train 0.8976/0.7715  Val 0.4860/0.8735  (9.9s)
  [F3 E 44/200] Train 0.9267/0.7754  Val 0.5232/0.8760  (10.0s)
  [F3 E 45/200] Train 0.8521/0.7798  Val 0.4823/0.8785  (9.7s)
  [F3 E 46/200] Train 0.9212/0.7908  Val 0.4874/0.8740  (10.2s)
  [F3 E 47/200] Train 0.9759/0.7401  Val 0.5051/0.8705  (10.4s)
  [F3 E 48/200] Train 0.6899/0.8437  Val 0.4997/0.8700  (10.1s)
  [F3 E 49/200] Train 0.7618/0.8023  Val 0.5685/0.8560  (10.1s)
  [F3 E 50/200] Train 0.7551/0.8324  Val 0.4738/0.8825  (10.2s)
  [F3 E 51/200] Train 0.8969/0.7519  Val 0.4638/0.8810  (9.7s)
  [F3 E 52/200] Train 0.8698/0.8087  Val 0.4751/0.8750  (10.3s)
  [F3 E 53/200] Train 0.7931/0.7947  Val 0.4907/0.8765  (10.1s)
  [F3 E 54/200] Train 0.7511/0.8311  Val 0.4616/0.8865  (9.7s)
  [F3 E 55/200] Train 0.7343/0.8189  Val 0.4548/0.8890  (10.5s)
  [F3 E 56/200] Train 0.8276/0.7746  Val 0.4655/0.8830  (10.0s)
  [F3 E 57/200] Train 0.7071/0.8552  Val 0.4365/0.8950  (9.9s)
  [F3 E 58/200] Train 0.7173/0.8165  Val 0.4361/0.8895  (9.9s)
  [F3 E 59/200] Train 0.7424/0.7942  Val 0.4622/0.8765  (10.5s)
  [F3 E 60/200] Train 0.7272/0.8123  Val 0.4618/0.8860  (10.3s)
  [F3 E 61/200] Train 0.7045/0.8110  Val 0.4496/0.8815  (9.7s)
  [F3 E 62/200] Train 0.6750/0.8291  Val 0.4648/0.8845  (10.1s)
  [F3 E 63/200] Train 0.8248/0.8060  Val 0.4477/0.8910  (10.2s)
  [F3 E 64/200] Train 0.8396/0.7984  Val 0.4148/0.8955  (9.8s)
  [F3 E 65/200] Train 0.6744/0.8249  Val 0.5214/0.8660  (10.1s)
  [F3 E 66/200] Train 0.7278/0.8011  Val 0.4848/0.8850  (10.1s)
  [F3 E 67/200] Train 0.8504/0.7989  Val 0.4566/0.8880  (10.5s)
  [F3 E 68/200] Train 0.6705/0.8257  Val 0.4368/0.8850  (10.4s)
  [F3 E 69/200] Train 0.7960/0.8288  Val 0.4360/0.8830  (10.4s)
  [F3 E 70/200] Train 0.6411/0.8328  Val 0.4548/0.8825  (10.6s)
  [F3 E 71/200] Train 0.7519/0.8154  Val 0.4553/0.8875  (10.6s)
  [F3 E 72/200] Train 0.7153/0.8243  Val 0.4187/0.8940  (10.0s)
  [F3 E 73/200] Train 0.7309/0.8191  Val 0.4346/0.8915  (10.6s)
  [F3 E 74/200] Train 0.7658/0.8163  Val 0.4413/0.8950  (10.6s)
  [F3 E 75/200] Train 0.6725/0.8346  Val 0.4508/0.8900  (9.8s)
  [F3 E 76/200] Train 0.7302/0.7979  Val 0.4537/0.8895  (11.3s)
  [F3 E 77/200] Train 0.7444/0.8024  Val 0.4490/0.8900  (11.0s)
  [F3 E 78/200] Train 0.6670/0.8168  Val 0.3851/0.9040  (10.4s)
  [F3 E 79/200] Train 0.7944/0.8073  Val 0.4282/0.8945  (10.1s)
  [F3 E 80/200] Train 0.6955/0.8294  Val 0.4088/0.8975  (10.6s)
  [F3 E 81/200] Train 0.7427/0.8094  Val 0.4309/0.8970  (10.1s)
  [F3 E 82/200] Train 0.6406/0.8442  Val 0.4186/0.8960  (10.2s)
  [F3 E 83/200] Train 0.7039/0.8073  Val 0.4426/0.8945  (10.3s)
  [F3 E 84/200] Train 0.6417/0.8186  Val 0.4053/0.9015  (10.1s)
  [F3 E 85/200] Train 0.7031/0.8296  Val 0.4204/0.8975  (9.9s)
  [F3 E 86/200] Train 0.5977/0.8783  Val 0.4102/0.9020  (9.7s)
  [F3 E 87/200] Train 0.6516/0.8398  Val 0.4080/0.8965  (9.9s)
  [F3 E 88/200] Train 0.6375/0.8356  Val 0.3919/0.9065  (10.3s)
  [F3 E 89/200] Train 0.6128/0.8275  Val 0.3864/0.9045  (10.1s)
  [F3 E 90/200] Train 0.5054/0.8955  Val 0.4006/0.9020  (10.1s)
  [F3 E 91/200] Train 0.6500/0.8201  Val 0.4222/0.9000  (10.1s)
  [F3 E 92/200] Train 0.6280/0.8471  Val 0.4067/0.9080  (10.1s)
  [F3 E 93/200] Train 0.6639/0.8299  Val 0.4374/0.8920  (9.8s)
  [F3 E 94/200] Train 0.6494/0.8314  Val 0.4233/0.9020  (10.3s)
  [F3 E 95/200] Train 0.5813/0.8523  Val 0.4290/0.9005  (10.2s)
  [F3 E 96/200] Train 0.6468/0.8212  Val 0.4218/0.8975  (10.0s)
  [F3 E 97/200] Train 0.7355/0.8409  Val 0.4111/0.9035  (9.9s)
  [F3 E 98/200] Train 0.6371/0.8374  Val 0.4190/0.8980  (10.4s)
  [F3 E 99/200] Train 0.6346/0.8340  Val 0.3961/0.8995  (10.3s)
  [F3 E100/200] Train 0.6043/0.8495  Val 0.3918/0.9010  (10.7s)
  [F3 E101/200] Train 0.6930/0.8084  Val 0.3779/0.9070  (10.6s)
  [F3 E102/200] Train 0.5898/0.8469  Val 0.3993/0.9025  (9.8s)
  [F3 E103/200] Train 0.6391/0.8301  Val 0.3997/0.9015  (9.8s)
  [F3 E104/200] Train 0.6241/0.8181  Val 0.4180/0.8985  (10.1s)
  [F3 E105/200] Train 0.6322/0.8230  Val 0.4396/0.8915  (10.0s)
  [F3 E106/200] Train 0.6575/0.8299  Val 0.4076/0.9020  (10.4s)
  [F3 E107/200] Train 0.6339/0.8217  Val 0.4171/0.9030  (11.0s)
  [F3 E108/200] Train 0.5759/0.8364  Val 0.4197/0.9065  (10.6s)
  [F3 E109/200] Train 0.5530/0.8540  Val 0.4007/0.9080  (10.4s)
  [F3 E110/200] Train 0.6110/0.8461  Val 0.4418/0.8995  (10.5s)
  [F3 E111/200] Train 0.5926/0.8722  Val 0.4034/0.9055  (10.5s)
  [F3 E112/200] Train 0.5400/0.8605  Val 0.3990/0.9000  (10.0s)
  [F3 E113/200] Train 0.6036/0.8468  Val 0.4013/0.9080  (9.6s)
  [F3 E114/200] Train 0.6297/0.8273  Val 0.4034/0.9095  (10.2s)
  [F3 E115/200] Train 0.5505/0.8432  Val 0.4192/0.9045  (9.9s)
  [F3 E116/200] Train 0.5457/0.8398  Val 0.4066/0.9100  (10.0s)
  [F3 E117/200] Train 0.7089/0.8214  Val 0.4020/0.9060  (10.7s)
  [F3 E118/200] Train 0.5820/0.8595  Val 0.4039/0.9010  (10.7s)
  [F3 E119/200] Train 0.5850/0.8503  Val 0.4191/0.9015  (10.1s)
  [F3 E120/200] Train 0.5670/0.8657  Val 0.3988/0.9085  (9.9s)
  [F3 E121/200] Train 0.6390/0.8362  Val 0.4043/0.9060  (10.0s)
  [F3 E122/200] Train 0.5469/0.8880  Val 0.4340/0.8965  (10.1s)
  [F3 E123/200] Train 0.5086/0.8751  Val 0.4078/0.9065  (9.9s)
  [F3 E124/200] Train 0.5629/0.8626  Val 0.4028/0.9030  (10.0s)
  [F3 E125/200] Train 0.5080/0.8620  Val 0.3951/0.9065  (10.3s)
  [F3 E126/200] Train 0.5802/0.8220  Val 0.3967/0.9085  (10.3s)
  [F3 E127/200] Train 0.5226/0.8672  Val 0.3910/0.9105  (10.5s)
  [F3 E128/200] Train 0.5609/0.8464  Val 0.3849/0.9075  (10.3s)
  [F3 E129/200] Train 0.5628/0.8269  Val 0.3880/0.9030  (10.3s)
  [F3 E130/200] Train 0.5881/0.8612  Val 0.3813/0.9085  (11.1s)
  [F3 E131/200] Train 0.5187/0.8623  Val 0.3806/0.9055  (11.6s)
  [F3 E132/200] Train 0.4644/0.8887  Val 0.3783/0.9095  (11.3s)
  [F3 E133/200] Train 0.4963/0.8343  Val 0.3847/0.9070  (10.9s)
  [F3 E134/200] Train 0.5908/0.8338  Val 0.3747/0.9060  (11.5s)
  [F3 E135/200] Train 0.5791/0.8403  Val 0.3827/0.9060  (12.0s)
  [F3 E136/200] Train 0.5286/0.8427  Val 0.3817/0.9115  (12.2s)
  [F3 E137/200] Train 0.4573/0.8880  Val 0.3886/0.9100  (11.6s)
  [F3 E138/200] Train 0.4844/0.8528  Val 0.3983/0.9070  (11.8s)
  [F3 E139/200] Train 0.6580/0.8139  Val 0.3926/0.9055  (11.6s)
  [F3 E140/200] Train 0.4631/0.8545  Val 0.3931/0.9090  (11.7s)
  [F3 E141/200] Train 0.4918/0.8626  Val 0.3798/0.9130  (11.3s)
  [F3 E142/200] Train 0.5430/0.8583  Val 0.3723/0.9125  (12.1s)
  [F3 E143/200] Train 0.5504/0.8437  Val 0.3818/0.9100  (12.0s)
  [F3 E144/200] Train 0.6122/0.8152  Val 0.3893/0.9060  (11.9s)
  [F3 E145/200] Train 0.5284/0.8328  Val 0.4065/0.9085  (12.3s)
  [F3 E146/200] Train 0.5589/0.8516  Val 0.3789/0.9105  (12.2s)
  [F3 E147/200] Train 0.5521/0.8568  Val 0.3751/0.9090  (11.8s)
  [F3 E148/200] Train 0.5880/0.8388  Val 0.3886/0.9100  (11.8s)
  [F3 E149/200] Train 0.4815/0.8476  Val 0.3968/0.9030  (12.5s)
  [F3 E150/200] Train 0.4801/0.8746  Val 0.3802/0.9095  (12.0s)
  [F3 E151/200] Train 0.4862/0.8879  Val 0.3841/0.9095  (12.1s)
  [F3 E152/200] Train 0.5406/0.8529  Val 0.3699/0.9130  (12.1s)
  [F3 E153/200] Train 0.5693/0.8426  Val 0.3717/0.9130  (12.2s)
  [F3 E154/200] Train 0.5157/0.8663  Val 0.3796/0.9145  (12.3s)
  [F3 E155/200] Train 0.5304/0.8348  Val 0.3895/0.9090  (12.0s)
  [F3 E156/200] Train 0.5545/0.8547  Val 0.3751/0.9110  (12.3s)
  [F3 E157/200] Train 0.5680/0.8417  Val 0.3782/0.9060  (12.1s)
  [F3 E158/200] Train 0.4853/0.8448  Val 0.3807/0.9075  (12.2s)
  [F3 E159/200] Train 0.5582/0.8545  Val 0.3696/0.9115  (11.6s)
  [F3 E160/200] Train 0.6168/0.8146  Val 0.3649/0.9140  (12.2s)
  [F3 E161/200] Train 0.5545/0.8366  Val 0.3784/0.9105  (12.2s)
  [F3 E162/200] Train 0.5249/0.8351  Val 0.3707/0.9085  (12.2s)
  [F3 E163/200] Train 0.5800/0.8338  Val 0.3786/0.9095  (12.0s)
  [F3 E164/200] Train 0.4816/0.8644  Val 0.3692/0.9090  (13.0s)
  [F3 E165/200] Train 0.5015/0.8545  Val 0.3678/0.9085  (13.2s)
  [F3 E166/200] Train 0.5551/0.8299  Val 0.3747/0.9070  (12.8s)
  [F3 E167/200] Train 0.4709/0.8581  Val 0.3714/0.9110  (11.9s)
  [F3 E168/200] Train 0.4947/0.8330  Val 0.3618/0.9110  (11.7s)
  [F3 E169/200] Train 0.5102/0.8610  Val 0.3750/0.9110  (11.9s)
  [F3 E170/200] Train 0.5667/0.8617  Val 0.3627/0.9140  (12.2s)
  [F3 E171/200] Train 0.3860/0.8896  Val 0.3956/0.9125  (11.3s)
  [F3 E172/200] Train 0.5029/0.8518  Val 0.3557/0.9130  (11.7s)
  [F3 E173/200] Train 0.4961/0.8492  Val 0.3615/0.9105  (12.1s)
  [F3 E174/200] Train 0.4412/0.8723  Val 0.3706/0.9140  (12.0s)
  [F3 E175/200] Train 0.5558/0.8286  Val 0.3551/0.9170  (12.2s)
  [F3 E176/200] Train 0.5434/0.8542  Val 0.3633/0.9120  (11.9s)
  [F3 E177/200] Train 0.4839/0.8618  Val 0.3706/0.9140  (12.7s)
  [F3 E178/200] Train 0.4707/0.8628  Val 0.3671/0.9135  (11.9s)
  [F3 E179/200] Train 0.5519/0.8345  Val 0.3607/0.9130  (12.2s)
  [F3 E180/200] Train 0.5349/0.8550  Val 0.3563/0.9130  (11.9s)
  [F3 E181/200] Train 0.4887/0.8827  Val 0.3632/0.9140  (11.9s)
  [F3 E182/200] Train 0.4833/0.8476  Val 0.3638/0.9130  (12.4s)
  [F3 E183/200] Train 0.5158/0.8304  Val 0.3634/0.9140  (11.7s)
  [F3 E184/200] Train 0.4621/0.8801  Val 0.3732/0.9155  (12.3s)
  [F3 E185/200] Train 0.5439/0.8303  Val 0.3583/0.9100  (12.0s)
  [F3 E186/200] Train 0.5325/0.8383  Val 0.3692/0.9085  (11.6s)
  [F3 E187/200] Train 0.5738/0.8521  Val 0.3583/0.9125  (12.2s)
  [F3 E188/200] Train 0.4417/0.8777  Val 0.3607/0.9120  (11.9s)
  [F3 E189/200] Train 0.5243/0.8539  Val 0.3635/0.9120  (12.2s)
  [F3 E190/200] Train 0.4742/0.8780  Val 0.3594/0.9120  (12.1s)
  [F3 E191/200] Train 0.5174/0.8650  Val 0.3666/0.9125  (11.7s)
  [F3 E192/200] Train 0.5020/0.8487  Val 0.3629/0.9125  (12.2s)
  [F3 E193/200] Train 0.4845/0.8583  Val 0.3648/0.9115  (12.3s)
  [F3 E194/200] Train 0.4935/0.8578  Val 0.3725/0.9100  (13.0s)
  [F3 E195/200] Train 0.4981/0.8672  Val 0.3690/0.9130  (12.2s)
  [F3 E196/200] Train 0.4617/0.8683  Val 0.3719/0.9100  (12.1s)
  [F3 E197/200] Train 0.5752/0.8330  Val 0.3572/0.9125  (12.1s)
  [F3 E198/200] Train 0.4759/0.8696  Val 0.3620/0.9140  (12.2s)
  [F3 E199/200] Train 0.5146/0.8639  Val 0.3577/0.9110  (12.5s)
  [F3 E200/200] Train 0.5141/0.8663  Val 0.3632/0.9115  (12.5s)
  Fold 3 done — best val acc: 0.9170  (36m 20s)

============================================================
  Fold 4/4
============================================================
  Train: 6180, Val: 2000, Test: 2000
  resnet34_dropout(p=0.5) + CHANNEL  injected=9 modules
  [F4 E  1/200] Train 4.1252/0.0744  Val 3.8406/0.0955  (10.6s)
  [F4 E  2/200] Train 3.9257/0.0927  Val 3.6656/0.1300  (9.5s)
  [F4 E  3/200] Train 3.8450/0.0997  Val 3.5672/0.1435  (9.9s)
  [F4 E  4/200] Train 3.7691/0.1138  Val 3.4956/0.1410  (9.4s)
  [F4 E  5/200] Train 3.7063/0.1181  Val 3.3851/0.1620  (9.5s)
  [Epoch 6] Backbone unfreeze (lr=1e-04)
  [F4 E  6/200] Train 3.0092/0.2249  Val 1.9365/0.4270  (11.3s)
  [F4 E  7/200] Train 2.3195/0.3675  Val 1.3975/0.5895  (11.1s)
  [F4 E  8/200] Train 1.9367/0.4927  Val 1.1477/0.6475  (11.3s)
  [F4 E  9/200] Train 1.7743/0.5393  Val 0.9453/0.7295  (11.4s)
  [F4 E 10/200] Train 1.6251/0.5629  Val 0.8035/0.7720  (11.6s)
  [F4 E 11/200] Train 1.4684/0.6209  Val 0.7974/0.7605  (12.0s)
  [F4 E 12/200] Train 1.4100/0.6362  Val 0.7901/0.7725  (11.8s)
  [F4 E 13/200] Train 1.4122/0.6549  Val 0.7103/0.7940  (11.5s)
  [F4 E 14/200] Train 1.3358/0.6605  Val 0.6793/0.8090  (11.6s)
  [F4 E 15/200] Train 1.2666/0.6895  Val 0.6435/0.8040  (12.1s)
  [F4 E 16/200] Train 1.2680/0.6837  Val 0.6251/0.8210  (11.4s)
  [F4 E 17/200] Train 1.2353/0.6853  Val 0.6037/0.8300  (11.7s)
  [F4 E 18/200] Train 1.1609/0.7113  Val 0.5883/0.8375  (12.2s)
  [F4 E 19/200] Train 1.0570/0.7587  Val 0.5872/0.8395  (12.4s)
  [F4 E 20/200] Train 1.0700/0.7282  Val 0.5231/0.8545  (11.9s)
  [F4 E 21/200] Train 1.0624/0.7351  Val 0.5258/0.8470  (11.9s)
  [F4 E 22/200] Train 1.0840/0.7189  Val 0.5085/0.8610  (13.3s)
  [F4 E 23/200] Train 0.9073/0.7916  Val 0.5527/0.8520  (12.5s)
  [F4 E 24/200] Train 1.0832/0.7170  Val 0.5782/0.8560  (12.3s)
  [F4 E 25/200] Train 1.0189/0.7396  Val 0.5608/0.8405  (11.8s)
  [F4 E 26/200] Train 0.9133/0.7667  Val 0.5475/0.8580  (12.6s)
  [F4 E 27/200] Train 0.9562/0.7874  Val 0.5447/0.8605  (12.9s)
  [F4 E 28/200] Train 0.8123/0.7968  Val 0.4840/0.8675  (11.8s)
  [F4 E 29/200] Train 1.0151/0.7670  Val 0.5066/0.8725  (12.4s)
  [F4 E 30/200] Train 0.8850/0.7916  Val 0.5723/0.8515  (12.3s)
  [F4 E 31/200] Train 0.8723/0.7953  Val 0.4958/0.8705  (12.3s)
  [F4 E 32/200] Train 0.9501/0.7764  Val 0.5008/0.8700  (11.7s)
  [F4 E 33/200] Train 0.9527/0.7647  Val 0.4701/0.8790  (12.9s)
  [F4 E 34/200] Train 0.8714/0.7820  Val 0.5032/0.8615  (12.4s)
  [F4 E 35/200] Train 0.9106/0.7832  Val 0.4779/0.8790  (12.6s)
  [F4 E 36/200] Train 0.8788/0.7715  Val 0.4963/0.8760  (12.7s)
  [F4 E 37/200] Train 0.9686/0.7814  Val 0.5365/0.8650  (12.2s)
  [F4 E 38/200] Train 0.9559/0.7820  Val 0.5149/0.8690  (12.2s)
  [F4 E 39/200] Train 0.8504/0.8099  Val 0.5077/0.8740  (12.0s)
  [F4 E 40/200] Train 0.9078/0.8029  Val 0.4893/0.8790  (12.2s)
  [F4 E 41/200] Train 1.0117/0.7479  Val 0.4776/0.8780  (11.9s)
  [F4 E 42/200] Train 0.9044/0.7683  Val 0.4683/0.8795  (12.0s)
  [F4 E 43/200] Train 0.9635/0.7812  Val 0.4869/0.8720  (12.1s)
  [F4 E 44/200] Train 0.7868/0.8141  Val 0.4835/0.8795  (12.8s)
  [F4 E 45/200] Train 0.8285/0.7989  Val 0.5036/0.8675  (12.1s)
  [F4 E 46/200] Train 0.7986/0.8107  Val 0.5076/0.8680  (13.0s)
  [F4 E 47/200] Train 0.8419/0.7969  Val 0.4507/0.8880  (12.7s)
  [F4 E 48/200] Train 0.7713/0.8105  Val 0.4644/0.8825  (12.2s)
  [F4 E 49/200] Train 0.8813/0.7909  Val 0.4739/0.8810  (11.9s)
  [F4 E 50/200] Train 0.8655/0.7782  Val 0.4685/0.8765  (11.7s)
  [F4 E 51/200] Train 0.8097/0.8084  Val 0.4769/0.8830  (11.6s)
  [F4 E 52/200] Train 0.7944/0.8024  Val 0.4494/0.8895  (12.3s)
  [F4 E 53/200] Train 0.7736/0.8202  Val 0.4747/0.8830  (11.9s)
  [F4 E 54/200] Train 0.8117/0.7893  Val 0.4579/0.8850  (11.8s)
  [F4 E 55/200] Train 0.7418/0.8005  Val 0.4839/0.8775  (12.9s)
  [F4 E 56/200] Train 0.7289/0.8298  Val 0.4415/0.8890  (12.0s)
  [F4 E 57/200] Train 0.7775/0.8115  Val 0.4500/0.8810  (12.5s)
  [F4 E 58/200] Train 0.6697/0.8437  Val 0.4838/0.8780  (14.0s)
  [F4 E 59/200] Train 0.8579/0.7837  Val 0.4678/0.8885  (12.7s)
  [F4 E 60/200] Train 0.7441/0.8133  Val 0.4583/0.8840  (11.7s)
  [F4 E 61/200] Train 0.8349/0.7850  Val 0.4955/0.8700  (11.2s)
  [F4 E 62/200] Train 0.8738/0.7722  Val 0.4784/0.8820  (11.4s)
  [F4 E 63/200] Train 0.7653/0.8367  Val 0.5815/0.8605  (11.3s)
  [F4 E 64/200] Train 0.7531/0.8006  Val 0.4528/0.8910  (11.5s)
  [F4 E 65/200] Train 0.7994/0.7751  Val 0.4959/0.8855  (10.9s)
  [F4 E 66/200] Train 0.7212/0.7945  Val 0.4883/0.8810  (11.0s)
  [F4 E 67/200] Train 0.5979/0.8549  Val 0.4972/0.8850  (10.9s)
  [F4 E 68/200] Train 0.8089/0.7979  Val 0.4681/0.8850  (11.4s)
  [F4 E 69/200] Train 0.7154/0.8278  Val 0.4761/0.8925  (11.3s)
  [F4 E 70/200] Train 0.7802/0.8005  Val 0.5033/0.8800  (11.1s)
  [F4 E 71/200] Train 0.5802/0.8689  Val 0.4580/0.8865  (11.1s)
  [F4 E 72/200] Train 0.6813/0.8218  Val 0.4688/0.8860  (11.1s)
  [F4 E 73/200] Train 0.7181/0.8291  Val 0.4772/0.8815  (11.1s)
  [F4 E 74/200] Train 0.7892/0.7968  Val 0.4466/0.8935  (11.7s)
  [F4 E 75/200] Train 0.7298/0.8189  Val 0.4269/0.8960  (10.9s)
  [F4 E 76/200] Train 0.5582/0.8549  Val 0.4403/0.8925  (11.0s)
  [F4 E 77/200] Train 0.7462/0.8272  Val 0.4548/0.8895  (11.0s)
  [F4 E 78/200] Train 0.6541/0.8227  Val 0.4342/0.8985  (11.3s)
  [F4 E 79/200] Train 0.6379/0.8333  Val 0.4840/0.8845  (11.4s)
  [F4 E 80/200] Train 0.6532/0.8314  Val 0.4579/0.8945  (11.7s)
  [F4 E 81/200] Train 0.7628/0.7824  Val 0.4507/0.8905  (11.5s)
  [F4 E 82/200] Train 0.6656/0.8319  Val 0.4362/0.8960  (11.5s)
  [F4 E 83/200] Train 0.5956/0.8568  Val 0.4319/0.8905  (10.9s)
  [F4 E 84/200] Train 0.5496/0.8608  Val 0.4421/0.8975  (11.2s)
  [F4 E 85/200] Train 0.5240/0.8456  Val 0.4204/0.8935  (12.2s)
  [F4 E 86/200] Train 0.6265/0.8222  Val 0.4995/0.8765  (11.6s)
  [F4 E 87/200] Train 0.6312/0.8215  Val 0.4266/0.8950  (11.9s)
  [F4 E 88/200] Train 0.5946/0.8652  Val 0.4468/0.8935  (11.3s)
  [F4 E 89/200] Train 0.5930/0.8485  Val 0.4239/0.8995  (11.3s)
  [F4 E 90/200] Train 0.5427/0.8739  Val 0.4107/0.9010  (11.3s)
  [F4 E 91/200] Train 0.7337/0.8186  Val 0.4282/0.8990  (11.3s)
  [F4 E 92/200] Train 0.6553/0.8126  Val 0.4241/0.9000  (11.4s)
  [F4 E 93/200] Train 0.7504/0.7917  Val 0.4561/0.8940  (11.1s)
  [F4 E 94/200] Train 0.6299/0.8327  Val 0.4214/0.8965  (11.4s)
  [F4 E 95/200] Train 0.6045/0.8523  Val 0.4152/0.9000  (11.2s)
  [F4 E 96/200] Train 0.6586/0.8184  Val 0.4435/0.8880  (11.7s)
  [F4 E 97/200] Train 0.5608/0.8503  Val 0.4505/0.8920  (12.3s)
  [F4 E 98/200] Train 0.6884/0.8066  Val 0.4435/0.8935  (11.4s)
  [F4 E 99/200] Train 0.5329/0.8492  Val 0.4335/0.8980  (11.4s)
  [F4 E100/200] Train 0.6859/0.8154  Val 0.4088/0.8950  (11.7s)
  [F4 E101/200] Train 0.6351/0.8416  Val 0.4363/0.8950  (11.4s)
  [F4 E102/200] Train 0.7128/0.8209  Val 0.4164/0.8990  (11.0s)
  [F4 E103/200] Train 0.6460/0.8231  Val 0.4085/0.8995  (12.1s)
  [F4 E104/200] Train 0.6135/0.8163  Val 0.4090/0.9010  (11.0s)
  [F4 E105/200] Train 0.5642/0.8549  Val 0.3972/0.9020  (11.1s)
  [F4 E106/200] Train 0.6394/0.8286  Val 0.4065/0.9020  (11.6s)
  [F4 E107/200] Train 0.6661/0.8328  Val 0.3879/0.9055  (10.8s)
  [F4 E108/200] Train 0.5545/0.8430  Val 0.4063/0.8995  (11.7s)
  [F4 E109/200] Train 0.6369/0.8414  Val 0.4100/0.9010  (11.1s)
  [F4 E110/200] Train 0.5922/0.8644  Val 0.4145/0.8985  (11.9s)
  [F4 E111/200] Train 0.6316/0.8121  Val 0.4086/0.9040  (11.7s)
  [F4 E112/200] Train 0.6009/0.8270  Val 0.4028/0.8980  (11.2s)
  [F4 E113/200] Train 0.5328/0.8524  Val 0.4084/0.9040  (12.2s)
  [F4 E114/200] Train 0.5363/0.8688  Val 0.4240/0.8965  (12.0s)
  [F4 E115/200] Train 0.5870/0.8532  Val 0.4190/0.9035  (12.0s)
  [F4 E116/200] Train 0.5867/0.8432  Val 0.4205/0.8960  (11.9s)
  [F4 E117/200] Train 0.4872/0.8411  Val 0.3955/0.9020  (11.4s)
  [F4 E118/200] Train 0.6341/0.8149  Val 0.4064/0.9050  (11.4s)
  [F4 E119/200] Train 0.5690/0.8578  Val 0.4163/0.9030  (12.5s)
  [F4 E120/200] Train 0.5872/0.8540  Val 0.3982/0.9050  (11.7s)
  [F4 E121/200] Train 0.5690/0.8330  Val 0.4196/0.9040  (11.8s)
  [F4 E122/200] Train 0.5875/0.8502  Val 0.4061/0.9030  (11.8s)
  [F4 E123/200] Train 0.5110/0.8485  Val 0.3950/0.9070  (11.6s)
  [F4 E124/200] Train 0.5389/0.8576  Val 0.3893/0.9045  (12.1s)
  [F4 E125/200] Train 0.5936/0.8461  Val 0.4255/0.8980  (11.9s)
  [F4 E126/200] Train 0.6265/0.8482  Val 0.3987/0.9025  (12.2s)
  [F4 E127/200] Train 0.5193/0.8636  Val 0.4125/0.9015  (12.1s)
  [F4 E128/200] Train 0.5814/0.8366  Val 0.3988/0.9020  (12.2s)
  [F4 E129/200] Train 0.5306/0.8576  Val 0.3925/0.9030  (11.7s)
  [F4 E130/200] Train 0.4939/0.8694  Val 0.4053/0.9025  (12.0s)
  [F4 E131/200] Train 0.6258/0.8566  Val 0.4122/0.8985  (12.6s)
  [F4 E132/200] Train 0.4915/0.8686  Val 0.4150/0.9020  (12.0s)
  [F4 E133/200] Train 0.4654/0.8812  Val 0.4291/0.9010  (11.8s)
  [F4 E134/200] Train 0.6307/0.8206  Val 0.3884/0.9060  (11.9s)
  [F4 E135/200] Train 0.5983/0.8366  Val 0.4063/0.9060  (12.4s)
  [F4 E136/200] Train 0.5421/0.8537  Val 0.4010/0.9010  (15.2s)
  [F4 E137/200] Train 0.6165/0.8189  Val 0.3910/0.9020  (14.4s)
  [F4 E138/200] Train 0.5728/0.8523  Val 0.3945/0.9050  (14.5s)
  [F4 E139/200] Train 0.5376/0.8696  Val 0.4035/0.9030  (12.7s)
  [F4 E140/200] Train 0.5411/0.8275  Val 0.4076/0.8990  (12.3s)
  [F4 E141/200] Train 0.4796/0.8652  Val 0.4013/0.8995  (12.3s)
  [F4 E142/200] Train 0.4850/0.8574  Val 0.4147/0.9005  (12.2s)
  [F4 E143/200] Train 0.5398/0.8591  Val 0.3849/0.9060  (12.6s)
  [F4 E144/200] Train 0.6019/0.8231  Val 0.4028/0.9035  (12.5s)
  [F4 E145/200] Train 0.6164/0.8409  Val 0.4010/0.9025  (12.7s)
  [F4 E146/200] Train 0.5754/0.8398  Val 0.4022/0.9100  (12.4s)
  [F4 E147/200] Train 0.4890/0.8350  Val 0.4146/0.9075  (13.7s)
  [F4 E148/200] Train 0.6015/0.7948  Val 0.3960/0.9095  (14.8s)
  [F4 E149/200] Train 0.4431/0.8542  Val 0.3967/0.9085  (15.1s)
  [F4 E150/200] Train 0.4721/0.8568  Val 0.3954/0.9090  (14.4s)
  [F4 E151/200] Train 0.5142/0.8631  Val 0.4061/0.9080  (13.2s)
  [F4 E152/200] Train 0.4855/0.8498  Val 0.4064/0.9080  (12.1s)
  [F4 E153/200] Train 0.5297/0.8676  Val 0.4010/0.9025  (12.9s)
  [F4 E154/200] Train 0.5757/0.8442  Val 0.3941/0.9060  (13.4s)
  [F4 E155/200] Train 0.4729/0.8720  Val 0.3968/0.9050  (12.2s)
  [F4 E156/200] Train 0.5799/0.8304  Val 0.3988/0.9055  (12.4s)
  [F4 E157/200] Train 0.4071/0.8835  Val 0.3978/0.9075  (12.9s)
  [F4 E158/200] Train 0.4673/0.8717  Val 0.3901/0.9055  (13.3s)
  [F4 E159/200] Train 0.5050/0.8320  Val 0.3773/0.9095  (14.1s)
  [F4 E160/200] Train 0.5488/0.8371  Val 0.3979/0.9095  (14.7s)
  [F4 E161/200] Train 0.5474/0.8617  Val 0.4080/0.9080  (14.6s)
  [F4 E162/200] Train 0.4483/0.8752  Val 0.4101/0.9065  (12.3s)
  [F4 E163/200] Train 0.5118/0.8262  Val 0.3851/0.9110  (13.2s)
  [F4 E164/200] Train 0.5258/0.8395  Val 0.3963/0.9055  (13.1s)
  [F4 E165/200] Train 0.5102/0.8701  Val 0.3887/0.9060  (13.0s)
  [F4 E166/200] Train 0.4076/0.8906  Val 0.4120/0.9070  (12.8s)
  [F4 E167/200] Train 0.5294/0.8735  Val 0.3918/0.9040  (13.1s)
  [F4 E168/200] Train 0.5353/0.8706  Val 0.3906/0.9060  (13.1s)
  [F4 E169/200] Train 0.4588/0.8702  Val 0.4119/0.9070  (13.8s)
  [F4 E170/200] Train 0.4872/0.8523  Val 0.3946/0.9090  (15.0s)
  [F4 E171/200] Train 0.4979/0.8762  Val 0.4007/0.9080  (15.1s)
  [F4 E172/200] Train 0.4687/0.8825  Val 0.3793/0.9105  (14.6s)
  [F4 E173/200] Train 0.5226/0.8557  Val 0.4006/0.9095  (12.4s)
  [F4 E174/200] Train 0.5403/0.8411  Val 0.3894/0.9065  (12.6s)
  [F4 E175/200] Train 0.5220/0.8396  Val 0.4077/0.9060  (12.6s)
  [F4 E176/200] Train 0.4664/0.8657  Val 0.3967/0.9100  (12.0s)
  [F4 E177/200] Train 0.5677/0.8411  Val 0.3932/0.9090  (12.7s)
  [F4 E178/200] Train 0.5162/0.8642  Val 0.3782/0.9085  (12.8s)
  [F4 E179/200] Train 0.5446/0.8549  Val 0.3755/0.9110  (12.6s)
  [F4 E180/200] Train 0.5450/0.8445  Val 0.4051/0.9095  (14.2s)
  [F4 E181/200] Train 0.5336/0.8617  Val 0.3986/0.9090  (14.6s)
  [F4 E182/200] Train 0.5241/0.8383  Val 0.4090/0.9110  (14.5s)
  [F4 E183/200] Train 0.5851/0.8003  Val 0.3956/0.9100  (14.4s)
  [F4 E184/200] Train 0.4997/0.8502  Val 0.3910/0.9085  (12.3s)
  [F4 E185/200] Train 0.4572/0.8511  Val 0.4140/0.9085  (12.1s)
  [F4 E186/200] Train 0.4727/0.8607  Val 0.3910/0.9100  (12.9s)
  [F4 E187/200] Train 0.4903/0.8576  Val 0.4156/0.9085  (12.5s)
  [F4 E188/200] Train 0.4850/0.8620  Val 0.3921/0.9100  (12.2s)
  [F4 E189/200] Train 0.4823/0.8549  Val 0.3893/0.9055  (12.6s)
  [F4 E190/200] Train 0.5849/0.8238  Val 0.3842/0.9090  (12.6s)
  [F4 E191/200] Train 0.5295/0.8574  Val 0.3904/0.9080  (12.5s)
  [F4 E192/200] Train 0.4943/0.8790  Val 0.3935/0.9090  (14.0s)
  [F4 E193/200] Train 0.4290/0.8861  Val 0.4076/0.9095  (14.5s)
  [F4 E194/200] Train 0.5988/0.8451  Val 0.3872/0.9070  (14.4s)
  [F4 E195/200] Train 0.4298/0.8827  Val 0.3836/0.9115  (12.5s)
  [F4 E196/200] Train 0.4764/0.8437  Val 0.3898/0.9085  (12.1s)
  [F4 E197/200] Train 0.4880/0.8650  Val 0.3816/0.9090  (12.4s)
  [F4 E198/200] Train 0.4734/0.8709  Val 0.4123/0.9090  (12.2s)
  [F4 E199/200] Train 0.4731/0.8733  Val 0.4096/0.9070  (11.9s)
  [F4 E200/200] Train 0.4268/0.9045  Val 0.3890/0.9055  (12.6s)
  Fold 4 done — best val acc: 0.9115  (40m 46s)

============================================================
  Ensemble — Weighted Soft Voting
  Fold val accs: ['0.9240', '0.9190', '0.9170', '0.9115']
  Weights      : ['0.2517', '0.2503', '0.2498', '0.2483']
============================================================
  resnet34_dropout(p=0.5) + CHANNEL  injected=9 modules
  resnet34_dropout(p=0.5) + CHANNEL  injected=9 modules
  resnet34_dropout(p=0.5) + CHANNEL  injected=9 modules
  resnet34_dropout(p=0.5) + CHANNEL  injected=9 modules
Ensemble Test Acc : 0.9330
Class-Norm Acc    : 0.9237
History → /home/work/AIPJ/EF2039_Introduction_to_AI_Programming_Project_1/best_model/200epochs/history_resnet34d_channel_tuning_family_lr0.001_optadamw_wd0.005_rot15_cm0.5.csv
Curve → /home/work/AIPJ/EF2039_Introduction_to_AI_Programming_Project_1/best_model/200epochs/curve_resnet34d_channel_tuning_family_lr0.001_optadamw_wd0.005_rot15_cm0.5.png
Confusion → /home/work/AIPJ/EF2039_Introduction_to_AI_Programming_Project_1/best_model/200epochs/confusion_resnet34d_channel_tuning_family_lr0.001_optadamw_wd0.005_rot15_cm0.5.png
Class-wise → /home/work/AIPJ/EF2039_Introduction_to_AI_Programming_Project_1/best_model/200epochs/classwise_resnet34d_channel_tuning_family_lr0.001_optadamw_wd0.005_rot15_cm0.5.csv
Predictions → /home/work/AIPJ/EF2039_Introduction_to_AI_Programming_Project_1/best_model/200epochs/predictions_resnet34d_channel_tuning_family_lr0.001_optadamw_wd0.005_rot15_cm0.5.csv
Results → /home/work/AIPJ/EF2039_Introduction_to_AI_Programming_Project_1/best_model/200epochs/results_all.csv
