===== Input Arguments =====
  model         : cnn
  attn          : none
  tuning        : False
  folds         : 4
  epochs        : 30
  batch_size    : 32
  lr            : 0.001
  optimizer     : adam
  weight_decay  : 0.0001
  label         : family
  crop_bbox     : False
  seed          : 42
  save_csv      : results_all.csv
  outdir        : /home/work/AIPJ/EF2039_Introduction_to_AI_Programming_Project_1
===========================
Device: cuda
Label: family  |  Classes: 70
Mode: Vanilla  |  Original: 10000, Added(train-only): 0
Test set isolated: 2000 samples (20%, seed=42)
Train+Val pool   : 8000 samples → 4-fold CV

============================================================
  Fold 1/4
============================================================
  Train: 6000, Val: 2000, Test: 2000
  SimpleCNN  params=2,522,950
  [F1 E  1/30] Train 4.1667/0.0663  Val 3.9812/0.0805  (28.3s)
  [F1 E  2/30] Train 3.9830/0.0813  Val 3.8450/0.1035  (28.0s)
  [F1 E  3/30] Train 3.8059/0.0950  Val 3.7280/0.1025  (28.6s)
  [F1 E  4/30] Train 3.6902/0.1073  Val 3.5919/0.1285  (27.7s)
  [F1 E  5/30] Train 3.6164/0.1185  Val 3.4571/0.1280  (27.7s)
  [F1 E  6/30] Train 3.5099/0.1178  Val 3.5837/0.1045  (27.8s)
  [F1 E  7/30] Train 3.4271/0.1280  Val 3.5410/0.1180  (27.8s)
  [F1 E  8/30] Train 3.3245/0.1378  Val 3.2152/0.1520  (27.2s)
  [F1 E  9/30] Train 3.2371/0.1537  Val 3.0572/0.1625  (28.4s)
  [F1 E 10/30] Train 3.1893/0.1442  Val 3.0582/0.1585  (27.8s)
  [F1 E 11/30] Train 3.1494/0.1540  Val 2.9886/0.1605  (28.3s)
  [F1 E 12/30] Train 3.1132/0.1557  Val 3.0715/0.1605  (27.9s)
  [F1 E 13/30] Train 3.0867/0.1612  Val 2.9330/0.1885  (28.1s)
  [F1 E 14/30] Train 3.0530/0.1608  Val 2.9440/0.1695  (28.3s)
  [F1 E 15/30] Train 3.0157/0.1685  Val 2.8069/0.1915  (28.1s)
  [F1 E 16/30] Train 2.9866/0.1755  Val 2.8089/0.1890  (28.2s)
  [F1 E 17/30] Train 2.9815/0.1792  Val 2.8957/0.1835  (27.8s)
  [F1 E 18/30] Train 2.9272/0.1800  Val 2.7418/0.2140  (28.0s)
  [F1 E 19/30] Train 2.9061/0.1785  Val 2.7562/0.1995  (28.4s)
  [F1 E 20/30] Train 2.8771/0.1843  Val 2.7207/0.2095  (28.2s)
  [F1 E 21/30] Train 2.8690/0.1897  Val 2.7227/0.1995  (27.4s)
  [F1 E 22/30] Train 2.8247/0.1975  Val 2.6969/0.2060  (28.3s)
  [F1 E 23/30] Train 2.8131/0.1983  Val 2.7985/0.1930  (27.8s)
  [F1 E 24/30] Train 2.7802/0.2115  Val 2.7012/0.2075  (27.7s)
  [F1 E 25/30] Train 2.7730/0.2098  Val 2.6407/0.2235  (28.0s)
  [F1 E 26/30] Train 2.7547/0.2117  Val 2.6174/0.2370  (27.6s)
  [F1 E 27/30] Train 2.7513/0.2147  Val 2.6115/0.2290  (28.0s)
  [F1 E 28/30] Train 2.7318/0.2133  Val 2.6196/0.2335  (28.4s)
  [F1 E 29/30] Train 2.7354/0.2120  Val 2.6168/0.2305  (28.1s)
  [F1 E 30/30] Train 2.7248/0.2108  Val 2.6144/0.2320  (28.2s)
  Fold 1 done — best val acc: 0.2370  (13m 60s)

============================================================
  Fold 2/4
============================================================
  Train: 6000, Val: 2000, Test: 2000
  SimpleCNN  params=2,522,950
  [F2 E  1/30] Train 4.1584/0.0643  Val 3.9750/0.0830  (28.2s)
  [F2 E  2/30] Train 4.0376/0.0767  Val 3.9170/0.0815  (28.1s)
  [F2 E  3/30] Train 3.9871/0.0802  Val 3.7793/0.0880  (27.5s)
  [F2 E  4/30] Train 3.8443/0.0878  Val 3.7249/0.1040  (28.5s)
  [F2 E  5/30] Train 3.7327/0.0973  Val 3.5613/0.1190  (27.5s)
  [F2 E  6/30] Train 3.6672/0.1005  Val 3.4721/0.1315  (28.5s)
  [F2 E  7/30] Train 3.5897/0.1103  Val 3.6675/0.1185  (27.9s)
  [F2 E  8/30] Train 3.5218/0.1157  Val 3.3393/0.1375  (27.6s)
  [F2 E  9/30] Train 3.4266/0.1222  Val 3.3624/0.1390  (27.3s)
  [F2 E 10/30] Train 3.3517/0.1288  Val 3.2548/0.1360  (28.1s)
  [F2 E 11/30] Train 3.3009/0.1342  Val 3.0805/0.1645  (27.8s)
  [F2 E 12/30] Train 3.2131/0.1482  Val 3.3623/0.1420  (27.5s)
  [F2 E 13/30] Train 3.1694/0.1547  Val 2.9412/0.1840  (27.9s)
  [F2 E 14/30] Train 3.0922/0.1587  Val 2.8995/0.2035  (27.1s)
  [F2 E 15/30] Train 3.0892/0.1660  Val 2.9224/0.1805  (27.8s)
  [F2 E 16/30] Train 3.0343/0.1657  Val 2.8632/0.1905  (27.3s)
  [F2 E 17/30] Train 2.9744/0.1707  Val 2.7509/0.2200  (27.8s)
  [F2 E 18/30] Train 2.9801/0.1705  Val 2.7681/0.2220  (27.7s)
  [F2 E 19/30] Train 2.9301/0.1825  Val 2.7572/0.2275  (27.1s)
  [F2 E 20/30] Train 2.8979/0.1857  Val 2.6919/0.2390  (27.8s)
  [F2 E 21/30] Train 2.8892/0.1862  Val 2.6779/0.2310  (28.0s)
  [F2 E 22/30] Train 2.8348/0.1940  Val 2.6472/0.2410  (28.0s)
  [F2 E 23/30] Train 2.8274/0.1935  Val 2.5934/0.2600  (27.7s)
  [F2 E 24/30] Train 2.8107/0.2013  Val 2.6249/0.2355  (28.4s)
  [F2 E 25/30] Train 2.7863/0.2033  Val 2.5808/0.2550  (28.0s)
  [F2 E 26/30] Train 2.7965/0.1982  Val 2.5656/0.2610  (28.2s)
  [F2 E 27/30] Train 2.7536/0.2055  Val 2.5920/0.2500  (28.0s)
  [F2 E 28/30] Train 2.7585/0.2088  Val 2.5572/0.2660  (28.3s)
  [F2 E 29/30] Train 2.7459/0.2112  Val 2.5415/0.2660  (28.3s)
  [F2 E 30/30] Train 2.7646/0.2032  Val 2.5459/0.2675  (28.3s)
  Fold 2 done — best val acc: 0.2675  (13m 56s)

============================================================
  Fold 3/4
============================================================
  Train: 6000, Val: 2000, Test: 2000
  SimpleCNN  params=2,522,950
  [F3 E  1/30] Train 4.1603/0.0692  Val 3.9525/0.0840  (28.5s)
  [F3 E  2/30] Train 3.9231/0.0903  Val 3.7958/0.0930  (28.5s)
  [F3 E  3/30] Train 3.7689/0.0955  Val 3.6595/0.1260  (28.8s)
  [F3 E  4/30] Train 3.6473/0.1048  Val 3.6430/0.1125  (28.4s)
  [F3 E  5/30] Train 3.5211/0.1195  Val 3.5865/0.1150  (27.3s)
  [F3 E  6/30] Train 3.4286/0.1293  Val 3.3347/0.1320  (28.5s)
  [F3 E  7/30] Train 3.3513/0.1292  Val 3.3027/0.1510  (27.2s)
  [F3 E  8/30] Train 3.2806/0.1417  Val 3.1492/0.1685  (28.2s)
  [F3 E  9/30] Train 3.2201/0.1508  Val 3.0914/0.1570  (28.0s)
  [F3 E 10/30] Train 3.1533/0.1547  Val 3.0471/0.1910  (27.7s)
  [F3 E 11/30] Train 3.1163/0.1612  Val 3.0127/0.1690  (27.7s)
  [F3 E 12/30] Train 3.0547/0.1600  Val 3.1083/0.1610  (28.5s)
  [F3 E 13/30] Train 3.0370/0.1757  Val 2.9976/0.2025  (28.1s)
  [F3 E 14/30] Train 2.9766/0.1740  Val 2.9517/0.1960  (27.8s)
  [F3 E 15/30] Train 2.9563/0.1817  Val 2.8529/0.1970  (28.2s)
  [F3 E 16/30] Train 2.9129/0.1880  Val 2.8278/0.2060  (28.5s)
  [F3 E 17/30] Train 2.8678/0.1958  Val 2.7976/0.2150  (27.8s)
  [F3 E 18/30] Train 2.8293/0.1982  Val 2.8844/0.2000  (27.8s)
  [F3 E 19/30] Train 2.8099/0.2102  Val 2.7468/0.2240  (28.3s)
  [F3 E 20/30] Train 2.7780/0.2167  Val 2.7170/0.2425  (27.6s)
  [F3 E 21/30] Train 2.7596/0.2252  Val 2.6794/0.2450  (28.2s)
  [F3 E 22/30] Train 2.7158/0.2238  Val 2.6340/0.2455  (27.9s)
  [F3 E 23/30] Train 2.7104/0.2225  Val 2.6777/0.2370  (27.7s)
  [F3 E 24/30] Train 2.6787/0.2328  Val 2.5857/0.2610  (28.0s)
  [F3 E 25/30] Train 2.6540/0.2362  Val 2.6455/0.2330  (28.6s)
  [F3 E 26/30] Train 2.6399/0.2343  Val 2.5965/0.2520  (27.8s)
  [F3 E 27/30] Train 2.6316/0.2398  Val 2.5892/0.2585  (28.0s)
  [F3 E 28/30] Train 2.6148/0.2363  Val 2.5864/0.2525  (28.1s)
  [F3 E 29/30] Train 2.6172/0.2303  Val 2.5853/0.2545  (28.2s)
  [F3 E 30/30] Train 2.6218/0.2385  Val 2.5884/0.2565  (28.2s)
  Fold 3 done — best val acc: 0.2610  (14m 2s)

============================================================
  Fold 4/4
============================================================
  Train: 6000, Val: 2000, Test: 2000
  SimpleCNN  params=2,522,950
  [F4 E  1/30] Train 4.1770/0.0635  Val 3.9640/0.0845  (28.6s)
  [F4 E  2/30] Train 4.0027/0.0783  Val 3.8126/0.0970  (28.2s)
  [F4 E  3/30] Train 3.8396/0.0882  Val 3.9157/0.0945  (27.6s)
  [F4 E  4/30] Train 3.7169/0.0942  Val 3.6898/0.1020  (28.0s)
  [F4 E  5/30] Train 3.6273/0.1077  Val 3.4838/0.1310  (27.9s)
  [F4 E  6/30] Train 3.5444/0.1105  Val 3.3652/0.1370  (27.3s)
  [F4 E  7/30] Train 3.4694/0.1182  Val 3.3286/0.1475  (28.5s)
  [F4 E  8/30] Train 3.3738/0.1305  Val 3.1677/0.1590  (27.6s)
  [F4 E  9/30] Train 3.3025/0.1472  Val 3.3260/0.1445  (28.3s)
  [F4 E 10/30] Train 3.2384/0.1432  Val 3.2526/0.1340  (28.2s)
  [F4 E 11/30] Train 3.2276/0.1455  Val 3.0697/0.1685  (28.4s)
  [F4 E 12/30] Train 3.1759/0.1520  Val 3.0735/0.1645  (27.7s)
  [F4 E 13/30] Train 3.1295/0.1568  Val 2.9524/0.1710  (28.4s)
  [F4 E 14/30] Train 3.0978/0.1588  Val 2.9333/0.1865  (27.5s)
  [F4 E 15/30] Train 3.0819/0.1595  Val 2.9766/0.1750  (28.1s)
  [F4 E 16/30] Train 3.0326/0.1687  Val 2.9501/0.1870  (28.0s)
  [F4 E 17/30] Train 2.9975/0.1748  Val 2.8745/0.2040  (27.6s)
  [F4 E 18/30] Train 2.9785/0.1750  Val 2.8765/0.1850  (27.8s)
  [F4 E 19/30] Train 2.9539/0.1825  Val 2.9230/0.1855  (28.3s)
  [F4 E 20/30] Train 2.9209/0.1797  Val 2.8373/0.1960  (27.7s)
  [F4 E 21/30] Train 2.8854/0.1880  Val 2.7819/0.2075  (28.1s)
  [F4 E 22/30] Train 2.8778/0.1875  Val 2.7690/0.2095  (27.9s)
  [F4 E 23/30] Train 2.8585/0.1897  Val 2.7403/0.2190  (28.3s)
  [F4 E 24/30] Train 2.8374/0.1978  Val 2.7190/0.2200  (27.5s)
  [F4 E 25/30] Train 2.8208/0.1900  Val 2.7434/0.2175  (27.9s)
  [F4 E 26/30] Train 2.7989/0.2010  Val 2.6846/0.2200  (27.9s)
  [F4 E 27/30] Train 2.8077/0.1958  Val 2.6895/0.2225  (27.3s)
  [F4 E 28/30] Train 2.7999/0.1943  Val 2.6883/0.2260  (28.5s)
  [F4 E 29/30] Train 2.7929/0.2027  Val 2.6883/0.2285  (27.6s)
  [F4 E 30/30] Train 2.7858/0.1987  Val 2.6813/0.2260  (28.1s)
  Fold 4 done — best val acc: 0.2285  (13m 59s)

============================================================
  Ensemble — Weighted Soft Voting
  Fold val accs: ['0.2370', '0.2675', '0.2610', '0.2285']
  Weights      : ['0.2384', '0.2691', '0.2626', '0.2299']
============================================================
  SimpleCNN  params=2,522,950
  SimpleCNN  params=2,522,950
  SimpleCNN  params=2,522,950
  SimpleCNN  params=2,522,950
Ensemble Test Acc : 0.2690
Class-Norm Acc    : 0.1833
History → /home/work/AIPJ/EF2039_Introduction_to_AI_Programming_Project_1/history_cnn_noattn_vanilla_family_bs32_lr0.001_optadam.csv
Curve → /home/work/AIPJ/EF2039_Introduction_to_AI_Programming_Project_1/curve_cnn_noattn_vanilla_family_bs32_lr0.001_optadam.png
Confusion → /home/work/AIPJ/EF2039_Introduction_to_AI_Programming_Project_1/confusion_cnn_noattn_vanilla_family_bs32_lr0.001_optadam.png
Results → /home/work/AIPJ/EF2039_Introduction_to_AI_Programming_Project_1/results_all.csv
