===== Input Arguments =====
  model         : resnet34
  attn          : none
  tuning        : True
  folds         : 4
  epochs        : 30
  batch_size    : 32
  lr            : 0.001
  optimizer     : adam
  weight_decay  : 0.0001
  label         : family
  crop_bbox     : False
  seed          : 42
  save_csv      : results_all.csv
  outdir        : /home/work/AIPJ/EF2039_Introduction_to_AI_Programming_Project_1
===========================
Device: cuda
Label: family  |  Classes: 70
Mode: Tuning  |  Original: 10000, Added(train-only): 180
Test set isolated: 2000 samples (20%, seed=42)
Train+Val pool   : 8000 samples → 4-fold CV

============================================================
  Fold 1/4
============================================================
  Train: 6180, Val: 2000, Test: 2000
  resnet34 (no attention)
  [F1 E  1/30] Train 3.6306/0.1472  Val 3.0260/0.2455  (28.4s)
  [F1 E  2/30] Train 2.7494/0.3175  Val 2.5429/0.3660  (28.2s)
  [F1 E  3/30] Train 2.3259/0.4078  Val 2.2904/0.3995  (28.3s)
  [F1 E  4/30] Train 2.1091/0.4591  Val 2.1626/0.4325  (27.6s)
  [F1 E  5/30] Train 1.9307/0.4961  Val 2.0749/0.4535  (28.6s)
  [Epoch 6] Backbone unfreeze (lr=1e-04)
  [F1 E  6/30] Train 1.1337/0.6659  Val 0.8980/0.7165  (28.2s)
  [F1 E  7/30] Train 0.4932/0.8544  Val 0.7145/0.7820  (27.4s)
  [F1 E  8/30] Train 0.2913/0.9155  Val 0.6864/0.7960  (28.3s)
  [F1 E  9/30] Train 0.2089/0.9379  Val 0.5840/0.8385  (27.8s)
  [F1 E 10/30] Train 0.1731/0.9476  Val 0.6217/0.8290  (28.2s)
  [F1 E 11/30] Train 0.1171/0.9663  Val 0.6138/0.8305  (28.5s)
  [F1 E 12/30] Train 0.0816/0.9754  Val 0.5799/0.8465  (28.0s)
  [F1 E 13/30] Train 0.0784/0.9794  Val 0.6503/0.8245  (28.4s)
  [F1 E 14/30] Train 0.0762/0.9786  Val 0.5534/0.8515  (28.0s)
  [F1 E 15/30] Train 0.0581/0.9840  Val 0.5714/0.8535  (28.3s)
  [F1 E 16/30] Train 0.0528/0.9856  Val 0.5809/0.8485  (28.6s)
  [F1 E 17/30] Train 0.0308/0.9919  Val 0.5636/0.8570  (28.7s)
  [F1 E 18/30] Train 0.0308/0.9914  Val 0.5668/0.8580  (27.7s)
  [F1 E 19/30] Train 0.0241/0.9951  Val 0.5293/0.8700  (28.0s)
  [F1 E 20/30] Train 0.0152/0.9974  Val 0.4849/0.8755  (28.4s)
  [F1 E 21/30] Train 0.0146/0.9974  Val 0.5001/0.8710  (28.0s)
  [F1 E 22/30] Train 0.0103/0.9979  Val 0.5016/0.8765  (28.6s)
  [F1 E 23/30] Train 0.0075/0.9992  Val 0.5132/0.8740  (28.4s)
  [F1 E 24/30] Train 0.0063/0.9994  Val 0.4892/0.8795  (28.8s)
  [F1 E 25/30] Train 0.0116/0.9976  Val 0.4890/0.8800  (27.5s)
  [F1 E 26/30] Train 0.0052/0.9994  Val 0.4751/0.8825  (28.3s)
  [F1 E 27/30] Train 0.0046/0.9994  Val 0.4863/0.8825  (28.4s)
  [F1 E 28/30] Train 0.0038/0.9995  Val 0.4838/0.8825  (28.5s)
  [F1 E 29/30] Train 0.0033/0.9998  Val 0.4741/0.8815  (27.7s)
  [F1 E 30/30] Train 0.0043/0.9995  Val 0.4822/0.8780  (28.7s)
  Fold 1 done — best val acc: 0.8825  (14m 9s)

============================================================
  Fold 2/4
============================================================
  Train: 6180, Val: 2000, Test: 2000
  resnet34 (no attention)
  [F2 E  1/30] Train 3.6233/0.1505  Val 3.0093/0.2195  (27.7s)
  [F2 E  2/30] Train 2.7276/0.3291  Val 2.5138/0.3545  (29.1s)
  [F2 E  3/30] Train 2.3250/0.4181  Val 2.2647/0.4180  (28.0s)
  [F2 E  4/30] Train 2.0903/0.4633  Val 2.1274/0.4560  (28.9s)
  [F2 E  5/30] Train 1.9288/0.4895  Val 2.0313/0.4695  (27.6s)
  [Epoch 6] Backbone unfreeze (lr=1e-04)
  [F2 E  6/30] Train 1.1188/0.6678  Val 0.9318/0.7270  (27.9s)
  [F2 E  7/30] Train 0.4760/0.8579  Val 0.7131/0.7830  (28.7s)
  [F2 E  8/30] Train 0.2884/0.9176  Val 0.7497/0.7790  (28.3s)
  [F2 E  9/30] Train 0.2230/0.9309  Val 0.7006/0.7990  (28.6s)
  [F2 E 10/30] Train 0.1323/0.9638  Val 0.6778/0.8155  (27.7s)
  [F2 E 11/30] Train 0.1245/0.9649  Val 0.5973/0.8390  (28.0s)
  [F2 E 12/30] Train 0.1003/0.9736  Val 0.6167/0.8470  (27.8s)
  [F2 E 13/30] Train 0.0680/0.9837  Val 0.5657/0.8560  (27.9s)
  [F2 E 14/30] Train 0.0665/0.9832  Val 0.5529/0.8620  (27.9s)
  [F2 E 15/30] Train 0.0470/0.9883  Val 0.5810/0.8595  (28.3s)
  [F2 E 16/30] Train 0.0350/0.9919  Val 0.6002/0.8555  (27.4s)
  [F2 E 17/30] Train 0.0381/0.9888  Val 0.5618/0.8645  (27.8s)
  [F2 E 18/30] Train 0.0442/0.9866  Val 0.5564/0.8655  (28.5s)
  [F2 E 19/30] Train 0.0192/0.9961  Val 0.5380/0.8675  (27.9s)
  [F2 E 20/30] Train 0.0137/0.9976  Val 0.5101/0.8795  (29.3s)
  [F2 E 21/30] Train 0.0081/0.9987  Val 0.4976/0.8850  (28.5s)
  [F2 E 22/30] Train 0.0163/0.9969  Val 0.5090/0.8790  (28.8s)
  [F2 E 23/30] Train 0.0078/0.9992  Val 0.4997/0.8775  (28.4s)
  [F2 E 24/30] Train 0.0060/0.9994  Val 0.4893/0.8815  (28.5s)
  [F2 E 25/30] Train 0.0057/0.9997  Val 0.4841/0.8880  (28.5s)
  [F2 E 26/30] Train 0.0039/0.9994  Val 0.4808/0.8850  (28.1s)
  [F2 E 27/30] Train 0.0045/0.9990  Val 0.4759/0.8880  (28.3s)
  [F2 E 28/30] Train 0.0043/0.9995  Val 0.4788/0.8850  (28.6s)
  [F2 E 29/30] Train 0.0035/0.9997  Val 0.4768/0.8855  (29.0s)
  [F2 E 30/30] Train 0.0038/0.9998  Val 0.4729/0.8875  (27.7s)
  Fold 2 done — best val acc: 0.8880  (14m 10s)

============================================================
  Fold 3/4
============================================================
  Train: 6180, Val: 2000, Test: 2000
  resnet34 (no attention)
  [F3 E  1/30] Train 3.5817/0.1576  Val 2.9912/0.2660  (28.3s)
  [F3 E  2/30] Train 2.7087/0.3351  Val 2.5230/0.3730  (28.2s)
  [F3 E  3/30] Train 2.3093/0.4189  Val 2.3297/0.3935  (28.4s)
  [F3 E  4/30] Train 2.0686/0.4641  Val 2.1513/0.4265  (27.8s)
  [F3 E  5/30] Train 1.9134/0.4985  Val 2.0833/0.4460  (28.3s)
  [Epoch 6] Backbone unfreeze (lr=1e-04)
  [F3 E  6/30] Train 1.1262/0.6628  Val 0.9150/0.7190  (27.4s)
  [F3 E  7/30] Train 0.4855/0.8544  Val 0.7192/0.7790  (28.1s)
  [F3 E  8/30] Train 0.2796/0.9194  Val 0.6828/0.8075  (27.7s)
  [F3 E  9/30] Train 0.2048/0.9387  Val 0.6427/0.8180  (28.8s)
  [F3 E 10/30] Train 0.1422/0.9586  Val 0.6561/0.8180  (28.1s)
  [F3 E 11/30] Train 0.1008/0.9733  Val 0.6377/0.8355  (28.1s)
  [F3 E 12/30] Train 0.0880/0.9757  Val 0.6348/0.8400  (27.7s)
  [F3 E 13/30] Train 0.0856/0.9761  Val 0.6470/0.8320  (28.1s)
  [F3 E 14/30] Train 0.0665/0.9827  Val 0.5747/0.8480  (28.3s)
  [F3 E 15/30] Train 0.0621/0.9845  Val 0.6496/0.8365  (28.3s)
  [F3 E 16/30] Train 0.0582/0.9838  Val 0.6370/0.8320  (27.8s)
  [F3 E 17/30] Train 0.0500/0.9874  Val 0.5372/0.8665  (27.8s)
  [F3 E 18/30] Train 0.0236/0.9945  Val 0.5095/0.8730  (27.9s)
  [F3 E 19/30] Train 0.0240/0.9947  Val 0.5678/0.8560  (28.2s)
  [F3 E 20/30] Train 0.0170/0.9964  Val 0.5266/0.8705  (27.5s)
  [F3 E 21/30] Train 0.0156/0.9969  Val 0.5008/0.8770  (28.5s)
  [F3 E 22/30] Train 0.0075/0.9990  Val 0.5016/0.8810  (28.1s)
  [F3 E 23/30] Train 0.0065/0.9990  Val 0.4996/0.8815  (28.0s)
  [F3 E 24/30] Train 0.0104/0.9985  Val 0.5010/0.8835  (28.7s)
  [F3 E 25/30] Train 0.0053/0.9997  Val 0.5138/0.8755  (28.0s)
  [F3 E 26/30] Train 0.0063/0.9994  Val 0.5052/0.8815  (28.5s)
  [F3 E 27/30] Train 0.0052/0.9994  Val 0.5061/0.8830  (27.8s)
  [F3 E 28/30] Train 0.0044/0.9995  Val 0.4998/0.8815  (28.4s)
  [F3 E 29/30] Train 0.0067/0.9994  Val 0.5008/0.8830  (28.0s)
  [F3 E 30/30] Train 0.0039/0.9997  Val 0.4943/0.8815  (28.4s)
  Fold 3 done — best val acc: 0.8835  (14m 5s)

============================================================
  Fold 4/4
============================================================
  Train: 6180, Val: 2000, Test: 2000
  resnet34 (no attention)
  [F4 E  1/30] Train 3.6504/0.1430  Val 3.0816/0.2665  (28.4s)
  [F4 E  2/30] Train 2.7478/0.3286  Val 2.5503/0.3615  (28.6s)
  [F4 E  3/30] Train 2.3185/0.4175  Val 2.3559/0.4010  (27.3s)
  [F4 E  4/30] Train 2.0818/0.4680  Val 2.1726/0.4375  (28.3s)
  [F4 E  5/30] Train 1.9317/0.4974  Val 2.0894/0.4520  (27.8s)
  [Epoch 6] Backbone unfreeze (lr=1e-04)
  [F4 E  6/30] Train 1.1436/0.6791  Val 0.9716/0.7130  (28.1s)
  [F4 E  7/30] Train 0.4833/0.8589  Val 0.7839/0.7620  (27.5s)
  [F4 E  8/30] Train 0.3092/0.9081  Val 0.7092/0.7895  (28.5s)
  [F4 E  9/30] Train 0.2201/0.9356  Val 0.7402/0.7930  (27.4s)
  [F4 E 10/30] Train 0.1485/0.9574  Val 0.6772/0.8030  (27.6s)
  [F4 E 11/30] Train 0.0901/0.9762  Val 0.6581/0.8195  (28.2s)
  [F4 E 12/30] Train 0.0925/0.9748  Val 0.6719/0.8265  (28.3s)
  [F4 E 13/30] Train 0.0819/0.9764  Val 0.6336/0.8235  (27.4s)
  [F4 E 14/30] Train 0.0979/0.9735  Val 0.6027/0.8345  (28.2s)
  [F4 E 15/30] Train 0.0549/0.9866  Val 0.5624/0.8540  (28.1s)
  [F4 E 16/30] Train 0.0571/0.9846  Val 0.6326/0.8385  (27.8s)
  [F4 E 17/30] Train 0.0435/0.9900  Val 0.5842/0.8485  (28.2s)
  [F4 E 18/30] Train 0.0224/0.9953  Val 0.5689/0.8610  (28.0s)
  [F4 E 19/30] Train 0.0334/0.9927  Val 0.5550/0.8520  (27.7s)
  [F4 E 20/30] Train 0.0134/0.9979  Val 0.5294/0.8575  (27.9s)
  [F4 E 21/30] Train 0.0098/0.9984  Val 0.5096/0.8680  (27.4s)
  [F4 E 22/30] Train 0.0082/0.9984  Val 0.5365/0.8595  (28.0s)
  [F4 E 23/30] Train 0.0079/0.9989  Val 0.4905/0.8730  (28.2s)
  [F4 E 24/30] Train 0.0067/0.9985  Val 0.5186/0.8635  (27.9s)
  [F4 E 25/30] Train 0.0047/0.9997  Val 0.5084/0.8665  (27.5s)
  [F4 E 26/30] Train 0.0048/0.9997  Val 0.4930/0.8695  (27.7s)
  [F4 E 27/30] Train 0.0046/0.9998  Val 0.5035/0.8735  (28.2s)
  [F4 E 28/30] Train 0.0043/0.9997  Val 0.4887/0.8705  (27.3s)
  [F4 E 29/30] Train 0.0034/0.9998  Val 0.4947/0.8730  (28.4s)
  [F4 E 30/30] Train 0.0033/0.9998  Val 0.4954/0.8715  (27.6s)
  Fold 4 done — best val acc: 0.8735  (13m 59s)

============================================================
  Ensemble — Weighted Soft Voting
  Fold val accs: ['0.8825', '0.8880', '0.8835', '0.8735']
  Weights      : ['0.2502', '0.2517', '0.2505', '0.2476']
============================================================
  resnet34 (no attention)
  resnet34 (no attention)
  resnet34 (no attention)
  resnet34 (no attention)
Ensemble Test Acc : 0.8970
Class-Norm Acc    : 0.8819
History → /home/work/AIPJ/EF2039_Introduction_to_AI_Programming_Project_1/history_resnet34_noattn_tuning_family_bs32_lr0.001_optadam.csv
Curve → /home/work/AIPJ/EF2039_Introduction_to_AI_Programming_Project_1/curve_resnet34_noattn_tuning_family_bs32_lr0.001_optadam.png
Confusion → /home/work/AIPJ/EF2039_Introduction_to_AI_Programming_Project_1/confusion_resnet34_noattn_tuning_family_bs32_lr0.001_optadam.png
Results → /home/work/AIPJ/EF2039_Introduction_to_AI_Programming_Project_1/results_all.csv
