===== Input Arguments =====
  model         : resnet34
  attn          : cbam
  tuning        : True
  folds         : 4
  epochs        : 30
  batch_size    : 32
  lr            : 0.001
  optimizer     : adam
  weight_decay  : 0.0001
  label         : family
  crop_bbox     : False
  seed          : 42
  save_csv      : results_all.csv
  outdir        : /home/work/AIPJ/EF2039_Introduction_to_AI_Programming_Project_1
===========================
Device: cuda
Label: family  |  Classes: 70
Mode: Tuning  |  Original: 10000, Added(train-only): 180
Test set isolated: 2000 samples (20%, seed=42)
Train+Val pool   : 8000 samples → 4-fold CV

============================================================
  Fold 1/4
============================================================
  Train: 6180, Val: 2000, Test: 2000
  resnet34 + CBAM  injected=9 modules
  [F1 E  1/30] Train 4.1104/0.0775  Val 4.0854/0.0800  (28.5s)
  [F1 E  2/30] Train 4.0752/0.0793  Val 4.0605/0.0810  (28.4s)
  [F1 E  3/30] Train 4.0656/0.0807  Val 4.0524/0.0790  (28.8s)
  [F1 E  4/30] Train 4.0486/0.0801  Val 4.0464/0.0745  (28.0s)
  [F1 E  5/30] Train 4.0470/0.0794  Val 4.0374/0.0795  (28.7s)
  [Epoch 6] Backbone unfreeze (lr=1e-04)
  [F1 E  6/30] Train 3.6683/0.1058  Val 3.4239/0.1405  (28.6s)
  [F1 E  7/30] Train 2.9093/0.1853  Val 2.6606/0.2175  (28.6s)
  [F1 E  8/30] Train 2.3618/0.2775  Val 2.1397/0.3150  (28.6s)
  [F1 E  9/30] Train 1.9683/0.3659  Val 2.1596/0.3305  (28.5s)
  [F1 E 10/30] Train 1.6375/0.4676  Val 1.7256/0.4445  (28.7s)
  [F1 E 11/30] Train 1.3697/0.5398  Val 1.4284/0.5240  (28.6s)
  [F1 E 12/30] Train 1.1507/0.6159  Val 1.4630/0.5625  (28.9s)
  [F1 E 13/30] Train 0.9777/0.6739  Val 1.3940/0.5835  (27.9s)
  [F1 E 14/30] Train 0.8339/0.7273  Val 1.0837/0.6685  (28.8s)
  [F1 E 15/30] Train 0.7296/0.7612  Val 1.1556/0.6570  (28.7s)
  [F1 E 16/30] Train 0.6080/0.8000  Val 1.0569/0.6980  (28.9s)
  [F1 E 17/30] Train 0.5352/0.8223  Val 1.0154/0.7125  (28.3s)
  [F1 E 18/30] Train 0.4338/0.8523  Val 0.8939/0.7465  (27.9s)
  [F1 E 19/30] Train 0.3635/0.8827  Val 0.8500/0.7620  (28.3s)
  [F1 E 20/30] Train 0.3199/0.8985  Val 0.8130/0.7615  (28.2s)
  [F1 E 21/30] Train 0.2743/0.9094  Val 0.8486/0.7665  (28.4s)
  [F1 E 22/30] Train 0.2410/0.9217  Val 0.7436/0.7985  (28.3s)
  [F1 E 23/30] Train 0.1980/0.9353  Val 0.8268/0.7850  (28.8s)
  [F1 E 24/30] Train 0.1888/0.9426  Val 0.7737/0.7935  (28.4s)
  [F1 E 25/30] Train 0.1482/0.9549  Val 0.7840/0.8035  (28.6s)
  [F1 E 26/30] Train 0.1365/0.9568  Val 0.7786/0.7960  (27.8s)
  [F1 E 27/30] Train 0.1297/0.9602  Val 0.8083/0.7900  (28.6s)
  [F1 E 28/30] Train 0.1168/0.9657  Val 0.8078/0.7985  (28.7s)
  [F1 E 29/30] Train 0.1102/0.9673  Val 0.7493/0.8040  (27.5s)
  [F1 E 30/30] Train 0.1138/0.9660  Val 0.7616/0.8030  (28.9s)
  Fold 1 done — best val acc: 0.8040  (14m 16s)

============================================================
  Fold 2/4
============================================================
  Train: 6180, Val: 2000, Test: 2000
  resnet34 + CBAM  injected=9 modules
  [F2 E  1/30] Train 4.0947/0.0777  Val 4.0743/0.0795  (28.4s)
  [F2 E  2/30] Train 4.0696/0.0796  Val 4.0605/0.0795  (28.5s)
  [F2 E  3/30] Train 4.0557/0.0793  Val 4.0557/0.0785  (28.8s)
  [F2 E  4/30] Train 4.0558/0.0811  Val 4.0496/0.0790  (28.6s)
  [F2 E  5/30] Train 4.0509/0.0786  Val 4.0513/0.0790  (28.5s)
  [Epoch 6] Backbone unfreeze (lr=1e-04)
  [F2 E  6/30] Train 3.8163/0.0896  Val 3.4503/0.1290  (28.5s)
  [F2 E  7/30] Train 3.0712/0.1644  Val 3.0209/0.1790  (28.2s)
  [F2 E  8/30] Train 2.4694/0.2494  Val 2.2902/0.2750  (28.6s)
  [F2 E  9/30] Train 2.0271/0.3542  Val 1.9439/0.4135  (28.9s)
  [F2 E 10/30] Train 1.7132/0.4417  Val 1.9000/0.4455  (28.7s)
  [F2 E 11/30] Train 1.4262/0.5304  Val 1.6597/0.5020  (28.1s)
  [F2 E 12/30] Train 1.1992/0.6049  Val 1.3267/0.5910  (28.3s)
  [F2 E 13/30] Train 1.0067/0.6678  Val 1.1769/0.6430  (29.0s)
  [F2 E 14/30] Train 0.8531/0.7236  Val 1.1684/0.6470  (27.9s)
  [F2 E 15/30] Train 0.7268/0.7571  Val 1.0585/0.6880  (28.4s)
  [F2 E 16/30] Train 0.6097/0.7997  Val 1.1864/0.6790  (29.0s)
  [F2 E 17/30] Train 0.5296/0.8261  Val 0.9870/0.7205  (28.2s)
  [F2 E 18/30] Train 0.4602/0.8455  Val 1.0370/0.7160  (28.6s)
  [F2 E 19/30] Train 0.3913/0.8714  Val 0.9489/0.7490  (28.6s)
  [F2 E 20/30] Train 0.3458/0.8850  Val 0.9321/0.7440  (28.6s)
  [F2 E 21/30] Train 0.2641/0.9120  Val 0.8854/0.7685  (28.1s)
  [F2 E 22/30] Train 0.2259/0.9278  Val 0.8785/0.7675  (28.5s)
  [F2 E 23/30] Train 0.2113/0.9319  Val 0.9053/0.7740  (28.1s)
  [F2 E 24/30] Train 0.1762/0.9482  Val 0.8635/0.7815  (29.0s)
  [F2 E 25/30] Train 0.1584/0.9508  Val 0.8720/0.7825  (28.2s)
  [F2 E 26/30] Train 0.1383/0.9589  Val 0.8347/0.7925  (28.9s)
  [F2 E 27/30] Train 0.1276/0.9612  Val 0.8500/0.7865  (28.4s)
  [F2 E 28/30] Train 0.1129/0.9665  Val 0.8364/0.8040  (27.9s)
  [F2 E 29/30] Train 0.1159/0.9670  Val 0.8344/0.8020  (28.9s)
  [F2 E 30/30] Train 0.1067/0.9683  Val 0.8649/0.7900  (29.1s)
  Fold 2 done — best val acc: 0.8040  (14m 18s)

============================================================
  Fold 3/4
============================================================
  Train: 6180, Val: 2000, Test: 2000
  resnet34 + CBAM  injected=9 modules
  [F3 E  1/30] Train 4.1061/0.0765  Val 4.5147/0.0685  (29.2s)
  [F3 E  2/30] Train 4.0826/0.0796  Val 4.1074/0.0715  (28.3s)
  [F3 E  3/30] Train 4.0743/0.0801  Val 4.1204/0.0780  (28.4s)
  [F3 E  4/30] Train 4.0786/0.0785  Val 4.0910/0.0770  (28.0s)
  [F3 E  5/30] Train 4.0610/0.0791  Val 4.2224/0.0775  (28.6s)
  [Epoch 6] Backbone unfreeze (lr=1e-04)
  [F3 E  6/30] Train 3.7424/0.0950  Val 3.3263/0.1310  (28.6s)
  [F3 E  7/30] Train 2.9560/0.1827  Val 2.7738/0.2120  (28.7s)
  [F3 E  8/30] Train 2.3386/0.2743  Val 2.2700/0.3060  (28.2s)
  [F3 E  9/30] Train 1.9461/0.3731  Val 2.1207/0.3505  (28.6s)
  [F3 E 10/30] Train 1.6233/0.4689  Val 1.7335/0.4465  (28.9s)
  [F3 E 11/30] Train 1.3710/0.5364  Val 1.4637/0.5300  (28.6s)
  [F3 E 12/30] Train 1.1431/0.6134  Val 1.6097/0.5080  (28.3s)
  [F3 E 13/30] Train 0.9463/0.6752  Val 1.3165/0.6040  (27.6s)
  [F3 E 14/30] Train 0.8081/0.7322  Val 1.1501/0.6420  (29.3s)
  [F3 E 15/30] Train 0.6813/0.7701  Val 1.1810/0.6540  (28.4s)
  [F3 E 16/30] Train 0.5960/0.8006  Val 1.0930/0.6870  (28.4s)
  [F3 E 17/30] Train 0.4901/0.8343  Val 0.9880/0.7210  (29.0s)
  [F3 E 18/30] Train 0.4426/0.8505  Val 1.0637/0.7060  (28.0s)
  [F3 E 19/30] Train 0.3402/0.8895  Val 0.9577/0.7340  (28.1s)
  [F3 E 20/30] Train 0.2970/0.8985  Val 0.9217/0.7485  (28.7s)
  [F3 E 21/30] Train 0.2552/0.9146  Val 0.9227/0.7580  (28.5s)
  [F3 E 22/30] Train 0.2066/0.9332  Val 0.9265/0.7640  (29.2s)
  [F3 E 23/30] Train 0.1672/0.9468  Val 0.9163/0.7715  (27.7s)
  [F3 E 24/30] Train 0.1570/0.9502  Val 0.9099/0.7710  (28.8s)
  [F3 E 25/30] Train 0.1280/0.9612  Val 0.9161/0.7725  (29.0s)
  [F3 E 26/30] Train 0.1150/0.9641  Val 0.9479/0.7720  (28.4s)
  [F3 E 27/30] Train 0.0969/0.9714  Val 0.8914/0.7890  (28.7s)
  [F3 E 28/30] Train 0.0969/0.9728  Val 0.9311/0.7815  (28.4s)
  [F3 E 29/30] Train 0.0916/0.9730  Val 0.9056/0.7835  (29.1s)
  [F3 E 30/30] Train 0.0972/0.9717  Val 0.9048/0.7805  (28.7s)
  Fold 3 done — best val acc: 0.7890  (14m 19s)

============================================================
  Fold 4/4
============================================================
  Train: 6180, Val: 2000, Test: 2000
  resnet34 + CBAM  injected=9 modules
  [F4 E  1/30] Train 4.0980/0.0782  Val 4.0687/0.0800  (29.5s)
  [F4 E  2/30] Train 4.0692/0.0799  Val 4.0589/0.0815  (27.7s)
  [F4 E  3/30] Train 4.0538/0.0799  Val 4.0551/0.0795  (28.9s)
  [F4 E  4/30] Train 4.0485/0.0803  Val 4.0422/0.0805  (28.2s)
  [F4 E  5/30] Train 4.0468/0.0786  Val 4.0413/0.0810  (28.9s)
  [Epoch 6] Backbone unfreeze (lr=1e-04)
  [F4 E  6/30] Train 3.7253/0.0994  Val 3.2703/0.1465  (29.3s)
  [F4 E  7/30] Train 2.8556/0.1982  Val 2.5776/0.2265  (28.1s)
  [F4 E  8/30] Train 2.2680/0.2914  Val 2.0978/0.3425  (28.1s)
  [F4 E  9/30] Train 1.8811/0.3935  Val 1.8465/0.4190  (28.7s)
  [F4 E 10/30] Train 1.5386/0.4942  Val 1.7520/0.4455  (28.7s)
  [F4 E 11/30] Train 1.3034/0.5762  Val 1.4015/0.5680  (28.0s)
  [F4 E 12/30] Train 1.0661/0.6440  Val 1.2804/0.6020  (28.6s)
  [F4 E 13/30] Train 0.9418/0.6890  Val 1.2305/0.6450  (28.7s)
  [F4 E 14/30] Train 0.7851/0.7485  Val 1.0650/0.6700  (28.8s)
  [F4 E 15/30] Train 0.6677/0.7770  Val 1.0416/0.6900  (28.9s)
  [F4 E 16/30] Train 0.5551/0.8236  Val 0.8941/0.7445  (28.5s)
  [F4 E 17/30] Train 0.4932/0.8393  Val 1.0139/0.7125  (27.7s)
  [F4 E 18/30] Train 0.4123/0.8642  Val 0.8946/0.7480  (28.5s)
  [F4 E 19/30] Train 0.3401/0.8883  Val 0.8799/0.7585  (29.2s)
  [F4 E 20/30] Train 0.2776/0.9087  Val 0.8248/0.7705  (28.2s)
  [F4 E 21/30] Train 0.2343/0.9212  Val 0.8408/0.7830  (28.9s)
  [F4 E 22/30] Train 0.2020/0.9375  Val 0.8191/0.7915  (29.0s)
  [F4 E 23/30] Train 0.1827/0.9413  Val 0.7900/0.7955  (28.1s)
  [F4 E 24/30] Train 0.1498/0.9494  Val 0.7945/0.8010  (28.6s)
  [F4 E 25/30] Train 0.1327/0.9618  Val 0.7915/0.8000  (28.5s)
  [F4 E 26/30] Train 0.1169/0.9631  Val 0.8426/0.7890  (28.8s)
  [F4 E 27/30] Train 0.1031/0.9681  Val 0.8184/0.8050  (28.5s)
  [F4 E 28/30] Train 0.1059/0.9670  Val 0.7786/0.8150  (27.9s)
  [F4 E 29/30] Train 0.0900/0.9749  Val 0.7915/0.8065  (28.7s)
  [F4 E 30/30] Train 0.0903/0.9767  Val 0.7972/0.8075  (28.3s)
  Fold 4 done — best val acc: 0.8150  (14m 19s)

============================================================
  Ensemble — Weighted Soft Voting
  Fold val accs: ['0.8040', '0.8040', '0.7890', '0.8150']
  Weights      : ['0.2503', '0.2503', '0.2456', '0.2537']
============================================================
  resnet34 + CBAM  injected=9 modules
  resnet34 + CBAM  injected=9 modules
  resnet34 + CBAM  injected=9 modules
  resnet34 + CBAM  injected=9 modules
Ensemble Test Acc : 0.8540
Class-Norm Acc    : 0.8363
History → /home/work/AIPJ/EF2039_Introduction_to_AI_Programming_Project_1/history_resnet34_cbam_tuning_family_bs32_lr0.001_optadam.csv
Curve → /home/work/AIPJ/EF2039_Introduction_to_AI_Programming_Project_1/curve_resnet34_cbam_tuning_family_bs32_lr0.001_optadam.png
Confusion → /home/work/AIPJ/EF2039_Introduction_to_AI_Programming_Project_1/confusion_resnet34_cbam_tuning_family_bs32_lr0.001_optadam.png
Results → /home/work/AIPJ/EF2039_Introduction_to_AI_Programming_Project_1/results_all.csv
