===== Input Arguments =====
  model         : cnn
  attn          : none
  tuning        : False
  use_excluded  : False
  use_added     : False
  folds         : 4
  epochs        : 100
  batch_size    : 32
  lr            : 0.001
  optimizer     : adamw
  weight_decay  : 0.0005
  label_smoothing: 0.1
  label         : family
  crop_bbox     : False
  seed          : 42
  save_csv      : results_all.csv
  outdir        : /home/work/AIPJ/EF2039_Introduction_to_AI_Programming_Project_1/experiment_3
===========================
Device: cuda  |  AMP: True  |  Workers: 14
Label: family  |  Classes: 70
Mode: excl=False, added=False  |  Original: 10000, Added(train-only): 0
Test set isolated: 2000 samples (20%, seed=42)
Train+Val pool   : 8000 samples → 4-fold CV

============================================================
  Fold 1/4
============================================================
  Train: 6000, Val: 2000, Test: 2000
  SimpleCNN  params=2,522,950
  [F1 E  1/100] Train 4.2301/0.0670  Val 4.0716/0.0800  (11.3s)
  [F1 E  2/100] Train 4.0912/0.0785  Val 4.0395/0.0825  (10.6s)
  [F1 E  3/100] Train 3.9921/0.0805  Val 3.9183/0.1015  (10.0s)
  [F1 E  4/100] Train 3.9084/0.0910  Val 3.8304/0.1120  (11.3s)
  [F1 E  5/100] Train 3.8569/0.0942  Val 3.7493/0.1300  (10.7s)
  [F1 E  6/100] Train 3.8088/0.0998  Val 3.7125/0.1155  (10.9s)
  [F1 E  7/100] Train 3.7410/0.1080  Val 3.6543/0.1205  (10.8s)
  [F1 E  8/100] Train 3.6820/0.1188  Val 3.5638/0.1265  (10.9s)
  [F1 E  9/100] Train 3.6401/0.1255  Val 3.4860/0.1445  (11.7s)
  [F1 E 10/100] Train 3.5978/0.1275  Val 3.4724/0.1470  (11.9s)
  [F1 E 11/100] Train 3.5855/0.1283  Val 3.4819/0.1620  (12.2s)
  [F1 E 12/100] Train 3.5645/0.1335  Val 3.4293/0.1475  (12.2s)
  [F1 E 13/100] Train 3.5656/0.1302  Val 3.3907/0.1635  (11.0s)
  [F1 E 14/100] Train 3.5317/0.1382  Val 3.3769/0.1575  (11.5s)
  [F1 E 15/100] Train 3.5269/0.1353  Val 3.3573/0.1505  (11.4s)
  [F1 E 16/100] Train 3.5071/0.1357  Val 3.3925/0.1540  (11.5s)
  [F1 E 17/100] Train 3.4983/0.1385  Val 3.3006/0.1715  (11.6s)
  [F1 E 18/100] Train 3.4896/0.1388  Val 3.3250/0.1670  (11.6s)
  [F1 E 19/100] Train 3.4681/0.1495  Val 3.2638/0.1875  (11.4s)
  [F1 E 20/100] Train 3.4738/0.1393  Val 3.2870/0.1875  (11.4s)
  [F1 E 21/100] Train 3.4619/0.1450  Val 3.2712/0.1740  (11.0s)
  [F1 E 22/100] Train 3.4516/0.1500  Val 3.3145/0.1980  (10.9s)
  [F1 E 23/100] Train 3.4473/0.1428  Val 3.2324/0.1880  (10.1s)
  [F1 E 24/100] Train 3.4279/0.1528  Val 3.2277/0.1850  (11.7s)
  [F1 E 25/100] Train 3.4311/0.1415  Val 3.2256/0.1880  (11.7s)
  [F1 E 26/100] Train 3.4098/0.1460  Val 3.2147/0.2060  (10.8s)
  [F1 E 27/100] Train 3.4183/0.1460  Val 3.1936/0.1980  (10.7s)
  [F1 E 28/100] Train 3.4045/0.1558  Val 3.1276/0.2095  (11.3s)
  [F1 E 29/100] Train 3.4080/0.1535  Val 3.1807/0.1920  (11.4s)
  [F1 E 30/100] Train 3.3911/0.1605  Val 3.1383/0.1935  (11.0s)
  [F1 E 31/100] Train 3.3738/0.1555  Val 3.1183/0.2475  (12.2s)
  [F1 E 32/100] Train 3.3641/0.1615  Val 3.1528/0.2145  (11.2s)
  [F1 E 33/100] Train 3.3518/0.1585  Val 3.1277/0.2005  (10.7s)
  [F1 E 34/100] Train 3.3539/0.1647  Val 3.1510/0.2035  (10.3s)
  [F1 E 35/100] Train 3.3353/0.1665  Val 3.1655/0.2330  (10.5s)
  [F1 E 36/100] Train 3.3432/0.1635  Val 3.1098/0.2205  (11.8s)
  [F1 E 37/100] Train 3.3249/0.1638  Val 3.0828/0.2120  (10.5s)
  [F1 E 38/100] Train 3.2976/0.1780  Val 3.0809/0.2390  (11.0s)
  [F1 E 39/100] Train 3.3142/0.1742  Val 3.0234/0.2395  (10.9s)
  [F1 E 40/100] Train 3.2903/0.1813  Val 3.0799/0.2275  (11.2s)
  [F1 E 41/100] Train 3.2718/0.1893  Val 2.9828/0.2520  (10.7s)
  [F1 E 42/100] Train 3.2798/0.1850  Val 2.9784/0.2450  (12.1s)
  [F1 E 43/100] Train 3.2469/0.1868  Val 2.9643/0.2610  (11.3s)
  [F1 E 44/100] Train 3.2545/0.1843  Val 2.9405/0.2545  (10.8s)
  [F1 E 45/100] Train 3.2586/0.1873  Val 2.9564/0.2530  (11.5s)
  [F1 E 46/100] Train 3.2421/0.1930  Val 2.9460/0.2560  (11.1s)
  [F1 E 47/100] Train 3.2269/0.1915  Val 2.9169/0.2790  (12.5s)
  [F1 E 48/100] Train 3.2206/0.1950  Val 2.9156/0.2620  (10.7s)
  [F1 E 49/100] Train 3.2090/0.2000  Val 2.9169/0.2730  (10.4s)
  [F1 E 50/100] Train 3.2176/0.2000  Val 2.8990/0.2805  (10.4s)
  [F1 E 51/100] Train 3.2193/0.1962  Val 2.9357/0.2810  (11.6s)
  [F1 E 52/100] Train 3.1927/0.2022  Val 2.8937/0.2805  (11.7s)
  [F1 E 53/100] Train 3.1826/0.2060  Val 2.8514/0.2865  (11.1s)
  [F1 E 54/100] Train 3.1978/0.1943  Val 2.8521/0.3015  (10.7s)
  [F1 E 55/100] Train 3.1829/0.2058  Val 2.8508/0.2925  (11.3s)
  [F1 E 56/100] Train 3.1746/0.2043  Val 2.8494/0.2850  (11.5s)
  [F1 E 57/100] Train 3.1598/0.2050  Val 2.9190/0.2650  (10.8s)
  [F1 E 58/100] Train 3.1585/0.2100  Val 2.8545/0.2750  (11.8s)
  [F1 E 59/100] Train 3.1578/0.2102  Val 2.8380/0.2810  (11.6s)
  [F1 E 60/100] Train 3.1521/0.2100  Val 2.8426/0.3070  (10.9s)
  [F1 E 61/100] Train 3.1556/0.2100  Val 2.8250/0.3140  (10.2s)
  [F1 E 62/100] Train 3.1501/0.2140  Val 2.8285/0.3070  (10.1s)
  [F1 E 63/100] Train 3.1578/0.2102  Val 2.8317/0.3285  (12.3s)
  [F1 E 64/100] Train 3.1302/0.2220  Val 2.8313/0.3090  (10.4s)
  [F1 E 65/100] Train 3.1380/0.2132  Val 2.7883/0.3260  (10.4s)
  [F1 E 66/100] Train 3.1374/0.2165  Val 2.8217/0.3225  (11.5s)
  [F1 E 67/100] Train 3.1314/0.2218  Val 2.8059/0.3195  (10.7s)
  [F1 E 68/100] Train 3.1239/0.2150  Val 2.8208/0.3340  (11.2s)
  [F1 E 69/100] Train 3.1185/0.2182  Val 2.7936/0.3340  (12.0s)
  [F1 E 70/100] Train 3.1027/0.2232  Val 2.7637/0.3465  (12.7s)
  [F1 E 71/100] Train 3.1008/0.2237  Val 2.7624/0.3410  (12.1s)
  [F1 E 72/100] Train 3.1032/0.2220  Val 2.7654/0.3540  (12.9s)
  [F1 E 73/100] Train 3.0984/0.2278  Val 2.8009/0.3120  (12.5s)
  [F1 E 74/100] Train 3.0950/0.2317  Val 2.7756/0.3325  (12.1s)
  [F1 E 75/100] Train 3.0848/0.2268  Val 2.7650/0.3355  (12.0s)
  [F1 E 76/100] Train 3.1035/0.2272  Val 2.7596/0.3440  (11.5s)
  [F1 E 77/100] Train 3.0877/0.2268  Val 2.7671/0.3435  (13.0s)
  [F1 E 78/100] Train 3.0752/0.2330  Val 2.7501/0.3460  (12.4s)
  [F1 E 79/100] Train 3.0828/0.2297  Val 2.7515/0.3500  (12.4s)
  [F1 E 80/100] Train 3.0748/0.2343  Val 2.7440/0.3555  (11.8s)
  [F1 E 81/100] Train 3.0717/0.2290  Val 2.7622/0.3365  (11.9s)
  [F1 E 82/100] Train 3.0842/0.2303  Val 2.7516/0.3585  (12.4s)
  [F1 E 83/100] Train 3.0679/0.2330  Val 2.7558/0.3435  (12.0s)
  [F1 E 84/100] Train 3.0730/0.2395  Val 2.7417/0.3535  (11.2s)
  [F1 E 85/100] Train 3.0781/0.2362  Val 2.7409/0.3445  (12.3s)
  [F1 E 86/100] Train 3.0554/0.2372  Val 2.7326/0.3590  (11.6s)
  [F1 E 87/100] Train 3.0756/0.2323  Val 2.7247/0.3555  (11.7s)
  [F1 E 88/100] Train 3.0562/0.2350  Val 2.7341/0.3565  (12.4s)
  [F1 E 89/100] Train 3.0498/0.2368  Val 2.7351/0.3485  (12.3s)
  [F1 E 90/100] Train 3.0580/0.2350  Val 2.7394/0.3580  (12.8s)
  [F1 E 91/100] Train 3.0655/0.2360  Val 2.7295/0.3645  (12.2s)
  [F1 E 92/100] Train 3.0621/0.2337  Val 2.7358/0.3595  (12.4s)
  [F1 E 93/100] Train 3.0618/0.2353  Val 2.7302/0.3570  (12.3s)
  [F1 E 94/100] Train 3.0465/0.2373  Val 2.7337/0.3615  (10.9s)
  [F1 E 95/100] Train 3.0572/0.2390  Val 2.7330/0.3585  (11.0s)
  [F1 E 96/100] Train 3.0492/0.2377  Val 2.7287/0.3570  (10.7s)
  [F1 E 97/100] Train 3.0506/0.2455  Val 2.7264/0.3615  (10.4s)
  [F1 E 98/100] Train 3.0506/0.2473  Val 2.7271/0.3630  (11.8s)
  [F1 E 99/100] Train 3.0525/0.2393  Val 2.7287/0.3630  (11.2s)
  [F1 E100/100] Train 3.0652/0.2402  Val 2.7326/0.3580  (12.3s)
  Fold 1 done — best val acc: 0.3645  (19m 1s)

============================================================
  Fold 2/4
============================================================
  Train: 6000, Val: 2000, Test: 2000
  SimpleCNN  params=2,522,950
  [F2 E  1/100] Train 4.2025/0.0635  Val 4.0855/0.0795  (15.2s)
  [F2 E  2/100] Train 4.0853/0.0782  Val 3.9765/0.0815  (14.6s)
  [F2 E  3/100] Train 3.9856/0.0842  Val 3.8334/0.0940  (14.2s)
  [F2 E  4/100] Train 3.9023/0.0882  Val 3.7721/0.1065  (13.3s)
  [F2 E  5/100] Train 3.8446/0.0938  Val 3.7908/0.1205  (13.9s)
  [F2 E  6/100] Train 3.7936/0.1020  Val 3.6430/0.1465  (13.9s)
  [F2 E  7/100] Train 3.7273/0.1055  Val 3.6671/0.1160  (14.1s)
  [F2 E  8/100] Train 3.6866/0.1078  Val 3.5561/0.1475  (14.4s)
  [F2 E  9/100] Train 3.6758/0.1110  Val 3.5851/0.1205  (13.5s)
  [F2 E 10/100] Train 3.6385/0.1210  Val 3.5254/0.1440  (13.9s)
  [F2 E 11/100] Train 3.6206/0.1247  Val 3.4844/0.1400  (14.0s)
  [F2 E 12/100] Train 3.5953/0.1227  Val 3.4694/0.1500  (13.5s)
  [F2 E 13/100] Train 3.5850/0.1203  Val 3.3955/0.1490  (12.8s)
  [F2 E 14/100] Train 3.5719/0.1257  Val 3.4224/0.1665  (14.4s)
  [F2 E 15/100] Train 3.5477/0.1325  Val 3.4299/0.1640  (13.7s)
  [F2 E 16/100] Train 3.5656/0.1207  Val 3.4062/0.1580  (13.5s)
  [F2 E 17/100] Train 3.5288/0.1332  Val 3.4321/0.1490  (13.3s)
  [F2 E 18/100] Train 3.5162/0.1348  Val 3.3057/0.1700  (13.9s)
  [F2 E 19/100] Train 3.5076/0.1352  Val 3.3829/0.1645  (12.9s)
  [F2 E 20/100] Train 3.5055/0.1347  Val 3.3402/0.1635  (13.6s)
  [F2 E 21/100] Train 3.4917/0.1443  Val 3.2193/0.1940  (13.0s)
  [F2 E 22/100] Train 3.4621/0.1417  Val 3.2448/0.1845  (13.4s)
  [F2 E 23/100] Train 3.4557/0.1387  Val 3.2902/0.1810  (13.7s)
  [F2 E 24/100] Train 3.4480/0.1447  Val 3.2328/0.1910  (12.8s)
  [F2 E 25/100] Train 3.4328/0.1480  Val 3.2307/0.1855  (12.8s)
  [F2 E 26/100] Train 3.4225/0.1492  Val 3.2036/0.1950  (13.4s)
  [F2 E 27/100] Train 3.4022/0.1525  Val 3.2815/0.1815  (13.0s)
  [F2 E 28/100] Train 3.4087/0.1530  Val 3.1592/0.2050  (13.9s)
  [F2 E 29/100] Train 3.3959/0.1515  Val 3.2207/0.1975  (13.0s)
  [F2 E 30/100] Train 3.3835/0.1547  Val 3.1911/0.2095  (12.8s)
  [F2 E 31/100] Train 3.3752/0.1573  Val 3.1643/0.1950  (13.1s)
  [F2 E 32/100] Train 3.3628/0.1555  Val 3.1686/0.2265  (13.0s)
  [F2 E 33/100] Train 3.3774/0.1605  Val 3.2032/0.2035  (13.7s)
  [F2 E 34/100] Train 3.3628/0.1568  Val 3.1694/0.2050  (13.4s)
  [F2 E 35/100] Train 3.3603/0.1610  Val 3.2488/0.2070  (12.5s)
  [F2 E 36/100] Train 3.3331/0.1652  Val 3.0727/0.2310  (12.4s)
  [F2 E 37/100] Train 3.3447/0.1558  Val 3.0505/0.2385  (13.7s)
  [F2 E 38/100] Train 3.3476/0.1668  Val 3.0849/0.2305  (13.2s)
  [F2 E 39/100] Train 3.3170/0.1623  Val 3.0446/0.2345  (12.3s)
  [F2 E 40/100] Train 3.3113/0.1657  Val 3.0323/0.2430  (11.5s)
  [F2 E 41/100] Train 3.3177/0.1678  Val 3.0527/0.2380  (11.6s)
  [F2 E 42/100] Train 3.2942/0.1717  Val 3.0181/0.2630  (11.1s)
  [F2 E 43/100] Train 3.2816/0.1752  Val 3.0544/0.2485  (11.2s)
  [F2 E 44/100] Train 3.2800/0.1817  Val 3.0285/0.2805  (12.0s)
  [F2 E 45/100] Train 3.2726/0.1803  Val 2.9983/0.2605  (11.2s)
  [F2 E 46/100] Train 3.2651/0.1802  Val 2.9789/0.2785  (11.6s)
  [F2 E 47/100] Train 3.2608/0.1712  Val 2.9898/0.2575  (12.2s)
  [F2 E 48/100] Train 3.2608/0.1822  Val 3.0372/0.2510  (11.5s)
  [F2 E 49/100] Train 3.2633/0.1808  Val 2.9827/0.2910  (12.3s)
  [F2 E 50/100] Train 3.2583/0.1855  Val 3.0105/0.2680  (11.6s)
  [F2 E 51/100] Train 3.2367/0.1878  Val 2.9478/0.2820  (11.5s)
  [F2 E 52/100] Train 3.2458/0.1910  Val 3.0007/0.2795  (10.9s)
  [F2 E 53/100] Train 3.2389/0.1933  Val 2.9484/0.2925  (11.6s)
  [F2 E 54/100] Train 3.2107/0.1955  Val 2.9611/0.2780  (12.5s)
  [F2 E 55/100] Train 3.2119/0.1920  Val 2.9045/0.3030  (11.4s)
  [F2 E 56/100] Train 3.2007/0.1998  Val 2.8940/0.3070  (11.4s)
  [F2 E 57/100] Train 3.2042/0.1942  Val 2.9010/0.2775  (11.5s)
  [F2 E 58/100] Train 3.1942/0.2002  Val 2.8919/0.3050  (11.1s)
  [F2 E 59/100] Train 3.1832/0.1982  Val 2.8800/0.3125  (12.4s)
  [F2 E 60/100] Train 3.1837/0.1995  Val 2.9103/0.2850  (11.5s)
  [F2 E 61/100] Train 3.1721/0.1998  Val 2.9144/0.3040  (11.0s)
  [F2 E 62/100] Train 3.1862/0.2013  Val 2.8928/0.2990  (11.0s)
  [F2 E 63/100] Train 3.1656/0.2095  Val 2.8576/0.3235  (11.1s)
  [F2 E 64/100] Train 3.1787/0.1973  Val 2.8823/0.3215  (11.8s)
  [F2 E 65/100] Train 3.1790/0.2008  Val 2.8820/0.3125  (12.1s)
  [F2 E 66/100] Train 3.1552/0.2128  Val 2.8490/0.3235  (11.7s)
  [F2 E 67/100] Train 3.1448/0.2137  Val 2.8270/0.3140  (11.3s)
  [F2 E 68/100] Train 3.1657/0.2038  Val 2.8433/0.3220  (11.3s)
  [F2 E 69/100] Train 3.1536/0.2078  Val 2.8677/0.3215  (11.9s)
  [F2 E 70/100] Train 3.1413/0.2140  Val 2.8427/0.3175  (12.3s)
  [F2 E 71/100] Train 3.1505/0.2068  Val 2.8063/0.3285  (11.8s)
  [F2 E 72/100] Train 3.1568/0.2138  Val 2.8283/0.3220  (11.8s)
  [F2 E 73/100] Train 3.1542/0.2083  Val 2.8232/0.3295  (11.4s)
  [F2 E 74/100] Train 3.1366/0.2138  Val 2.8371/0.3355  (10.8s)
  [F2 E 75/100] Train 3.1159/0.2185  Val 2.8075/0.3380  (12.2s)
  [F2 E 76/100] Train 3.1495/0.2125  Val 2.8060/0.3260  (11.1s)
  [F2 E 77/100] Train 3.1084/0.2272  Val 2.8049/0.3260  (11.0s)
  [F2 E 78/100] Train 3.1349/0.2128  Val 2.8179/0.3335  (10.4s)
  [F2 E 79/100] Train 3.1176/0.2190  Val 2.8085/0.3320  (11.1s)
  [F2 E 80/100] Train 3.1208/0.2240  Val 2.8030/0.3390  (11.9s)
  [F2 E 81/100] Train 3.1213/0.2217  Val 2.8092/0.3355  (11.8s)
  [F2 E 82/100] Train 3.1173/0.2148  Val 2.8067/0.3300  (11.6s)
  [F2 E 83/100] Train 3.0985/0.2222  Val 2.7971/0.3330  (11.2s)
  [F2 E 84/100] Train 3.1104/0.2193  Val 2.7939/0.3355  (10.8s)
  [F2 E 85/100] Train 3.1043/0.2230  Val 2.7902/0.3310  (11.0s)
  [F2 E 86/100] Train 3.1116/0.2248  Val 2.7851/0.3385  (12.2s)
  [F2 E 87/100] Train 3.1176/0.2188  Val 2.7993/0.3345  (11.1s)
  [F2 E 88/100] Train 3.0963/0.2180  Val 2.7991/0.3335  (11.5s)
  [F2 E 89/100] Train 3.1213/0.2252  Val 2.7926/0.3345  (13.1s)
  [F2 E 90/100] Train 3.1053/0.2218  Val 2.7939/0.3340  (12.8s)
  [F2 E 91/100] Train 3.0924/0.2188  Val 2.7848/0.3365  (13.0s)
  [F2 E 92/100] Train 3.1078/0.2258  Val 2.7872/0.3415  (13.2s)
  [F2 E 93/100] Train 3.1005/0.2218  Val 2.7874/0.3345  (13.0s)
  [F2 E 94/100] Train 3.1134/0.2262  Val 2.7878/0.3400  (12.8s)
  [F2 E 95/100] Train 3.1089/0.2275  Val 2.7877/0.3355  (12.8s)
  [F2 E 96/100] Train 3.1000/0.2193  Val 2.7871/0.3350  (11.9s)
  [F2 E 97/100] Train 3.1057/0.2215  Val 2.7884/0.3365  (11.4s)
  [F2 E 98/100] Train 3.0983/0.2200  Val 2.7916/0.3350  (11.7s)
  [F2 E 99/100] Train 3.1061/0.2203  Val 2.7901/0.3355  (12.1s)
  [F2 E100/100] Train 3.1000/0.2185  Val 2.7871/0.3355  (11.9s)
  Fold 2 done — best val acc: 0.3415  (20m 40s)

============================================================
  Fold 3/4
============================================================
  Train: 6000, Val: 2000, Test: 2000
  SimpleCNN  params=2,522,950
  [F3 E  1/100] Train 4.1898/0.0617  Val 4.0777/0.0815  (13.2s)
  [F3 E  2/100] Train 4.0646/0.0782  Val 3.9577/0.0830  (11.3s)
  [F3 E  3/100] Train 3.9806/0.0842  Val 3.9056/0.0970  (12.3s)
  [F3 E  4/100] Train 3.9139/0.0935  Val 3.8188/0.1030  (11.2s)
  [F3 E  5/100] Train 3.8565/0.1020  Val 3.7503/0.1235  (12.3s)
  [F3 E  6/100] Train 3.7969/0.1080  Val 3.6508/0.1330  (11.6s)
  [F3 E  7/100] Train 3.7490/0.1140  Val 3.6278/0.1490  (10.8s)
  [F3 E  8/100] Train 3.6829/0.1288  Val 3.6143/0.1395  (11.1s)
  [F3 E  9/100] Train 3.6369/0.1245  Val 3.5001/0.1655  (11.6s)
  [F3 E 10/100] Train 3.5778/0.1392  Val 3.4346/0.1600  (11.0s)
  [F3 E 11/100] Train 3.5505/0.1392  Val 3.4585/0.1510  (12.4s)
  [F3 E 12/100] Train 3.5146/0.1477  Val 3.3981/0.1565  (11.0s)
  [F3 E 13/100] Train 3.4865/0.1500  Val 3.3147/0.1860  (10.9s)
  [F3 E 14/100] Train 3.4693/0.1510  Val 3.3277/0.1680  (10.8s)
  [F3 E 15/100] Train 3.4388/0.1593  Val 3.3535/0.1595  (11.0s)
  [F3 E 16/100] Train 3.4142/0.1593  Val 3.3201/0.1770  (12.7s)
  [F3 E 17/100] Train 3.4003/0.1717  Val 3.2043/0.2290  (10.7s)
  [F3 E 18/100] Train 3.3849/0.1662  Val 3.2915/0.2135  (10.9s)
  [F3 E 19/100] Train 3.3592/0.1702  Val 3.2104/0.1885  (11.1s)
  [F3 E 20/100] Train 3.3343/0.1735  Val 3.2149/0.1975  (11.8s)
  [F3 E 21/100] Train 3.3245/0.1758  Val 3.1906/0.2225  (12.1s)
  [F3 E 22/100] Train 3.3162/0.1768  Val 3.1157/0.2305  (11.0s)
  [F3 E 23/100] Train 3.2873/0.1808  Val 3.0623/0.2475  (11.0s)
  [F3 E 24/100] Train 3.2741/0.1883  Val 3.0927/0.2325  (10.9s)
  [F3 E 25/100] Train 3.2650/0.1895  Val 3.0154/0.2455  (11.5s)
  [F3 E 26/100] Train 3.2338/0.1957  Val 3.0330/0.2490  (12.3s)
  [F3 E 27/100] Train 3.2331/0.1945  Val 3.0033/0.2555  (11.8s)
  [F3 E 28/100] Train 3.2071/0.1978  Val 3.0577/0.2530  (11.4s)
  [F3 E 29/100] Train 3.2120/0.1938  Val 3.0072/0.2765  (10.5s)
  [F3 E 30/100] Train 3.1879/0.2023  Val 3.0072/0.2435  (11.8s)
  [F3 E 31/100] Train 3.2038/0.2003  Val 3.0317/0.2685  (11.0s)
  [F3 E 32/100] Train 3.1756/0.2065  Val 2.9640/0.2825  (12.8s)
  [F3 E 33/100] Train 3.1711/0.2188  Val 2.9599/0.2815  (10.7s)
  [F3 E 34/100] Train 3.1561/0.2155  Val 2.9369/0.2685  (10.7s)
  [F3 E 35/100] Train 3.1483/0.2107  Val 2.9485/0.2755  (10.2s)
  [F3 E 36/100] Train 3.1322/0.2177  Val 2.8956/0.2945  (10.5s)
  [F3 E 37/100] Train 3.1342/0.2092  Val 2.8676/0.3055  (11.1s)
  [F3 E 38/100] Train 3.1108/0.2193  Val 2.9581/0.2735  (10.2s)
  [F3 E 39/100] Train 3.1142/0.2173  Val 2.8812/0.2910  (9.3s)
  [F3 E 40/100] Train 3.0980/0.2242  Val 2.8707/0.3170  (10.5s)
  [F3 E 41/100] Train 3.0915/0.2282  Val 2.8383/0.3160  (10.5s)
  [F3 E 42/100] Train 3.0792/0.2287  Val 2.8892/0.2910  (9.8s)
  [F3 E 43/100] Train 3.0682/0.2303  Val 2.8257/0.3195  (11.0s)
  [F3 E 44/100] Train 3.0481/0.2420  Val 2.8197/0.3235  (10.2s)
  [F3 E 45/100] Train 3.0558/0.2348  Val 2.8223/0.3110  (10.3s)
  [F3 E 46/100] Train 3.0288/0.2358  Val 2.8544/0.2950  (9.9s)
  [F3 E 47/100] Train 3.0122/0.2472  Val 2.7874/0.3330  (9.6s)
  [F3 E 48/100] Train 3.0133/0.2487  Val 2.7901/0.3230  (10.7s)
  [F3 E 49/100] Train 3.0163/0.2463  Val 2.8086/0.3130  (11.0s)
  [F3 E 50/100] Train 3.0008/0.2440  Val 2.7343/0.3330  (9.7s)
  [F3 E 51/100] Train 2.9875/0.2480  Val 2.7323/0.3600  (10.0s)
  [F3 E 52/100] Train 2.9894/0.2535  Val 2.7896/0.3375  (9.9s)
  [F3 E 53/100] Train 2.9668/0.2568  Val 2.7573/0.3625  (9.9s)
  [F3 E 54/100] Train 2.9647/0.2583  Val 2.6904/0.3545  (10.2s)
  [F3 E 55/100] Train 2.9601/0.2613  Val 2.7060/0.3640  (10.5s)
  [F3 E 56/100] Train 2.9497/0.2623  Val 2.8052/0.3450  (10.5s)
  [F3 E 57/100] Train 2.9445/0.2653  Val 2.6857/0.3645  (9.7s)
  [F3 E 58/100] Train 2.9430/0.2623  Val 2.7186/0.3595  (9.6s)
  [F3 E 59/100] Train 2.9401/0.2705  Val 2.6760/0.3685  (11.0s)
  [F3 E 60/100] Train 2.9206/0.2748  Val 2.6655/0.3920  (11.4s)
  [F3 E 61/100] Train 2.9177/0.2778  Val 2.6780/0.3675  (11.8s)
  [F3 E 62/100] Train 2.9116/0.2747  Val 2.6509/0.3910  (11.2s)
  [F3 E 63/100] Train 2.9048/0.2657  Val 2.6901/0.3685  (11.2s)
  [F3 E 64/100] Train 2.9140/0.2725  Val 2.6646/0.3880  (11.9s)
  [F3 E 65/100] Train 2.9085/0.2785  Val 2.6408/0.3930  (11.6s)
  [F3 E 66/100] Train 2.9025/0.2783  Val 2.6522/0.3925  (11.8s)
  [F3 E 67/100] Train 2.8852/0.2745  Val 2.6508/0.3875  (12.3s)
  [F3 E 68/100] Train 2.8747/0.2815  Val 2.6084/0.4110  (11.8s)
  [F3 E 69/100] Train 2.8746/0.2842  Val 2.6352/0.3955  (11.9s)
  [F3 E 70/100] Train 2.8749/0.2820  Val 2.6423/0.3820  (11.3s)
  [F3 E 71/100] Train 2.8580/0.2888  Val 2.5957/0.4120  (12.1s)
  [F3 E 72/100] Train 2.8581/0.2905  Val 2.6222/0.4095  (12.0s)
  [F3 E 73/100] Train 2.8465/0.2932  Val 2.6135/0.3990  (12.3s)
  [F3 E 74/100] Train 2.8401/0.2968  Val 2.5909/0.4070  (11.9s)
  [F3 E 75/100] Train 2.8461/0.2980  Val 2.6088/0.3995  (12.2s)
  [F3 E 76/100] Train 2.8472/0.2937  Val 2.6029/0.4075  (11.1s)
  [F3 E 77/100] Train 2.8381/0.2970  Val 2.6123/0.4015  (12.0s)
  [F3 E 78/100] Train 2.8321/0.3005  Val 2.6024/0.4075  (11.3s)
  [F3 E 79/100] Train 2.8289/0.2932  Val 2.5908/0.4175  (10.5s)
  [F3 E 80/100] Train 2.8356/0.2950  Val 2.6034/0.4080  (10.2s)
  [F3 E 81/100] Train 2.8257/0.2945  Val 2.5882/0.4135  (11.7s)
  [F3 E 82/100] Train 2.8242/0.3053  Val 2.5843/0.4120  (9.7s)
  [F3 E 83/100] Train 2.8234/0.2985  Val 2.5688/0.4130  (10.0s)
  [F3 E 84/100] Train 2.8019/0.3037  Val 2.5723/0.4100  (9.6s)
  [F3 E 85/100] Train 2.8329/0.2968  Val 2.5804/0.4215  (9.8s)
  [F3 E 86/100] Train 2.8262/0.2977  Val 2.5777/0.4220  (9.8s)
  [F3 E 87/100] Train 2.8210/0.2963  Val 2.5789/0.4195  (11.7s)
  [F3 E 88/100] Train 2.8234/0.2998  Val 2.5736/0.4210  (10.5s)
  [F3 E 89/100] Train 2.8017/0.3033  Val 2.5751/0.4215  (9.6s)
  [F3 E 90/100] Train 2.8141/0.2988  Val 2.5661/0.4270  (10.8s)
  [F3 E 91/100] Train 2.8095/0.3015  Val 2.5693/0.4275  (10.6s)
  [F3 E 92/100] Train 2.8065/0.2988  Val 2.5700/0.4260  (11.9s)
  [F3 E 93/100] Train 2.7941/0.3087  Val 2.5600/0.4320  (11.2s)
  [F3 E 94/100] Train 2.8105/0.3048  Val 2.5630/0.4255  (11.4s)
  [F3 E 95/100] Train 2.8106/0.3033  Val 2.5668/0.4285  (11.7s)
  [F3 E 96/100] Train 2.8055/0.3098  Val 2.5655/0.4260  (11.4s)
  [F3 E 97/100] Train 2.8032/0.3090  Val 2.5621/0.4270  (11.7s)
  [F3 E 98/100] Train 2.8077/0.2952  Val 2.5627/0.4260  (11.3s)
  [F3 E 99/100] Train 2.7963/0.3142  Val 2.5668/0.4265  (11.3s)
  [F3 E100/100] Train 2.8090/0.3052  Val 2.5643/0.4280  (11.3s)
  Fold 3 done — best val acc: 0.4320  (18m 26s)

============================================================
  Fold 4/4
============================================================
  Train: 6000, Val: 2000, Test: 2000
  SimpleCNN  params=2,522,950
  [F4 E  1/100] Train 4.1890/0.0618  Val 4.0121/0.0800  (14.2s)
  [F4 E  2/100] Train 4.0418/0.0772  Val 3.9506/0.0945  (12.7s)
  [F4 E  3/100] Train 3.9182/0.0905  Val 3.8062/0.0980  (11.7s)
  [F4 E  4/100] Train 3.8308/0.0983  Val 3.7558/0.1165  (11.5s)
  [F4 E  5/100] Train 3.7867/0.1070  Val 3.6695/0.1195  (11.6s)
  [F4 E  6/100] Train 3.7106/0.1142  Val 3.6246/0.1375  (11.7s)
  [F4 E  7/100] Train 3.6430/0.1197  Val 3.5084/0.1470  (11.3s)
  [F4 E  8/100] Train 3.5887/0.1343  Val 3.4719/0.1535  (12.1s)
  [F4 E  9/100] Train 3.5591/0.1352  Val 3.5832/0.1250  (12.1s)
  [F4 E 10/100] Train 3.5113/0.1458  Val 3.3394/0.1790  (11.0s)
  [F4 E 11/100] Train 3.4897/0.1517  Val 3.3187/0.1680  (11.8s)
  [F4 E 12/100] Train 3.4476/0.1515  Val 3.3685/0.1750  (12.2s)
  [F4 E 13/100] Train 3.4383/0.1563  Val 3.2365/0.1840  (12.3s)
  [F4 E 14/100] Train 3.4115/0.1600  Val 3.2153/0.1910  (10.9s)
  [F4 E 15/100] Train 3.3967/0.1617  Val 3.1865/0.2055  (11.9s)
  [F4 E 16/100] Train 3.3641/0.1660  Val 3.2752/0.1955  (10.3s)
  [F4 E 17/100] Train 3.3374/0.1737  Val 3.1326/0.2135  (10.1s)
  [F4 E 18/100] Train 3.3259/0.1740  Val 3.1782/0.2085  (10.6s)
  [F4 E 19/100] Train 3.3231/0.1740  Val 3.1143/0.2165  (10.8s)
  [F4 E 20/100] Train 3.3113/0.1733  Val 3.1225/0.2175  (10.7s)
  [F4 E 21/100] Train 3.2825/0.1817  Val 3.1882/0.2210  (10.3s)
  [F4 E 22/100] Train 3.2505/0.1963  Val 3.0877/0.2325  (11.2s)
  [F4 E 23/100] Train 3.2569/0.1820  Val 3.0158/0.2300  (11.1s)
  [F4 E 24/100] Train 3.2482/0.1928  Val 3.0887/0.2400  (11.0s)
  [F4 E 25/100] Train 3.2340/0.1908  Val 2.9945/0.2540  (12.0s)
  [F4 E 26/100] Train 3.2329/0.1953  Val 3.0039/0.2665  (10.9s)
  [F4 E 27/100] Train 3.2260/0.1903  Val 2.9827/0.2625  (10.4s)
  [F4 E 28/100] Train 3.2070/0.1952  Val 2.9470/0.2645  (11.8s)
  [F4 E 29/100] Train 3.1791/0.2038  Val 2.9438/0.2795  (12.2s)
  [F4 E 30/100] Train 3.1687/0.2130  Val 3.0065/0.2625  (10.5s)
  [F4 E 31/100] Train 3.1736/0.2047  Val 2.9044/0.2885  (10.6s)
  [F4 E 32/100] Train 3.1819/0.2023  Val 2.9278/0.2615  (11.0s)
  [F4 E 33/100] Train 3.1553/0.2197  Val 2.9156/0.2655  (11.5s)
  [F4 E 34/100] Train 3.1404/0.2162  Val 2.9090/0.2885  (11.0s)
  [F4 E 35/100] Train 3.1425/0.2080  Val 2.9150/0.2755  (11.2s)
  [F4 E 36/100] Train 3.1124/0.2142  Val 2.9090/0.2890  (11.8s)
  [F4 E 37/100] Train 3.1277/0.2137  Val 2.8560/0.3000  (10.8s)
  [F4 E 38/100] Train 3.1106/0.2193  Val 2.8757/0.2865  (11.0s)
  [F4 E 39/100] Train 3.0975/0.2197  Val 2.8064/0.3020  (11.4s)
  [F4 E 40/100] Train 3.0873/0.2205  Val 2.9175/0.2925  (11.2s)
  [F4 E 41/100] Train 3.0823/0.2267  Val 2.8146/0.3195  (10.6s)
  [F4 E 42/100] Train 3.0612/0.2345  Val 2.8022/0.3205  (10.7s)
  [F4 E 43/100] Train 3.0622/0.2308  Val 2.8371/0.2980  (10.7s)
  [F4 E 44/100] Train 3.0471/0.2350  Val 2.8345/0.3130  (10.9s)
  [F4 E 45/100] Train 3.0509/0.2352  Val 2.8373/0.3090  (10.7s)
  [F4 E 46/100] Train 3.0397/0.2350  Val 2.7664/0.3180  (11.6s)
  [F4 E 47/100] Train 3.0250/0.2395  Val 2.8000/0.3255  (11.7s)
  [F4 E 48/100] Train 3.0163/0.2382  Val 2.7757/0.3245  (11.5s)
  [F4 E 49/100] Train 3.0171/0.2473  Val 2.7660/0.3360  (11.3s)
  [F4 E 50/100] Train 3.0080/0.2475  Val 2.7517/0.3525  (11.8s)
  [F4 E 51/100] Train 3.0115/0.2483  Val 2.7426/0.3460  (12.7s)
  [F4 E 52/100] Train 2.9912/0.2468  Val 2.7180/0.3480  (12.9s)
  [F4 E 53/100] Train 2.9729/0.2607  Val 2.7314/0.3375  (11.5s)
  [F4 E 54/100] Train 2.9755/0.2528  Val 2.7094/0.3545  (12.6s)
  [F4 E 55/100] Train 2.9666/0.2623  Val 2.7419/0.3325  (13.2s)
  [F4 E 56/100] Train 2.9646/0.2620  Val 2.6944/0.3610  (11.8s)
  [F4 E 57/100] Train 2.9701/0.2537  Val 2.7309/0.3550  (10.7s)
  [F4 E 58/100] Train 2.9372/0.2663  Val 2.6496/0.3725  (11.8s)
  [F4 E 59/100] Train 2.9259/0.2592  Val 2.7177/0.3435  (11.5s)
  [F4 E 60/100] Train 2.9242/0.2665  Val 2.6508/0.3810  (11.2s)
  [F4 E 61/100] Train 2.9177/0.2688  Val 2.6346/0.3745  (11.2s)
  [F4 E 62/100] Train 2.9266/0.2680  Val 2.6656/0.3655  (11.9s)
  [F4 E 63/100] Train 2.9077/0.2738  Val 2.5896/0.3890  (11.2s)
  [F4 E 64/100] Train 2.9061/0.2745  Val 2.6758/0.3825  (11.5s)
  [F4 E 65/100] Train 2.8783/0.2853  Val 2.6074/0.3850  (11.5s)
  [F4 E 66/100] Train 2.8763/0.2835  Val 2.6194/0.3805  (12.2s)
  [F4 E 67/100] Train 2.8693/0.2882  Val 2.6264/0.3805  (11.3s)
  [F4 E 68/100] Train 2.8703/0.2925  Val 2.5719/0.4080  (11.2s)
  [F4 E 69/100] Train 2.8666/0.2875  Val 2.5896/0.4005  (11.8s)
  [F4 E 70/100] Train 2.8611/0.2837  Val 2.5776/0.3990  (11.0s)
  [F4 E 71/100] Train 2.8410/0.2898  Val 2.5758/0.4090  (11.6s)
  [F4 E 72/100] Train 2.8416/0.2873  Val 2.5591/0.4065  (11.3s)
  [F4 E 73/100] Train 2.8450/0.2918  Val 2.5844/0.4005  (11.7s)
  [F4 E 74/100] Train 2.8361/0.2927  Val 2.5487/0.4175  (12.6s)
  [F4 E 75/100] Train 2.8340/0.2958  Val 2.5482/0.4210  (11.1s)
  [F4 E 76/100] Train 2.8242/0.2957  Val 2.5610/0.4085  (11.8s)
  [F4 E 77/100] Train 2.8199/0.2942  Val 2.5384/0.4215  (11.8s)
  [F4 E 78/100] Train 2.8180/0.2998  Val 2.5438/0.4205  (11.0s)
  [F4 E 79/100] Train 2.8184/0.2968  Val 2.5138/0.4280  (12.3s)
  [F4 E 80/100] Train 2.8144/0.2933  Val 2.5483/0.4200  (11.2s)
  [F4 E 81/100] Train 2.7980/0.3123  Val 2.5512/0.4155  (12.4s)
  [F4 E 82/100] Train 2.8007/0.3033  Val 2.5298/0.4175  (11.3s)
  [F4 E 83/100] Train 2.7951/0.3110  Val 2.5252/0.4195  (11.1s)
  [F4 E 84/100] Train 2.7860/0.3100  Val 2.5330/0.4140  (11.7s)
  [F4 E 85/100] Train 2.8153/0.3028  Val 2.5328/0.4195  (11.3s)
  [F4 E 86/100] Train 2.8017/0.3073  Val 2.5212/0.4240  (11.5s)
  [F4 E 87/100] Train 2.8062/0.3065  Val 2.5189/0.4245  (11.9s)
  [F4 E 88/100] Train 2.7864/0.3090  Val 2.5220/0.4245  (11.7s)
  [F4 E 89/100] Train 2.7969/0.3068  Val 2.5203/0.4165  (10.8s)
  [F4 E 90/100] Train 2.7863/0.3165  Val 2.5281/0.4185  (11.4s)
  [F4 E 91/100] Train 2.7879/0.3088  Val 2.5228/0.4250  (10.8s)
  [F4 E 92/100] Train 2.8091/0.3028  Val 2.5252/0.4210  (11.1s)
  [F4 E 93/100] Train 2.8002/0.3053  Val 2.5188/0.4240  (11.2s)
  [F4 E 94/100] Train 2.7975/0.3052  Val 2.5165/0.4260  (11.9s)
  [F4 E 95/100] Train 2.7933/0.3037  Val 2.5158/0.4295  (11.3s)
  [F4 E 96/100] Train 2.7841/0.3090  Val 2.5229/0.4220  (10.9s)
  [F4 E 97/100] Train 2.8048/0.3055  Val 2.5166/0.4255  (11.4s)
  [F4 E 98/100] Train 2.7700/0.3210  Val 2.5171/0.4250  (11.5s)
  [F4 E 99/100] Train 2.7864/0.3135  Val 2.5121/0.4295  (11.9s)
  [F4 E100/100] Train 2.7719/0.3182  Val 2.5143/0.4260  (12.0s)
  Fold 4 done — best val acc: 0.4295  (19m 7s)

============================================================
  Ensemble — Weighted Soft Voting
  Fold val accs: ['0.3645', '0.3415', '0.4320', '0.4295']
  Weights      : ['0.2325', '0.2179', '0.2756', '0.2740']
============================================================
  SimpleCNN  params=2,522,950
  SimpleCNN  params=2,522,950
  SimpleCNN  params=2,522,950
  SimpleCNN  params=2,522,950
Ensemble Test Acc : 0.4460
Class-Norm Acc    : 0.3597
History → /home/work/AIPJ/EF2039_Introduction_to_AI_Programming_Project_1/experiment_3/history_cnn_noattn_vanilla_family_bs32_lr0.001_optadamw.csv
Curve → /home/work/AIPJ/EF2039_Introduction_to_AI_Programming_Project_1/experiment_3/curve_cnn_noattn_vanilla_family_bs32_lr0.001_optadamw.png
Confusion → /home/work/AIPJ/EF2039_Introduction_to_AI_Programming_Project_1/experiment_3/confusion_cnn_noattn_vanilla_family_bs32_lr0.001_optadamw.png
Class-wise → /home/work/AIPJ/EF2039_Introduction_to_AI_Programming_Project_1/experiment_3/classwise_cnn_noattn_vanilla_family_bs32_lr0.001_optadamw.csv
Predictions → /home/work/AIPJ/EF2039_Introduction_to_AI_Programming_Project_1/experiment_3/predictions_cnn_noattn_vanilla_family_bs32_lr0.001_optadamw.csv
Results → /home/work/AIPJ/EF2039_Introduction_to_AI_Programming_Project_1/experiment_3/results_all.csv
