===== Input Arguments =====
  model         : resnet34
  attn          : none
  tuning        : False
  use_excluded  : False
  use_added     : False
  folds         : 4
  epochs        : 30
  batch_size    : 32
  lr            : 0.001
  optimizer     : adamw
  weight_decay  : 0.0005
  label_smoothing: 0.1
  label         : family
  crop_bbox     : False
  seed          : 42
  save_csv      : results_all.csv
  outdir        : /home/work/AIPJ/EF2039_Introduction_to_AI_Programming_Project_1/experiment_3
===========================
Device: cuda  |  AMP: True  |  Workers: 14
Label: family  |  Classes: 70
Mode: excl=False, added=False  |  Original: 10000, Added(train-only): 0
Test set isolated: 2000 samples (20%, seed=42)
Train+Val pool   : 8000 samples → 4-fold CV

============================================================
  Fold 1/4
============================================================
  Train: 6000, Val: 2000, Test: 2000
  resnet34 (no attention)
  [F1 E  1/30] Train 3.7360/0.1487  Val 3.2448/0.2355  (12.4s)
  [F1 E  2/30] Train 2.9813/0.3400  Val 2.8778/0.3575  (9.8s)
  [F1 E  3/30] Train 2.6406/0.4302  Val 2.6938/0.4025  (9.6s)
  [F1 E  4/30] Train 2.4685/0.4783  Val 2.5550/0.4320  (9.3s)
  [F1 E  5/30] Train 2.3507/0.5092  Val 2.4897/0.4615  (9.3s)
  [Epoch 6] Backbone unfreeze (lr=1e-04)
  [F1 E  6/30] Train 1.7972/0.6833  Val 1.6529/0.7250  (9.6s)
  [F1 E  7/30] Train 1.2695/0.8652  Val 1.5111/0.7740  (9.9s)
  [F1 E  8/30] Train 1.0852/0.9375  Val 1.4623/0.7990  (9.6s)
  [F1 E  9/30] Train 0.9898/0.9618  Val 1.3541/0.8365  (10.3s)
  [F1 E 10/30] Train 0.9319/0.9797  Val 1.3486/0.8345  (10.5s)
  [F1 E 11/30] Train 0.8873/0.9903  Val 1.2807/0.8595  (10.2s)
  [F1 E 12/30] Train 0.8621/0.9953  Val 1.2890/0.8575  (10.0s)
  [F1 E 13/30] Train 0.8550/0.9942  Val 1.2885/0.8485  (10.7s)
  [F1 E 14/30] Train 0.8355/0.9977  Val 1.2274/0.8755  (10.1s)
  [F1 E 15/30] Train 0.8267/0.9975  Val 1.2055/0.8770  (10.2s)
  [F1 E 16/30] Train 0.8151/0.9992  Val 1.1945/0.8805  (10.3s)
  [F1 E 17/30] Train 0.8084/0.9985  Val 1.1934/0.8900  (10.8s)
  [F1 E 18/30] Train 0.8019/0.9995  Val 1.1829/0.8880  (10.4s)
  [F1 E 19/30] Train 0.7935/1.0000  Val 1.1775/0.8905  (10.6s)
  [F1 E 20/30] Train 0.7892/0.9997  Val 1.1889/0.8860  (9.8s)
  [F1 E 21/30] Train 0.7851/1.0000  Val 1.1547/0.8980  (10.3s)
  [F1 E 22/30] Train 0.7806/0.9998  Val 1.1648/0.8930  (10.4s)
  [F1 E 23/30] Train 0.7785/1.0000  Val 1.1524/0.8945  (9.5s)
  [F1 E 24/30] Train 0.7760/1.0000  Val 1.1497/0.8980  (10.8s)
  [F1 E 25/30] Train 0.7734/0.9998  Val 1.1429/0.9010  (10.2s)
  [F1 E 26/30] Train 0.7718/1.0000  Val 1.1467/0.9010  (9.8s)
  [F1 E 27/30] Train 0.7703/1.0000  Val 1.1422/0.9035  (10.5s)
  [F1 E 28/30] Train 0.7695/1.0000  Val 1.1436/0.9020  (9.7s)
  [F1 E 29/30] Train 0.7694/1.0000  Val 1.1433/0.9060  (9.7s)
  [F1 E 30/30] Train 0.7687/1.0000  Val 1.1439/0.9015  (10.1s)
  Fold 1 done — best val acc: 0.9060  (5m 7s)

============================================================
  Fold 2/4
============================================================
  Train: 6000, Val: 2000, Test: 2000
  resnet34 (no attention)
  [F2 E  1/30] Train 3.7406/0.1535  Val 3.2410/0.2710  (12.2s)
  [F2 E  2/30] Train 2.9770/0.3348  Val 2.8412/0.3705  (10.6s)
  [F2 E  3/30] Train 2.6555/0.4238  Val 2.6495/0.4010  (10.6s)
  [F2 E  4/30] Train 2.4649/0.4777  Val 2.5254/0.4645  (10.5s)
  [F2 E  5/30] Train 2.3553/0.5090  Val 2.4803/0.4665  (10.4s)
  [Epoch 6] Backbone unfreeze (lr=1e-04)
  [F2 E  6/30] Train 1.7976/0.6780  Val 1.6433/0.7410  (11.5s)
  [F2 E  7/30] Train 1.2637/0.8728  Val 1.5018/0.7815  (12.0s)
  [F2 E  8/30] Train 1.0841/0.9358  Val 1.4684/0.7880  (11.4s)
  [F2 E  9/30] Train 0.9889/0.9660  Val 1.4258/0.8015  (12.0s)
  [F2 E 10/30] Train 0.9313/0.9810  Val 1.3289/0.8450  (11.4s)
  [F2 E 11/30] Train 0.8921/0.9875  Val 1.2758/0.8635  (11.7s)
  [F2 E 12/30] Train 0.8677/0.9930  Val 1.2946/0.8525  (12.0s)
  [F2 E 13/30] Train 0.8542/0.9942  Val 1.2458/0.8665  (10.9s)
  [F2 E 14/30] Train 0.8375/0.9962  Val 1.2292/0.8825  (11.1s)
  [F2 E 15/30] Train 0.8259/0.9965  Val 1.2217/0.8805  (11.7s)
  [F2 E 16/30] Train 0.8160/0.9987  Val 1.2053/0.8820  (11.8s)
  [F2 E 17/30] Train 0.8048/0.9997  Val 1.1862/0.8855  (11.5s)
  [F2 E 18/30] Train 0.7990/0.9995  Val 1.1810/0.8910  (12.0s)
  [F2 E 19/30] Train 0.7934/0.9998  Val 1.1699/0.8950  (12.6s)
  [F2 E 20/30] Train 0.7879/0.9998  Val 1.1697/0.8985  (12.3s)
  [F2 E 21/30] Train 0.7834/1.0000  Val 1.1686/0.8980  (12.5s)
  [F2 E 22/30] Train 0.7798/0.9998  Val 1.1677/0.8980  (12.3s)
  [F2 E 23/30] Train 0.7777/0.9998  Val 1.1618/0.9015  (12.7s)
  [F2 E 24/30] Train 0.7754/0.9998  Val 1.1494/0.9020  (12.5s)
  [F2 E 25/30] Train 0.7739/1.0000  Val 1.1539/0.8990  (12.8s)
  [F2 E 26/30] Train 0.7723/1.0000  Val 1.1529/0.9020  (11.6s)
  [F2 E 27/30] Train 0.7703/1.0000  Val 1.1522/0.9010  (11.0s)
  [F2 E 28/30] Train 0.7695/1.0000  Val 1.1559/0.9010  (11.4s)
  [F2 E 29/30] Train 0.7687/1.0000  Val 1.1495/0.9055  (11.3s)
  [F2 E 30/30] Train 0.7687/1.0000  Val 1.1492/0.9020  (11.1s)
  Fold 2 done — best val acc: 0.9055  (5m 52s)

============================================================
  Fold 3/4
============================================================
  Train: 6000, Val: 2000, Test: 2000
  resnet34 (no attention)
  [F3 E  1/30] Train 3.7387/0.1452  Val 3.2301/0.2595  (13.0s)
  [F3 E  2/30] Train 2.9766/0.3263  Val 2.8762/0.3395  (12.2s)
  [F3 E  3/30] Train 2.6506/0.4178  Val 2.6562/0.4045  (11.5s)
  [F3 E  4/30] Train 2.4625/0.4760  Val 2.5893/0.4165  (11.5s)
  [F3 E  5/30] Train 2.3563/0.5152  Val 2.5367/0.4340  (11.0s)
  [Epoch 6] Backbone unfreeze (lr=1e-04)
  [F3 E  6/30] Train 1.8011/0.6770  Val 1.6677/0.7255  (12.7s)
  [F3 E  7/30] Train 1.2522/0.8760  Val 1.5378/0.7750  (11.9s)
  [F3 E  8/30] Train 1.0738/0.9363  Val 1.4375/0.8110  (12.2s)
  [F3 E  9/30] Train 0.9923/0.9622  Val 1.3886/0.8295  (12.2s)
  [F3 E 10/30] Train 0.9306/0.9797  Val 1.3708/0.8220  (11.5s)
  [F3 E 11/30] Train 0.8939/0.9888  Val 1.3397/0.8315  (11.9s)
  [F3 E 12/30] Train 0.8689/0.9915  Val 1.2767/0.8600  (12.0s)
  [F3 E 13/30] Train 0.8478/0.9950  Val 1.2734/0.8650  (12.2s)
  [F3 E 14/30] Train 0.8368/0.9967  Val 1.2508/0.8665  (11.6s)
  [F3 E 15/30] Train 0.8239/0.9977  Val 1.2294/0.8700  (11.9s)
  [F3 E 16/30] Train 0.8114/0.9995  Val 1.2137/0.8735  (12.4s)
  [F3 E 17/30] Train 0.8045/0.9987  Val 1.2102/0.8750  (12.6s)
  [F3 E 18/30] Train 0.8026/0.9992  Val 1.1948/0.8780  (12.1s)
  [F3 E 19/30] Train 0.7939/0.9992  Val 1.1773/0.8860  (12.6s)
  [F3 E 20/30] Train 0.7899/0.9992  Val 1.1672/0.8920  (12.3s)
  [F3 E 21/30] Train 0.7843/1.0000  Val 1.1773/0.8830  (11.2s)
  [F3 E 22/30] Train 0.7819/1.0000  Val 1.1774/0.8880  (12.5s)
  [F3 E 23/30] Train 0.7777/0.9998  Val 1.1730/0.8920  (12.1s)
  [F3 E 24/30] Train 0.7753/1.0000  Val 1.1762/0.8860  (12.0s)
  [F3 E 25/30] Train 0.7733/1.0000  Val 1.1702/0.8885  (12.4s)
  [F3 E 26/30] Train 0.7711/1.0000  Val 1.1641/0.8890  (12.2s)
  [F3 E 27/30] Train 0.7705/1.0000  Val 1.1574/0.8915  (11.9s)
  [F3 E 28/30] Train 0.7697/1.0000  Val 1.1636/0.8855  (12.5s)
  [F3 E 29/30] Train 0.7686/1.0000  Val 1.1635/0.8875  (11.3s)
  [F3 E 30/30] Train 0.7684/1.0000  Val 1.1544/0.8875  (12.7s)
  Fold 3 done — best val acc: 0.8920  (6m 4s)

============================================================
  Fold 4/4
============================================================
  Train: 6000, Val: 2000, Test: 2000
  resnet34 (no attention)
  [F4 E  1/30] Train 3.7260/0.1523  Val 3.2391/0.2700  (13.3s)
  [F4 E  2/30] Train 2.9709/0.3320  Val 2.8506/0.3750  (11.6s)
  [F4 E  3/30] Train 2.6488/0.4235  Val 2.7219/0.3825  (12.8s)
  [F4 E  4/30] Train 2.4652/0.4757  Val 2.5546/0.4500  (11.9s)
  [F4 E  5/30] Train 2.3537/0.5057  Val 2.5350/0.4565  (12.2s)
  [Epoch 6] Backbone unfreeze (lr=1e-04)
  [F4 E  6/30] Train 1.7941/0.6830  Val 1.6388/0.7340  (13.7s)
  [F4 E  7/30] Train 1.2563/0.8738  Val 1.4846/0.7810  (13.4s)
  [F4 E  8/30] Train 1.0890/0.9313  Val 1.4532/0.8010  (12.5s)
  [F4 E  9/30] Train 0.9884/0.9640  Val 1.3735/0.8280  (13.1s)
  [F4 E 10/30] Train 0.9352/0.9787  Val 1.3678/0.8235  (12.9s)
  [F4 E 11/30] Train 0.8986/0.9870  Val 1.3016/0.8505  (13.5s)
  [F4 E 12/30] Train 0.8707/0.9933  Val 1.2874/0.8550  (13.4s)
  [F4 E 13/30] Train 0.8525/0.9955  Val 1.2535/0.8690  (13.1s)
  [F4 E 14/30] Train 0.8384/0.9958  Val 1.2354/0.8810  (13.4s)
  [F4 E 15/30] Train 0.8236/0.9980  Val 1.2067/0.8785  (13.2s)
  [F4 E 16/30] Train 0.8145/0.9980  Val 1.2213/0.8745  (12.7s)
  [F4 E 17/30] Train 0.8048/0.9997  Val 1.1987/0.8835  (13.8s)
  [F4 E 18/30] Train 0.7993/0.9995  Val 1.1848/0.8835  (12.6s)
  [F4 E 19/30] Train 0.7955/0.9992  Val 1.1842/0.8890  (13.3s)
  [F4 E 20/30] Train 0.7895/0.9993  Val 1.1802/0.8815  (13.4s)
  [F4 E 21/30] Train 0.7850/0.9998  Val 1.1680/0.8880  (12.8s)
  [F4 E 22/30] Train 0.7806/1.0000  Val 1.1669/0.8870  (12.9s)
  [F4 E 23/30] Train 0.7778/1.0000  Val 1.1655/0.8935  (13.5s)
  [F4 E 24/30] Train 0.7751/1.0000  Val 1.1575/0.8915  (13.5s)
  [F4 E 25/30] Train 0.7732/0.9997  Val 1.1527/0.8935  (12.6s)
  [F4 E 26/30] Train 0.7714/1.0000  Val 1.1560/0.8955  (13.7s)
  [F4 E 27/30] Train 0.7704/0.9998  Val 1.1538/0.8960  (13.0s)
  [F4 E 28/30] Train 0.7697/1.0000  Val 1.1505/0.8960  (12.8s)
  [F4 E 29/30] Train 0.7693/1.0000  Val 1.1520/0.8965  (12.7s)
  [F4 E 30/30] Train 0.7686/1.0000  Val 1.1494/0.8935  (12.6s)
  Fold 4 done — best val acc: 0.8965  (6m 32s)

============================================================
  Ensemble — Weighted Soft Voting
  Fold val accs: ['0.9060', '0.9055', '0.8920', '0.8965']
  Weights      : ['0.2517', '0.2515', '0.2478', '0.2490']
============================================================
  resnet34 (no attention)
  resnet34 (no attention)
  resnet34 (no attention)
  resnet34 (no attention)
Ensemble Test Acc : 0.9045
Class-Norm Acc    : 0.8881
History → /home/work/AIPJ/EF2039_Introduction_to_AI_Programming_Project_1/experiment_3/history_resnet34_noattn_vanilla_family_bs32_lr0.001_optadamw.csv
Curve → /home/work/AIPJ/EF2039_Introduction_to_AI_Programming_Project_1/experiment_3/curve_resnet34_noattn_vanilla_family_bs32_lr0.001_optadamw.png
Confusion → /home/work/AIPJ/EF2039_Introduction_to_AI_Programming_Project_1/experiment_3/confusion_resnet34_noattn_vanilla_family_bs32_lr0.001_optadamw.png
Class-wise → /home/work/AIPJ/EF2039_Introduction_to_AI_Programming_Project_1/experiment_3/classwise_resnet34_noattn_vanilla_family_bs32_lr0.001_optadamw.csv
Predictions → /home/work/AIPJ/EF2039_Introduction_to_AI_Programming_Project_1/experiment_3/predictions_resnet34_noattn_vanilla_family_bs32_lr0.001_optadamw.csv
Results → /home/work/AIPJ/EF2039_Introduction_to_AI_Programming_Project_1/experiment_3/results_all.csv
