===== Input Arguments =====
  model         : resnet34
  attn          : none
  tuning        : False
  use_excluded  : True
  use_added     : False
  folds         : 4
  epochs        : 30
  batch_size    : 32
  lr            : 0.001
  optimizer     : adamw
  weight_decay  : 0.0005
  label_smoothing: 0.1
  label         : family
  crop_bbox     : False
  seed          : 42
  save_csv      : results_all.csv
  outdir        : /home/work/AIPJ/EF2039_Introduction_to_AI_Programming_Project_1/experiment_3
===========================
Device: cuda  |  AMP: True  |  Workers: 14
Label: family  |  Classes: 70
Mode: excl=True, added=False  |  Original: 10000, Added(train-only): 0
Test set isolated: 2000 samples (20%, seed=42)
Train+Val pool   : 8000 samples → 4-fold CV

============================================================
  Fold 1/4
============================================================
  Train: 6000, Val: 2000, Test: 2000
  resnet34 (no attention)
  [F1 E  1/30] Train 3.7180/0.1568  Val 3.2307/0.2355  (11.0s)
  [F1 E  2/30] Train 2.9729/0.3367  Val 2.8040/0.3830  (11.0s)
  [F1 E  3/30] Train 2.6564/0.4268  Val 2.6968/0.3920  (11.8s)
  [F1 E  4/30] Train 2.4676/0.4772  Val 2.5541/0.4450  (11.6s)
  [F1 E  5/30] Train 2.3540/0.5008  Val 2.5007/0.4495  (12.1s)
  [Epoch 6] Backbone unfreeze (lr=1e-04)
  [F1 E  6/30] Train 1.8075/0.6755  Val 1.6351/0.7155  (12.4s)
  [F1 E  7/30] Train 1.2628/0.8693  Val 1.4899/0.7850  (12.9s)
  [F1 E  8/30] Train 1.0904/0.9338  Val 1.4282/0.7985  (12.9s)
  [F1 E  9/30] Train 0.9845/0.9690  Val 1.3405/0.8370  (13.8s)
  [F1 E 10/30] Train 0.9455/0.9742  Val 1.3196/0.8420  (13.3s)
  [F1 E 11/30] Train 0.9027/0.9855  Val 1.2728/0.8520  (13.2s)
  [F1 E 12/30] Train 0.8668/0.9943  Val 1.2213/0.8740  (14.4s)
  [F1 E 13/30] Train 0.8487/0.9957  Val 1.1953/0.8770  (14.0s)
  [F1 E 14/30] Train 0.8343/0.9978  Val 1.1996/0.8775  (12.3s)
  [F1 E 15/30] Train 0.8232/0.9983  Val 1.1937/0.8800  (13.4s)
  [F1 E 16/30] Train 0.8126/0.9987  Val 1.1654/0.8890  (11.5s)
  [F1 E 17/30] Train 0.8065/0.9993  Val 1.1658/0.8895  (11.3s)
  [F1 E 18/30] Train 0.7987/0.9995  Val 1.1638/0.8935  (12.2s)
  [F1 E 19/30] Train 0.7935/0.9997  Val 1.1679/0.8870  (12.8s)
  [F1 E 20/30] Train 0.7878/1.0000  Val 1.1497/0.8885  (12.8s)
  [F1 E 21/30] Train 0.7858/0.9997  Val 1.1453/0.8990  (12.4s)
  [F1 E 22/30] Train 0.7815/1.0000  Val 1.1346/0.8980  (13.1s)
  [F1 E 23/30] Train 0.7772/1.0000  Val 1.1329/0.8985  (12.0s)
  [F1 E 24/30] Train 0.7757/0.9997  Val 1.1352/0.8975  (12.7s)
  [F1 E 25/30] Train 0.7737/1.0000  Val 1.1306/0.8990  (13.1s)
  [F1 E 26/30] Train 0.7721/1.0000  Val 1.1276/0.9015  (12.0s)
  [F1 E 27/30] Train 0.7704/1.0000  Val 1.1255/0.9030  (13.0s)
  [F1 E 28/30] Train 0.7697/1.0000  Val 1.1263/0.9010  (13.1s)
  [F1 E 29/30] Train 0.7687/1.0000  Val 1.1249/0.9040  (12.9s)
  [F1 E 30/30] Train 0.7692/1.0000  Val 1.1261/0.9015  (11.0s)
  Fold 1 done — best val acc: 0.9040  (6m 19s)

============================================================
  Fold 2/4
============================================================
  Train: 6000, Val: 2000, Test: 2000
  resnet34 (no attention)
  [F2 E  1/30] Train 3.7238/0.1553  Val 3.1957/0.2605  (13.1s)
  [F2 E  2/30] Train 2.9709/0.3312  Val 2.8185/0.3860  (12.1s)
  [F2 E  3/30] Train 2.6476/0.4300  Val 2.6610/0.4150  (12.1s)
  [F2 E  4/30] Train 2.4691/0.4712  Val 2.5792/0.4260  (12.5s)
  [F2 E  5/30] Train 2.3419/0.5143  Val 2.4694/0.4610  (13.1s)
  [Epoch 6] Backbone unfreeze (lr=1e-04)
  [F2 E  6/30] Train 1.7918/0.6788  Val 1.7248/0.6885  (12.4s)
  [F2 E  7/30] Train 1.2599/0.8727  Val 1.4534/0.8020  (11.8s)
  [F2 E  8/30] Train 1.0816/0.9347  Val 1.3884/0.8280  (12.0s)
  [F2 E  9/30] Train 0.9902/0.9658  Val 1.3504/0.8375  (12.8s)
  [F2 E 10/30] Train 0.9276/0.9800  Val 1.3353/0.8420  (11.1s)
  [F2 E 11/30] Train 0.9023/0.9847  Val 1.2968/0.8615  (12.1s)
  [F2 E 12/30] Train 0.8703/0.9917  Val 1.2682/0.8690  (12.4s)
  [F2 E 13/30] Train 0.8515/0.9957  Val 1.2746/0.8665  (12.3s)
  [F2 E 14/30] Train 0.8377/0.9972  Val 1.2316/0.8800  (11.7s)
  [F2 E 15/30] Train 0.8248/0.9983  Val 1.2143/0.8815  (12.1s)
  [F2 E 16/30] Train 0.8161/0.9985  Val 1.1887/0.8885  (13.2s)
  [F2 E 17/30] Train 0.8056/0.9990  Val 1.1874/0.8895  (11.6s)
  [F2 E 18/30] Train 0.7981/0.9990  Val 1.1856/0.8900  (13.4s)
  [F2 E 19/30] Train 0.7917/0.9997  Val 1.1682/0.8980  (12.8s)
  [F2 E 20/30] Train 0.7907/0.9993  Val 1.1775/0.8915  (11.7s)
  [F2 E 21/30] Train 0.7841/0.9997  Val 1.1686/0.8965  (12.4s)
  [F2 E 22/30] Train 0.7812/1.0000  Val 1.1511/0.9055  (12.9s)
  [F2 E 23/30] Train 0.7785/1.0000  Val 1.1487/0.9055  (12.5s)
  [F2 E 24/30] Train 0.7754/1.0000  Val 1.1567/0.9020  (12.1s)
  [F2 E 25/30] Train 0.7728/1.0000  Val 1.1531/0.9025  (12.8s)
  [F2 E 26/30] Train 0.7713/1.0000  Val 1.1501/0.9035  (12.6s)
  [F2 E 27/30] Train 0.7708/0.9998  Val 1.1486/0.9045  (13.0s)
  [F2 E 28/30] Train 0.7701/1.0000  Val 1.1477/0.9000  (13.8s)
  [F2 E 29/30] Train 0.7695/1.0000  Val 1.1521/0.9005  (12.6s)
  [F2 E 30/30] Train 0.7686/1.0000  Val 1.1471/0.9050  (13.4s)
  Fold 2 done — best val acc: 0.9055  (6m 17s)

============================================================
  Fold 3/4
============================================================
  Train: 6000, Val: 2000, Test: 2000
  resnet34 (no attention)
  [F3 E  1/30] Train 3.7301/0.1570  Val 3.2024/0.2600  (15.2s)
  [F3 E  2/30] Train 2.9783/0.3417  Val 2.8737/0.3550  (13.7s)
  [F3 E  3/30] Train 2.6540/0.4220  Val 2.6607/0.3960  (14.1s)
  [F3 E  4/30] Train 2.4570/0.4793  Val 2.5565/0.4335  (12.6s)
  [F3 E  5/30] Train 2.3530/0.5130  Val 2.5265/0.4355  (13.5s)
  [Epoch 6] Backbone unfreeze (lr=1e-04)
  [F3 E  6/30] Train 1.8040/0.6722  Val 1.7079/0.7135  (12.8s)
  [F3 E  7/30] Train 1.2637/0.8723  Val 1.4702/0.7975  (12.9s)
  [F3 E  8/30] Train 1.0785/0.9375  Val 1.3995/0.8165  (13.3s)
  [F3 E  9/30] Train 0.9807/0.9685  Val 1.3584/0.8325  (13.7s)
  [F3 E 10/30] Train 0.9326/0.9768  Val 1.3896/0.8200  (13.6s)
  [F3 E 11/30] Train 0.9020/0.9848  Val 1.3067/0.8475  (13.6s)
  [F3 E 12/30] Train 0.8765/0.9902  Val 1.2919/0.8480  (13.6s)
  [F3 E 13/30] Train 0.8510/0.9958  Val 1.2755/0.8575  (13.8s)
  [F3 E 14/30] Train 0.8331/0.9978  Val 1.2373/0.8635  (13.7s)
  [F3 E 15/30] Train 0.8235/0.9977  Val 1.2394/0.8630  (13.4s)
  [F3 E 16/30] Train 0.8127/0.9993  Val 1.2113/0.8770  (14.6s)
  [F3 E 17/30] Train 0.8039/0.9997  Val 1.2027/0.8845  (14.0s)
  [F3 E 18/30] Train 0.7998/0.9992  Val 1.2030/0.8780  (14.0s)
  [F3 E 19/30] Train 0.7928/1.0000  Val 1.1847/0.8795  (13.2s)
  [F3 E 20/30] Train 0.7881/0.9998  Val 1.1848/0.8850  (13.4s)
  [F3 E 21/30] Train 0.7835/1.0000  Val 1.1769/0.8875  (13.8s)
  [F3 E 22/30] Train 0.7812/1.0000  Val 1.1660/0.8880  (13.3s)
  [F3 E 23/30] Train 0.7776/1.0000  Val 1.1673/0.8960  (13.5s)
  [F3 E 24/30] Train 0.7749/0.9998  Val 1.1665/0.8850  (13.7s)
  [F3 E 25/30] Train 0.7740/0.9998  Val 1.1660/0.8865  (12.7s)
  [F3 E 26/30] Train 0.7713/1.0000  Val 1.1564/0.8945  (12.6s)
  [F3 E 27/30] Train 0.7702/1.0000  Val 1.1580/0.8900  (13.6s)
  [F3 E 28/30] Train 0.7698/1.0000  Val 1.1531/0.8940  (12.8s)
  [F3 E 29/30] Train 0.7695/1.0000  Val 1.1510/0.8945  (13.3s)
  [F3 E 30/30] Train 0.7688/1.0000  Val 1.1495/0.8945  (13.5s)
  Fold 3 done — best val acc: 0.8960  (6m 48s)

============================================================
  Fold 4/4
============================================================
  Train: 6000, Val: 2000, Test: 2000
  resnet34 (no attention)
  [F4 E  1/30] Train 3.7176/0.1550  Val 3.2701/0.2165  (15.4s)
  [F4 E  2/30] Train 2.9702/0.3267  Val 2.8289/0.3740  (12.4s)
  [F4 E  3/30] Train 2.6342/0.4337  Val 2.6710/0.4145  (14.2s)
  [F4 E  4/30] Train 2.4458/0.4825  Val 2.6163/0.4230  (12.3s)
  [F4 E  5/30] Train 2.3424/0.5117  Val 2.4899/0.4705  (13.1s)
  [Epoch 6] Backbone unfreeze (lr=1e-04)
  [F4 E  6/30] Train 1.7795/0.6832  Val 1.6495/0.7305  (13.3s)
  [F4 E  7/30] Train 1.2655/0.8735  Val 1.4938/0.7815  (14.1s)
  [F4 E  8/30] Train 1.0811/0.9340  Val 1.4276/0.8090  (13.8s)
  [F4 E  9/30] Train 0.9818/0.9678  Val 1.3630/0.8280  (13.5s)
  [F4 E 10/30] Train 0.9379/0.9768  Val 1.3400/0.8380  (14.2s)
  [F4 E 11/30] Train 0.9014/0.9858  Val 1.3033/0.8445  (13.7s)
  [F4 E 12/30] Train 0.8698/0.9920  Val 1.2820/0.8600  (13.1s)
  [F4 E 13/30] Train 0.8511/0.9958  Val 1.2457/0.8660  (12.0s)
  [F4 E 14/30] Train 0.8378/0.9967  Val 1.2534/0.8585  (12.7s)
  [F4 E 15/30] Train 0.8233/0.9993  Val 1.2161/0.8660  (12.9s)
  [F4 E 16/30] Train 0.8121/0.9997  Val 1.2130/0.8775  (13.2s)
  [F4 E 17/30] Train 0.8067/0.9990  Val 1.2086/0.8775  (12.7s)
  [F4 E 18/30] Train 0.8009/0.9988  Val 1.1961/0.8785  (12.6s)
  [F4 E 19/30] Train 0.7939/0.9993  Val 1.1869/0.8805  (14.1s)
  [F4 E 20/30] Train 0.7893/1.0000  Val 1.1860/0.8820  (12.6s)
  [F4 E 21/30] Train 0.7836/0.9997  Val 1.1849/0.8800  (13.1s)
  [F4 E 22/30] Train 0.7794/0.9997  Val 1.1655/0.8845  (13.0s)
  [F4 E 23/30] Train 0.7782/0.9998  Val 1.1646/0.8870  (12.8s)
  [F4 E 24/30] Train 0.7747/1.0000  Val 1.1535/0.8905  (13.2s)
  [F4 E 25/30] Train 0.7726/1.0000  Val 1.1591/0.8940  (12.8s)
  [F4 E 26/30] Train 0.7725/1.0000  Val 1.1555/0.8920  (13.5s)
  [F4 E 27/30] Train 0.7699/1.0000  Val 1.1550/0.8900  (13.0s)
  [F4 E 28/30] Train 0.7690/1.0000  Val 1.1609/0.8960  (14.0s)
  [F4 E 29/30] Train 0.7689/1.0000  Val 1.1572/0.8935  (13.3s)
  [F4 E 30/30] Train 0.7687/1.0000  Val 1.1613/0.8910  (13.2s)
  Fold 4 done — best val acc: 0.8960  (6m 41s)

============================================================
  Ensemble — Weighted Soft Voting
  Fold val accs: ['0.9040', '0.9055', '0.8960', '0.8960']
  Weights      : ['0.2510', '0.2514', '0.2488', '0.2488']
============================================================
  resnet34 (no attention)
  resnet34 (no attention)
  resnet34 (no attention)
  resnet34 (no attention)
Ensemble Test Acc : 0.9065
Class-Norm Acc    : 0.8911
History → /home/work/AIPJ/EF2039_Introduction_to_AI_Programming_Project_1/experiment_3/history_resnet34_noattn_excl_family_bs32_lr0.001_optadamw.csv
Curve → /home/work/AIPJ/EF2039_Introduction_to_AI_Programming_Project_1/experiment_3/curve_resnet34_noattn_excl_family_bs32_lr0.001_optadamw.png
Confusion → /home/work/AIPJ/EF2039_Introduction_to_AI_Programming_Project_1/experiment_3/confusion_resnet34_noattn_excl_family_bs32_lr0.001_optadamw.png
Class-wise → /home/work/AIPJ/EF2039_Introduction_to_AI_Programming_Project_1/experiment_3/classwise_resnet34_noattn_excl_family_bs32_lr0.001_optadamw.csv
Predictions → /home/work/AIPJ/EF2039_Introduction_to_AI_Programming_Project_1/experiment_3/predictions_resnet34_noattn_excl_family_bs32_lr0.001_optadamw.csv
Results → /home/work/AIPJ/EF2039_Introduction_to_AI_Programming_Project_1/experiment_3/results_all.csv
