===== Input Arguments =====
  model         : resnet34
  attn          : none
  tuning        : False
  use_excluded  : False
  use_added     : True
  folds         : 4
  epochs        : 30
  batch_size    : 32
  lr            : 0.001
  optimizer     : adamw
  weight_decay  : 0.0005
  label_smoothing: 0.1
  label         : family
  crop_bbox     : False
  seed          : 42
  save_csv      : results_all.csv
  outdir        : /home/work/AIPJ/EF2039_Introduction_to_AI_Programming_Project_1/experiment_3
===========================
Device: cuda  |  AMP: True  |  Workers: 14
Label: family  |  Classes: 70
Mode: excl=False, added=True  |  Original: 10000, Added(train-only): 185
Test set isolated: 2000 samples (20%, seed=42)
Train+Val pool   : 8000 samples → 4-fold CV

============================================================
  Fold 1/4
============================================================
  Train: 6185, Val: 2000, Test: 2000
  resnet34 (no attention)
  [F1 E  1/30] Train 3.7421/0.1462  Val 3.2235/0.2635  (13.0s)
  [F1 E  2/30] Train 3.0011/0.3303  Val 2.8288/0.3900  (11.2s)
  [F1 E  3/30] Train 2.6697/0.4188  Val 2.6682/0.4005  (10.3s)
  [F1 E  4/30] Train 2.4918/0.4658  Val 2.5620/0.4375  (12.0s)
  [F1 E  5/30] Train 2.3547/0.5112  Val 2.4922/0.4595  (11.2s)
  [Epoch 6] Backbone unfreeze (lr=1e-04)
  [F1 E  6/30] Train 1.8175/0.6744  Val 1.6337/0.7440  (11.9s)
  [F1 E  7/30] Train 1.2783/0.8611  Val 1.5512/0.7590  (11.7s)
  [F1 E  8/30] Train 1.1033/0.9213  Val 1.4068/0.8225  (11.7s)
  [F1 E  9/30] Train 0.9986/0.9612  Val 1.3601/0.8310  (11.6s)
  [F1 E 10/30] Train 0.9396/0.9782  Val 1.3162/0.8500  (12.3s)
  [F1 E 11/30] Train 0.9089/0.9838  Val 1.3012/0.8535  (12.5s)
  [F1 E 12/30] Train 0.8852/0.9880  Val 1.2776/0.8565  (11.4s)
  [F1 E 13/30] Train 0.8674/0.9913  Val 1.2394/0.8695  (12.3s)
  [F1 E 14/30] Train 0.8435/0.9947  Val 1.2218/0.8775  (11.8s)
  [F1 E 15/30] Train 0.8283/0.9968  Val 1.2145/0.8770  (11.4s)
  [F1 E 16/30] Train 0.8199/0.9976  Val 1.2041/0.8835  (11.0s)
  [F1 E 17/30] Train 0.8143/0.9979  Val 1.1805/0.8875  (11.7s)
  [F1 E 18/30] Train 0.8055/0.9985  Val 1.1878/0.8870  (11.1s)
  [F1 E 19/30] Train 0.7988/0.9989  Val 1.1437/0.9025  (11.4s)
  [F1 E 20/30] Train 0.7941/0.9994  Val 1.1622/0.8845  (12.4s)
  [F1 E 21/30] Train 0.7885/0.9997  Val 1.1467/0.8990  (12.2s)
  [F1 E 22/30] Train 0.7841/0.9994  Val 1.1399/0.9015  (12.5s)
  [F1 E 23/30] Train 0.7791/1.0000  Val 1.1418/0.8990  (12.7s)
  [F1 E 24/30] Train 0.7779/0.9995  Val 1.1442/0.8990  (13.0s)
  [F1 E 25/30] Train 0.7764/0.9995  Val 1.1341/0.9085  (12.8s)
  [F1 E 26/30] Train 0.7729/1.0000  Val 1.1365/0.9035  (11.1s)
  [F1 E 27/30] Train 0.7722/0.9998  Val 1.1352/0.9050  (11.5s)
  [F1 E 28/30] Train 0.7709/1.0000  Val 1.1371/0.9040  (11.3s)
  [F1 E 29/30] Train 0.7708/1.0000  Val 1.1337/0.9075  (11.8s)
  [F1 E 30/30] Train 0.7695/1.0000  Val 1.1295/0.9070  (11.5s)
  Fold 1 done — best val acc: 0.9085  (5m 56s)

============================================================
  Fold 2/4
============================================================
  Train: 6185, Val: 2000, Test: 2000
  resnet34 (no attention)
  [F2 E  1/30] Train 3.7142/0.1518  Val 3.2055/0.2735  (12.7s)
  [F2 E  2/30] Train 2.9816/0.3277  Val 2.8062/0.3840  (12.2s)
  [F2 E  3/30] Train 2.6591/0.4147  Val 2.6327/0.4280  (13.2s)
  [F2 E  4/30] Train 2.4835/0.4658  Val 2.5984/0.4315  (11.6s)
  [F2 E  5/30] Train 2.3669/0.4985  Val 2.4760/0.4710  (12.4s)
  [Epoch 6] Backbone unfreeze (lr=1e-04)
  [F2 E  6/30] Train 1.8153/0.6695  Val 1.6007/0.7530  (12.3s)
  [F2 E  7/30] Train 1.2883/0.8635  Val 1.4645/0.8040  (12.0s)
  [F2 E  8/30] Train 1.1029/0.9230  Val 1.4480/0.8095  (12.4s)
  [F2 E  9/30] Train 0.9970/0.9599  Val 1.3646/0.8375  (13.3s)
  [F2 E 10/30] Train 0.9446/0.9743  Val 1.3268/0.8425  (12.4s)
  [F2 E 11/30] Train 0.9026/0.9854  Val 1.2952/0.8560  (12.6s)
  [F2 E 12/30] Train 0.8829/0.9908  Val 1.2943/0.8570  (12.4s)
  [F2 E 13/30] Train 0.8598/0.9939  Val 1.2433/0.8730  (13.2s)
  [F2 E 14/30] Train 0.8451/0.9953  Val 1.2441/0.8755  (12.5s)
  [F2 E 15/30] Train 0.8314/0.9953  Val 1.2477/0.8690  (12.9s)
  [F2 E 16/30] Train 0.8196/0.9977  Val 1.2251/0.8775  (13.0s)
  [F2 E 17/30] Train 0.8061/0.9998  Val 1.2101/0.8840  (12.4s)
  [F2 E 18/30] Train 0.8023/0.9987  Val 1.1933/0.8880  (12.0s)
  [F2 E 19/30] Train 0.7944/0.9995  Val 1.1820/0.8860  (11.6s)
  [F2 E 20/30] Train 0.7921/0.9992  Val 1.1701/0.8950  (12.6s)
  [F2 E 21/30] Train 0.7865/0.9997  Val 1.1604/0.8945  (11.8s)
  [F2 E 22/30] Train 0.7818/0.9998  Val 1.1599/0.8930  (11.8s)
  [F2 E 23/30] Train 0.7790/0.9997  Val 1.1587/0.8920  (11.9s)
  [F2 E 24/30] Train 0.7771/0.9998  Val 1.1559/0.8930  (11.6s)
  [F2 E 25/30] Train 0.7742/0.9998  Val 1.1487/0.8960  (12.0s)
  [F2 E 26/30] Train 0.7719/0.9997  Val 1.1490/0.8945  (11.9s)
  [F2 E 27/30] Train 0.7713/0.9998  Val 1.1476/0.8985  (12.9s)
  [F2 E 28/30] Train 0.7707/0.9998  Val 1.1455/0.9000  (11.7s)
  [F2 E 29/30] Train 0.7696/0.9998  Val 1.1456/0.8995  (10.8s)
  [F2 E 30/30] Train 0.7697/1.0000  Val 1.1487/0.8985  (11.9s)
  Fold 2 done — best val acc: 0.9000  (6m 10s)

============================================================
  Fold 3/4
============================================================
  Train: 6185, Val: 2000, Test: 2000
  resnet34 (no attention)
  [F3 E  1/30] Train 3.7176/0.1547  Val 3.2205/0.2715  (13.2s)
  [F3 E  2/30] Train 2.9654/0.3353  Val 2.8342/0.3565  (12.8s)
  [F3 E  3/30] Train 2.6540/0.4262  Val 2.6802/0.3850  (12.5s)
  [F3 E  4/30] Train 2.4694/0.4760  Val 2.5607/0.4370  (11.8s)
  [F3 E  5/30] Train 2.3589/0.5009  Val 2.4878/0.4530  (11.6s)
  [Epoch 6] Backbone unfreeze (lr=1e-04)
  [F3 E  6/30] Train 1.8053/0.6739  Val 1.6963/0.6965  (12.9s)
  [F3 E  7/30] Train 1.2769/0.8660  Val 1.5098/0.7660  (13.2s)
  [F3 E  8/30] Train 1.1017/0.9266  Val 1.4395/0.7930  (12.4s)
  [F3 E  9/30] Train 1.0099/0.9554  Val 1.3890/0.8215  (12.7s)
  [F3 E 10/30] Train 0.9459/0.9753  Val 1.3864/0.8320  (13.3s)
  [F3 E 11/30] Train 0.9071/0.9840  Val 1.3097/0.8470  (14.3s)
  [F3 E 12/30] Train 0.8741/0.9918  Val 1.2702/0.8600  (14.3s)
  [F3 E 13/30] Train 0.8515/0.9948  Val 1.2499/0.8635  (13.4s)
  [F3 E 14/30] Train 0.8446/0.9935  Val 1.3002/0.8505  (14.3s)
  [F3 E 15/30] Train 0.8369/0.9955  Val 1.2409/0.8690  (13.9s)
  [F3 E 16/30] Train 0.8139/0.9992  Val 1.2094/0.8810  (14.0s)
  [F3 E 17/30] Train 0.8117/0.9981  Val 1.2087/0.8770  (12.8s)
  [F3 E 18/30] Train 0.8061/0.9976  Val 1.2254/0.8665  (12.3s)
  [F3 E 19/30] Train 0.7971/0.9989  Val 1.2112/0.8725  (14.7s)
  [F3 E 20/30] Train 0.7914/0.9990  Val 1.1915/0.8805  (15.5s)
  [F3 E 21/30] Train 0.7869/0.9992  Val 1.1826/0.8855  (13.1s)
  [F3 E 22/30] Train 0.7836/1.0000  Val 1.1799/0.8820  (12.8s)
  [F3 E 23/30] Train 0.7788/1.0000  Val 1.1740/0.8885  (12.9s)
  [F3 E 24/30] Train 0.7776/0.9997  Val 1.1814/0.8830  (14.7s)
  [F3 E 25/30] Train 0.7752/0.9995  Val 1.1696/0.8945  (13.2s)
  [F3 E 26/30] Train 0.7736/0.9995  Val 1.1622/0.8950  (13.2s)
  [F3 E 27/30] Train 0.7722/1.0000  Val 1.1622/0.8920  (13.2s)
  [F3 E 28/30] Train 0.7711/0.9998  Val 1.1585/0.8925  (13.7s)
  [F3 E 29/30] Train 0.7707/1.0000  Val 1.1587/0.8945  (14.5s)
  [F3 E 30/30] Train 0.7697/0.9998  Val 1.1648/0.8915  (13.9s)
  Fold 3 done — best val acc: 0.8950  (6m 43s)

============================================================
  Fold 4/4
============================================================
  Train: 6185, Val: 2000, Test: 2000
  resnet34 (no attention)
  [F4 E  1/30] Train 3.7128/0.1536  Val 3.1786/0.2750  (15.7s)
  [F4 E  2/30] Train 2.9697/0.3268  Val 2.8550/0.3540  (13.9s)
  [F4 E  3/30] Train 2.6648/0.4137  Val 2.6771/0.3960  (15.1s)
  [F4 E  4/30] Train 2.5007/0.4593  Val 2.5996/0.4245  (14.2s)
  [F4 E  5/30] Train 2.3672/0.5006  Val 2.5284/0.4615  (16.0s)
  [Epoch 6] Backbone unfreeze (lr=1e-04)
  [F4 E  6/30] Train 1.8102/0.6770  Val 1.6581/0.7230  (14.2s)
  [F4 E  7/30] Train 1.2775/0.8697  Val 1.4968/0.7855  (16.8s)
  [F4 E  8/30] Train 1.1052/0.9285  Val 1.4404/0.8100  (16.0s)
  [F4 E  9/30] Train 1.0063/0.9594  Val 1.3883/0.8185  (15.0s)
  [F4 E 10/30] Train 0.9364/0.9774  Val 1.3529/0.8340  (14.5s)
  [F4 E 11/30] Train 0.9140/0.9824  Val 1.3053/0.8455  (14.3s)
  [F4 E 12/30] Train 0.8786/0.9913  Val 1.2535/0.8610  (13.9s)
  [F4 E 13/30] Train 0.8597/0.9924  Val 1.2988/0.8440  (14.6s)
  [F4 E 14/30] Train 0.8502/0.9924  Val 1.2786/0.8610  (14.7s)
  [F4 E 15/30] Train 0.8304/0.9960  Val 1.2468/0.8645  (14.8s)
  [F4 E 16/30] Train 0.8188/0.9984  Val 1.2228/0.8720  (14.9s)
  [F4 E 17/30] Train 0.8105/0.9984  Val 1.2122/0.8850  (15.0s)
  [F4 E 18/30] Train 0.8026/0.9987  Val 1.1991/0.8875  (15.1s)
  [F4 E 19/30] Train 0.7987/0.9995  Val 1.1974/0.8880  (13.9s)
  [F4 E 20/30] Train 0.7921/0.9992  Val 1.1755/0.8845  (14.5s)
  [F4 E 21/30] Train 0.7856/0.9998  Val 1.1736/0.8840  (14.8s)
  [F4 E 22/30] Train 0.7823/1.0000  Val 1.1765/0.8880  (14.9s)
  [F4 E 23/30] Train 0.7818/0.9994  Val 1.1630/0.8890  (15.7s)
  [F4 E 24/30] Train 0.7780/0.9997  Val 1.1614/0.8920  (16.6s)
  [F4 E 25/30] Train 0.7749/0.9997  Val 1.1591/0.8980  (15.9s)
  [F4 E 26/30] Train 0.7738/0.9995  Val 1.1538/0.8990  (15.1s)
  [F4 E 27/30] Train 0.7720/1.0000  Val 1.1539/0.8985  (15.4s)
  [F4 E 28/30] Train 0.7708/0.9998  Val 1.1566/0.8980  (15.4s)
  [F4 E 29/30] Train 0.7707/0.9998  Val 1.1518/0.8965  (15.4s)
  [F4 E 30/30] Train 0.7704/0.9997  Val 1.1520/0.8970  (15.9s)
  Fold 4 done — best val acc: 0.8990  (7m 35s)

============================================================
  Ensemble — Weighted Soft Voting
  Fold val accs: ['0.9085', '0.9000', '0.8950', '0.8990']
  Weights      : ['0.2522', '0.2498', '0.2484', '0.2495']
============================================================
  resnet34 (no attention)
  resnet34 (no attention)
  resnet34 (no attention)
  resnet34 (no attention)
Ensemble Test Acc : 0.9085
Class-Norm Acc    : 0.8929
History → /home/work/AIPJ/EF2039_Introduction_to_AI_Programming_Project_1/experiment_3/history_resnet34_noattn_added_family_bs32_lr0.001_optadamw.csv
Curve → /home/work/AIPJ/EF2039_Introduction_to_AI_Programming_Project_1/experiment_3/curve_resnet34_noattn_added_family_bs32_lr0.001_optadamw.png
Confusion → /home/work/AIPJ/EF2039_Introduction_to_AI_Programming_Project_1/experiment_3/confusion_resnet34_noattn_added_family_bs32_lr0.001_optadamw.png
Class-wise → /home/work/AIPJ/EF2039_Introduction_to_AI_Programming_Project_1/experiment_3/classwise_resnet34_noattn_added_family_bs32_lr0.001_optadamw.csv
Predictions → /home/work/AIPJ/EF2039_Introduction_to_AI_Programming_Project_1/experiment_3/predictions_resnet34_noattn_added_family_bs32_lr0.001_optadamw.csv
Results → /home/work/AIPJ/EF2039_Introduction_to_AI_Programming_Project_1/experiment_3/results_all.csv
