===== Input Arguments =====
  model         : resnet34
  attn          : cbam
  tuning        : False
  use_excluded  : False
  use_added     : True
  folds         : 4
  epochs        : 30
  batch_size    : 32
  lr            : 0.001
  optimizer     : adamw
  weight_decay  : 0.0005
  label_smoothing: 0.1
  label         : family
  crop_bbox     : False
  seed          : 42
  save_csv      : results_all.csv
  outdir        : /home/work/AIPJ/EF2039_Introduction_to_AI_Programming_Project_1/experiment_3
===========================
Device: cuda  |  AMP: True  |  Workers: 14
Label: family  |  Classes: 70
Mode: excl=False, added=True  |  Original: 10000, Added(train-only): 185
Test set isolated: 2000 samples (20%, seed=42)
Train+Val pool   : 8000 samples → 4-fold CV

============================================================
  Fold 1/4
============================================================
  Train: 6185, Val: 2000, Test: 2000
  resnet34 + CBAM  injected=9 modules
  [F1 E  1/30] Train 4.0646/0.0794  Val 3.9609/0.0835  (11.6s)
  [F1 E  2/30] Train 3.9051/0.0886  Val 3.8162/0.0910  (10.1s)
  [F1 E  3/30] Train 3.7828/0.1169  Val 3.7209/0.1235  (10.2s)
  [F1 E  4/30] Train 3.6812/0.1415  Val 3.6360/0.1550  (9.3s)
  [F1 E  5/30] Train 3.5911/0.1605  Val 3.5509/0.1825  (8.9s)
  [Epoch 6] Backbone unfreeze (lr=1e-04)
  [F1 E  6/30] Train 2.5208/0.4375  Val 1.9429/0.6110  (11.6s)
  [F1 E  7/30] Train 1.5910/0.7455  Val 1.6024/0.7330  (11.8s)
  [F1 E  8/30] Train 1.2337/0.8687  Val 1.5618/0.7620  (10.8s)
  [F1 E  9/30] Train 1.0574/0.9392  Val 1.4589/0.8030  (11.3s)
  [F1 E 10/30] Train 0.9522/0.9701  Val 1.4129/0.8125  (11.2s)
  [F1 E 11/30] Train 0.9059/0.9809  Val 1.3333/0.8310  (11.8s)
  [F1 E 12/30] Train 0.8636/0.9906  Val 1.2721/0.8490  (14.8s)
  [F1 E 13/30] Train 0.8329/0.9942  Val 1.2831/0.8485  (14.7s)
  [F1 E 14/30] Train 0.8169/0.9977  Val 1.2697/0.8410  (12.1s)
  [F1 E 15/30] Train 0.8046/0.9977  Val 1.2350/0.8565  (11.3s)
  [F1 E 16/30] Train 0.7904/0.9997  Val 1.1914/0.8695  (11.5s)
  [F1 E 17/30] Train 0.7829/0.9990  Val 1.1969/0.8665  (11.9s)
  [F1 E 18/30] Train 0.7772/0.9992  Val 1.2067/0.8660  (11.3s)
  [F1 E 19/30] Train 0.7715/0.9997  Val 1.1842/0.8720  (11.4s)
  [F1 E 20/30] Train 0.7679/0.9995  Val 1.1805/0.8720  (11.0s)
  [F1 E 21/30] Train 0.7649/0.9997  Val 1.1805/0.8695  (11.1s)
  [F1 E 22/30] Train 0.7620/0.9995  Val 1.1708/0.8785  (12.2s)
  [F1 E 23/30] Train 0.7604/0.9995  Val 1.1630/0.8775  (10.7s)
  [F1 E 24/30] Train 0.7580/0.9998  Val 1.1641/0.8770  (11.0s)
  [F1 E 25/30] Train 0.7568/0.9998  Val 1.1599/0.8795  (10.9s)
  [F1 E 26/30] Train 0.7556/0.9998  Val 1.1613/0.8815  (11.1s)
  [F1 E 27/30] Train 0.7548/1.0000  Val 1.1592/0.8835  (12.1s)
  [F1 E 28/30] Train 0.7548/0.9997  Val 1.1591/0.8790  (11.0s)
  [F1 E 29/30] Train 0.7540/1.0000  Val 1.1615/0.8790  (11.3s)
  [F1 E 30/30] Train 0.7545/0.9998  Val 1.1584/0.8810  (11.0s)
  Fold 1 done — best val acc: 0.8835  (5m 44s)

============================================================
  Fold 2/4
============================================================
  Train: 6185, Val: 2000, Test: 2000
  resnet34 + CBAM  injected=9 modules
  [F2 E  1/30] Train 4.0465/0.0804  Val 3.8943/0.0890  (10.7s)
  [F2 E  2/30] Train 3.8379/0.1046  Val 3.7247/0.1290  (9.5s)
  [F2 E  3/30] Train 3.6870/0.1402  Val 3.6001/0.1685  (9.9s)
  [F2 E  4/30] Train 3.5683/0.1715  Val 3.5051/0.1870  (10.3s)
  [F2 E  5/30] Train 3.4679/0.1932  Val 3.4192/0.2085  (9.9s)
  [Epoch 6] Backbone unfreeze (lr=1e-04)
  [F2 E  6/30] Train 2.4103/0.4655  Val 1.8970/0.6320  (11.2s)
  [F2 E  7/30] Train 1.5528/0.7517  Val 1.6003/0.7305  (11.6s)
  [F2 E  8/30] Train 1.2255/0.8784  Val 1.5387/0.7535  (12.6s)
  [F2 E  9/30] Train 1.0518/0.9411  Val 1.4790/0.7895  (11.4s)
  [F2 E 10/30] Train 0.9554/0.9722  Val 1.3905/0.8170  (11.4s)
  [F2 E 11/30] Train 0.9123/0.9814  Val 1.3274/0.8325  (11.5s)
  [F2 E 12/30] Train 0.8752/0.9874  Val 1.3092/0.8385  (11.5s)
  [F2 E 13/30] Train 0.8468/0.9948  Val 1.2809/0.8440  (12.3s)
  [F2 E 14/30] Train 0.8262/0.9961  Val 1.2676/0.8595  (11.9s)
  [F2 E 15/30] Train 0.8071/0.9989  Val 1.2423/0.8600  (11.6s)
  [F2 E 16/30] Train 0.7955/0.9994  Val 1.2313/0.8645  (11.4s)
  [F2 E 17/30] Train 0.7884/0.9990  Val 1.2293/0.8635  (11.0s)
  [F2 E 18/30] Train 0.7832/0.9990  Val 1.2222/0.8675  (12.1s)
  [F2 E 19/30] Train 0.7798/0.9994  Val 1.2170/0.8655  (12.3s)
  [F2 E 20/30] Train 0.7727/0.9997  Val 1.2139/0.8715  (11.6s)
  [F2 E 21/30] Train 0.7687/0.9998  Val 1.2069/0.8720  (11.8s)
  [F2 E 22/30] Train 0.7656/1.0000  Val 1.2082/0.8680  (11.5s)
  [F2 E 23/30] Train 0.7647/0.9995  Val 1.2070/0.8720  (11.9s)
  [F2 E 24/30] Train 0.7632/0.9998  Val 1.2110/0.8690  (11.4s)
  [F2 E 25/30] Train 0.7606/0.9998  Val 1.2085/0.8700  (11.9s)
  [F2 E 26/30] Train 0.7597/1.0000  Val 1.2044/0.8705  (11.9s)
  [F2 E 27/30] Train 0.7592/0.9995  Val 1.2056/0.8690  (11.5s)
  [F2 E 28/30] Train 0.7580/1.0000  Val 1.1981/0.8725  (11.6s)
  [F2 E 29/30] Train 0.7569/1.0000  Val 1.2013/0.8695  (11.5s)
  [F2 E 30/30] Train 0.7576/1.0000  Val 1.2005/0.8680  (11.2s)
  Fold 2 done — best val acc: 0.8725  (5m 45s)

============================================================
  Fold 3/4
============================================================
  Train: 6185, Val: 2000, Test: 2000
  resnet34 + CBAM  injected=9 modules
  [F3 E  1/30] Train 4.0281/0.0828  Val 3.8686/0.0915  (11.4s)
  [F3 E  2/30] Train 3.7970/0.1148  Val 3.6781/0.1305  (9.8s)
  [F3 E  3/30] Train 3.6229/0.1586  Val 3.5459/0.1820  (9.4s)
  [F3 E  4/30] Train 3.4973/0.1863  Val 3.4400/0.1945  (10.1s)
  [F3 E  5/30] Train 3.3936/0.2173  Val 3.3587/0.2205  (9.5s)
  [Epoch 6] Backbone unfreeze (lr=1e-04)
  [F3 E  6/30] Train 2.3651/0.4876  Val 1.9270/0.6270  (11.4s)
  [F3 E  7/30] Train 1.5167/0.7809  Val 1.6679/0.7145  (11.9s)
  [F3 E  8/30] Train 1.1973/0.8914  Val 1.5407/0.7610  (11.3s)
  [F3 E  9/30] Train 1.0444/0.9436  Val 1.4740/0.7895  (11.7s)
  [F3 E 10/30] Train 0.9476/0.9767  Val 1.4171/0.8070  (11.4s)
  [F3 E 11/30] Train 0.8920/0.9874  Val 1.3785/0.8165  (11.2s)
  [F3 E 12/30] Train 0.8669/0.9913  Val 1.3277/0.8310  (11.6s)
  [F3 E 13/30] Train 0.8406/0.9963  Val 1.3079/0.8485  (11.4s)
  [F3 E 14/30] Train 0.8292/0.9974  Val 1.3096/0.8430  (11.8s)
  [F3 E 15/30] Train 0.8144/0.9974  Val 1.2748/0.8470  (11.8s)
  [F3 E 16/30] Train 0.8008/0.9992  Val 1.2551/0.8595  (11.3s)
  [F3 E 17/30] Train 0.7904/0.9995  Val 1.2536/0.8600  (11.8s)
  [F3 E 18/30] Train 0.7835/1.0000  Val 1.2491/0.8630  (11.9s)
  [F3 E 19/30] Train 0.7784/1.0000  Val 1.2379/0.8620  (12.2s)
  [F3 E 20/30] Train 0.7766/0.9994  Val 1.2358/0.8635  (12.0s)
  [F3 E 21/30] Train 0.7713/1.0000  Val 1.2370/0.8660  (11.8s)
  [F3 E 22/30] Train 0.7692/0.9998  Val 1.2315/0.8685  (11.7s)
  [F3 E 23/30] Train 0.7668/1.0000  Val 1.2257/0.8680  (11.4s)
  [F3 E 24/30] Train 0.7649/1.0000  Val 1.2262/0.8700  (11.8s)
  [F3 E 25/30] Train 0.7639/0.9997  Val 1.2272/0.8680  (12.5s)
  [F3 E 26/30] Train 0.7624/0.9998  Val 1.2259/0.8690  (11.8s)
  [F3 E 27/30] Train 0.7604/1.0000  Val 1.2220/0.8700  (11.9s)
  [F3 E 28/30] Train 0.7598/1.0000  Val 1.2241/0.8700  (11.3s)
  [F3 E 29/30] Train 0.7603/0.9998  Val 1.2273/0.8715  (11.6s)
  [F3 E 30/30] Train 0.7599/1.0000  Val 1.2229/0.8710  (12.8s)
  Fold 3 done — best val acc: 0.8715  (5m 46s)

============================================================
  Fold 4/4
============================================================
  Train: 6185, Val: 2000, Test: 2000
  resnet34 + CBAM  injected=9 modules
  [F4 E  1/30] Train 4.0392/0.0789  Val 3.8846/0.0820  (17.1s)
  [F4 E  2/30] Train 3.8221/0.1028  Val 3.7163/0.1295  (14.3s)
  [F4 E  3/30] Train 3.6663/0.1457  Val 3.5875/0.1735  (11.4s)
  [F4 E  4/30] Train 3.5439/0.1777  Val 3.4917/0.1940  (11.9s)
  [F4 E  5/30] Train 3.4451/0.2000  Val 3.4029/0.2170  (12.5s)
  [Epoch 6] Backbone unfreeze (lr=1e-04)
  [F4 E  6/30] Train 2.4198/0.4606  Val 1.9617/0.6100  (12.8s)
  [F4 E  7/30] Train 1.5603/0.7583  Val 1.6945/0.7010  (15.4s)
  [F4 E  8/30] Train 1.2181/0.8786  Val 1.5183/0.7725  (13.4s)
  [F4 E  9/30] Train 1.0409/0.9444  Val 1.4663/0.7835  (13.0s)
  [F4 E 10/30] Train 0.9526/0.9751  Val 1.3960/0.8095  (13.0s)
  [F4 E 11/30] Train 0.9070/0.9848  Val 1.3600/0.8165  (15.1s)
  [F4 E 12/30] Train 0.8575/0.9940  Val 1.3293/0.8420  (17.4s)
  [F4 E 13/30] Train 0.8370/0.9964  Val 1.2922/0.8415  (17.1s)
  [F4 E 14/30] Train 0.8231/0.9968  Val 1.2755/0.8465  (13.3s)
  [F4 E 15/30] Train 0.8094/0.9989  Val 1.2714/0.8550  (12.2s)
  [F4 E 16/30] Train 0.7988/0.9992  Val 1.2566/0.8600  (12.4s)
  [F4 E 17/30] Train 0.7911/0.9998  Val 1.2693/0.8500  (12.9s)
  [F4 E 18/30] Train 0.7879/0.9989  Val 1.2301/0.8625  (12.9s)
  [F4 E 19/30] Train 0.7796/0.9995  Val 1.2472/0.8640  (12.2s)
  [F4 E 20/30] Train 0.7749/1.0000  Val 1.2285/0.8640  (12.1s)
  [F4 E 21/30] Train 0.7701/0.9998  Val 1.2184/0.8760  (13.0s)
  [F4 E 22/30] Train 0.7676/0.9998  Val 1.2234/0.8735  (12.2s)
  [F4 E 23/30] Train 0.7644/1.0000  Val 1.2134/0.8710  (12.2s)
  [F4 E 24/30] Train 0.7619/1.0000  Val 1.2125/0.8725  (12.3s)
  [F4 E 25/30] Train 0.7615/1.0000  Val 1.2145/0.8730  (11.9s)
  [F4 E 26/30] Train 0.7599/0.9998  Val 1.2125/0.8695  (12.6s)
  [F4 E 27/30] Train 0.7594/1.0000  Val 1.2129/0.8735  (12.9s)
  [F4 E 28/30] Train 0.7588/0.9998  Val 1.2139/0.8740  (12.5s)
  [F4 E 29/30] Train 0.7579/1.0000  Val 1.2134/0.8750  (12.0s)
  [F4 E 30/30] Train 0.7582/0.9998  Val 1.2093/0.8735  (12.2s)
  Fold 4 done — best val acc: 0.8760  (6m 38s)

============================================================
  Ensemble — Weighted Soft Voting
  Fold val accs: ['0.8835', '0.8725', '0.8715', '0.8760']
  Weights      : ['0.2522', '0.2490', '0.2488', '0.2500']
============================================================
  resnet34 + CBAM  injected=9 modules
  resnet34 + CBAM  injected=9 modules
  resnet34 + CBAM  injected=9 modules
  resnet34 + CBAM  injected=9 modules
Ensemble Test Acc : 0.8885
Class-Norm Acc    : 0.8742
History → /home/work/AIPJ/EF2039_Introduction_to_AI_Programming_Project_1/experiment_3/history_resnet34_cbam_added_family_bs32_lr0.001_optadamw.csv
Curve → /home/work/AIPJ/EF2039_Introduction_to_AI_Programming_Project_1/experiment_3/curve_resnet34_cbam_added_family_bs32_lr0.001_optadamw.png
Confusion → /home/work/AIPJ/EF2039_Introduction_to_AI_Programming_Project_1/experiment_3/confusion_resnet34_cbam_added_family_bs32_lr0.001_optadamw.png
Class-wise → /home/work/AIPJ/EF2039_Introduction_to_AI_Programming_Project_1/experiment_3/classwise_resnet34_cbam_added_family_bs32_lr0.001_optadamw.csv
Predictions → /home/work/AIPJ/EF2039_Introduction_to_AI_Programming_Project_1/experiment_3/predictions_resnet34_cbam_added_family_bs32_lr0.001_optadamw.csv
Results → /home/work/AIPJ/EF2039_Introduction_to_AI_Programming_Project_1/experiment_3/results_all.csv
