===== Input Arguments =====
  model         : resnet34
  attn          : none
  tuning        : True
  use_excluded  : True
  use_added     : True
  folds         : 4
  epochs        : 50
  batch_size    : 32
  lr            : 0.001
  optimizer     : adam
  weight_decay  : 0.0001
  label_smoothing: 0.0
  label         : family
  crop_bbox     : True
  seed          : 42
  save_csv      : results_all.csv
  outdir        : /home/work/AIPJ/EF2039_Introduction_to_AI_Programming_Project_1/experiment_4
  added_repeat  : 1
===========================
Device: cuda  |  AMP: True  |  Workers: 14
Label: family  |  Classes: 70
Mode: excl=True, added=True  |  Original: 10000, Added(train-only): 180 ×1 = 180
Test set isolated: 2000 samples (20%, seed=42)
Train+Val pool   : 8000 samples → 4-fold CV

============================================================
  Fold 1/4
============================================================
  Train: 6180, Val: 2000, Test: 2000
  resnet34 (no attention)
  [F1 E  1/50] Train 3.8551/0.1092  Val 3.3321/0.1795  (10.0s)
  [F1 E  2/50] Train 3.2117/0.2126  Val 3.0271/0.2375  (8.7s)
  [F1 E  3/50] Train 2.8837/0.2833  Val 2.7728/0.2915  (8.5s)
  [F1 E  4/50] Train 2.6724/0.3209  Val 2.7318/0.2970  (7.9s)
  [F1 E  5/50] Train 2.5400/0.3401  Val 2.5943/0.3290  (7.7s)
  [Epoch 6] Backbone unfreeze (lr=1e-04)
  [F1 E  6/50] Train 1.5689/0.5447  Val 1.1050/0.6630  (9.0s)
  [F1 E  7/50] Train 0.7165/0.7846  Val 0.8364/0.7445  (8.4s)
  [F1 E  8/50] Train 0.3932/0.8790  Val 0.7013/0.7840  (8.8s)
  [F1 E  9/50] Train 0.2385/0.9314  Val 0.6960/0.8130  (8.3s)
  [F1 E 10/50] Train 0.1924/0.9443  Val 0.7012/0.7980  (8.2s)
  [F1 E 11/50] Train 0.1497/0.9613  Val 0.6984/0.8120  (7.9s)
  [F1 E 12/50] Train 0.1171/0.9657  Val 0.6305/0.8305  (8.7s)
  [F1 E 13/50] Train 0.1020/0.9717  Val 0.7387/0.8080  (8.3s)
  [F1 E 14/50] Train 0.0941/0.9730  Val 0.7841/0.8145  (8.1s)
  [F1 E 15/50] Train 0.1040/0.9727  Val 0.7179/0.8210  (8.9s)
  [F1 E 16/50] Train 0.0810/0.9778  Val 0.7269/0.8255  (8.7s)
  [F1 E 17/50] Train 0.1022/0.9697  Val 0.6470/0.8465  (8.1s)
  [F1 E 18/50] Train 0.0434/0.9862  Val 0.6654/0.8505  (8.5s)
  [F1 E 19/50] Train 0.0562/0.9833  Val 0.6085/0.8495  (8.5s)
  [F1 E 20/50] Train 0.0460/0.9879  Val 0.5859/0.8615  (8.0s)
  [F1 E 21/50] Train 0.0504/0.9853  Val 0.6629/0.8465  (8.4s)
  [F1 E 22/50] Train 0.0368/0.9887  Val 0.6262/0.8545  (8.6s)
  [F1 E 23/50] Train 0.0290/0.9932  Val 0.5988/0.8660  (8.6s)
  [F1 E 24/50] Train 0.0191/0.9963  Val 0.5794/0.8770  (8.3s)
  [F1 E 25/50] Train 0.0175/0.9955  Val 0.6352/0.8625  (8.1s)
  [F1 E 26/50] Train 0.0231/0.9945  Val 0.6243/0.8650  (8.4s)
  [F1 E 27/50] Train 0.0173/0.9943  Val 0.5925/0.8600  (8.1s)
  [F1 E 28/50] Train 0.0361/0.9917  Val 0.6336/0.8610  (8.6s)
  [F1 E 29/50] Train 0.0124/0.9974  Val 0.5776/0.8720  (8.9s)
  [F1 E 30/50] Train 0.0164/0.9948  Val 0.5807/0.8775  (8.8s)
  [F1 E 31/50] Train 0.0091/0.9977  Val 0.5846/0.8740  (8.6s)
  [F1 E 32/50] Train 0.0077/0.9982  Val 0.5628/0.8780  (9.1s)
  [F1 E 33/50] Train 0.0204/0.9958  Val 0.5889/0.8715  (10.2s)
  [F1 E 34/50] Train 0.0040/0.9992  Val 0.5700/0.8810  (8.9s)
  [F1 E 35/50] Train 0.0030/0.9994  Val 0.5660/0.8840  (9.2s)
  [F1 E 36/50] Train 0.0022/0.9997  Val 0.5630/0.8850  (10.2s)
  [F1 E 37/50] Train 0.0064/0.9989  Val 0.5648/0.8795  (9.6s)
  [F1 E 38/50] Train 0.0025/0.9998  Val 0.5693/0.8815  (10.4s)
  [F1 E 39/50] Train 0.0016/0.9998  Val 0.5481/0.8840  (9.4s)
  [F1 E 40/50] Train 0.0017/0.9998  Val 0.5643/0.8810  (8.9s)
  [F1 E 41/50] Train 0.0015/1.0000  Val 0.5705/0.8780  (9.2s)
  [F1 E 42/50] Train 0.0014/0.9995  Val 0.5713/0.8790  (9.8s)
  [F1 E 43/50] Train 0.0012/1.0000  Val 0.5669/0.8825  (9.2s)
  [F1 E 44/50] Train 0.0011/0.9998  Val 0.5752/0.8825  (9.4s)
  [F1 E 45/50] Train 0.0012/0.9998  Val 0.5647/0.8850  (9.0s)
  [F1 E 46/50] Train 0.0012/0.9997  Val 0.5591/0.8800  (9.5s)
  [F1 E 47/50] Train 0.0016/0.9997  Val 0.5568/0.8855  (9.6s)
  [F1 E 48/50] Train 0.0009/1.0000  Val 0.5601/0.8855  (8.9s)
  [F1 E 49/50] Train 0.0009/1.0000  Val 0.5621/0.8840  (10.3s)
  [F1 E 50/50] Train 0.0008/1.0000  Val 0.5606/0.8865  (8.8s)
  Fold 1 done — best val acc: 0.8865  (7m 25s)

============================================================
  Fold 2/4
============================================================
  Train: 6180, Val: 2000, Test: 2000
  resnet34 (no attention)
  [F2 E  1/50] Train 3.8148/0.1042  Val 3.3869/0.1790  (11.6s)
  [F2 E  2/50] Train 3.1743/0.2147  Val 2.9956/0.2550  (8.6s)
  [F2 E  3/50] Train 2.8462/0.2809  Val 2.7998/0.2860  (8.6s)
  [F2 E  4/50] Train 2.6691/0.3099  Val 2.6855/0.3110  (9.3s)
  [F2 E  5/50] Train 2.5596/0.3356  Val 2.6584/0.3060  (9.0s)
  [Epoch 6] Backbone unfreeze (lr=1e-04)
  [F2 E  6/50] Train 1.5765/0.5414  Val 1.1131/0.6510  (9.4s)
  [F2 E  7/50] Train 0.6942/0.7827  Val 0.9207/0.7295  (8.8s)
  [F2 E  8/50] Train 0.3890/0.8853  Val 0.7414/0.7915  (8.9s)
  [F2 E  9/50] Train 0.2996/0.9126  Val 0.7489/0.7910  (8.2s)
  [F2 E 10/50] Train 0.1858/0.9482  Val 0.6892/0.8280  (8.8s)
  [F2 E 11/50] Train 0.1458/0.9594  Val 0.7829/0.7845  (8.5s)
  [F2 E 12/50] Train 0.1385/0.9586  Val 0.6471/0.8260  (8.6s)
  [F2 E 13/50] Train 0.0904/0.9715  Val 0.7245/0.8260  (8.0s)
  [F2 E 14/50] Train 0.0848/0.9782  Val 0.7517/0.8180  (8.7s)
  [F2 E 15/50] Train 0.0765/0.9756  Val 0.8461/0.8060  (8.6s)
  [F2 E 16/50] Train 0.0997/0.9728  Val 0.7376/0.8355  (9.9s)
  [F2 E 17/50] Train 0.0509/0.9835  Val 0.7099/0.8360  (9.5s)
  [F2 E 18/50] Train 0.0386/0.9905  Val 0.6468/0.8515  (10.4s)
  [F2 E 19/50] Train 0.0389/0.9901  Val 0.6803/0.8525  (10.7s)
  [F2 E 20/50] Train 0.0433/0.9883  Val 0.6878/0.8460  (11.0s)
  [F2 E 21/50] Train 0.0498/0.9862  Val 0.7540/0.8385  (10.7s)
  [F2 E 22/50] Train 0.0402/0.9901  Val 0.6986/0.8520  (11.0s)
  [F2 E 23/50] Train 0.0520/0.9851  Val 0.7351/0.8445  (10.8s)
  [F2 E 24/50] Train 0.0252/0.9934  Val 0.7399/0.8465  (10.7s)
  [F2 E 25/50] Train 0.0178/0.9955  Val 0.7348/0.8505  (10.3s)
  [F2 E 26/50] Train 0.0275/0.9937  Val 0.7199/0.8515  (10.2s)
  [F2 E 27/50] Train 0.0129/0.9972  Val 0.6742/0.8560  (10.0s)
  [F2 E 28/50] Train 0.0109/0.9974  Val 0.6510/0.8640  (9.5s)
  [F2 E 29/50] Train 0.0140/0.9963  Val 0.7210/0.8540  (10.3s)
  [F2 E 30/50] Train 0.0257/0.9930  Val 0.6335/0.8710  (10.6s)
  [F2 E 31/50] Train 0.0099/0.9979  Val 0.6254/0.8685  (10.7s)
  [F2 E 32/50] Train 0.0150/0.9964  Val 0.6142/0.8640  (10.5s)
  [F2 E 33/50] Train 0.0116/0.9971  Val 0.6064/0.8665  (10.3s)
  [F2 E 34/50] Train 0.0044/0.9992  Val 0.5937/0.8770  (10.5s)
  [F2 E 35/50] Train 0.0026/0.9995  Val 0.6029/0.8735  (10.1s)
  [F2 E 36/50] Train 0.0018/1.0000  Val 0.6017/0.8755  (10.4s)
  [F2 E 37/50] Train 0.0029/0.9995  Val 0.6033/0.8695  (10.5s)
  [F2 E 38/50] Train 0.0021/0.9997  Val 0.6072/0.8720  (10.9s)
  [F2 E 39/50] Train 0.0012/1.0000  Val 0.6034/0.8750  (9.8s)
  [F2 E 40/50] Train 0.0021/0.9995  Val 0.5986/0.8775  (10.4s)
  [F2 E 41/50] Train 0.0020/0.9994  Val 0.5973/0.8755  (10.5s)
  [F2 E 42/50] Train 0.0010/1.0000  Val 0.5992/0.8760  (10.2s)
  [F2 E 43/50] Train 0.0012/0.9998  Val 0.5935/0.8765  (10.4s)
  [F2 E 44/50] Train 0.0023/0.9997  Val 0.5973/0.8780  (10.6s)
  [F2 E 45/50] Train 0.0018/0.9997  Val 0.5935/0.8775  (8.5s)
  [F2 E 46/50] Train 0.0016/0.9997  Val 0.5898/0.8780  (9.3s)
  [F2 E 47/50] Train 0.0010/1.0000  Val 0.5897/0.8775  (10.2s)
  [F2 E 48/50] Train 0.0010/0.9998  Val 0.5845/0.8735  (9.8s)
  [F2 E 49/50] Train 0.0007/1.0000  Val 0.5945/0.8805  (10.4s)
  [F2 E 50/50] Train 0.0011/0.9998  Val 0.5963/0.8760  (10.4s)
  Fold 2 done — best val acc: 0.8805  (8m 16s)

============================================================
  Fold 3/4
============================================================
  Train: 6180, Val: 2000, Test: 2000
  resnet34 (no attention)
  [F3 E  1/50] Train 3.8582/0.1065  Val 3.4019/0.1790  (9.6s)
  [F3 E  2/50] Train 3.2197/0.2047  Val 3.0163/0.2490  (9.3s)
  [F3 E  3/50] Train 2.8898/0.2735  Val 2.7966/0.2930  (9.1s)
  [F3 E  4/50] Train 2.6996/0.3079  Val 2.6930/0.3140  (9.6s)
  [F3 E  5/50] Train 2.5493/0.3487  Val 2.6095/0.3160  (9.0s)
  [Epoch 6] Backbone unfreeze (lr=1e-04)
  [F3 E  6/50] Train 1.5952/0.5395  Val 1.0703/0.6780  (9.1s)
  [F3 E  7/50] Train 0.7078/0.7888  Val 0.8812/0.7380  (10.1s)
  [F3 E  8/50] Train 0.4173/0.8752  Val 0.7528/0.7800  (9.6s)
  [F3 E  9/50] Train 0.2560/0.9286  Val 0.7698/0.7830  (10.3s)
  [F3 E 10/50] Train 0.1788/0.9484  Val 0.7129/0.7955  (9.5s)
  [F3 E 11/50] Train 0.1434/0.9605  Val 0.6903/0.8160  (10.0s)
  [F3 E 12/50] Train 0.1254/0.9641  Val 0.6692/0.8135  (9.9s)
  [F3 E 13/50] Train 0.0777/0.9801  Val 0.7047/0.8230  (9.3s)
  [F3 E 14/50] Train 0.0655/0.9827  Val 0.7111/0.8145  (9.2s)
  [F3 E 15/50] Train 0.0845/0.9769  Val 0.7042/0.8275  (9.5s)
  [F3 E 16/50] Train 0.1097/0.9689  Val 0.7239/0.8220  (10.2s)
  [F3 E 17/50] Train 0.0772/0.9783  Val 0.7790/0.8095  (9.8s)
  [F3 E 18/50] Train 0.0916/0.9736  Val 0.6877/0.8405  (9.0s)
  [F3 E 19/50] Train 0.0725/0.9804  Val 0.6898/0.8360  (9.3s)
  [F3 E 20/50] Train 0.0268/0.9940  Val 0.6276/0.8470  (9.8s)
  [F3 E 21/50] Train 0.0232/0.9937  Val 0.6240/0.8575  (9.3s)
  [F3 E 22/50] Train 0.0165/0.9966  Val 0.6171/0.8605  (9.3s)
  [F3 E 23/50] Train 0.0199/0.9942  Val 0.6301/0.8605  (8.9s)
  [F3 E 24/50] Train 0.0416/0.9879  Val 0.7339/0.8275  (9.3s)
  [F3 E 25/50] Train 0.0372/0.9895  Val 0.6903/0.8445  (9.1s)
  [F3 E 26/50] Train 0.0169/0.9961  Val 0.6052/0.8650  (8.2s)
  [F3 E 27/50] Train 0.0111/0.9972  Val 0.6693/0.8455  (8.2s)
  [F3 E 28/50] Train 0.0134/0.9961  Val 0.6523/0.8635  (8.8s)
  [F3 E 29/50] Train 0.0087/0.9984  Val 0.6065/0.8705  (8.9s)
  [F3 E 30/50] Train 0.0056/0.9987  Val 0.5989/0.8745  (8.0s)
  [F3 E 31/50] Train 0.0034/0.9998  Val 0.5741/0.8760  (7.7s)
  [F3 E 32/50] Train 0.0071/0.9976  Val 0.5964/0.8765  (8.0s)
  [F3 E 33/50] Train 0.0045/0.9989  Val 0.5960/0.8780  (8.3s)
  [F3 E 34/50] Train 0.0042/0.9994  Val 0.5868/0.8740  (7.5s)
  [F3 E 35/50] Train 0.0045/0.9990  Val 0.5637/0.8805  (8.0s)
  [F3 E 36/50] Train 0.0021/0.9998  Val 0.5551/0.8850  (8.9s)
  [F3 E 37/50] Train 0.0012/1.0000  Val 0.5512/0.8865  (7.8s)
  [F3 E 38/50] Train 0.0015/0.9997  Val 0.5512/0.8835  (7.7s)
  [F3 E 39/50] Train 0.0027/0.9994  Val 0.5451/0.8830  (7.7s)
  [F3 E 40/50] Train 0.0012/0.9998  Val 0.5499/0.8875  (7.9s)
  [F3 E 41/50] Train 0.0009/0.9998  Val 0.5340/0.8885  (7.6s)
  [F3 E 42/50] Train 0.0011/1.0000  Val 0.5450/0.8900  (7.6s)
  [F3 E 43/50] Train 0.0008/1.0000  Val 0.5292/0.8890  (8.4s)
  [F3 E 44/50] Train 0.0008/0.9998  Val 0.5317/0.8895  (8.2s)
  [F3 E 45/50] Train 0.0017/0.9995  Val 0.5475/0.8870  (8.1s)
  [F3 E 46/50] Train 0.0009/1.0000  Val 0.5391/0.8865  (7.7s)
  [F3 E 47/50] Train 0.0015/0.9997  Val 0.5334/0.8905  (7.9s)
  [F3 E 48/50] Train 0.0007/1.0000  Val 0.5479/0.8845  (8.1s)
  [F3 E 49/50] Train 0.0012/0.9998  Val 0.5389/0.8875  (8.2s)
  [F3 E 50/50] Train 0.0012/0.9997  Val 0.5383/0.8900  (8.1s)
  Fold 3 done — best val acc: 0.8905  (7m 22s)

============================================================
  Fold 4/4
============================================================
  Train: 6180, Val: 2000, Test: 2000
  resnet34 (no attention)
  [F4 E  1/50] Train 3.8434/0.1121  Val 3.4101/0.1630  (10.9s)
  [F4 E  2/50] Train 3.1858/0.2115  Val 3.0857/0.2205  (8.7s)
  [F4 E  3/50] Train 2.8794/0.2741  Val 2.8205/0.2975  (8.2s)
  [F4 E  4/50] Train 2.6971/0.3086  Val 2.8021/0.2700  (7.5s)
  [F4 E  5/50] Train 2.5564/0.3327  Val 2.6626/0.3255  (7.9s)
  [Epoch 6] Backbone unfreeze (lr=1e-04)
  [F4 E  6/50] Train 1.5924/0.5369  Val 1.1171/0.6520  (8.2s)
  [F4 E  7/50] Train 0.6883/0.7939  Val 0.9382/0.7145  (8.2s)
  [F4 E  8/50] Train 0.4062/0.8809  Val 0.6991/0.8040  (8.2s)
  [F4 E  9/50] Train 0.2666/0.9201  Val 0.7747/0.7915  (7.9s)
  [F4 E 10/50] Train 0.1989/0.9417  Val 0.7208/0.8085  (8.0s)
  [F4 E 11/50] Train 0.1416/0.9607  Val 0.6801/0.8235  (8.7s)
  [F4 E 12/50] Train 0.1047/0.9723  Val 0.6664/0.8290  (7.8s)
  [F4 E 13/50] Train 0.0988/0.9696  Val 0.7021/0.8180  (8.1s)
  [F4 E 14/50] Train 0.0776/0.9778  Val 0.6449/0.8420  (8.1s)
  [F4 E 15/50] Train 0.0823/0.9754  Val 0.7245/0.8195  (9.0s)
  [F4 E 16/50] Train 0.1063/0.9691  Val 0.7034/0.8335  (8.5s)
  [F4 E 17/50] Train 0.0906/0.9751  Val 0.6917/0.8470  (8.1s)
  [F4 E 18/50] Train 0.0522/0.9854  Val 0.6976/0.8480  (8.4s)
  [F4 E 19/50] Train 0.0564/0.9856  Val 0.6464/0.8550  (8.6s)
  [F4 E 20/50] Train 0.0253/0.9937  Val 0.7126/0.8400  (8.5s)
  [F4 E 21/50] Train 0.0427/0.9872  Val 0.6987/0.8420  (9.7s)
  [F4 E 22/50] Train 0.0344/0.9914  Val 0.6797/0.8470  (8.8s)
  [F4 E 23/50] Train 0.0222/0.9948  Val 0.7009/0.8510  (8.4s)
  [F4 E 24/50] Train 0.0228/0.9942  Val 0.7402/0.8350  (8.6s)
  [F4 E 25/50] Train 0.0522/0.9853  Val 0.6534/0.8505  (8.2s)
  [F4 E 26/50] Train 0.0194/0.9960  Val 0.7382/0.8410  (8.3s)
  [F4 E 27/50] Train 0.0168/0.9963  Val 0.6552/0.8605  (8.3s)
  [F4 E 28/50] Train 0.0133/0.9956  Val 0.6596/0.8620  (8.4s)
  [F4 E 29/50] Train 0.0160/0.9964  Val 0.6116/0.8715  (9.1s)
  [F4 E 30/50] Train 0.0072/0.9987  Val 0.6157/0.8720  (8.6s)
  [F4 E 31/50] Train 0.0235/0.9934  Val 0.7454/0.8375  (7.9s)
  [F4 E 32/50] Train 0.0082/0.9984  Val 0.6095/0.8750  (8.3s)
  [F4 E 33/50] Train 0.0051/0.9989  Val 0.6036/0.8730  (8.0s)
  [F4 E 34/50] Train 0.0056/0.9989  Val 0.5959/0.8790  (8.1s)
  [F4 E 35/50] Train 0.0040/0.9990  Val 0.5808/0.8820  (8.4s)
  [F4 E 36/50] Train 0.0053/0.9987  Val 0.6007/0.8825  (8.7s)
  [F4 E 37/50] Train 0.0019/0.9997  Val 0.5944/0.8800  (8.7s)
  [F4 E 38/50] Train 0.0023/0.9995  Val 0.5884/0.8815  (8.7s)
  [F4 E 39/50] Train 0.0028/0.9994  Val 0.5932/0.8775  (8.0s)
  [F4 E 40/50] Train 0.0030/0.9997  Val 0.5817/0.8790  (8.3s)
  [F4 E 41/50] Train 0.0024/0.9998  Val 0.5786/0.8830  (8.3s)
  [F4 E 42/50] Train 0.0022/0.9995  Val 0.5762/0.8820  (7.7s)
  [F4 E 43/50] Train 0.0014/0.9998  Val 0.5734/0.8855  (8.9s)
  [F4 E 44/50] Train 0.0023/0.9997  Val 0.5648/0.8805  (8.3s)
  [F4 E 45/50] Train 0.0015/0.9998  Val 0.5564/0.8800  (7.9s)
  [F4 E 46/50] Train 0.0010/1.0000  Val 0.5622/0.8825  (8.2s)
  [F4 E 47/50] Train 0.0009/1.0000  Val 0.5598/0.8855  (8.4s)
  [F4 E 48/50] Train 0.0011/0.9998  Val 0.5580/0.8830  (8.3s)
  [F4 E 49/50] Train 0.0012/0.9998  Val 0.5583/0.8815  (8.1s)
  [F4 E 50/50] Train 0.0010/0.9998  Val 0.5649/0.8850  (8.5s)
  Fold 4 done — best val acc: 0.8855  (7m 3s)

============================================================
  Ensemble — Weighted Soft Voting
  Fold val accs: ['0.8865', '0.8805', '0.8905', '0.8855']
  Weights      : ['0.2502', '0.2485', '0.2513', '0.2499']
============================================================
  resnet34 (no attention)
  resnet34 (no attention)
  resnet34 (no attention)
  resnet34 (no attention)
Ensemble Test Acc : 0.9010
Class-Norm Acc    : 0.8879
History → /home/work/AIPJ/EF2039_Introduction_to_AI_Programming_Project_1/experiment_4/history_resnet34_noattn_tuning_family_bs32_lr0.001_optadam.csv
Curve → /home/work/AIPJ/EF2039_Introduction_to_AI_Programming_Project_1/experiment_4/curve_resnet34_noattn_tuning_family_bs32_lr0.001_optadam.png
Confusion → /home/work/AIPJ/EF2039_Introduction_to_AI_Programming_Project_1/experiment_4/confusion_resnet34_noattn_tuning_family_bs32_lr0.001_optadam.png
Class-wise → /home/work/AIPJ/EF2039_Introduction_to_AI_Programming_Project_1/experiment_4/classwise_resnet34_noattn_tuning_family_bs32_lr0.001_optadam.csv
Predictions → /home/work/AIPJ/EF2039_Introduction_to_AI_Programming_Project_1/experiment_4/predictions_resnet34_noattn_tuning_family_bs32_lr0.001_optadam.csv
Results → /home/work/AIPJ/EF2039_Introduction_to_AI_Programming_Project_1/experiment_4/results_all.csv
