===== Input Arguments =====
  model         : resnet34d
  attn          : none
  tuning        : True
  use_excluded  : True
  use_added     : True
  folds         : 4
  epochs        : 50
  batch_size    : 32
  lr            : 0.001
  optimizer     : adam
  weight_decay  : 0.0001
  label_smoothing: 0.0
  label         : family
  crop_bbox     : True
  seed          : 42
  save_csv      : results_all.csv
  outdir        : /home/work/AIPJ/EF2039_Introduction_to_AI_Programming_Project_1/experiment_4
  added_repeat  : 1
===========================
Device: cuda  |  AMP: True  |  Workers: 14
Label: family  |  Classes: 70
Mode: excl=True, added=True  |  Original: 10000, Added(train-only): 180 ×1 = 180
Test set isolated: 2000 samples (20%, seed=42)
Train+Val pool   : 8000 samples → 4-fold CV

============================================================
  Fold 1/4
============================================================
  Train: 6180, Val: 2000, Test: 2000
  resnet34_dropout(p=0.5, no attention)
  [F1 E  1/50] Train 4.1160/0.0775  Val 3.4787/0.1520  (9.6s)
  [F1 E  2/50] Train 3.6131/0.1269  Val 3.2579/0.1715  (9.0s)
  [F1 E  3/50] Train 3.3854/0.1684  Val 3.0324/0.2425  (9.2s)
  [F1 E  4/50] Train 3.2245/0.1947  Val 2.9204/0.2670  (9.4s)
  [F1 E  5/50] Train 3.1415/0.2120  Val 2.8399/0.2725  (8.9s)
  [Epoch 6] Backbone unfreeze (lr=1e-04)
  [F1 E  6/50] Train 2.1020/0.4031  Val 1.2341/0.6260  (9.3s)
  [F1 E  7/50] Train 1.1008/0.6665  Val 0.9085/0.7195  (9.3s)
  [F1 E  8/50] Train 0.6876/0.7932  Val 0.7061/0.7880  (9.4s)
  [F1 E  9/50] Train 0.4924/0.8474  Val 0.7589/0.7740  (9.5s)
  [F1 E 10/50] Train 0.3617/0.8866  Val 0.6582/0.8050  (9.5s)
  [F1 E 11/50] Train 0.2656/0.9165  Val 0.6205/0.8345  (9.8s)
  [F1 E 12/50] Train 0.2183/0.9314  Val 0.6465/0.8265  (10.4s)
  [F1 E 13/50] Train 0.1550/0.9529  Val 0.5953/0.8420  (9.4s)
  [F1 E 14/50] Train 0.1349/0.9602  Val 0.7459/0.8195  (9.4s)
  [F1 E 15/50] Train 0.1648/0.9503  Val 0.6077/0.8370  (9.2s)
  [F1 E 16/50] Train 0.1100/0.9689  Val 0.6418/0.8375  (10.0s)
  [F1 E 17/50] Train 0.1159/0.9659  Val 0.6508/0.8440  (9.6s)
  [F1 E 18/50] Train 0.0972/0.9688  Val 0.7138/0.8355  (9.3s)
  [F1 E 19/50] Train 0.0837/0.9751  Val 0.6708/0.8380  (9.3s)
  [F1 E 20/50] Train 0.0564/0.9830  Val 0.6844/0.8490  (9.7s)
  [F1 E 21/50] Train 0.0604/0.9809  Val 0.6061/0.8625  (9.2s)
  [F1 E 22/50] Train 0.0580/0.9832  Val 0.6061/0.8490  (8.8s)
  [F1 E 23/50] Train 0.0312/0.9924  Val 0.5806/0.8580  (9.3s)
  [F1 E 24/50] Train 0.0376/0.9893  Val 0.6058/0.8565  (9.7s)
  [F1 E 25/50] Train 0.0400/0.9887  Val 0.6509/0.8555  (9.1s)
  [F1 E 26/50] Train 0.0261/0.9929  Val 0.5620/0.8730  (9.0s)
  [F1 E 27/50] Train 0.0179/0.9953  Val 0.6268/0.8605  (9.6s)
  [F1 E 28/50] Train 0.0204/0.9948  Val 0.6098/0.8695  (9.4s)
  [F1 E 29/50] Train 0.0193/0.9960  Val 0.6415/0.8590  (9.7s)
  [F1 E 30/50] Train 0.0421/0.9887  Val 0.6675/0.8560  (9.4s)
  [F1 E 31/50] Train 0.0352/0.9908  Val 0.6243/0.8700  (9.4s)
  [F1 E 32/50] Train 0.0313/0.9914  Val 0.6046/0.8635  (9.5s)
  [F1 E 33/50] Train 0.0138/0.9966  Val 0.6000/0.8765  (9.5s)
  [F1 E 34/50] Train 0.0083/0.9985  Val 0.5895/0.8760  (9.4s)
  [F1 E 35/50] Train 0.0073/0.9987  Val 0.5736/0.8795  (10.0s)
  [F1 E 36/50] Train 0.0067/0.9989  Val 0.5728/0.8775  (9.7s)
  [F1 E 37/50] Train 0.0045/0.9997  Val 0.5555/0.8840  (9.4s)
  [F1 E 38/50] Train 0.0035/0.9994  Val 0.5728/0.8875  (9.8s)
  [F1 E 39/50] Train 0.0053/0.9990  Val 0.5601/0.8835  (9.9s)
  [F1 E 40/50] Train 0.0032/0.9994  Val 0.5617/0.8830  (9.7s)
  [F1 E 41/50] Train 0.0030/0.9997  Val 0.5770/0.8850  (9.4s)
  [F1 E 42/50] Train 0.0039/0.9995  Val 0.5544/0.8815  (10.3s)
  [F1 E 43/50] Train 0.0035/0.9994  Val 0.5481/0.8825  (9.3s)
  [F1 E 44/50] Train 0.0020/0.9998  Val 0.5333/0.8900  (10.0s)
  [F1 E 45/50] Train 0.0015/0.9998  Val 0.5453/0.8885  (9.6s)
  [F1 E 46/50] Train 0.0027/0.9995  Val 0.5453/0.8880  (9.8s)
  [F1 E 47/50] Train 0.0016/0.9998  Val 0.5345/0.8900  (9.9s)
  [F1 E 48/50] Train 0.0023/0.9995  Val 0.5416/0.8905  (10.0s)
  [F1 E 49/50] Train 0.0019/0.9998  Val 0.5530/0.8865  (9.9s)
  [F1 E 50/50] Train 0.0022/0.9997  Val 0.5418/0.8950  (9.6s)
  Fold 1 done — best val acc: 0.8950  (7m 59s)

============================================================
  Fold 2/4
============================================================
  Train: 6180, Val: 2000, Test: 2000
  resnet34_dropout(p=0.5, no attention)
  [F2 E  1/50] Train 4.1554/0.0680  Val 3.5504/0.1280  (12.2s)
  [F2 E  2/50] Train 3.6113/0.1296  Val 3.2150/0.2165  (10.8s)
  [F2 E  3/50] Train 3.3614/0.1715  Val 3.0217/0.2380  (10.0s)
  [F2 E  4/50] Train 3.2346/0.1942  Val 2.9058/0.2525  (10.0s)
  [F2 E  5/50] Train 3.1481/0.2045  Val 2.8462/0.2910  (9.2s)
  [Epoch 6] Backbone unfreeze (lr=1e-04)
  [F2 E  6/50] Train 2.0737/0.4045  Val 1.2404/0.6210  (10.1s)
  [F2 E  7/50] Train 1.0689/0.6790  Val 0.9751/0.7000  (9.9s)
  [F2 E  8/50] Train 0.6790/0.7927  Val 0.7803/0.7705  (9.7s)
  [F2 E  9/50] Train 0.4951/0.8516  Val 0.7598/0.7740  (9.8s)
  [F2 E 10/50] Train 0.3593/0.8877  Val 0.7026/0.8020  (10.7s)
  [F2 E 11/50] Train 0.2534/0.9239  Val 0.7543/0.8055  (10.4s)
  [F2 E 12/50] Train 0.2108/0.9319  Val 0.6670/0.8175  (9.7s)
  [F2 E 13/50] Train 0.1680/0.9466  Val 0.6218/0.8445  (10.2s)
  [F2 E 14/50] Train 0.1366/0.9612  Val 0.6751/0.8305  (9.6s)
  [F2 E 15/50] Train 0.1234/0.9629  Val 0.7736/0.8110  (10.5s)
  [F2 E 16/50] Train 0.1154/0.9638  Val 0.6714/0.8365  (10.4s)
  [F2 E 17/50] Train 0.1260/0.9654  Val 0.7133/0.8340  (9.7s)
  [F2 E 18/50] Train 0.1098/0.9683  Val 0.7246/0.8370  (9.4s)
  [F2 E 19/50] Train 0.0752/0.9794  Val 0.6873/0.8480  (9.7s)
  [F2 E 20/50] Train 0.0648/0.9822  Val 0.7778/0.8205  (10.3s)
  [F2 E 21/50] Train 0.0524/0.9851  Val 0.6576/0.8520  (9.7s)
  [F2 E 22/50] Train 0.0398/0.9893  Val 0.6755/0.8505  (9.4s)
  [F2 E 23/50] Train 0.0397/0.9880  Val 0.6860/0.8560  (9.4s)
  [F2 E 24/50] Train 0.0483/0.9859  Val 0.6989/0.8540  (10.1s)
  [F2 E 25/50] Train 0.0387/0.9893  Val 0.6919/0.8600  (9.0s)
  [F2 E 26/50] Train 0.0404/0.9875  Val 0.6967/0.8625  (9.6s)
  [F2 E 27/50] Train 0.0204/0.9951  Val 0.6243/0.8650  (9.7s)
  [F2 E 28/50] Train 0.0390/0.9880  Val 0.7189/0.8515  (10.2s)
  [F2 E 29/50] Train 0.0181/0.9948  Val 0.7028/0.8665  (9.4s)
  [F2 E 30/50] Train 0.0136/0.9972  Val 0.6610/0.8680  (9.9s)
  [F2 E 31/50] Train 0.0169/0.9953  Val 0.6264/0.8760  (10.0s)
  [F2 E 32/50] Train 0.0105/0.9976  Val 0.6166/0.8755  (9.8s)
  [F2 E 33/50] Train 0.0094/0.9979  Val 0.5908/0.8800  (10.0s)
  [F2 E 34/50] Train 0.0103/0.9971  Val 0.5884/0.8830  (9.7s)
  [F2 E 35/50] Train 0.0090/0.9979  Val 0.6111/0.8830  (9.8s)
  [F2 E 36/50] Train 0.0070/0.9984  Val 0.6004/0.8760  (10.2s)
  [F2 E 37/50] Train 0.0050/0.9987  Val 0.5957/0.8790  (10.1s)
  [F2 E 38/50] Train 0.0056/0.9981  Val 0.5937/0.8885  (10.2s)
  [F2 E 39/50] Train 0.0065/0.9987  Val 0.5788/0.8875  (9.9s)
  [F2 E 40/50] Train 0.0043/0.9994  Val 0.5847/0.8875  (10.3s)
  [F2 E 41/50] Train 0.0033/0.9995  Val 0.5689/0.8895  (9.8s)
  [F2 E 42/50] Train 0.0030/0.9997  Val 0.5681/0.8915  (9.9s)
  [F2 E 43/50] Train 0.0020/0.9998  Val 0.5801/0.8850  (9.4s)
  [F2 E 44/50] Train 0.0024/0.9994  Val 0.5640/0.8890  (9.7s)
  [F2 E 45/50] Train 0.0035/0.9997  Val 0.5799/0.8875  (9.2s)
  [F2 E 46/50] Train 0.0019/0.9995  Val 0.5696/0.8860  (10.2s)
  [F2 E 47/50] Train 0.0026/0.9997  Val 0.5697/0.8860  (10.6s)
  [F2 E 48/50] Train 0.0026/0.9997  Val 0.5687/0.8865  (9.9s)
  [F2 E 49/50] Train 0.0018/0.9998  Val 0.5636/0.8910  (10.1s)
  [F2 E 50/50] Train 0.0024/0.9997  Val 0.5593/0.8850  (9.6s)
  Fold 2 done — best val acc: 0.8915  (8m 21s)

============================================================
  Fold 3/4
============================================================
  Train: 6180, Val: 2000, Test: 2000
  resnet34_dropout(p=0.5, no attention)
  [F3 E  1/50] Train 4.1320/0.0722  Val 3.5575/0.1275  (10.1s)
  [F3 E  2/50] Train 3.6157/0.1272  Val 3.1946/0.2255  (8.7s)
  [F3 E  3/50] Train 3.3678/0.1699  Val 2.9953/0.2515  (8.3s)
  [F3 E  4/50] Train 3.2666/0.1840  Val 2.9042/0.2580  (8.0s)
  [F3 E  5/50] Train 3.1627/0.1985  Val 2.8041/0.2890  (8.1s)
  [Epoch 6] Backbone unfreeze (lr=1e-04)
  [F3 E  6/50] Train 2.0702/0.4097  Val 1.2396/0.6175  (8.7s)
  [F3 E  7/50] Train 1.0946/0.6680  Val 0.8833/0.7420  (8.7s)
  [F3 E  8/50] Train 0.6869/0.7906  Val 0.8178/0.7570  (8.1s)
  [F3 E  9/50] Train 0.4550/0.8631  Val 0.6935/0.7910  (9.4s)
  [F3 E 10/50] Train 0.3635/0.8846  Val 0.7029/0.7990  (8.1s)
  [F3 E 11/50] Train 0.3255/0.8976  Val 0.6798/0.8085  (8.6s)
  [F3 E 12/50] Train 0.2078/0.9374  Val 0.5896/0.8350  (8.8s)
  [F3 E 13/50] Train 0.1634/0.9497  Val 0.5972/0.8360  (8.4s)
  [F3 E 14/50] Train 0.1546/0.9523  Val 0.6392/0.8415  (8.4s)
  [F3 E 15/50] Train 0.1270/0.9600  Val 0.6584/0.8335  (8.5s)
  [F3 E 16/50] Train 0.0960/0.9704  Val 0.8048/0.8005  (9.7s)
  [F3 E 17/50] Train 0.1467/0.9537  Val 0.6877/0.8275  (8.8s)
  [F3 E 18/50] Train 0.0980/0.9720  Val 0.6849/0.8315  (8.2s)
  [F3 E 19/50] Train 0.0963/0.9727  Val 0.6120/0.8495  (8.8s)
  [F3 E 20/50] Train 0.0621/0.9811  Val 0.6535/0.8435  (9.5s)
  [F3 E 21/50] Train 0.0676/0.9814  Val 0.7077/0.8445  (8.9s)
  [F3 E 22/50] Train 0.0671/0.9793  Val 0.6781/0.8380  (9.9s)
  [F3 E 23/50] Train 0.0518/0.9845  Val 0.6096/0.8595  (9.2s)
  [F3 E 24/50] Train 0.0378/0.9909  Val 0.6036/0.8635  (9.0s)
  [F3 E 25/50] Train 0.0310/0.9917  Val 0.6037/0.8585  (8.9s)
  [F3 E 26/50] Train 0.0217/0.9935  Val 0.6413/0.8615  (9.4s)
  [F3 E 27/50] Train 0.0245/0.9926  Val 0.6410/0.8665  (9.1s)
  [F3 E 28/50] Train 0.0362/0.9887  Val 0.6343/0.8590  (9.7s)
  [F3 E 29/50] Train 0.0274/0.9919  Val 0.6085/0.8610  (9.4s)
  [F3 E 30/50] Train 0.0331/0.9906  Val 0.5727/0.8685  (9.5s)
  [F3 E 31/50] Train 0.0177/0.9951  Val 0.5628/0.8705  (9.0s)
  [F3 E 32/50] Train 0.0094/0.9987  Val 0.5929/0.8715  (8.8s)
  [F3 E 33/50] Train 0.0079/0.9981  Val 0.5752/0.8725  (9.1s)
  [F3 E 34/50] Train 0.0087/0.9974  Val 0.5736/0.8740  (9.1s)
  [F3 E 35/50] Train 0.0079/0.9981  Val 0.5663/0.8820  (9.2s)
  [F3 E 36/50] Train 0.0084/0.9979  Val 0.5629/0.8815  (8.9s)
  [F3 E 37/50] Train 0.0090/0.9976  Val 0.5419/0.8870  (9.6s)
  [F3 E 38/50] Train 0.0061/0.9979  Val 0.5544/0.8845  (8.6s)
  [F3 E 39/50] Train 0.0075/0.9982  Val 0.5368/0.8835  (9.0s)
  [F3 E 40/50] Train 0.0056/0.9989  Val 0.5431/0.8825  (9.2s)
  [F3 E 41/50] Train 0.0033/0.9997  Val 0.5352/0.8880  (9.3s)
  [F3 E 42/50] Train 0.0036/0.9992  Val 0.5197/0.8905  (9.3s)
  [F3 E 43/50] Train 0.0033/0.9997  Val 0.5342/0.8840  (8.9s)
  [F3 E 44/50] Train 0.0022/0.9998  Val 0.5274/0.8865  (9.0s)
  [F3 E 45/50] Train 0.0028/0.9997  Val 0.5221/0.8885  (8.9s)
  [F3 E 46/50] Train 0.0024/0.9997  Val 0.5289/0.8890  (9.1s)
  [F3 E 47/50] Train 0.0018/1.0000  Val 0.5164/0.8895  (9.0s)
  [F3 E 48/50] Train 0.0021/0.9998  Val 0.5251/0.8915  (9.0s)
  [F3 E 49/50] Train 0.0022/0.9997  Val 0.5181/0.8915  (8.9s)
  [F3 E 50/50] Train 0.0016/1.0000  Val 0.5201/0.8885  (8.9s)
  Fold 3 done — best val acc: 0.8915  (7m 31s)

============================================================
  Fold 4/4
============================================================
  Train: 6180, Val: 2000, Test: 2000
  resnet34_dropout(p=0.5, no attention)
  [F4 E  1/50] Train 4.1119/0.0746  Val 3.5257/0.1355  (10.7s)
  [F4 E  2/50] Train 3.5936/0.1353  Val 3.2103/0.2080  (8.9s)
  [F4 E  3/50] Train 3.3810/0.1701  Val 3.0236/0.2360  (8.5s)
  [F4 E  4/50] Train 3.2282/0.1917  Val 2.9287/0.2555  (8.8s)
  [F4 E  5/50] Train 3.1535/0.2028  Val 2.8900/0.2550  (8.7s)
  [Epoch 6] Backbone unfreeze (lr=1e-04)
  [F4 E  6/50] Train 2.0825/0.4105  Val 1.2310/0.6470  (8.7s)
  [F4 E  7/50] Train 1.0624/0.6804  Val 0.8818/0.7280  (9.1s)
  [F4 E  8/50] Train 0.6815/0.7908  Val 0.7722/0.7745  (9.0s)
  [F4 E  9/50] Train 0.4783/0.8513  Val 0.6769/0.8030  (9.2s)
  [F4 E 10/50] Train 0.3724/0.8832  Val 0.6022/0.8265  (9.2s)
  [F4 E 11/50] Train 0.2496/0.9215  Val 0.7243/0.7980  (9.3s)
  [F4 E 12/50] Train 0.2384/0.9277  Val 0.6684/0.8170  (8.8s)
  [F4 E 13/50] Train 0.1788/0.9466  Val 0.7214/0.8210  (8.9s)
  [F4 E 14/50] Train 0.1646/0.9502  Val 0.6265/0.8280  (9.0s)
  [F4 E 15/50] Train 0.0993/0.9714  Val 0.5864/0.8525  (9.2s)
  [F4 E 16/50] Train 0.0918/0.9733  Val 0.6630/0.8385  (9.0s)
  [F4 E 17/50] Train 0.0876/0.9744  Val 0.6178/0.8490  (9.0s)
  [F4 E 18/50] Train 0.0995/0.9699  Val 0.6009/0.8640  (9.4s)
  [F4 E 19/50] Train 0.1163/0.9667  Val 0.6364/0.8485  (8.8s)
  [F4 E 20/50] Train 0.0654/0.9807  Val 0.6919/0.8405  (9.3s)
  [F4 E 21/50] Train 0.0858/0.9764  Val 0.6652/0.8445  (9.1s)
  [F4 E 22/50] Train 0.0614/0.9819  Val 0.7372/0.8425  (8.9s)
  [F4 E 23/50] Train 0.0429/0.9885  Val 0.6213/0.8595  (9.2s)
  [F4 E 24/50] Train 0.0741/0.9780  Val 0.6449/0.8500  (9.0s)
  [F4 E 25/50] Train 0.0348/0.9901  Val 0.5936/0.8720  (9.2s)
  [F4 E 26/50] Train 0.0245/0.9940  Val 0.6186/0.8610  (9.7s)
  [F4 E 27/50] Train 0.0258/0.9930  Val 0.6304/0.8605  (9.4s)
  [F4 E 28/50] Train 0.0300/0.9908  Val 0.5841/0.8775  (9.1s)
  [F4 E 29/50] Train 0.0170/0.9958  Val 0.5640/0.8760  (9.5s)
  [F4 E 30/50] Train 0.0208/0.9943  Val 0.5799/0.8715  (9.0s)
  [F4 E 31/50] Train 0.0112/0.9977  Val 0.5579/0.8800  (8.9s)
  [F4 E 32/50] Train 0.0118/0.9974  Val 0.6006/0.8720  (8.7s)
  [F4 E 33/50] Train 0.0079/0.9981  Val 0.6255/0.8675  (8.9s)
  [F4 E 34/50] Train 0.0096/0.9981  Val 0.5729/0.8745  (8.9s)
  [F4 E 35/50] Train 0.0056/0.9990  Val 0.6015/0.8715  (9.3s)
  [F4 E 36/50] Train 0.0056/0.9989  Val 0.5878/0.8790  (9.1s)
  [F4 E 37/50] Train 0.0043/0.9990  Val 0.5521/0.8820  (9.0s)
  [F4 E 38/50] Train 0.0040/0.9990  Val 0.5522/0.8870  (9.2s)
  [F4 E 39/50] Train 0.0025/0.9998  Val 0.5600/0.8820  (8.9s)
  [F4 E 40/50] Train 0.0027/0.9994  Val 0.5704/0.8810  (8.9s)
  [F4 E 41/50] Train 0.0030/0.9997  Val 0.5640/0.8840  (8.5s)
  [F4 E 42/50] Train 0.0029/0.9994  Val 0.5567/0.8835  (9.0s)
  [F4 E 43/50] Train 0.0019/0.9998  Val 0.5654/0.8840  (9.0s)
  [F4 E 44/50] Train 0.0025/0.9998  Val 0.5599/0.8830  (9.0s)
  [F4 E 45/50] Train 0.0019/0.9998  Val 0.5499/0.8875  (8.9s)
  [F4 E 46/50] Train 0.0024/0.9995  Val 0.5613/0.8860  (8.9s)
  [F4 E 47/50] Train 0.0019/0.9998  Val 0.5511/0.8845  (8.9s)
  [F4 E 48/50] Train 0.0018/0.9997  Val 0.5557/0.8865  (9.4s)
  [F4 E 49/50] Train 0.0024/0.9994  Val 0.5660/0.8825  (8.8s)
  [F4 E 50/50] Train 0.0014/1.0000  Val 0.5565/0.8865  (9.2s)
  Fold 4 done — best val acc: 0.8875  (7m 35s)

============================================================
  Ensemble — Weighted Soft Voting
  Fold val accs: ['0.8950', '0.8915', '0.8915', '0.8875']
  Weights      : ['0.2510', '0.2500', '0.2500', '0.2489']
============================================================
  resnet34_dropout(p=0.5, no attention)
  resnet34_dropout(p=0.5, no attention)
  resnet34_dropout(p=0.5, no attention)
  resnet34_dropout(p=0.5, no attention)
Ensemble Test Acc : 0.9075
Class-Norm Acc    : 0.8953
History → /home/work/AIPJ/EF2039_Introduction_to_AI_Programming_Project_1/experiment_4/history_resnet34d_noattn_tuning_family_bs32_lr0.001_optadam.csv
Curve → /home/work/AIPJ/EF2039_Introduction_to_AI_Programming_Project_1/experiment_4/curve_resnet34d_noattn_tuning_family_bs32_lr0.001_optadam.png
Confusion → /home/work/AIPJ/EF2039_Introduction_to_AI_Programming_Project_1/experiment_4/confusion_resnet34d_noattn_tuning_family_bs32_lr0.001_optadam.png
Class-wise → /home/work/AIPJ/EF2039_Introduction_to_AI_Programming_Project_1/experiment_4/classwise_resnet34d_noattn_tuning_family_bs32_lr0.001_optadam.csv
Predictions → /home/work/AIPJ/EF2039_Introduction_to_AI_Programming_Project_1/experiment_4/predictions_resnet34d_noattn_tuning_family_bs32_lr0.001_optadam.csv
Results → /home/work/AIPJ/EF2039_Introduction_to_AI_Programming_Project_1/experiment_4/results_all.csv
