===== Input Arguments =====
  model         : resnet34d
  attn          : none
  tuning        : True
  use_excluded  : True
  use_added     : True
  folds         : 4
  epochs        : 50
  batch_size    : 32
  lr            : 0.001
  optimizer     : adam
  weight_decay  : 0.0001
  label_smoothing: 0.0
  label         : family
  crop_bbox     : True
  seed          : 42
  save_csv      : results_all.csv
  outdir        : /home/work/AIPJ/EF2039_Introduction_to_AI_Programming_Project_1/experiment_4
  added_repeat  : 2
===========================
Device: cuda  |  AMP: True  |  Workers: 14
Label: family  |  Classes: 70
Mode: excl=True, added=True  |  Original: 10000, Added(train-only): 180 ×2 = 360
Test set isolated: 2000 samples (20%, seed=42)
Train+Val pool   : 8000 samples → 4-fold CV

============================================================
  Fold 1/4
============================================================
  Train: 6360, Val: 2000, Test: 2000
  resnet34_dropout(p=0.5, no attention)
  [F1 E  1/50] Train 4.1253/0.0709  Val 3.5067/0.1540  (13.1s)
  [F1 E  2/50] Train 3.6043/0.1311  Val 3.2028/0.1950  (11.4s)
  [F1 E  3/50] Train 3.3988/0.1564  Val 3.0052/0.2405  (10.4s)
  [F1 E  4/50] Train 3.2497/0.1921  Val 2.9223/0.2600  (10.9s)
  [F1 E  5/50] Train 3.1448/0.2019  Val 2.8293/0.2940  (11.5s)
  [Epoch 6] Backbone unfreeze (lr=1e-04)
  [F1 E  6/50] Train 2.0492/0.4214  Val 1.2107/0.6265  (11.5s)
  [F1 E  7/50] Train 1.0734/0.6704  Val 0.8661/0.7350  (10.8s)
  [F1 E  8/50] Train 0.6691/0.7940  Val 0.7026/0.8010  (11.4s)
  [F1 E  9/50] Train 0.4493/0.8616  Val 0.6748/0.7980  (11.1s)
  [F1 E 10/50] Train 0.3317/0.8976  Val 0.6441/0.8130  (11.2s)
  [F1 E 11/50] Train 0.2566/0.9220  Val 0.6474/0.8190  (10.3s)
  [F1 E 12/50] Train 0.2120/0.9373  Val 0.7563/0.8050  (11.2s)
  [F1 E 13/50] Train 0.1424/0.9612  Val 0.6154/0.8365  (11.2s)
  [F1 E 14/50] Train 0.1252/0.9616  Val 0.6920/0.8195  (11.2s)
  [F1 E 15/50] Train 0.1361/0.9574  Val 0.6991/0.8310  (11.1s)
  [F1 E 16/50] Train 0.1069/0.9676  Val 0.6814/0.8325  (10.9s)
  [F1 E 17/50] Train 0.0876/0.9737  Val 0.7195/0.8285  (10.9s)
  [F1 E 18/50] Train 0.1021/0.9704  Val 0.6423/0.8440  (11.6s)
  [F1 E 19/50] Train 0.0727/0.9789  Val 0.6207/0.8525  (10.8s)
  [F1 E 20/50] Train 0.0560/0.9841  Val 0.6096/0.8655  (10.8s)
  [F1 E 21/50] Train 0.0545/0.9836  Val 0.6559/0.8505  (10.4s)
  [F1 E 22/50] Train 0.0511/0.9852  Val 0.6425/0.8490  (11.0s)
  [F1 E 23/50] Train 0.0520/0.9840  Val 0.5988/0.8575  (10.4s)
  [F1 E 24/50] Train 0.0300/0.9918  Val 0.6563/0.8625  (11.3s)
  [F1 E 25/50] Train 0.0287/0.9920  Val 0.5762/0.8665  (10.7s)
  [F1 E 26/50] Train 0.0291/0.9917  Val 0.6091/0.8650  (11.2s)
  [F1 E 27/50] Train 0.0360/0.9879  Val 0.6174/0.8635  (11.4s)
  [F1 E 28/50] Train 0.0281/0.9917  Val 0.5419/0.8730  (11.2s)
  [F1 E 29/50] Train 0.0217/0.9948  Val 0.5502/0.8800  (11.4s)
  [F1 E 30/50] Train 0.0257/0.9928  Val 0.5389/0.8825  (11.0s)
  [F1 E 31/50] Train 0.0131/0.9969  Val 0.5248/0.8860  (11.1s)
  [F1 E 32/50] Train 0.0082/0.9984  Val 0.5027/0.8885  (10.7s)
  [F1 E 33/50] Train 0.0088/0.9978  Val 0.5455/0.8855  (10.3s)
  [F1 E 34/50] Train 0.0058/0.9987  Val 0.5144/0.8930  (10.4s)
  [F1 E 35/50] Train 0.0100/0.9970  Val 0.5555/0.8860  (10.7s)
  [F1 E 36/50] Train 0.0090/0.9975  Val 0.5456/0.8885  (10.4s)
  [F1 E 37/50] Train 0.0046/0.9991  Val 0.4993/0.8945  (10.5s)
  [F1 E 38/50] Train 0.0039/0.9995  Val 0.5105/0.8910  (10.1s)
  [F1 E 39/50] Train 0.0048/0.9986  Val 0.5020/0.8960  (10.8s)
  [F1 E 40/50] Train 0.0032/0.9994  Val 0.5028/0.8970  (11.2s)
  [F1 E 41/50] Train 0.0017/1.0000  Val 0.5048/0.8970  (10.4s)
  [F1 E 42/50] Train 0.0036/0.9987  Val 0.5219/0.8940  (10.5s)
  [F1 E 43/50] Train 0.0024/0.9995  Val 0.5146/0.8965  (10.6s)
  [F1 E 44/50] Train 0.0025/0.9997  Val 0.5132/0.8950  (11.1s)
  [F1 E 45/50] Train 0.0018/0.9998  Val 0.4947/0.8980  (11.0s)
  [F1 E 46/50] Train 0.0022/0.9997  Val 0.5026/0.8990  (10.1s)
  [F1 E 47/50] Train 0.0022/0.9994  Val 0.4944/0.8955  (10.0s)
  [F1 E 48/50] Train 0.0017/0.9998  Val 0.5070/0.8985  (9.7s)
  [F1 E 49/50] Train 0.0023/0.9997  Val 0.5030/0.8990  (8.6s)
  [F1 E 50/50] Train 0.0021/0.9997  Val 0.4942/0.9010  (8.1s)
  Fold 1 done — best val acc: 0.9010  (9m 3s)

============================================================
  Fold 2/4
============================================================
  Train: 6360, Val: 2000, Test: 2000
  resnet34_dropout(p=0.5, no attention)
  [F2 E  1/50] Train 4.1043/0.0731  Val 3.5056/0.1415  (9.8s)
  [F2 E  2/50] Train 3.6067/0.1308  Val 3.1724/0.2060  (7.7s)
  [F2 E  3/50] Train 3.3582/0.1682  Val 3.0301/0.2445  (7.9s)
  [F2 E  4/50] Train 3.2270/0.1976  Val 2.9063/0.2640  (7.5s)
  [F2 E  5/50] Train 3.1456/0.2079  Val 2.7965/0.2885  (8.8s)
  [Epoch 6] Backbone unfreeze (lr=1e-04)
  [F2 E  6/50] Train 2.0069/0.4226  Val 1.2188/0.6330  (8.6s)
  [F2 E  7/50] Train 1.0249/0.6833  Val 0.8496/0.7530  (8.7s)
  [F2 E  8/50] Train 0.6395/0.8075  Val 0.7452/0.7780  (8.6s)
  [F2 E  9/50] Train 0.4650/0.8564  Val 0.6787/0.8035  (8.6s)
  [F2 E 10/50] Train 0.3318/0.8991  Val 0.6536/0.8090  (8.6s)
  [F2 E 11/50] Train 0.2143/0.9338  Val 0.6216/0.8345  (8.6s)
  [F2 E 12/50] Train 0.1697/0.9486  Val 0.6193/0.8290  (9.0s)
  [F2 E 13/50] Train 0.1709/0.9465  Val 0.7328/0.8165  (9.1s)
  [F2 E 14/50] Train 0.1504/0.9561  Val 0.6771/0.8265  (9.1s)
  [F2 E 15/50] Train 0.1281/0.9602  Val 0.7079/0.8185  (8.8s)
  [F2 E 16/50] Train 0.1020/0.9690  Val 0.6137/0.8410  (9.4s)
  [F2 E 17/50] Train 0.0823/0.9748  Val 0.7387/0.8290  (9.7s)
  [F2 E 18/50] Train 0.0929/0.9734  Val 0.7107/0.8285  (9.9s)
  [F2 E 19/50] Train 0.0686/0.9792  Val 0.7201/0.8355  (9.9s)
  [F2 E 20/50] Train 0.0467/0.9860  Val 0.6165/0.8575  (10.2s)
  [F2 E 21/50] Train 0.0532/0.9863  Val 0.6918/0.8445  (9.1s)
  [F2 E 22/50] Train 0.0514/0.9840  Val 0.6557/0.8505  (9.4s)
  [F2 E 23/50] Train 0.0440/0.9876  Val 0.6602/0.8495  (9.9s)
  [F2 E 24/50] Train 0.0496/0.9854  Val 0.6449/0.8625  (9.5s)
  [F2 E 25/50] Train 0.0325/0.9909  Val 0.6983/0.8495  (8.7s)
  [F2 E 26/50] Train 0.0289/0.9923  Val 0.6626/0.8660  (8.3s)
  [F2 E 27/50] Train 0.0219/0.9942  Val 0.6471/0.8630  (8.0s)
  [F2 E 28/50] Train 0.0113/0.9984  Val 0.6198/0.8725  (7.9s)
  [F2 E 29/50] Train 0.0155/0.9954  Val 0.6714/0.8595  (7.6s)
  [F2 E 30/50] Train 0.0203/0.9942  Val 0.7741/0.8365  (8.1s)
  [F2 E 31/50] Train 0.0272/0.9914  Val 0.7619/0.8360  (8.2s)
  [F2 E 32/50] Train 0.0173/0.9948  Val 0.5927/0.8765  (9.1s)
  [F2 E 33/50] Train 0.0091/0.9976  Val 0.5810/0.8760  (8.2s)
  [F2 E 34/50] Train 0.0086/0.9981  Val 0.5875/0.8810  (7.9s)
  [F2 E 35/50] Train 0.0050/0.9992  Val 0.5700/0.8890  (7.9s)
  [F2 E 36/50] Train 0.0044/0.9986  Val 0.5694/0.8850  (8.2s)
  [F2 E 37/50] Train 0.0039/0.9992  Val 0.5803/0.8855  (7.8s)
  [F2 E 38/50] Train 0.0036/0.9994  Val 0.5635/0.8860  (8.4s)
  [F2 E 39/50] Train 0.0026/0.9997  Val 0.5574/0.8880  (8.8s)
  [F2 E 40/50] Train 0.0032/0.9992  Val 0.5607/0.8840  (9.0s)
  [F2 E 41/50] Train 0.0034/0.9991  Val 0.5583/0.8860  (8.8s)
  [F2 E 42/50] Train 0.0018/0.9997  Val 0.5560/0.8915  (9.0s)
  [F2 E 43/50] Train 0.0016/0.9998  Val 0.5463/0.8875  (9.3s)
  [F2 E 44/50] Train 0.0028/0.9992  Val 0.5546/0.8875  (9.1s)
  [F2 E 45/50] Train 0.0016/0.9998  Val 0.5484/0.8895  (9.5s)
  [F2 E 46/50] Train 0.0023/0.9997  Val 0.5495/0.8905  (9.0s)
  [F2 E 47/50] Train 0.0017/0.9994  Val 0.5455/0.8885  (9.3s)
  [F2 E 48/50] Train 0.0018/0.9998  Val 0.5476/0.8925  (9.5s)
  [F2 E 49/50] Train 0.0014/0.9998  Val 0.5466/0.8905  (9.5s)
  [F2 E 50/50] Train 0.0015/0.9998  Val 0.5457/0.8880  (9.3s)
  Fold 2 done — best val acc: 0.8925  (7m 24s)

============================================================
  Fold 3/4
============================================================
  Train: 6360, Val: 2000, Test: 2000
  resnet34_dropout(p=0.5, no attention)
  [F3 E  1/50] Train 4.0842/0.0774  Val 3.5294/0.1310  (13.2s)
  [F3 E  2/50] Train 3.6147/0.1252  Val 3.2266/0.2060  (12.0s)
  [F3 E  3/50] Train 3.3607/0.1664  Val 3.0557/0.2155  (10.6s)
  [F3 E  4/50] Train 3.2186/0.1896  Val 2.9114/0.2590  (9.7s)
  [F3 E  5/50] Train 3.1495/0.2071  Val 2.8468/0.2660  (9.9s)
  [Epoch 6] Backbone unfreeze (lr=1e-04)
  [F3 E  6/50] Train 2.0403/0.4159  Val 1.2119/0.6345  (10.0s)
  [F3 E  7/50] Train 1.0532/0.6770  Val 0.9414/0.7105  (9.4s)
  [F3 E  8/50] Train 0.6475/0.8019  Val 0.7236/0.7815  (9.8s)
  [F3 E  9/50] Train 0.4305/0.8703  Val 0.6475/0.8050  (10.5s)
  [F3 E 10/50] Train 0.3286/0.8978  Val 0.6626/0.8090  (10.0s)
  [F3 E 11/50] Train 0.2372/0.9302  Val 0.6883/0.8120  (10.0s)
  [F3 E 12/50] Train 0.1947/0.9410  Val 0.6797/0.8145  (10.4s)
  [F3 E 13/50] Train 0.1517/0.9571  Val 0.6933/0.8225  (10.0s)
  [F3 E 14/50] Train 0.1396/0.9560  Val 0.7394/0.8110  (10.2s)
  [F3 E 15/50] Train 0.1085/0.9654  Val 0.7041/0.8190  (10.0s)
  [F3 E 16/50] Train 0.1274/0.9623  Val 0.7132/0.8080  (10.3s)
  [F3 E 17/50] Train 0.0965/0.9723  Val 0.7264/0.8255  (10.2s)
  [F3 E 18/50] Train 0.0746/0.9769  Val 0.6566/0.8355  (10.7s)
  [F3 E 19/50] Train 0.0686/0.9807  Val 0.6769/0.8205  (9.8s)
  [F3 E 20/50] Train 0.0533/0.9835  Val 0.5925/0.8575  (10.2s)
  [F3 E 21/50] Train 0.0470/0.9868  Val 0.6713/0.8360  (10.4s)
  [F3 E 22/50] Train 0.0468/0.9871  Val 0.6686/0.8325  (10.5s)
  [F3 E 23/50] Train 0.0501/0.9857  Val 0.6510/0.8540  (10.8s)
  [F3 E 24/50] Train 0.0326/0.9893  Val 0.6361/0.8460  (9.9s)
  [F3 E 25/50] Train 0.0460/0.9869  Val 0.6311/0.8530  (9.6s)
  [F3 E 26/50] Train 0.0310/0.9929  Val 0.6598/0.8505  (9.8s)
  [F3 E 27/50] Train 0.0253/0.9929  Val 0.5977/0.8670  (9.6s)
  [F3 E 28/50] Train 0.0294/0.9926  Val 0.6199/0.8625  (9.7s)
  [F3 E 29/50] Train 0.0151/0.9956  Val 0.5967/0.8650  (10.3s)
  [F3 E 30/50] Train 0.0179/0.9954  Val 0.5762/0.8695  (10.1s)
  [F3 E 31/50] Train 0.0195/0.9943  Val 0.5682/0.8735  (10.0s)
  [F3 E 32/50] Train 0.0132/0.9969  Val 0.5884/0.8655  (10.0s)
  [F3 E 33/50] Train 0.0089/0.9973  Val 0.5599/0.8760  (9.6s)
  [F3 E 34/50] Train 0.0088/0.9984  Val 0.5650/0.8775  (9.2s)
  [F3 E 35/50] Train 0.0067/0.9986  Val 0.5533/0.8770  (11.7s)
  [F3 E 36/50] Train 0.0036/0.9994  Val 0.5630/0.8815  (11.9s)
  [F3 E 37/50] Train 0.0038/0.9992  Val 0.5565/0.8800  (11.6s)
  [F3 E 38/50] Train 0.0036/0.9994  Val 0.5518/0.8835  (11.8s)
  [F3 E 39/50] Train 0.0041/0.9991  Val 0.5456/0.8835  (11.8s)
  [F3 E 40/50] Train 0.0020/0.9998  Val 0.5479/0.8845  (11.9s)
  [F3 E 41/50] Train 0.0019/0.9998  Val 0.5474/0.8825  (12.1s)
  [F3 E 42/50] Train 0.0027/0.9994  Val 0.5409/0.8820  (12.2s)
  [F3 E 43/50] Train 0.0020/0.9998  Val 0.5390/0.8855  (12.2s)
  [F3 E 44/50] Train 0.0017/0.9998  Val 0.5390/0.8845  (12.6s)
  [F3 E 45/50] Train 0.0017/1.0000  Val 0.5384/0.8815  (12.2s)
  [F3 E 46/50] Train 0.0020/0.9997  Val 0.5376/0.8860  (11.9s)
  [F3 E 47/50] Train 0.0012/1.0000  Val 0.5363/0.8890  (11.8s)
  [F3 E 48/50] Train 0.0013/1.0000  Val 0.5282/0.8865  (12.1s)
  [F3 E 49/50] Train 0.0012/0.9998  Val 0.5261/0.8880  (12.2s)
  [F3 E 50/50] Train 0.0011/1.0000  Val 0.5370/0.8835  (12.7s)
  Fold 3 done — best val acc: 0.8890  (9m 2s)

============================================================
  Fold 4/4
============================================================
  Train: 6360, Val: 2000, Test: 2000
  resnet34_dropout(p=0.5, no attention)
  [F4 E  1/50] Train 4.1072/0.0689  Val 3.5214/0.1595  (11.8s)
  [F4 E  2/50] Train 3.5896/0.1341  Val 3.2478/0.1950  (11.0s)
  [F4 E  3/50] Train 3.3476/0.1755  Val 3.0330/0.2425  (10.9s)
  [F4 E  4/50] Train 3.2125/0.1976  Val 2.9554/0.2585  (10.0s)
  [F4 E  5/50] Train 3.1366/0.2088  Val 2.8659/0.2765  (10.6s)
  [Epoch 6] Backbone unfreeze (lr=1e-04)
  [F4 E  6/50] Train 2.0477/0.4157  Val 1.2719/0.6150  (12.8s)
  [F4 E  7/50] Train 1.0301/0.6803  Val 0.9466/0.7085  (13.2s)
  [F4 E  8/50] Train 0.6704/0.7965  Val 0.8452/0.7365  (13.3s)
  [F4 E  9/50] Train 0.4474/0.8564  Val 0.6851/0.8030  (13.5s)
  [F4 E 10/50] Train 0.3345/0.8970  Val 0.6744/0.8090  (12.7s)
  [F4 E 11/50] Train 0.2239/0.9311  Val 0.6211/0.8250  (12.7s)
  [F4 E 12/50] Train 0.1863/0.9410  Val 0.7151/0.8095  (12.2s)
  [F4 E 13/50] Train 0.1795/0.9470  Val 0.6727/0.8275  (13.0s)
  [F4 E 14/50] Train 0.1464/0.9550  Val 0.6307/0.8305  (12.9s)
  [F4 E 15/50] Train 0.1043/0.9709  Val 0.7093/0.8200  (13.0s)
  [F4 E 16/50] Train 0.0989/0.9701  Val 0.8014/0.8030  (13.0s)
  [F4 E 17/50] Train 0.1124/0.9659  Val 0.6610/0.8375  (13.1s)
  [F4 E 18/50] Train 0.0877/0.9741  Val 0.7023/0.8340  (11.9s)
  [F4 E 19/50] Train 0.0751/0.9766  Val 0.6434/0.8415  (11.0s)
  [F4 E 20/50] Train 0.0627/0.9811  Val 0.6491/0.8450  (11.9s)
  [F4 E 21/50] Train 0.0563/0.9836  Val 0.6522/0.8400  (10.9s)
  [F4 E 22/50] Train 0.0575/0.9822  Val 0.6686/0.8540  (11.0s)
  [F4 E 23/50] Train 0.0324/0.9918  Val 0.6188/0.8605  (10.9s)
  [F4 E 24/50] Train 0.0429/0.9857  Val 0.6373/0.8655  (11.6s)
  [F4 E 25/50] Train 0.0328/0.9901  Val 0.6524/0.8545  (11.2s)
  [F4 E 26/50] Train 0.0283/0.9925  Val 0.6219/0.8595  (10.9s)
  [F4 E 27/50] Train 0.0215/0.9947  Val 0.5650/0.8705  (10.7s)
  [F4 E 28/50] Train 0.0304/0.9901  Val 0.6531/0.8525  (10.9s)
  [F4 E 29/50] Train 0.0234/0.9948  Val 0.5901/0.8690  (10.4s)
  [F4 E 30/50] Train 0.0135/0.9962  Val 0.5808/0.8695  (10.4s)
  [F4 E 31/50] Train 0.0108/0.9975  Val 0.6042/0.8675  (10.6s)
  [F4 E 32/50] Train 0.0102/0.9975  Val 0.5985/0.8750  (10.3s)
  [F4 E 33/50] Train 0.0132/0.9962  Val 0.5701/0.8795  (10.9s)
  [F4 E 34/50] Train 0.0077/0.9981  Val 0.5943/0.8775  (10.7s)
  [F4 E 35/50] Train 0.0088/0.9978  Val 0.5948/0.8700  (10.5s)
  [F4 E 36/50] Train 0.0071/0.9981  Val 0.5612/0.8740  (10.9s)
  [F4 E 37/50] Train 0.0054/0.9989  Val 0.5761/0.8735  (11.1s)
  [F4 E 38/50] Train 0.0030/0.9994  Val 0.5792/0.8740  (10.9s)
  [F4 E 39/50] Train 0.0028/0.9994  Val 0.5730/0.8785  (9.8s)
  [F4 E 40/50] Train 0.0036/0.9991  Val 0.5503/0.8820  (10.2s)
  [F4 E 41/50] Train 0.0042/0.9991  Val 0.5589/0.8805  (9.5s)
  [F4 E 42/50] Train 0.0019/1.0000  Val 0.5543/0.8815  (10.6s)
  [F4 E 43/50] Train 0.0015/0.9998  Val 0.5478/0.8845  (10.9s)
  [F4 E 44/50] Train 0.0020/0.9995  Val 0.5653/0.8845  (10.4s)
  [F4 E 45/50] Train 0.0026/0.9994  Val 0.5398/0.8835  (10.7s)
  [F4 E 46/50] Train 0.0015/0.9998  Val 0.5479/0.8815  (10.4s)
  [F4 E 47/50] Train 0.0014/1.0000  Val 0.5385/0.8830  (10.6s)
  [F4 E 48/50] Train 0.0024/0.9994  Val 0.5436/0.8880  (10.6s)
  [F4 E 49/50] Train 0.0021/0.9998  Val 0.5458/0.8835  (10.8s)
  [F4 E 50/50] Train 0.0016/0.9997  Val 0.5516/0.8820  (10.5s)
  Fold 4 done — best val acc: 0.8880  (9m 28s)

============================================================
  Ensemble — Weighted Soft Voting
  Fold val accs: ['0.9010', '0.8925', '0.8890', '0.8880']
  Weights      : ['0.2523', '0.2500', '0.2490', '0.2487']
============================================================
  resnet34_dropout(p=0.5, no attention)
  resnet34_dropout(p=0.5, no attention)
  resnet34_dropout(p=0.5, no attention)
  resnet34_dropout(p=0.5, no attention)
Ensemble Test Acc : 0.9050
Class-Norm Acc    : 0.8933
History → /home/work/AIPJ/EF2039_Introduction_to_AI_Programming_Project_1/experiment_4/history_resnet34d_noattn_tuning_family_bs32_lr0.001_optadam.csv
Curve → /home/work/AIPJ/EF2039_Introduction_to_AI_Programming_Project_1/experiment_4/curve_resnet34d_noattn_tuning_family_bs32_lr0.001_optadam.png
Confusion → /home/work/AIPJ/EF2039_Introduction_to_AI_Programming_Project_1/experiment_4/confusion_resnet34d_noattn_tuning_family_bs32_lr0.001_optadam.png
Class-wise → /home/work/AIPJ/EF2039_Introduction_to_AI_Programming_Project_1/experiment_4/classwise_resnet34d_noattn_tuning_family_bs32_lr0.001_optadam.csv
Predictions → /home/work/AIPJ/EF2039_Introduction_to_AI_Programming_Project_1/experiment_4/predictions_resnet34d_noattn_tuning_family_bs32_lr0.001_optadam.csv
Results → /home/work/AIPJ/EF2039_Introduction_to_AI_Programming_Project_1/experiment_4/results_all.csv
