===== Input Arguments =====
  model         : resnet34d
  attn          : none
  tuning        : True
  use_excluded  : True
  use_added     : True
  folds         : 4
  epochs        : 50
  batch_size    : 32
  lr            : 0.001
  optimizer     : adam
  weight_decay  : 0.0001
  label_smoothing: 0.0
  label         : family
  crop_bbox     : True
  seed          : 42
  save_csv      : results_all.csv
  outdir        : /home/work/AIPJ/EF2039_Introduction_to_AI_Programming_Project_1/experiment_4
  added_repeat  : 3
===========================
Device: cuda  |  AMP: True  |  Workers: 14
Label: family  |  Classes: 70
Mode: excl=True, added=True  |  Original: 10000, Added(train-only): 180 ×3 = 540
Test set isolated: 2000 samples (20%, seed=42)
Train+Val pool   : 8000 samples → 4-fold CV

============================================================
  Fold 1/4
============================================================
  Train: 6540, Val: 2000, Test: 2000
  resnet34_dropout(p=0.5, no attention)
  [F1 E  1/50] Train 4.1121/0.0768  Val 3.5243/0.1580  (10.2s)
  [F1 E  2/50] Train 3.6015/0.1307  Val 3.1737/0.2250  (7.9s)
  [F1 E  3/50] Train 3.3677/0.1610  Val 2.9939/0.2535  (7.8s)
  [F1 E  4/50] Train 3.2413/0.1910  Val 2.8918/0.2780  (7.7s)
  [F1 E  5/50] Train 3.1580/0.2049  Val 2.8325/0.2660  (8.0s)
  [Epoch 6] Backbone unfreeze (lr=1e-04)
  [F1 E  6/50] Train 2.0208/0.4235  Val 1.2205/0.6425  (11.3s)
  [F1 E  7/50] Train 1.0515/0.6798  Val 0.9059/0.7130  (11.5s)
  [F1 E  8/50] Train 0.6362/0.8046  Val 0.7132/0.7885  (10.5s)
  [F1 E  9/50] Train 0.4454/0.8662  Val 0.6523/0.8030  (10.5s)
  [F1 E 10/50] Train 0.3296/0.8995  Val 0.6145/0.8145  (11.0s)
  [F1 E 11/50] Train 0.2227/0.9321  Val 0.6150/0.8225  (11.6s)
  [F1 E 12/50] Train 0.1903/0.9404  Val 0.6867/0.8040  (11.6s)
  [F1 E 13/50] Train 0.1669/0.9485  Val 0.6405/0.8255  (12.2s)
  [F1 E 14/50] Train 0.1476/0.9540  Val 0.6410/0.8265  (12.0s)
  [F1 E 15/50] Train 0.1094/0.9659  Val 0.6202/0.8375  (12.0s)
  [F1 E 16/50] Train 0.1178/0.9621  Val 0.6210/0.8520  (11.6s)
  [F1 E 17/50] Train 0.0782/0.9760  Val 0.6227/0.8475  (11.4s)
  [F1 E 18/50] Train 0.0749/0.9784  Val 0.7047/0.8275  (11.2s)
  [F1 E 19/50] Train 0.0817/0.9742  Val 0.5817/0.8570  (11.6s)
  [F1 E 20/50] Train 0.0684/0.9795  Val 0.5550/0.8625  (11.7s)
  [F1 E 21/50] Train 0.0633/0.9798  Val 0.6379/0.8405  (11.5s)
  [F1 E 22/50] Train 0.0577/0.9829  Val 0.6103/0.8590  (11.3s)
  [F1 E 23/50] Train 0.0465/0.9861  Val 0.5826/0.8625  (11.1s)
  [F1 E 24/50] Train 0.0351/0.9907  Val 0.6028/0.8610  (11.6s)
  [F1 E 25/50] Train 0.0277/0.9927  Val 0.6167/0.8580  (11.3s)
  [F1 E 26/50] Train 0.0304/0.9916  Val 0.5571/0.8730  (11.1s)
  [F1 E 27/50] Train 0.0233/0.9937  Val 0.6159/0.8735  (11.2s)
  [F1 E 28/50] Train 0.0241/0.9920  Val 0.6335/0.8615  (11.3s)
  [F1 E 29/50] Train 0.0229/0.9945  Val 0.5713/0.8820  (11.0s)
  [F1 E 30/50] Train 0.0117/0.9972  Val 0.5582/0.8860  (10.8s)
  [F1 E 31/50] Train 0.0125/0.9971  Val 0.5810/0.8820  (10.2s)
  [F1 E 32/50] Train 0.0104/0.9980  Val 0.5702/0.8855  (10.7s)
  [F1 E 33/50] Train 0.0105/0.9968  Val 0.5774/0.8835  (11.1s)
  [F1 E 34/50] Train 0.0130/0.9971  Val 0.5824/0.8765  (11.4s)
  [F1 E 35/50] Train 0.0065/0.9982  Val 0.5605/0.8800  (11.5s)
  [F1 E 36/50] Train 0.0042/0.9995  Val 0.5565/0.8850  (11.7s)
  [F1 E 37/50] Train 0.0057/0.9986  Val 0.5724/0.8845  (11.2s)
  [F1 E 38/50] Train 0.0054/0.9989  Val 0.5238/0.8955  (11.5s)
  [F1 E 39/50] Train 0.0035/0.9995  Val 0.5320/0.8900  (11.1s)
  [F1 E 40/50] Train 0.0027/0.9995  Val 0.5300/0.8925  (11.4s)
  [F1 E 41/50] Train 0.0025/0.9997  Val 0.5260/0.8960  (11.8s)
  [F1 E 42/50] Train 0.0021/0.9997  Val 0.5205/0.8960  (11.3s)
  [F1 E 43/50] Train 0.0031/0.9994  Val 0.5205/0.8985  (11.3s)
  [F1 E 44/50] Train 0.0016/1.0000  Val 0.5257/0.8985  (11.1s)
  [F1 E 45/50] Train 0.0013/1.0000  Val 0.5156/0.8985  (11.2s)
  [F1 E 46/50] Train 0.0014/0.9998  Val 0.5157/0.8985  (11.3s)
  [F1 E 47/50] Train 0.0026/0.9994  Val 0.5187/0.9000  (11.3s)
  [F1 E 48/50] Train 0.0019/0.9997  Val 0.5191/0.8970  (11.3s)
  [F1 E 49/50] Train 0.0011/1.0000  Val 0.5191/0.8980  (11.5s)
  [F1 E 50/50] Train 0.0023/0.9995  Val 0.5280/0.8925  (11.2s)
  Fold 1 done — best val acc: 0.9000  (9m 13s)

============================================================
  Fold 2/4
============================================================
  Train: 6540, Val: 2000, Test: 2000
  resnet34_dropout(p=0.5, no attention)
  [F2 E  1/50] Train 4.1145/0.0696  Val 3.5281/0.1555  (10.7s)
  [F2 E  2/50] Train 3.5917/0.1329  Val 3.2093/0.2020  (8.8s)
  [F2 E  3/50] Train 3.3571/0.1657  Val 3.0321/0.2490  (9.4s)
  [F2 E  4/50] Train 3.2397/0.1902  Val 2.9252/0.2670  (9.7s)
  [F2 E  5/50] Train 3.1516/0.2049  Val 2.8125/0.2935  (10.5s)
  [Epoch 6] Backbone unfreeze (lr=1e-04)
  [F2 E  6/50] Train 2.0038/0.4263  Val 1.2578/0.6180  (13.7s)
  [F2 E  7/50] Train 1.0255/0.6852  Val 0.9599/0.7080  (12.6s)
  [F2 E  8/50] Train 0.6441/0.8034  Val 0.7380/0.7970  (12.4s)
  [F2 E  9/50] Train 0.4475/0.8628  Val 0.6572/0.8040  (13.1s)
  [F2 E 10/50] Train 0.3235/0.8994  Val 0.6728/0.8155  (13.5s)
  [F2 E 11/50] Train 0.2366/0.9298  Val 0.6726/0.8255  (13.3s)
  [F2 E 12/50] Train 0.1687/0.9486  Val 0.6473/0.8300  (13.2s)
  [F2 E 13/50] Train 0.1517/0.9517  Val 0.6531/0.8255  (13.4s)
  [F2 E 14/50] Train 0.1214/0.9665  Val 0.7378/0.8080  (13.2s)
  [F2 E 15/50] Train 0.1214/0.9624  Val 0.6738/0.8370  (12.8s)
  [F2 E 16/50] Train 0.1193/0.9644  Val 0.6931/0.8330  (13.2s)
  [F2 E 17/50] Train 0.0871/0.9751  Val 0.6607/0.8295  (13.3s)
  [F2 E 18/50] Train 0.0830/0.9746  Val 0.7287/0.8270  (13.2s)
  [F2 E 19/50] Train 0.0905/0.9743  Val 0.7377/0.8195  (12.8s)
  [F2 E 20/50] Train 0.0816/0.9755  Val 0.6634/0.8505  (11.7s)
  [F2 E 21/50] Train 0.0572/0.9847  Val 0.6218/0.8530  (12.2s)
  [F2 E 22/50] Train 0.0478/0.9846  Val 0.7057/0.8450  (12.5s)
  [F2 E 23/50] Train 0.0397/0.9890  Val 0.6539/0.8585  (13.0s)
  [F2 E 24/50] Train 0.0261/0.9934  Val 0.5959/0.8640  (13.1s)
  [F2 E 25/50] Train 0.0396/0.9891  Val 0.5955/0.8645  (13.3s)
  [F2 E 26/50] Train 0.0216/0.9946  Val 0.6316/0.8585  (13.2s)
  [F2 E 27/50] Train 0.0263/0.9920  Val 0.6109/0.8565  (12.9s)
  [F2 E 28/50] Train 0.0227/0.9948  Val 0.6095/0.8690  (12.9s)
  [F2 E 29/50] Train 0.0175/0.9948  Val 0.5872/0.8645  (12.7s)
  [F2 E 30/50] Train 0.0123/0.9968  Val 0.6345/0.8600  (12.9s)
  [F2 E 31/50] Train 0.0112/0.9974  Val 0.6042/0.8720  (13.1s)
  [F2 E 32/50] Train 0.0073/0.9979  Val 0.6292/0.8725  (12.7s)
  [F2 E 33/50] Train 0.0072/0.9988  Val 0.6036/0.8695  (13.5s)
  [F2 E 34/50] Train 0.0042/0.9992  Val 0.5925/0.8790  (13.3s)
  [F2 E 35/50] Train 0.0039/0.9991  Val 0.6343/0.8740  (13.2s)
  [F2 E 36/50] Train 0.0061/0.9982  Val 0.5727/0.8715  (13.3s)
  [F2 E 37/50] Train 0.0042/0.9986  Val 0.5555/0.8780  (12.5s)
  [F2 E 38/50] Train 0.0041/0.9992  Val 0.6055/0.8790  (12.1s)
  [F2 E 39/50] Train 0.0049/0.9991  Val 0.5756/0.8750  (12.2s)
  [F2 E 40/50] Train 0.0024/0.9995  Val 0.5664/0.8750  (13.0s)
  [F2 E 41/50] Train 0.0030/0.9992  Val 0.5473/0.8805  (13.6s)
  [F2 E 42/50] Train 0.0019/0.9997  Val 0.5559/0.8820  (13.2s)
  [F2 E 43/50] Train 0.0026/0.9994  Val 0.5537/0.8815  (13.3s)
  [F2 E 44/50] Train 0.0018/0.9997  Val 0.5536/0.8800  (13.1s)
  [F2 E 45/50] Train 0.0018/0.9995  Val 0.5531/0.8800  (12.8s)
  [F2 E 46/50] Train 0.0018/0.9998  Val 0.5593/0.8825  (12.7s)
  [F2 E 47/50] Train 0.0017/0.9997  Val 0.5509/0.8800  (11.9s)
  [F2 E 48/50] Train 0.0013/0.9998  Val 0.5406/0.8810  (13.5s)
  [F2 E 49/50] Train 0.0021/0.9997  Val 0.5503/0.8825  (12.7s)
  [F2 E 50/50] Train 0.0013/0.9998  Val 0.5425/0.8860  (13.8s)
  Fold 2 done — best val acc: 0.8860  (10m 36s)

============================================================
  Fold 3/4
============================================================
  Train: 6540, Val: 2000, Test: 2000
  resnet34_dropout(p=0.5, no attention)
  [F3 E  1/50] Train 4.1250/0.0783  Val 3.5395/0.1140  (11.3s)
  [F3 E  2/50] Train 3.5861/0.1349  Val 3.2205/0.2055  (11.0s)
  [F3 E  3/50] Train 3.3443/0.1668  Val 3.0401/0.2245  (10.8s)
  [F3 E  4/50] Train 3.2511/0.1928  Val 2.9028/0.2660  (10.5s)
  [F3 E  5/50] Train 3.1305/0.2055  Val 2.8000/0.2990  (10.9s)
  [Epoch 6] Backbone unfreeze (lr=1e-04)
  [F3 E  6/50] Train 2.0288/0.4213  Val 1.2057/0.6320  (12.8s)
  [F3 E  7/50] Train 1.0307/0.6856  Val 0.9556/0.7085  (11.3s)
  [F3 E  8/50] Train 0.6506/0.7995  Val 0.7908/0.7585  (12.4s)
  [F3 E  9/50] Train 0.4304/0.8682  Val 0.7104/0.7895  (12.5s)
  [F3 E 10/50] Train 0.3058/0.9063  Val 0.6158/0.8160  (13.1s)
  [F3 E 11/50] Train 0.2345/0.9271  Val 0.7551/0.7890  (12.4s)
  [F3 E 12/50] Train 0.1971/0.9391  Val 0.6328/0.8280  (13.0s)
  [F3 E 13/50] Train 0.1661/0.9489  Val 0.6842/0.8160  (13.5s)
  [F3 E 14/50] Train 0.1506/0.9532  Val 0.6761/0.8190  (12.6s)
  [F3 E 15/50] Train 0.1036/0.9690  Val 0.6366/0.8385  (13.1s)
  [F3 E 16/50] Train 0.0981/0.9714  Val 0.6603/0.8285  (12.4s)
  [F3 E 17/50] Train 0.0934/0.9713  Val 0.6801/0.8225  (13.2s)
  [F3 E 18/50] Train 0.0612/0.9833  Val 0.6426/0.8440  (13.7s)
  [F3 E 19/50] Train 0.0760/0.9777  Val 0.7045/0.8320  (12.9s)
  [F3 E 20/50] Train 0.0712/0.9792  Val 0.6767/0.8460  (13.1s)
  [F3 E 21/50] Train 0.0625/0.9813  Val 0.7304/0.8255  (13.8s)
  [F3 E 22/50] Train 0.0447/0.9887  Val 0.7248/0.8420  (13.1s)
  [F3 E 23/50] Train 0.0481/0.9856  Val 0.5921/0.8635  (13.0s)
  [F3 E 24/50] Train 0.0283/0.9928  Val 0.5556/0.8640  (12.7s)
  [F3 E 25/50] Train 0.0297/0.9914  Val 0.6651/0.8520  (12.2s)
  [F3 E 26/50] Train 0.0376/0.9902  Val 0.5863/0.8605  (11.9s)
  [F3 E 27/50] Train 0.0284/0.9916  Val 0.6221/0.8585  (12.4s)
  [F3 E 28/50] Train 0.0295/0.9925  Val 0.5644/0.8665  (12.6s)
  [F3 E 29/50] Train 0.0133/0.9976  Val 0.5291/0.8865  (12.3s)
  [F3 E 30/50] Train 0.0169/0.9954  Val 0.5703/0.8700  (12.1s)
  [F3 E 31/50] Train 0.0167/0.9963  Val 0.5539/0.8810  (10.7s)
  [F3 E 32/50] Train 0.0118/0.9977  Val 0.5584/0.8780  (11.8s)
  [F3 E 33/50] Train 0.0124/0.9969  Val 0.5524/0.8740  (10.7s)
  [F3 E 34/50] Train 0.0088/0.9977  Val 0.5389/0.8805  (12.1s)
  [F3 E 35/50] Train 0.0078/0.9979  Val 0.5404/0.8800  (13.1s)
  [F3 E 36/50] Train 0.0075/0.9977  Val 0.5537/0.8775  (12.1s)
  [F3 E 37/50] Train 0.0066/0.9986  Val 0.5507/0.8785  (12.7s)
  [F3 E 38/50] Train 0.0038/0.9991  Val 0.5565/0.8800  (12.1s)
  [F3 E 39/50] Train 0.0024/0.9997  Val 0.5440/0.8810  (12.1s)
  [F3 E 40/50] Train 0.0030/0.9994  Val 0.5298/0.8885  (12.5s)
  [F3 E 41/50] Train 0.0016/1.0000  Val 0.5267/0.8900  (12.2s)
  [F3 E 42/50] Train 0.0018/0.9998  Val 0.5209/0.8890  (12.8s)
  [F3 E 43/50] Train 0.0033/0.9994  Val 0.5137/0.8910  (12.5s)
  [F3 E 44/50] Train 0.0017/0.9998  Val 0.5122/0.8925  (12.3s)
  [F3 E 45/50] Train 0.0014/1.0000  Val 0.5091/0.8925  (11.9s)
  [F3 E 46/50] Train 0.0015/0.9998  Val 0.5163/0.8890  (12.1s)
  [F3 E 47/50] Train 0.0014/0.9998  Val 0.5069/0.8940  (12.7s)
  [F3 E 48/50] Train 0.0015/0.9997  Val 0.5134/0.8910  (11.8s)
  [F3 E 49/50] Train 0.0011/0.9998  Val 0.5092/0.8925  (11.8s)
  [F3 E 50/50] Train 0.0016/0.9997  Val 0.5037/0.8925  (12.0s)
  Fold 3 done — best val acc: 0.8940  (10m 18s)

============================================================
  Fold 4/4
============================================================
  Train: 6540, Val: 2000, Test: 2000
  resnet34_dropout(p=0.5, no attention)
  [F4 E  1/50] Train 4.1306/0.0693  Val 3.6143/0.1135  (11.5s)
  [F4 E  2/50] Train 3.5937/0.1361  Val 3.2702/0.1950  (12.2s)
  [F4 E  3/50] Train 3.3529/0.1650  Val 3.0507/0.2395  (13.0s)
  [F4 E  4/50] Train 3.2249/0.1957  Val 2.9383/0.2730  (12.7s)
  [F4 E  5/50] Train 3.1443/0.2080  Val 2.8716/0.2695  (11.3s)
  [Epoch 6] Backbone unfreeze (lr=1e-04)
  [F4 E  6/50] Train 1.9979/0.4304  Val 1.2562/0.6255  (12.9s)
  [F4 E  7/50] Train 1.0128/0.6885  Val 0.8349/0.7425  (13.3s)
  [F4 E  8/50] Train 0.6462/0.8069  Val 0.8066/0.7635  (13.0s)
  [F4 E  9/50] Train 0.4287/0.8661  Val 0.6545/0.8010  (12.2s)
  [F4 E 10/50] Train 0.3156/0.9043  Val 0.6926/0.7920  (12.4s)
  [F4 E 11/50] Train 0.2397/0.9254  Val 0.7458/0.7905  (12.4s)
  [F4 E 12/50] Train 0.1914/0.9439  Val 0.6897/0.8110  (12.5s)
  [F4 E 13/50] Train 0.1509/0.9532  Val 0.7154/0.8105  (12.6s)
  [F4 E 14/50] Train 0.1402/0.9564  Val 0.6662/0.8215  (11.8s)
  [F4 E 15/50] Train 0.1284/0.9604  Val 0.7176/0.8140  (11.8s)
  [F4 E 16/50] Train 0.1140/0.9662  Val 0.6815/0.8355  (12.6s)
  [F4 E 17/50] Train 0.0803/0.9748  Val 0.6891/0.8350  (11.4s)
  [F4 E 18/50] Train 0.0734/0.9786  Val 0.6549/0.8390  (11.0s)
  [F4 E 19/50] Train 0.0796/0.9760  Val 0.6884/0.8335  (11.3s)
  [F4 E 20/50] Train 0.0755/0.9778  Val 0.7333/0.8185  (12.1s)
  [F4 E 21/50] Train 0.0529/0.9847  Val 0.6400/0.8530  (13.3s)
  [F4 E 22/50] Train 0.0427/0.9887  Val 0.6081/0.8645  (12.4s)
  [F4 E 23/50] Train 0.0350/0.9898  Val 0.5989/0.8615  (13.1s)
  [F4 E 24/50] Train 0.0372/0.9898  Val 0.6460/0.8475  (12.4s)
  [F4 E 25/50] Train 0.0367/0.9888  Val 0.6224/0.8650  (11.8s)
  [F4 E 26/50] Train 0.0267/0.9930  Val 0.6050/0.8645  (12.6s)
  [F4 E 27/50] Train 0.0430/0.9873  Val 0.6906/0.8545  (12.3s)
  [F4 E 28/50] Train 0.0392/0.9869  Val 0.5923/0.8640  (11.7s)
  [F4 E 29/50] Train 0.0231/0.9931  Val 0.5741/0.8720  (11.6s)
  [F4 E 30/50] Train 0.0142/0.9962  Val 0.5931/0.8700  (12.2s)
  [F4 E 31/50] Train 0.0120/0.9976  Val 0.5756/0.8725  (12.4s)
  [F4 E 32/50] Train 0.0106/0.9974  Val 0.5385/0.8765  (12.8s)
  [F4 E 33/50] Train 0.0137/0.9966  Val 0.6029/0.8700  (11.7s)
  [F4 E 34/50] Train 0.0090/0.9985  Val 0.5679/0.8725  (11.9s)
  [F4 E 35/50] Train 0.0057/0.9994  Val 0.5459/0.8795  (11.3s)
  [F4 E 36/50] Train 0.0053/0.9991  Val 0.5397/0.8730  (11.8s)
  [F4 E 37/50] Train 0.0039/0.9988  Val 0.5447/0.8825  (10.9s)
  [F4 E 38/50] Train 0.0036/0.9992  Val 0.5383/0.8820  (12.2s)
  [F4 E 39/50] Train 0.0027/0.9994  Val 0.5292/0.8880  (12.1s)
  [F4 E 40/50] Train 0.0024/0.9995  Val 0.5236/0.8855  (12.3s)
  [F4 E 41/50] Train 0.0022/0.9997  Val 0.5067/0.8880  (12.6s)
  [F4 E 42/50] Train 0.0026/0.9997  Val 0.5160/0.8865  (11.6s)
  [F4 E 43/50] Train 0.0016/1.0000  Val 0.5061/0.8905  (12.1s)
  [F4 E 44/50] Train 0.0023/0.9998  Val 0.5178/0.8890  (11.6s)
  [F4 E 45/50] Train 0.0017/0.9998  Val 0.5192/0.8900  (12.5s)
  [F4 E 46/50] Train 0.0019/0.9997  Val 0.5135/0.8845  (12.6s)
  [F4 E 47/50] Train 0.0014/0.9998  Val 0.5064/0.8890  (12.8s)
  [F4 E 48/50] Train 0.0013/0.9998  Val 0.5202/0.8845  (12.3s)
  [F4 E 49/50] Train 0.0014/0.9998  Val 0.5090/0.8900  (12.6s)
  [F4 E 50/50] Train 0.0022/0.9995  Val 0.5205/0.8880  (12.6s)
  Fold 4 done — best val acc: 0.8905  (10m 13s)

============================================================
  Ensemble — Weighted Soft Voting
  Fold val accs: ['0.9000', '0.8860', '0.8940', '0.8905']
  Weights      : ['0.2521', '0.2481', '0.2504', '0.2494']
============================================================
  resnet34_dropout(p=0.5, no attention)
  resnet34_dropout(p=0.5, no attention)
  resnet34_dropout(p=0.5, no attention)
  resnet34_dropout(p=0.5, no attention)
Ensemble Test Acc : 0.9035
Class-Norm Acc    : 0.8932
History → /home/work/AIPJ/EF2039_Introduction_to_AI_Programming_Project_1/experiment_4/history_resnet34d_noattn_tuning_family_bs32_lr0.001_optadam.csv
Curve → /home/work/AIPJ/EF2039_Introduction_to_AI_Programming_Project_1/experiment_4/curve_resnet34d_noattn_tuning_family_bs32_lr0.001_optadam.png
Confusion → /home/work/AIPJ/EF2039_Introduction_to_AI_Programming_Project_1/experiment_4/confusion_resnet34d_noattn_tuning_family_bs32_lr0.001_optadam.png
Class-wise → /home/work/AIPJ/EF2039_Introduction_to_AI_Programming_Project_1/experiment_4/classwise_resnet34d_noattn_tuning_family_bs32_lr0.001_optadam.csv
Predictions → /home/work/AIPJ/EF2039_Introduction_to_AI_Programming_Project_1/experiment_4/predictions_resnet34d_noattn_tuning_family_bs32_lr0.001_optadam.csv
Results → /home/work/AIPJ/EF2039_Introduction_to_AI_Programming_Project_1/experiment_4/results_all.csv
