===== Input Arguments =====
  model         : resnet34d
  attn          : none
  tuning        : True
  use_excluded  : True
  use_added     : True
  folds         : 4
  epochs        : 50
  batch_size    : 32
  lr            : 0.001
  optimizer     : adam
  weight_decay  : 0.0001
  label_smoothing: 0.0
  label         : family
  crop_bbox     : True
  seed          : 42
  save_csv      : results_all.csv
  outdir        : /home/work/AIPJ/EF2039_Introduction_to_AI_Programming_Project_1/experiment_4
  added_repeat  : 5
===========================
Device: cuda  |  AMP: True  |  Workers: 14
Label: family  |  Classes: 70
Mode: excl=True, added=True  |  Original: 10000, Added(train-only): 180 ×5 = 900
Test set isolated: 2000 samples (20%, seed=42)
Train+Val pool   : 8000 samples → 4-fold CV

============================================================
  Fold 1/4
============================================================
  Train: 6900, Val: 2000, Test: 2000
  resnet34_dropout(p=0.5, no attention)
  [F1 E  1/50] Train 4.0653/0.0784  Val 3.5014/0.1605  (10.6s)
  [F1 E  2/50] Train 3.5591/0.1383  Val 3.1799/0.2155  (9.1s)
  [F1 E  3/50] Train 3.2998/0.1797  Val 3.0096/0.2495  (8.7s)
  [F1 E  4/50] Train 3.1986/0.1961  Val 2.8933/0.2575  (9.9s)
  [F1 E  5/50] Train 3.1255/0.2207  Val 2.8104/0.2940  (9.4s)
  [Epoch 6] Backbone unfreeze (lr=1e-04)
  [F1 E  6/50] Train 1.9842/0.4364  Val 1.1892/0.6435  (11.8s)
  [F1 E  7/50] Train 0.9688/0.7114  Val 0.8177/0.7385  (11.8s)
  [F1 E  8/50] Train 0.5952/0.8203  Val 0.7819/0.7625  (11.8s)
  [F1 E  9/50] Train 0.4204/0.8725  Val 0.7260/0.7730  (11.8s)
  [F1 E 10/50] Train 0.3029/0.9055  Val 0.7607/0.7890  (11.7s)
  [F1 E 11/50] Train 0.2375/0.9249  Val 0.7055/0.8040  (12.0s)
  [F1 E 12/50] Train 0.1855/0.9403  Val 0.6823/0.8150  (11.9s)
  [F1 E 13/50] Train 0.1369/0.9620  Val 0.6551/0.8290  (12.3s)
  [F1 E 14/50] Train 0.1432/0.9587  Val 0.8086/0.7960  (12.3s)
  [F1 E 15/50] Train 0.1177/0.9667  Val 0.6214/0.8425  (12.5s)
  [F1 E 16/50] Train 0.0893/0.9742  Val 0.6806/0.8275  (13.1s)
  [F1 E 17/50] Train 0.1000/0.9693  Val 0.7757/0.8055  (12.5s)
  [F1 E 18/50] Train 0.0968/0.9701  Val 0.6535/0.8465  (12.2s)
  [F1 E 19/50] Train 0.0796/0.9774  Val 0.6754/0.8325  (12.6s)
  [F1 E 20/50] Train 0.0592/0.9833  Val 0.5654/0.8515  (11.5s)
  [F1 E 21/50] Train 0.0499/0.9857  Val 0.7370/0.8135  (12.2s)
  [F1 E 22/50] Train 0.0515/0.9835  Val 0.6327/0.8540  (12.0s)
  [F1 E 23/50] Train 0.0462/0.9859  Val 0.5956/0.8565  (13.1s)
  [F1 E 24/50] Train 0.0294/0.9906  Val 0.6274/0.8565  (13.3s)
  [F1 E 25/50] Train 0.0346/0.9901  Val 0.6007/0.8590  (12.8s)
  [F1 E 26/50] Train 0.0386/0.9893  Val 0.6396/0.8520  (13.4s)
  [F1 E 27/50] Train 0.0322/0.9903  Val 0.6334/0.8595  (12.9s)
  [F1 E 28/50] Train 0.0391/0.9903  Val 0.6098/0.8640  (13.0s)
  [F1 E 29/50] Train 0.0235/0.9945  Val 0.5639/0.8690  (12.6s)
  [F1 E 30/50] Train 0.0123/0.9959  Val 0.5411/0.8765  (12.9s)
  [F1 E 31/50] Train 0.0115/0.9974  Val 0.5433/0.8770  (12.9s)
  [F1 E 32/50] Train 0.0165/0.9954  Val 0.6246/0.8635  (12.9s)
  [F1 E 33/50] Train 0.0114/0.9968  Val 0.5423/0.8765  (13.1s)
  [F1 E 34/50] Train 0.0054/0.9988  Val 0.5223/0.8795  (13.2s)
  [F1 E 35/50] Train 0.0043/0.9993  Val 0.5493/0.8750  (13.1s)
  [F1 E 36/50] Train 0.0080/0.9978  Val 0.5345/0.8795  (13.1s)
  [F1 E 37/50] Train 0.0067/0.9980  Val 0.5397/0.8805  (12.9s)
  [F1 E 38/50] Train 0.0038/0.9993  Val 0.5069/0.8870  (12.0s)
  [F1 E 39/50] Train 0.0029/0.9996  Val 0.5049/0.8885  (12.8s)
  [F1 E 40/50] Train 0.0030/0.9997  Val 0.5026/0.8910  (12.5s)
  [F1 E 41/50] Train 0.0023/0.9996  Val 0.4993/0.8880  (13.3s)
  [F1 E 42/50] Train 0.0024/0.9996  Val 0.5136/0.8870  (12.7s)
  [F1 E 43/50] Train 0.0013/0.9999  Val 0.5112/0.8850  (12.9s)
  [F1 E 44/50] Train 0.0017/0.9999  Val 0.5165/0.8845  (12.5s)
  [F1 E 45/50] Train 0.0021/0.9999  Val 0.5083/0.8840  (12.7s)
  [F1 E 46/50] Train 0.0013/1.0000  Val 0.5015/0.8850  (13.0s)
  [F1 E 47/50] Train 0.0011/0.9999  Val 0.5038/0.8900  (13.4s)
  [F1 E 48/50] Train 0.0014/0.9999  Val 0.5035/0.8870  (13.2s)
  [F1 E 49/50] Train 0.0013/1.0000  Val 0.5019/0.8870  (12.6s)
  [F1 E 50/50] Train 0.0016/0.9997  Val 0.5027/0.8890  (12.7s)
  Fold 1 done — best val acc: 0.8910  (10m 19s)

============================================================
  Fold 2/4
============================================================
  Train: 6900, Val: 2000, Test: 2000
  resnet34_dropout(p=0.5, no attention)
  [F2 E  1/50] Train 4.0651/0.0752  Val 3.5183/0.1475  (12.9s)
  [F2 E  2/50] Train 3.5370/0.1391  Val 3.1916/0.2180  (12.2s)
  [F2 E  3/50] Train 3.3297/0.1743  Val 3.0300/0.2455  (11.5s)
  [F2 E  4/50] Train 3.1955/0.1996  Val 2.9226/0.2795  (10.8s)
  [F2 E  5/50] Train 3.1173/0.2136  Val 2.8446/0.2770  (10.2s)
  [Epoch 6] Backbone unfreeze (lr=1e-04)
  [F2 E  6/50] Train 1.9413/0.4465  Val 1.2618/0.6170  (12.3s)
  [F2 E  7/50] Train 0.9587/0.7043  Val 1.0032/0.7000  (12.0s)
  [F2 E  8/50] Train 0.6001/0.8184  Val 0.7144/0.7940  (12.1s)
  [F2 E  9/50] Train 0.4082/0.8745  Val 0.7572/0.7820  (12.7s)
  [F2 E 10/50] Train 0.2891/0.9167  Val 0.7127/0.8030  (12.0s)
  [F2 E 11/50] Train 0.2220/0.9326  Val 0.7165/0.8045  (12.5s)
  [F2 E 12/50] Train 0.1931/0.9397  Val 0.6583/0.8220  (12.8s)
  [F2 E 13/50] Train 0.1479/0.9549  Val 0.8594/0.7840  (12.4s)
  [F2 E 14/50] Train 0.1386/0.9591  Val 0.6763/0.8255  (12.5s)
  [F2 E 15/50] Train 0.1006/0.9719  Val 0.7280/0.8210  (12.1s)
  [F2 E 16/50] Train 0.0905/0.9729  Val 0.6386/0.8445  (13.7s)
  [F2 E 17/50] Train 0.0832/0.9748  Val 0.6882/0.8415  (12.6s)
  [F2 E 18/50] Train 0.0620/0.9839  Val 0.6758/0.8420  (12.7s)
  [F2 E 19/50] Train 0.0773/0.9765  Val 0.7569/0.8205  (13.4s)
  [F2 E 20/50] Train 0.0776/0.9755  Val 0.7470/0.8255  (12.5s)
  [F2 E 21/50] Train 0.0580/0.9816  Val 0.6885/0.8445  (13.2s)
  [F2 E 22/50] Train 0.0401/0.9888  Val 0.6583/0.8620  (12.2s)
  [F2 E 23/50] Train 0.0472/0.9862  Val 0.8007/0.8295  (12.3s)
  [F2 E 24/50] Train 0.0520/0.9855  Val 0.6750/0.8605  (12.2s)
  [F2 E 25/50] Train 0.0253/0.9928  Val 0.6475/0.8605  (13.3s)
  [F2 E 26/50] Train 0.0186/0.9939  Val 0.6296/0.8645  (13.2s)
  [F2 E 27/50] Train 0.0251/0.9946  Val 0.6391/0.8640  (13.0s)
  [F2 E 28/50] Train 0.0294/0.9923  Val 0.5934/0.8680  (12.9s)
  [F2 E 29/50] Train 0.0226/0.9936  Val 0.6606/0.8590  (13.0s)
  [F2 E 30/50] Train 0.0112/0.9974  Val 0.5765/0.8725  (13.2s)
  [F2 E 31/50] Train 0.0103/0.9975  Val 0.5821/0.8730  (12.5s)
  [F2 E 32/50] Train 0.0142/0.9957  Val 0.6173/0.8655  (12.6s)
  [F2 E 33/50] Train 0.0126/0.9971  Val 0.5727/0.8740  (12.9s)
  [F2 E 34/50] Train 0.0047/0.9993  Val 0.5655/0.8825  (12.9s)
  [F2 E 35/50] Train 0.0045/0.9990  Val 0.5676/0.8720  (12.9s)
  [F2 E 36/50] Train 0.0060/0.9990  Val 0.5868/0.8760  (12.6s)
  [F2 E 37/50] Train 0.0060/0.9984  Val 0.5649/0.8760  (12.4s)
  [F2 E 38/50] Train 0.0038/0.9990  Val 0.5737/0.8795  (12.6s)
  [F2 E 39/50] Train 0.0036/0.9991  Val 0.5739/0.8805  (12.2s)
  [F2 E 40/50] Train 0.0036/0.9990  Val 0.5528/0.8845  (11.5s)
  [F2 E 41/50] Train 0.0015/1.0000  Val 0.5568/0.8840  (11.9s)
  [F2 E 42/50] Train 0.0022/0.9999  Val 0.5544/0.8850  (12.4s)
  [F2 E 43/50] Train 0.0015/1.0000  Val 0.5508/0.8825  (12.1s)
  [F2 E 44/50] Train 0.0015/0.9997  Val 0.5526/0.8855  (12.7s)
  [F2 E 45/50] Train 0.0012/1.0000  Val 0.5455/0.8840  (13.3s)
  [F2 E 46/50] Train 0.0015/0.9997  Val 0.5452/0.8845  (13.5s)
  [F2 E 47/50] Train 0.0017/0.9996  Val 0.5422/0.8840  (13.4s)
  [F2 E 48/50] Train 0.0015/0.9997  Val 0.5490/0.8840  (13.3s)
  [F2 E 49/50] Train 0.0013/1.0000  Val 0.5538/0.8840  (12.9s)
  [F2 E 50/50] Train 0.0014/0.9999  Val 0.5452/0.8850  (13.1s)
  Fold 2 done — best val acc: 0.8855  (10m 31s)

============================================================
  Fold 3/4
============================================================
  Train: 6900, Val: 2000, Test: 2000
  resnet34_dropout(p=0.5, no attention)
  [F3 E  1/50] Train 4.0782/0.0746  Val 3.5192/0.1500  (14.1s)
  [F3 E  2/50] Train 3.5414/0.1435  Val 3.2561/0.1820  (11.1s)
  [F3 E  3/50] Train 3.3132/0.1790  Val 3.0295/0.2435  (10.8s)
  [F3 E  4/50] Train 3.1636/0.2004  Val 2.9116/0.2805  (11.8s)
  [F3 E  5/50] Train 3.1143/0.2162  Val 2.8449/0.2780  (10.5s)
  [Epoch 6] Backbone unfreeze (lr=1e-04)
  [F3 E  6/50] Train 1.9545/0.4364  Val 1.2811/0.6125  (12.3s)
  [F3 E  7/50] Train 0.9574/0.7075  Val 0.8450/0.7325  (11.6s)
  [F3 E  8/50] Train 0.6044/0.8100  Val 0.7483/0.7785  (13.0s)
  [F3 E  9/50] Train 0.4090/0.8767  Val 0.6705/0.7915  (13.9s)
  [F3 E 10/50] Train 0.2925/0.9120  Val 0.6749/0.8030  (14.2s)
  [F3 E 11/50] Train 0.2101/0.9362  Val 0.6085/0.8345  (12.9s)
  [F3 E 12/50] Train 0.1768/0.9454  Val 0.6730/0.8215  (13.2s)
  [F3 E 13/50] Train 0.1406/0.9597  Val 0.7117/0.8160  (14.0s)
  [F3 E 14/50] Train 0.1446/0.9552  Val 0.7168/0.8190  (13.0s)
  [F3 E 15/50] Train 0.1096/0.9678  Val 0.6990/0.8215  (13.1s)
  [F3 E 16/50] Train 0.1102/0.9649  Val 0.7428/0.8015  (13.3s)
  [F3 E 17/50] Train 0.0923/0.9703  Val 0.6100/0.8435  (13.0s)
  [F3 E 18/50] Train 0.0623/0.9826  Val 0.6237/0.8395  (14.0s)
  [F3 E 19/50] Train 0.0585/0.9819  Val 0.6792/0.8235  (13.1s)
  [F3 E 20/50] Train 0.0682/0.9780  Val 0.7201/0.8250  (13.2s)
  [F3 E 21/50] Train 0.0681/0.9813  Val 0.8290/0.8185  (12.9s)
  [F3 E 22/50] Train 0.0515/0.9836  Val 0.6528/0.8440  (13.2s)
  [F3 E 23/50] Train 0.0506/0.9838  Val 0.6547/0.8460  (12.4s)
  [F3 E 24/50] Train 0.0432/0.9870  Val 0.7165/0.8390  (12.7s)
  [F3 E 25/50] Train 0.0365/0.9893  Val 0.6867/0.8465  (13.4s)
  [F3 E 26/50] Train 0.0279/0.9913  Val 0.7991/0.8380  (13.7s)
  [F3 E 27/50] Train 0.0244/0.9925  Val 0.5870/0.8575  (13.5s)
  [F3 E 28/50] Train 0.0160/0.9958  Val 0.6299/0.8555  (13.4s)
  [F3 E 29/50] Train 0.0202/0.9954  Val 0.5982/0.8580  (13.4s)
  [F3 E 30/50] Train 0.0152/0.9961  Val 0.5738/0.8640  (13.7s)
  [F3 E 31/50] Train 0.0141/0.9965  Val 0.8205/0.8325  (13.7s)
  [F3 E 32/50] Train 0.0167/0.9958  Val 0.5749/0.8670  (13.6s)
  [F3 E 33/50] Train 0.0056/0.9988  Val 0.5648/0.8690  (13.6s)
  [F3 E 34/50] Train 0.0054/0.9990  Val 0.5283/0.8690  (13.1s)
  [F3 E 35/50] Train 0.0045/0.9987  Val 0.5459/0.8685  (12.4s)
  [F3 E 36/50] Train 0.0040/0.9993  Val 0.5192/0.8790  (13.4s)
  [F3 E 37/50] Train 0.0029/0.9994  Val 0.5079/0.8820  (12.6s)
  [F3 E 38/50] Train 0.0030/0.9994  Val 0.5064/0.8875  (12.4s)
  [F3 E 39/50] Train 0.0032/0.9994  Val 0.5305/0.8840  (11.4s)
  [F3 E 40/50] Train 0.0029/0.9993  Val 0.5175/0.8800  (12.0s)
  [F3 E 41/50] Train 0.0019/0.9999  Val 0.4939/0.8830  (12.7s)
  [F3 E 42/50] Train 0.0013/1.0000  Val 0.4962/0.8915  (12.7s)
  [F3 E 43/50] Train 0.0016/1.0000  Val 0.4874/0.8900  (12.6s)
  [F3 E 44/50] Train 0.0013/0.9997  Val 0.4810/0.8885  (12.4s)
  [F3 E 45/50] Train 0.0014/0.9999  Val 0.4853/0.8880  (12.8s)
  [F3 E 46/50] Train 0.0016/0.9999  Val 0.4742/0.8905  (12.2s)
  [F3 E 47/50] Train 0.0013/0.9997  Val 0.4846/0.8920  (12.3s)
  [F3 E 48/50] Train 0.0016/0.9994  Val 0.4883/0.8935  (12.5s)
  [F3 E 49/50] Train 0.0011/1.0000  Val 0.4855/0.8930  (12.3s)
  [F3 E 50/50] Train 0.0013/1.0000  Val 0.4814/0.8885  (12.7s)
  Fold 3 done — best val acc: 0.8935  (10m 45s)

============================================================
  Fold 4/4
============================================================
  Train: 6900, Val: 2000, Test: 2000
  resnet34_dropout(p=0.5, no attention)
  [F4 E  1/50] Train 4.1060/0.0777  Val 3.5528/0.1265  (13.3s)
  [F4 E  2/50] Train 3.5568/0.1400  Val 3.2101/0.1960  (10.2s)
  [F4 E  3/50] Train 3.3269/0.1758  Val 3.0367/0.2260  (9.3s)
  [F4 E  4/50] Train 3.1912/0.1993  Val 2.9267/0.2695  (8.9s)
  [F4 E  5/50] Train 3.1046/0.2125  Val 2.8278/0.2755  (9.3s)
  [Epoch 6] Backbone unfreeze (lr=1e-04)
  [F4 E  6/50] Train 1.9218/0.4464  Val 1.3281/0.5990  (12.8s)
  [F4 E  7/50] Train 0.9585/0.7074  Val 0.9607/0.7060  (11.2s)
  [F4 E  8/50] Train 0.6046/0.8188  Val 0.7597/0.7765  (11.6s)
  [F4 E  9/50] Train 0.4123/0.8732  Val 0.6441/0.7985  (12.6s)
  [F4 E 10/50] Train 0.2931/0.9133  Val 0.7357/0.7800  (12.5s)
  [F4 E 11/50] Train 0.2180/0.9346  Val 0.7353/0.7915  (11.6s)
  [F4 E 12/50] Train 0.1781/0.9477  Val 0.7454/0.7975  (11.8s)
  [F4 E 13/50] Train 0.1452/0.9571  Val 0.6719/0.8290  (11.6s)
  [F4 E 14/50] Train 0.1135/0.9674  Val 0.6767/0.8145  (11.8s)
  [F4 E 15/50] Train 0.1162/0.9641  Val 0.7116/0.8140  (11.6s)
  [F4 E 16/50] Train 0.1080/0.9659  Val 0.6281/0.8420  (12.2s)
  [F4 E 17/50] Train 0.0932/0.9720  Val 0.8191/0.7960  (12.1s)
  [F4 E 18/50] Train 0.1019/0.9688  Val 0.7368/0.8265  (11.7s)
  [F4 E 19/50] Train 0.0706/0.9786  Val 0.6622/0.8405  (11.7s)
  [F4 E 20/50] Train 0.0571/0.9822  Val 0.6680/0.8465  (12.2s)
  [F4 E 21/50] Train 0.0540/0.9859  Val 0.7283/0.8405  (11.9s)
  [F4 E 22/50] Train 0.0292/0.9923  Val 0.6535/0.8575  (11.8s)
  [F4 E 23/50] Train 0.0397/0.9884  Val 0.6872/0.8490  (11.8s)
  [F4 E 24/50] Train 0.0371/0.9890  Val 0.6424/0.8520  (12.4s)
  [F4 E 25/50] Train 0.0393/0.9883  Val 0.7206/0.8365  (11.9s)
  [F4 E 26/50] Train 0.0253/0.9941  Val 0.6034/0.8660  (11.6s)
  [F4 E 27/50] Train 0.0223/0.9939  Val 0.6454/0.8600  (11.0s)
  [F4 E 28/50] Train 0.0249/0.9932  Val 0.6619/0.8515  (11.1s)
  [F4 E 29/50] Train 0.0274/0.9916  Val 0.6897/0.8550  (12.2s)
  [F4 E 30/50] Train 0.0225/0.9935  Val 0.6161/0.8665  (11.6s)
  [F4 E 31/50] Train 0.0137/0.9962  Val 0.6669/0.8605  (11.5s)
  [F4 E 32/50] Train 0.0089/0.9981  Val 0.6053/0.8730  (12.3s)
  [F4 E 33/50] Train 0.0063/0.9986  Val 0.5888/0.8835  (11.7s)
  [F4 E 34/50] Train 0.0104/0.9968  Val 0.5858/0.8820  (12.3s)
  [F4 E 35/50] Train 0.0075/0.9978  Val 0.5660/0.8815  (12.2s)
  [F4 E 36/50] Train 0.0064/0.9981  Val 0.5943/0.8760  (12.4s)
  [F4 E 37/50] Train 0.0043/0.9997  Val 0.5382/0.8885  (11.8s)
  [F4 E 38/50] Train 0.0064/0.9980  Val 0.5504/0.8885  (11.8s)
  [F4 E 39/50] Train 0.0037/0.9993  Val 0.5400/0.8920  (12.3s)
  [F4 E 40/50] Train 0.0026/0.9996  Val 0.5258/0.8895  (12.1s)
  [F4 E 41/50] Train 0.0017/1.0000  Val 0.5268/0.8910  (11.9s)
  [F4 E 42/50] Train 0.0022/0.9997  Val 0.5271/0.8910  (12.0s)
  [F4 E 43/50] Train 0.0018/0.9999  Val 0.5125/0.8935  (11.8s)
  [F4 E 44/50] Train 0.0013/0.9999  Val 0.5140/0.8955  (11.7s)
  [F4 E 45/50] Train 0.0015/0.9999  Val 0.5150/0.8995  (11.2s)
  [F4 E 46/50] Train 0.0016/0.9997  Val 0.5154/0.8945  (11.2s)
  [F4 E 47/50] Train 0.0012/0.9999  Val 0.5236/0.8895  (11.2s)
  [F4 E 48/50] Train 0.0012/0.9999  Val 0.5209/0.8940  (11.5s)
  [F4 E 49/50] Train 0.0013/1.0000  Val 0.5247/0.8890  (11.9s)
  [F4 E 50/50] Train 0.0018/0.9999  Val 0.5163/0.8935  (11.8s)
  Fold 4 done — best val acc: 0.8995  (9m 46s)

============================================================
  Ensemble — Weighted Soft Voting
  Fold val accs: ['0.8910', '0.8855', '0.8935', '0.8995']
  Weights      : ['0.2496', '0.2481', '0.2503', '0.2520']
============================================================
  resnet34_dropout(p=0.5, no attention)
  resnet34_dropout(p=0.5, no attention)
  resnet34_dropout(p=0.5, no attention)
  resnet34_dropout(p=0.5, no attention)
Ensemble Test Acc : 0.9040
Class-Norm Acc    : 0.8929
History → /home/work/AIPJ/EF2039_Introduction_to_AI_Programming_Project_1/experiment_4/history_resnet34d_noattn_tuning_family_bs32_lr0.001_optadam.csv
Curve → /home/work/AIPJ/EF2039_Introduction_to_AI_Programming_Project_1/experiment_4/curve_resnet34d_noattn_tuning_family_bs32_lr0.001_optadam.png
Confusion → /home/work/AIPJ/EF2039_Introduction_to_AI_Programming_Project_1/experiment_4/confusion_resnet34d_noattn_tuning_family_bs32_lr0.001_optadam.png
Class-wise → /home/work/AIPJ/EF2039_Introduction_to_AI_Programming_Project_1/experiment_4/classwise_resnet34d_noattn_tuning_family_bs32_lr0.001_optadam.csv
Predictions → /home/work/AIPJ/EF2039_Introduction_to_AI_Programming_Project_1/experiment_4/predictions_resnet34d_noattn_tuning_family_bs32_lr0.001_optadam.csv
Results → /home/work/AIPJ/EF2039_Introduction_to_AI_Programming_Project_1/experiment_4/results_all.csv
