===== Input Arguments =====
  model         : resnet34d
  attn          : none
  tuning        : True
  use_excluded  : True
  use_added     : True
  folds         : 4
  epochs        : 50
  batch_size    : 32
  lr            : 0.001
  optimizer     : adam
  weight_decay  : 0.0001
  label_smoothing: 0.0
  label         : family
  crop_bbox     : True
  seed          : 42
  save_csv      : results_all.csv
  outdir        : /home/work/AIPJ/EF2039_Introduction_to_AI_Programming_Project_1/experiment_4
  added_repeat  : 10
===========================
Device: cuda  |  AMP: True  |  Workers: 14
Label: family  |  Classes: 70
Mode: excl=True, added=True  |  Original: 10000, Added(train-only): 180 ×10 = 1800
Test set isolated: 2000 samples (20%, seed=42)
Train+Val pool   : 8000 samples → 4-fold CV

============================================================
  Fold 1/4
============================================================
  Train: 7800, Val: 2000, Test: 2000
  resnet34_dropout(p=0.5, no attention)
  [F1 E  1/50] Train 3.9751/0.0923  Val 3.4644/0.1690  (11.0s)
  [F1 E  2/50] Train 3.4004/0.1655  Val 3.1814/0.2065  (9.4s)
  [F1 E  3/50] Train 3.1523/0.2119  Val 2.9947/0.2455  (9.3s)
  [F1 E  4/50] Train 3.0528/0.2328  Val 2.8921/0.2600  (9.5s)
  [F1 E  5/50] Train 2.9821/0.2515  Val 2.8579/0.2720  (10.9s)
  [Epoch 6] Backbone unfreeze (lr=1e-04)
  [F1 E  6/50] Train 1.7838/0.5027  Val 1.2492/0.6100  (13.3s)
  [F1 E  7/50] Train 0.8708/0.7451  Val 0.9151/0.7180  (14.0s)
  [F1 E  8/50] Train 0.5394/0.8342  Val 0.8008/0.7635  (13.0s)
  [F1 E  9/50] Train 0.3806/0.8867  Val 0.7160/0.7930  (13.2s)
  [F1 E 10/50] Train 0.2932/0.9121  Val 0.6506/0.8085  (13.5s)
  [F1 E 11/50] Train 0.2243/0.9295  Val 0.6322/0.8240  (12.2s)
  [F1 E 12/50] Train 0.1723/0.9477  Val 0.7140/0.8240  (12.1s)
  [F1 E 13/50] Train 0.1509/0.9517  Val 0.7435/0.8180  (13.4s)
  [F1 E 14/50] Train 0.1235/0.9622  Val 0.6087/0.8390  (13.2s)
  [F1 E 15/50] Train 0.1004/0.9701  Val 0.7822/0.8185  (13.3s)
  [F1 E 16/50] Train 0.0943/0.9714  Val 0.7100/0.8330  (13.0s)
  [F1 E 17/50] Train 0.0928/0.9731  Val 0.6877/0.8335  (14.4s)
  [F1 E 18/50] Train 0.0762/0.9750  Val 0.6233/0.8495  (14.8s)
  [F1 E 19/50] Train 0.0619/0.9819  Val 0.6730/0.8345  (14.0s)
  [F1 E 20/50] Train 0.0569/0.9827  Val 0.6771/0.8580  (14.2s)
  [F1 E 21/50] Train 0.0525/0.9842  Val 0.6791/0.8445  (14.5s)
  [F1 E 22/50] Train 0.0598/0.9809  Val 0.7871/0.8205  (13.8s)
  [F1 E 23/50] Train 0.0470/0.9845  Val 0.7424/0.8350  (14.7s)
  [F1 E 24/50] Train 0.0437/0.9877  Val 0.6779/0.8530  (14.0s)
  [F1 E 25/50] Train 0.0333/0.9912  Val 0.6600/0.8560  (13.3s)
  [F1 E 26/50] Train 0.0266/0.9926  Val 0.6387/0.8690  (13.5s)
  [F1 E 27/50] Train 0.0205/0.9949  Val 0.6214/0.8605  (13.8s)
  [F1 E 28/50] Train 0.0178/0.9950  Val 0.5739/0.8640  (12.7s)
  [F1 E 29/50] Train 0.0135/0.9958  Val 0.6369/0.8565  (13.0s)
  [F1 E 30/50] Train 0.0167/0.9958  Val 0.5727/0.8720  (14.2s)
  [F1 E 31/50] Train 0.0146/0.9963  Val 0.6444/0.8645  (15.1s)
  [F1 E 32/50] Train 0.0217/0.9940  Val 0.6286/0.8570  (15.4s)
  [F1 E 33/50] Train 0.0119/0.9969  Val 0.6122/0.8735  (13.8s)
  [F1 E 34/50] Train 0.0057/0.9990  Val 0.5747/0.8795  (14.4s)
  [F1 E 35/50] Train 0.0077/0.9976  Val 0.6236/0.8745  (15.2s)
  [F1 E 36/50] Train 0.0051/0.9988  Val 0.5821/0.8770  (14.6s)
  [F1 E 37/50] Train 0.0048/0.9988  Val 0.5933/0.8740  (13.2s)
  [F1 E 38/50] Train 0.0034/0.9992  Val 0.5733/0.8775  (13.9s)
  [F1 E 39/50] Train 0.0024/0.9995  Val 0.5740/0.8820  (13.2s)
  [F1 E 40/50] Train 0.0024/0.9992  Val 0.5764/0.8810  (14.5s)
  [F1 E 41/50] Train 0.0027/0.9994  Val 0.5615/0.8810  (13.7s)
  [F1 E 42/50] Train 0.0015/0.9997  Val 0.5712/0.8850  (13.3s)
  [F1 E 43/50] Train 0.0012/0.9999  Val 0.5610/0.8865  (13.5s)
  [F1 E 44/50] Train 0.0012/0.9999  Val 0.5551/0.8850  (13.3s)
  [F1 E 45/50] Train 0.0014/0.9994  Val 0.5564/0.8860  (12.0s)
  [F1 E 46/50] Train 0.0011/0.9999  Val 0.5611/0.8810  (14.1s)
  [F1 E 47/50] Train 0.0014/0.9997  Val 0.5501/0.8810  (13.5s)
  [F1 E 48/50] Train 0.0013/0.9999  Val 0.5613/0.8835  (14.2s)
  [F1 E 49/50] Train 0.0010/0.9999  Val 0.5500/0.8860  (14.1s)
  [F1 E 50/50] Train 0.0013/0.9999  Val 0.5617/0.8830  (13.6s)
  Fold 1 done — best val acc: 0.8865  (11m 10s)

============================================================
  Fold 2/4
============================================================
  Train: 7800, Val: 2000, Test: 2000
  resnet34_dropout(p=0.5, no attention)
  [F2 E  1/50] Train 3.9962/0.0904  Val 3.4942/0.1505  (11.5s)
  [F2 E  2/50] Train 3.4271/0.1658  Val 3.1938/0.2070  (9.8s)
  [F2 E  3/50] Train 3.1714/0.2146  Val 3.0486/0.2440  (10.9s)
  [F2 E  4/50] Train 3.0483/0.2332  Val 2.9532/0.2510  (11.0s)
  [F2 E  5/50] Train 2.9720/0.2533  Val 2.8915/0.2700  (10.0s)
  [Epoch 6] Backbone unfreeze (lr=1e-04)
  [F2 E  6/50] Train 1.7788/0.4978  Val 1.2008/0.6450  (12.8s)
  [F2 E  7/50] Train 0.8795/0.7328  Val 0.9264/0.7250  (13.1s)
  [F2 E  8/50] Train 0.5350/0.8383  Val 0.7288/0.7830  (13.5s)
  [F2 E  9/50] Train 0.3607/0.8938  Val 0.7378/0.7865  (13.3s)
  [F2 E 10/50] Train 0.2660/0.9190  Val 0.6515/0.8195  (12.3s)
  [F2 E 11/50] Train 0.1939/0.9388  Val 0.7744/0.8055  (11.7s)
  [F2 E 12/50] Train 0.1786/0.9463  Val 0.7311/0.8095  (12.2s)
  [F2 E 13/50] Train 0.1644/0.9494  Val 0.8383/0.7945  (13.5s)
  [F2 E 14/50] Train 0.1330/0.9578  Val 0.6776/0.8280  (12.9s)
  [F2 E 15/50] Train 0.1053/0.9674  Val 0.8013/0.8145  (12.7s)
  [F2 E 16/50] Train 0.0805/0.9767  Val 0.7188/0.8285  (13.1s)
  [F2 E 17/50] Train 0.0800/0.9764  Val 0.7768/0.8120  (13.2s)
  [F2 E 18/50] Train 0.0715/0.9785  Val 0.8379/0.8135  (12.9s)
  [F2 E 19/50] Train 0.0667/0.9809  Val 0.7403/0.8345  (12.8s)
  [F2 E 20/50] Train 0.0642/0.9812  Val 0.8139/0.8185  (12.9s)
  [F2 E 21/50] Train 0.0602/0.9817  Val 0.8481/0.8155  (12.8s)
  [F2 E 22/50] Train 0.0566/0.9827  Val 0.7685/0.8395  (13.1s)
  [F2 E 23/50] Train 0.0406/0.9878  Val 0.7929/0.8360  (12.8s)
  [F2 E 24/50] Train 0.0271/0.9924  Val 0.7429/0.8450  (12.9s)
  [F2 E 25/50] Train 0.0379/0.9886  Val 0.7271/0.8510  (13.1s)
  [F2 E 26/50] Train 0.0343/0.9894  Val 0.6354/0.8600  (13.3s)
  [F2 E 27/50] Train 0.0257/0.9933  Val 0.6480/0.8595  (13.2s)
  [F2 E 28/50] Train 0.0212/0.9928  Val 0.6474/0.8640  (12.9s)
  [F2 E 29/50] Train 0.0293/0.9914  Val 0.6528/0.8630  (12.1s)
  [F2 E 30/50] Train 0.0170/0.9954  Val 0.6907/0.8610  (11.8s)
  [F2 E 31/50] Train 0.0158/0.9959  Val 0.6330/0.8655  (12.4s)
  [F2 E 32/50] Train 0.0092/0.9978  Val 0.6192/0.8765  (12.2s)
  [F2 E 33/50] Train 0.0071/0.9981  Val 0.6402/0.8715  (12.0s)
  [F2 E 34/50] Train 0.0050/0.9987  Val 0.5954/0.8780  (12.1s)
  [F2 E 35/50] Train 0.0067/0.9983  Val 0.6008/0.8770  (10.3s)
  [F2 E 36/50] Train 0.0036/0.9996  Val 0.5927/0.8785  (10.5s)
  [F2 E 37/50] Train 0.0046/0.9988  Val 0.5772/0.8830  (10.6s)
  [F2 E 38/50] Train 0.0025/0.9996  Val 0.5828/0.8835  (10.8s)
  [F2 E 39/50] Train 0.0055/0.9983  Val 0.5782/0.8855  (13.2s)
  [F2 E 40/50] Train 0.0045/0.9986  Val 0.5851/0.8830  (12.9s)
  [F2 E 41/50] Train 0.0018/0.9997  Val 0.5847/0.8770  (13.0s)
  [F2 E 42/50] Train 0.0015/0.9999  Val 0.5807/0.8840  (13.4s)
  [F2 E 43/50] Train 0.0012/0.9999  Val 0.5794/0.8835  (12.8s)
  [F2 E 44/50] Train 0.0013/0.9997  Val 0.5770/0.8815  (13.3s)
  [F2 E 45/50] Train 0.0009/1.0000  Val 0.5769/0.8825  (13.8s)
  [F2 E 46/50] Train 0.0009/1.0000  Val 0.5753/0.8840  (13.6s)
  [F2 E 47/50] Train 0.0010/1.0000  Val 0.5776/0.8815  (14.5s)
  [F2 E 48/50] Train 0.0010/1.0000  Val 0.5661/0.8845  (14.6s)
  [F2 E 49/50] Train 0.0019/0.9996  Val 0.5720/0.8845  (13.6s)
  [F2 E 50/50] Train 0.0011/0.9999  Val 0.5702/0.8860  (13.4s)
  Fold 2 done — best val acc: 0.8860  (10m 31s)

============================================================
  Fold 3/4
============================================================
  Train: 7800, Val: 2000, Test: 2000
  resnet34_dropout(p=0.5, no attention)
  [F3 E  1/50] Train 3.9957/0.0917  Val 3.4842/0.1385  (13.7s)
  [F3 E  2/50] Train 3.3910/0.1692  Val 3.1843/0.2025  (11.3s)
  [F3 E  3/50] Train 3.1820/0.2055  Val 2.9965/0.2630  (11.1s)
  [F3 E  4/50] Train 3.0229/0.2436  Val 2.9605/0.2565  (10.6s)
  [F3 E  5/50] Train 2.9754/0.2563  Val 2.8886/0.2765  (10.6s)
  [Epoch 6] Backbone unfreeze (lr=1e-04)
  [F3 E  6/50] Train 1.7953/0.4882  Val 1.2894/0.6120  (14.0s)
  [F3 E  7/50] Train 0.8657/0.7459  Val 0.9576/0.7110  (13.4s)
  [F3 E  8/50] Train 0.5548/0.8353  Val 0.8224/0.7545  (13.9s)
  [F3 E  9/50] Train 0.3738/0.8873  Val 0.7079/0.7960  (13.7s)
  [F3 E 10/50] Train 0.2729/0.9181  Val 0.7513/0.7915  (13.9s)
  [F3 E 11/50] Train 0.2268/0.9300  Val 0.8074/0.7780  (13.9s)
  [F3 E 12/50] Train 0.1780/0.9446  Val 0.7504/0.8005  (14.3s)
  [F3 E 13/50] Train 0.1400/0.9572  Val 0.6767/0.8200  (13.9s)
  [F3 E 14/50] Train 0.1175/0.9653  Val 0.6418/0.8350  (13.9s)
  [F3 E 15/50] Train 0.0987/0.9699  Val 0.7358/0.8230  (14.3s)
  [F3 E 16/50] Train 0.1018/0.9699  Val 0.6327/0.8350  (14.1s)
  [F3 E 17/50] Train 0.1023/0.9697  Val 0.7607/0.8110  (13.9s)
  [F3 E 18/50] Train 0.0889/0.9744  Val 0.6929/0.8240  (14.1s)
  [F3 E 19/50] Train 0.0711/0.9783  Val 0.8071/0.8140  (14.3s)
  [F3 E 20/50] Train 0.0561/0.9845  Val 0.7021/0.8455  (13.3s)
  [F3 E 21/50] Train 0.0476/0.9864  Val 0.6853/0.8380  (12.7s)
  [F3 E 22/50] Train 0.0465/0.9860  Val 0.6641/0.8490  (13.0s)
  [F3 E 23/50] Train 0.0445/0.9873  Val 0.6430/0.8500  (14.0s)
  [F3 E 24/50] Train 0.0435/0.9865  Val 0.7798/0.8150  (13.6s)
  [F3 E 25/50] Train 0.0358/0.9900  Val 0.8134/0.8235  (13.9s)
  [F3 E 26/50] Train 0.0322/0.9924  Val 0.6156/0.8600  (13.3s)
  [F3 E 27/50] Train 0.0245/0.9931  Val 0.6579/0.8505  (13.8s)
  [F3 E 28/50] Train 0.0241/0.9921  Val 0.6749/0.8565  (13.6s)
  [F3 E 29/50] Train 0.0177/0.9945  Val 0.5826/0.8675  (13.6s)
  [F3 E 30/50] Train 0.0149/0.9960  Val 0.5938/0.8720  (13.1s)
  [F3 E 31/50] Train 0.0095/0.9977  Val 0.6223/0.8710  (13.2s)
  [F3 E 32/50] Train 0.0198/0.9941  Val 0.6011/0.8690  (13.8s)
  [F3 E 33/50] Train 0.0093/0.9976  Val 0.5534/0.8730  (13.6s)
  [F3 E 34/50] Train 0.0088/0.9979  Val 0.5575/0.8750  (13.0s)
  [F3 E 35/50] Train 0.0044/0.9990  Val 0.5763/0.8745  (13.5s)
  [F3 E 36/50] Train 0.0050/0.9991  Val 0.5866/0.8770  (13.5s)
  [F3 E 37/50] Train 0.0035/0.9992  Val 0.5601/0.8800  (12.6s)
  [F3 E 38/50] Train 0.0041/0.9992  Val 0.5572/0.8785  (12.6s)
  [F3 E 39/50] Train 0.0015/1.0000  Val 0.5109/0.8850  (12.5s)
  [F3 E 40/50] Train 0.0015/0.9999  Val 0.5247/0.8875  (13.1s)
  [F3 E 41/50] Train 0.0042/0.9995  Val 0.5407/0.8865  (13.8s)
  [F3 E 42/50] Train 0.0013/0.9999  Val 0.5295/0.8855  (14.3s)
  [F3 E 43/50] Train 0.0020/0.9996  Val 0.5295/0.8895  (13.8s)
  [F3 E 44/50] Train 0.0022/0.9995  Val 0.5250/0.8855  (13.7s)
  [F3 E 45/50] Train 0.0019/0.9996  Val 0.5308/0.8875  (14.0s)
  [F3 E 46/50] Train 0.0012/1.0000  Val 0.5210/0.8880  (14.0s)
  [F3 E 47/50] Train 0.0016/0.9997  Val 0.5189/0.8835  (13.6s)
  [F3 E 48/50] Train 0.0016/0.9997  Val 0.5219/0.8890  (14.3s)
  [F3 E 49/50] Train 0.0010/1.0000  Val 0.5283/0.8875  (13.5s)
  [F3 E 50/50] Train 0.0018/0.9995  Val 0.5199/0.8865  (13.7s)
  Fold 3 done — best val acc: 0.8895  (11m 14s)

============================================================
  Fold 4/4
============================================================
  Train: 7800, Val: 2000, Test: 2000
  resnet34_dropout(p=0.5, no attention)
  [F4 E  1/50] Train 3.9793/0.0904  Val 3.5055/0.1570  (13.2s)
  [F4 E  2/50] Train 3.4091/0.1686  Val 3.1788/0.2270  (11.6s)
  [F4 E  3/50] Train 3.1633/0.2144  Val 3.0210/0.2505  (10.7s)
  [F4 E  4/50] Train 3.0352/0.2413  Val 2.9808/0.2330  (10.2s)
  [F4 E  5/50] Train 2.9789/0.2527  Val 2.8814/0.2730  (10.8s)
  [Epoch 6] Backbone unfreeze (lr=1e-04)
  [F4 E  6/50] Train 1.7839/0.4914  Val 1.2639/0.6110  (12.6s)
  [F4 E  7/50] Train 0.8668/0.7412  Val 0.8655/0.7400  (13.3s)
  [F4 E  8/50] Train 0.5365/0.8362  Val 0.7863/0.7660  (12.7s)
  [F4 E  9/50] Train 0.3615/0.8851  Val 0.7728/0.7675  (13.0s)
  [F4 E 10/50] Train 0.2689/0.9190  Val 0.7005/0.8045  (12.8s)
  [F4 E 11/50] Train 0.2010/0.9388  Val 0.7853/0.7910  (12.7s)
  [F4 E 12/50] Train 0.1652/0.9503  Val 0.7075/0.8165  (12.6s)
  [F4 E 13/50] Train 0.1265/0.9632  Val 0.6402/0.8365  (12.7s)
  [F4 E 14/50] Train 0.1250/0.9645  Val 0.8885/0.7790  (13.1s)
  [F4 E 15/50] Train 0.1133/0.9658  Val 0.7315/0.8145  (12.7s)
  [F4 E 16/50] Train 0.0879/0.9742  Val 0.6137/0.8380  (12.8s)
  [F4 E 17/50] Train 0.0734/0.9778  Val 0.6685/0.8460  (12.7s)
  [F4 E 18/50] Train 0.0791/0.9742  Val 0.6921/0.8315  (13.4s)
  [F4 E 19/50] Train 0.0790/0.9765  Val 0.7896/0.8170  (13.1s)
  [F4 E 20/50] Train 0.0716/0.9767  Val 0.6831/0.8420  (12.9s)
  [F4 E 21/50] Train 0.0535/0.9837  Val 0.7746/0.8300  (13.1s)
  [F4 E 22/50] Train 0.0430/0.9869  Val 0.7732/0.8335  (12.0s)
  [F4 E 23/50] Train 0.0407/0.9882  Val 0.6673/0.8470  (11.9s)
  [F4 E 24/50] Train 0.0439/0.9860  Val 0.7399/0.8365  (12.9s)
  [F4 E 25/50] Train 0.0449/0.9860  Val 0.6785/0.8425  (13.3s)
  [F4 E 26/50] Train 0.0239/0.9938  Val 0.6174/0.8625  (13.5s)
  [F4 E 27/50] Train 0.0223/0.9938  Val 0.6419/0.8585  (12.7s)
  [F4 E 28/50] Train 0.0270/0.9919  Val 0.7055/0.8435  (13.2s)
  [F4 E 29/50] Train 0.0209/0.9941  Val 0.7035/0.8570  (12.9s)
  [F4 E 30/50] Train 0.0167/0.9955  Val 0.6130/0.8660  (12.6s)
  [F4 E 31/50] Train 0.0064/0.9988  Val 0.6106/0.8740  (12.5s)
  [F4 E 32/50] Train 0.0063/0.9982  Val 0.6452/0.8645  (12.8s)
  [F4 E 33/50] Train 0.0116/0.9964  Val 0.6815/0.8645  (13.3s)
  [F4 E 34/50] Train 0.0093/0.9976  Val 0.6099/0.8725  (12.8s)
  [F4 E 35/50] Train 0.0042/0.9991  Val 0.5958/0.8730  (13.3s)
  [F4 E 36/50] Train 0.0041/0.9991  Val 0.6143/0.8705  (12.9s)
  [F4 E 37/50] Train 0.0070/0.9985  Val 0.6074/0.8790  (13.2s)
  [F4 E 38/50] Train 0.0033/0.9996  Val 0.5877/0.8755  (12.8s)
  [F4 E 39/50] Train 0.0028/0.9996  Val 0.6266/0.8710  (13.0s)
  [F4 E 40/50] Train 0.0027/0.9995  Val 0.5847/0.8795  (12.7s)
  [F4 E 41/50] Train 0.0012/1.0000  Val 0.5897/0.8790  (11.8s)
  [F4 E 42/50] Train 0.0015/0.9999  Val 0.5807/0.8795  (12.0s)
  [F4 E 43/50] Train 0.0016/0.9997  Val 0.5744/0.8790  (12.8s)
  [F4 E 44/50] Train 0.0028/0.9995  Val 0.5730/0.8795  (12.8s)
  [F4 E 45/50] Train 0.0018/0.9996  Val 0.5821/0.8795  (12.5s)
  [F4 E 46/50] Train 0.0010/0.9999  Val 0.5884/0.8800  (12.9s)
  [F4 E 47/50] Train 0.0012/1.0000  Val 0.5800/0.8805  (12.8s)
  [F4 E 48/50] Train 0.0013/0.9999  Val 0.5708/0.8810  (12.4s)
  [F4 E 49/50] Train 0.0011/0.9999  Val 0.5733/0.8835  (12.6s)
  [F4 E 50/50] Train 0.0011/1.0000  Val 0.5740/0.8800  (12.7s)
  Fold 4 done — best val acc: 0.8835  (10m 36s)

============================================================
  Ensemble — Weighted Soft Voting
  Fold val accs: ['0.8865', '0.8860', '0.8895', '0.8835']
  Weights      : ['0.2500', '0.2499', '0.2509', '0.2492']
============================================================
  resnet34_dropout(p=0.5, no attention)
  resnet34_dropout(p=0.5, no attention)
  resnet34_dropout(p=0.5, no attention)
  resnet34_dropout(p=0.5, no attention)
Ensemble Test Acc : 0.9030
Class-Norm Acc    : 0.8910
History → /home/work/AIPJ/EF2039_Introduction_to_AI_Programming_Project_1/experiment_4/history_resnet34d_noattn_tuning_family_bs32_lr0.001_optadam.csv
Curve → /home/work/AIPJ/EF2039_Introduction_to_AI_Programming_Project_1/experiment_4/curve_resnet34d_noattn_tuning_family_bs32_lr0.001_optadam.png
Confusion → /home/work/AIPJ/EF2039_Introduction_to_AI_Programming_Project_1/experiment_4/confusion_resnet34d_noattn_tuning_family_bs32_lr0.001_optadam.png
Class-wise → /home/work/AIPJ/EF2039_Introduction_to_AI_Programming_Project_1/experiment_4/classwise_resnet34d_noattn_tuning_family_bs32_lr0.001_optadam.csv
Predictions → /home/work/AIPJ/EF2039_Introduction_to_AI_Programming_Project_1/experiment_4/predictions_resnet34d_noattn_tuning_family_bs32_lr0.001_optadam.csv
Results → /home/work/AIPJ/EF2039_Introduction_to_AI_Programming_Project_1/experiment_4/results_all.csv
