===== Input Arguments =====
  model         : resnet34d
  attn          : none
  tuning        : False
  use_excluded  : False
  use_added     : False
  folds         : 4
  epochs        : 50
  batch_size    : 32
  lr            : 0.001
  optimizer     : adam
  weight_decay  : 0.0001
  label_smoothing: 0.0
  label         : family
  crop_bbox     : True
  seed          : 42
  save_csv      : results_all.csv
  outdir        : /home/work/AIPJ/EF2039_Introduction_to_AI_Programming_Project_1/experiment_4_notuning
  added_repeat  : 1
===========================
Device: cuda  |  AMP: True  |  Workers: 22
Label: family  |  Classes: 70
Mode: excl=False, added=False  |  Original: 10000, Added(train-only): 0 ×1 = 0
Test set isolated: 2000 samples (20%, seed=42)
Train+Val pool   : 8000 samples → 4-fold CV

============================================================
  Fold 1/4
============================================================
  Train: 6000, Val: 2000, Test: 2000
  resnet34_dropout(p=0.5, no attention)
  [F1 E  1/50] Train 4.1335/0.0715  Val 3.5586/0.1670  (11.2s)
  [F1 E  2/50] Train 3.5958/0.1392  Val 3.1783/0.2160  (10.1s)
  [F1 E  3/50] Train 3.3705/0.1763  Val 2.9942/0.2525  (10.3s)
  [F1 E  4/50] Train 3.2389/0.1908  Val 2.8882/0.2555  (9.5s)
  [F1 E  5/50] Train 3.1493/0.2138  Val 2.8028/0.2875  (9.3s)
  [Epoch 6] Backbone unfreeze (lr=1e-04)
  [F1 E  6/50] Train 2.0634/0.4232  Val 1.1994/0.6490  (10.8s)
  [F1 E  7/50] Train 1.0532/0.6880  Val 0.9782/0.6920  (10.6s)
  [F1 E  8/50] Train 0.6708/0.7943  Val 0.7397/0.7690  (10.4s)
  [F1 E  9/50] Train 0.4444/0.8648  Val 0.6899/0.7900  (10.1s)
  [F1 E 10/50] Train 0.3270/0.8940  Val 0.6914/0.7970  (10.8s)
  [F1 E 11/50] Train 0.2547/0.9215  Val 0.6056/0.8305  (10.3s)
  [F1 E 12/50] Train 0.1873/0.9433  Val 0.6279/0.8265  (10.3s)
  [F1 E 13/50] Train 0.1630/0.9528  Val 0.6029/0.8315  (10.4s)
  [F1 E 14/50] Train 0.1383/0.9565  Val 0.6189/0.8345  (10.2s)
  [F1 E 15/50] Train 0.1120/0.9678  Val 0.6737/0.8320  (10.2s)
  [F1 E 16/50] Train 0.0910/0.9735  Val 0.6591/0.8330  (10.1s)
  [F1 E 17/50] Train 0.0829/0.9752  Val 0.6306/0.8405  (10.2s)
  [F1 E 18/50] Train 0.0741/0.9802  Val 0.6143/0.8465  (10.1s)
  [F1 E 19/50] Train 0.0721/0.9790  Val 0.6256/0.8495  (10.7s)
  [F1 E 20/50] Train 0.0768/0.9800  Val 0.5666/0.8680  (10.3s)
  [F1 E 21/50] Train 0.0353/0.9917  Val 0.5928/0.8545  (10.3s)
  [F1 E 22/50] Train 0.0283/0.9942  Val 0.6191/0.8530  (10.5s)
  [F1 E 23/50] Train 0.0458/0.9867  Val 0.6455/0.8515  (10.7s)
  [F1 E 24/50] Train 0.0541/0.9837  Val 0.6747/0.8400  (10.3s)
  [F1 E 25/50] Train 0.0513/0.9850  Val 0.6715/0.8510  (10.4s)
  [F1 E 26/50] Train 0.0383/0.9893  Val 0.5507/0.8750  (10.6s)
  [F1 E 27/50] Train 0.0210/0.9938  Val 0.6043/0.8595  (10.6s)
  [F1 E 28/50] Train 0.0247/0.9935  Val 0.5338/0.8760  (10.4s)
  [F1 E 29/50] Train 0.0120/0.9975  Val 0.5609/0.8675  (10.5s)
  [F1 E 30/50] Train 0.0139/0.9960  Val 0.5863/0.8650  (10.4s)
  [F1 E 31/50] Train 0.0076/0.9987  Val 0.5321/0.8835  (10.3s)
  [F1 E 32/50] Train 0.0077/0.9978  Val 0.5405/0.8805  (10.6s)
  [F1 E 33/50] Train 0.0078/0.9980  Val 0.5655/0.8780  (10.0s)
  [F1 E 34/50] Train 0.0072/0.9987  Val 0.5617/0.8800  (10.1s)
  [F1 E 35/50] Train 0.0088/0.9980  Val 0.5506/0.8845  (10.1s)
  [F1 E 36/50] Train 0.0041/0.9995  Val 0.5362/0.8805  (10.5s)
  [F1 E 37/50] Train 0.0032/0.9998  Val 0.5326/0.8860  (10.6s)
  [F1 E 38/50] Train 0.0033/0.9993  Val 0.5479/0.8750  (10.6s)
  [F1 E 39/50] Train 0.0030/0.9995  Val 0.5312/0.8845  (10.1s)
  [F1 E 40/50] Train 0.0029/0.9995  Val 0.5297/0.8840  (10.1s)
  [F1 E 41/50] Train 0.0016/1.0000  Val 0.5232/0.8880  (10.3s)
  [F1 E 42/50] Train 0.0022/0.9997  Val 0.5218/0.8885  (10.5s)
  [F1 E 43/50] Train 0.0016/1.0000  Val 0.5175/0.8860  (10.3s)
  [F1 E 44/50] Train 0.0022/0.9997  Val 0.5276/0.8845  (10.2s)
  [F1 E 45/50] Train 0.0017/0.9998  Val 0.5265/0.8845  (10.6s)
  [F1 E 46/50] Train 0.0016/0.9998  Val 0.5230/0.8850  (10.1s)
  [F1 E 47/50] Train 0.0014/1.0000  Val 0.5261/0.8860  (10.3s)
  [F1 E 48/50] Train 0.0013/0.9998  Val 0.5217/0.8830  (10.4s)
  [F1 E 49/50] Train 0.0013/0.9998  Val 0.5244/0.8870  (10.1s)
  [F1 E 50/50] Train 0.0014/0.9998  Val 0.5206/0.8855  (10.2s)
  Fold 1 done — best val acc: 0.8885  (8m 39s)

============================================================
  Fold 2/4
============================================================
  Train: 6000, Val: 2000, Test: 2000
  resnet34_dropout(p=0.5, no attention)
  [F2 E  1/50] Train 4.1123/0.0752  Val 3.5193/0.1480  (10.4s)
  [F2 E  2/50] Train 3.5899/0.1332  Val 3.1688/0.2395  (9.8s)
  [F2 E  3/50] Train 3.3608/0.1737  Val 3.0157/0.2525  (9.7s)
  [F2 E  4/50] Train 3.2202/0.1967  Val 2.9135/0.2605  (9.7s)
  [F2 E  5/50] Train 3.1138/0.2192  Val 2.8152/0.2985  (9.7s)
  [Epoch 6] Backbone unfreeze (lr=1e-04)
  [F2 E  6/50] Train 2.0469/0.4190  Val 1.2626/0.6395  (10.2s)
  [F2 E  7/50] Train 1.0576/0.6813  Val 0.8703/0.7400  (10.2s)
  [F2 E  8/50] Train 0.6613/0.7967  Val 0.7634/0.7760  (10.5s)
  [F2 E  9/50] Train 0.4679/0.8585  Val 0.7589/0.7770  (10.4s)
  [F2 E 10/50] Train 0.3299/0.8993  Val 0.7061/0.7980  (10.3s)
  [F2 E 11/50] Train 0.2363/0.9310  Val 0.7183/0.7995  (10.0s)
  [F2 E 12/50] Train 0.1759/0.9475  Val 0.6356/0.8290  (10.3s)
  [F2 E 13/50] Train 0.1382/0.9598  Val 0.7191/0.8170  (10.2s)
  [F2 E 14/50] Train 0.1392/0.9572  Val 0.6646/0.8385  (10.2s)
  [F2 E 15/50] Train 0.1155/0.9675  Val 0.6418/0.8435  (9.7s)
  [F2 E 16/50] Train 0.0698/0.9810  Val 0.7610/0.8135  (9.9s)
  [F2 E 17/50] Train 0.0714/0.9790  Val 0.7327/0.8380  (10.0s)
  [F2 E 18/50] Train 0.0667/0.9818  Val 0.6955/0.8425  (9.7s)
  [F2 E 19/50] Train 0.0724/0.9783  Val 0.7198/0.8320  (9.7s)
  [F2 E 20/50] Train 0.0543/0.9842  Val 0.6646/0.8470  (10.5s)
  [F2 E 21/50] Train 0.0541/0.9835  Val 0.7456/0.8320  (10.5s)
  [F2 E 22/50] Train 0.0594/0.9833  Val 0.6785/0.8455  (10.1s)
  [F2 E 23/50] Train 0.0611/0.9823  Val 0.7418/0.8430  (9.8s)
  [F2 E 24/50] Train 0.0472/0.9852  Val 0.6522/0.8595  (10.0s)
  [F2 E 25/50] Train 0.0448/0.9875  Val 0.6710/0.8510  (10.2s)
  [F2 E 26/50] Train 0.0367/0.9895  Val 0.6506/0.8585  (10.5s)
  [F2 E 27/50] Train 0.0317/0.9920  Val 0.6168/0.8745  (10.3s)
  [F2 E 28/50] Train 0.0211/0.9952  Val 0.6275/0.8735  (10.5s)
  [F2 E 29/50] Train 0.0134/0.9970  Val 0.5884/0.8785  (10.5s)
  [F2 E 30/50] Train 0.0119/0.9977  Val 0.5813/0.8800  (10.3s)
  [F2 E 31/50] Train 0.0070/0.9987  Val 0.5644/0.8830  (10.2s)
  [F2 E 32/50] Train 0.0060/0.9988  Val 0.5578/0.8875  (9.7s)
  [F2 E 33/50] Train 0.0053/0.9988  Val 0.5965/0.8825  (9.7s)
  [F2 E 34/50] Train 0.0062/0.9987  Val 0.5844/0.8815  (10.0s)
  [F2 E 35/50] Train 0.0051/0.9987  Val 0.5683/0.8780  (9.7s)
  [F2 E 36/50] Train 0.0055/0.9992  Val 0.5794/0.8825  (9.7s)
  [F2 E 37/50] Train 0.0045/0.9993  Val 0.5734/0.8860  (9.8s)
  [F2 E 38/50] Train 0.0028/0.9995  Val 0.5754/0.8820  (10.0s)
  [F2 E 39/50] Train 0.0016/1.0000  Val 0.5654/0.8835  (10.0s)
  [F2 E 40/50] Train 0.0025/0.9993  Val 0.5586/0.8890  (10.0s)
  [F2 E 41/50] Train 0.0025/0.9997  Val 0.5642/0.8895  (10.1s)
  [F2 E 42/50] Train 0.0017/0.9997  Val 0.5681/0.8825  (9.9s)
  [F2 E 43/50] Train 0.0016/0.9998  Val 0.5612/0.8850  (10.5s)
  [F2 E 44/50] Train 0.0014/1.0000  Val 0.5568/0.8880  (9.9s)
  [F2 E 45/50] Train 0.0015/0.9998  Val 0.5545/0.8875  (10.0s)
  [F2 E 46/50] Train 0.0015/0.9998  Val 0.5596/0.8885  (9.9s)
  [F2 E 47/50] Train 0.0012/1.0000  Val 0.5561/0.8905  (10.1s)
  [F2 E 48/50] Train 0.0015/0.9997  Val 0.5544/0.8880  (9.7s)
  [F2 E 49/50] Train 0.0010/1.0000  Val 0.5611/0.8855  (10.1s)
  [F2 E 50/50] Train 0.0015/0.9997  Val 0.5615/0.8905  (10.5s)
  Fold 2 done — best val acc: 0.8905  (8m 26s)

============================================================
  Fold 3/4
============================================================
  Train: 6000, Val: 2000, Test: 2000
  resnet34_dropout(p=0.5, no attention)
  [F3 E  1/50] Train 4.1208/0.0783  Val 3.5451/0.1325  (10.6s)
  [F3 E  2/50] Train 3.6024/0.1318  Val 3.1885/0.1975  (9.5s)
  [F3 E  3/50] Train 3.3650/0.1755  Val 3.0185/0.2515  (9.0s)
  [F3 E  4/50] Train 3.2380/0.1918  Val 2.9086/0.2555  (9.2s)
  [F3 E  5/50] Train 3.1296/0.2143  Val 2.8011/0.2800  (9.2s)
  [Epoch 6] Backbone unfreeze (lr=1e-04)
  [F3 E  6/50] Train 2.0490/0.4147  Val 1.3008/0.6050  (10.1s)
  [F3 E  7/50] Train 1.0542/0.6765  Val 0.8906/0.7255  (10.2s)
  [F3 E  8/50] Train 0.6485/0.8052  Val 0.7803/0.7735  (10.1s)
  [F3 E  9/50] Train 0.4439/0.8658  Val 0.6665/0.8095  (10.0s)
  [F3 E 10/50] Train 0.3182/0.9020  Val 0.7620/0.7840  (10.0s)
  [F3 E 11/50] Train 0.2410/0.9278  Val 0.6412/0.8190  (10.0s)
  [F3 E 12/50] Train 0.1852/0.9455  Val 0.6809/0.8185  (10.1s)
  [F3 E 13/50] Train 0.1696/0.9500  Val 0.6472/0.8290  (10.0s)
  [F3 E 14/50] Train 0.1251/0.9618  Val 0.7003/0.8110  (10.0s)
  [F3 E 15/50] Train 0.1176/0.9648  Val 0.6240/0.8290  (10.6s)
  [F3 E 16/50] Train 0.1061/0.9677  Val 0.6822/0.8255  (9.8s)
  [F3 E 17/50] Train 0.0855/0.9757  Val 0.6618/0.8350  (10.0s)
  [F3 E 18/50] Train 0.0902/0.9732  Val 0.6909/0.8325  (10.3s)
  [F3 E 19/50] Train 0.0773/0.9782  Val 0.6194/0.8510  (10.0s)
  [F3 E 20/50] Train 0.0451/0.9887  Val 0.6266/0.8520  (9.7s)
  [F3 E 21/50] Train 0.0499/0.9847  Val 0.6971/0.8345  (9.7s)
  [F3 E 22/50] Train 0.0452/0.9873  Val 0.7385/0.8340  (9.8s)
  [F3 E 23/50] Train 0.0456/0.9877  Val 0.7072/0.8415  (10.0s)
  [F3 E 24/50] Train 0.0513/0.9855  Val 0.6381/0.8590  (10.3s)
  [F3 E 25/50] Train 0.0329/0.9907  Val 0.6106/0.8605  (10.2s)
  [F3 E 26/50] Train 0.0268/0.9917  Val 0.6209/0.8580  (9.9s)
  [F3 E 27/50] Train 0.0221/0.9943  Val 0.6203/0.8575  (9.7s)
  [F3 E 28/50] Train 0.0197/0.9950  Val 0.6302/0.8610  (9.4s)
  [F3 E 29/50] Train 0.0212/0.9937  Val 0.5902/0.8640  (10.0s)
  [F3 E 30/50] Train 0.0126/0.9968  Val 0.5786/0.8700  (9.9s)
  [F3 E 31/50] Train 0.0087/0.9975  Val 0.5798/0.8710  (9.8s)
  [F3 E 32/50] Train 0.0120/0.9975  Val 0.5667/0.8770  (10.0s)
  [F3 E 33/50] Train 0.0102/0.9978  Val 0.5638/0.8765  (10.2s)
  [F3 E 34/50] Train 0.0067/0.9988  Val 0.5393/0.8790  (9.8s)
  [F3 E 35/50] Train 0.0061/0.9982  Val 0.5527/0.8810  (9.4s)
  [F3 E 36/50] Train 0.0029/0.9998  Val 0.5194/0.8895  (10.5s)
  [F3 E 37/50] Train 0.0052/0.9987  Val 0.5445/0.8805  (9.9s)
  [F3 E 38/50] Train 0.0028/0.9998  Val 0.5136/0.8880  (9.7s)
  [F3 E 39/50] Train 0.0024/0.9998  Val 0.5154/0.8895  (9.7s)
  [F3 E 40/50] Train 0.0027/0.9993  Val 0.5239/0.8900  (9.6s)
  [F3 E 41/50] Train 0.0025/0.9997  Val 0.5195/0.8905  (9.7s)
  [F3 E 42/50] Train 0.0026/0.9998  Val 0.5055/0.8915  (10.4s)
  [F3 E 43/50] Train 0.0020/0.9995  Val 0.5119/0.8915  (10.0s)
  [F3 E 44/50] Train 0.0017/0.9998  Val 0.5098/0.8935  (9.5s)
  [F3 E 45/50] Train 0.0018/0.9997  Val 0.5039/0.8920  (9.5s)
  [F3 E 46/50] Train 0.0016/0.9998  Val 0.5080/0.8905  (10.4s)
  [F3 E 47/50] Train 0.0018/0.9998  Val 0.5037/0.8940  (10.2s)
  [F3 E 48/50] Train 0.0020/0.9995  Val 0.5051/0.8930  (9.9s)
  [F3 E 49/50] Train 0.0022/0.9995  Val 0.5048/0.8950  (10.5s)
  [F3 E 50/50] Train 0.0022/0.9995  Val 0.5070/0.8955  (10.1s)
  Fold 3 done — best val acc: 0.8955  (8m 19s)

============================================================
  Fold 4/4
============================================================
  Train: 6000, Val: 2000, Test: 2000
  resnet34_dropout(p=0.5, no attention)
  [F4 E  1/50] Train 4.1313/0.0705  Val 3.5189/0.1525  (10.0s)
  [F4 E  2/50] Train 3.6012/0.1367  Val 3.1974/0.2365  (9.3s)
  [F4 E  3/50] Train 3.3545/0.1788  Val 3.0409/0.2360  (9.3s)
  [F4 E  4/50] Train 3.2315/0.1940  Val 2.9156/0.2665  (9.4s)
  [F4 E  5/50] Train 3.1354/0.2102  Val 2.8206/0.2990  (9.2s)
  [Epoch 6] Backbone unfreeze (lr=1e-04)
  [F4 E  6/50] Train 2.0478/0.4197  Val 1.3600/0.5950  (10.1s)
  [F4 E  7/50] Train 1.0588/0.6778  Val 0.9388/0.7125  (9.9s)
  [F4 E  8/50] Train 0.6467/0.8053  Val 0.7738/0.7665  (9.9s)
  [F4 E  9/50] Train 0.4454/0.8648  Val 0.7227/0.7825  (9.8s)
  [F4 E 10/50] Train 0.3246/0.9028  Val 0.6514/0.8090  (10.1s)
  [F4 E 11/50] Train 0.2422/0.9257  Val 0.7311/0.7975  (9.8s)
  [F4 E 12/50] Train 0.1874/0.9420  Val 0.6957/0.8205  (10.1s)
  [F4 E 13/50] Train 0.1581/0.9548  Val 0.6760/0.8180  (9.3s)
  [F4 E 14/50] Train 0.1304/0.9620  Val 0.6690/0.8260  (9.6s)
  [F4 E 15/50] Train 0.0910/0.9743  Val 0.6668/0.8320  (9.6s)
  [F4 E 16/50] Train 0.1045/0.9698  Val 0.6943/0.8255  (9.8s)
  [F4 E 17/50] Train 0.0831/0.9772  Val 0.6567/0.8320  (9.7s)
  [F4 E 18/50] Train 0.0798/0.9747  Val 0.6843/0.8290  (9.1s)
  [F4 E 19/50] Train 0.0761/0.9775  Val 0.6435/0.8465  (10.2s)
  [F4 E 20/50] Train 0.0498/0.9847  Val 0.7371/0.8335  (10.6s)
  [F4 E 21/50] Train 0.0527/0.9868  Val 0.7391/0.8315  (10.2s)
  [F4 E 22/50] Train 0.0584/0.9835  Val 0.6808/0.8420  (10.5s)
  [F4 E 23/50] Train 0.0385/0.9888  Val 0.6430/0.8530  (10.5s)
  [F4 E 24/50] Train 0.0362/0.9893  Val 0.6826/0.8505  (10.4s)
  [F4 E 25/50] Train 0.0307/0.9918  Val 0.6580/0.8545  (9.5s)
  [F4 E 26/50] Train 0.0342/0.9913  Val 0.7020/0.8535  (9.7s)
  [F4 E 27/50] Train 0.0224/0.9950  Val 0.6606/0.8605  (9.9s)
  [F4 E 28/50] Train 0.0232/0.9935  Val 0.6727/0.8585  (10.2s)
  [F4 E 29/50] Train 0.0113/0.9985  Val 0.6191/0.8675  (10.1s)
  [F4 E 30/50] Train 0.0057/0.9990  Val 0.6198/0.8740  (9.9s)
  [F4 E 31/50] Train 0.0075/0.9990  Val 0.6485/0.8665  (10.0s)
  [F4 E 32/50] Train 0.0128/0.9965  Val 0.6049/0.8720  (9.8s)
  [F4 E 33/50] Train 0.0066/0.9982  Val 0.5859/0.8700  (10.1s)
  [F4 E 34/50] Train 0.0038/0.9995  Val 0.6119/0.8680  (9.8s)
  [F4 E 35/50] Train 0.0048/0.9993  Val 0.5940/0.8695  (9.6s)
  [F4 E 36/50] Train 0.0043/0.9990  Val 0.6004/0.8765  (9.6s)
  [F4 E 37/50] Train 0.0039/0.9992  Val 0.5774/0.8800  (10.0s)
  [F4 E 38/50] Train 0.0027/0.9998  Val 0.5756/0.8810  (10.2s)
  [F4 E 39/50] Train 0.0025/0.9995  Val 0.5701/0.8820  (9.7s)
  [F4 E 40/50] Train 0.0017/0.9995  Val 0.5663/0.8830  (10.1s)
  [F4 E 41/50] Train 0.0029/0.9995  Val 0.5679/0.8825  (9.4s)
  [F4 E 42/50] Train 0.0016/0.9998  Val 0.5661/0.8820  (9.8s)
  [F4 E 43/50] Train 0.0012/1.0000  Val 0.5565/0.8815  (9.2s)
  [F4 E 44/50] Train 0.0025/0.9998  Val 0.5548/0.8875  (9.3s)
  [F4 E 45/50] Train 0.0022/0.9995  Val 0.5527/0.8885  (9.2s)
  [F4 E 46/50] Train 0.0019/0.9997  Val 0.5542/0.8880  (10.2s)
  [F4 E 47/50] Train 0.0016/0.9998  Val 0.5455/0.8855  (9.9s)
  [F4 E 48/50] Train 0.0014/1.0000  Val 0.5487/0.8845  (9.6s)
  [F4 E 49/50] Train 0.0013/0.9998  Val 0.5513/0.8860  (9.3s)
  [F4 E 50/50] Train 0.0012/1.0000  Val 0.5478/0.8860  (9.6s)
  Fold 4 done — best val acc: 0.8885  (8m 13s)

============================================================
  Ensemble — Weighted Soft Voting
  Fold val accs: ['0.8885', '0.8905', '0.8955', '0.8885']
  Weights      : ['0.2494', '0.2499', '0.2513', '0.2494']
============================================================
  resnet34_dropout(p=0.5, no attention)
  resnet34_dropout(p=0.5, no attention)
  resnet34_dropout(p=0.5, no attention)
  resnet34_dropout(p=0.5, no attention)
Ensemble Test Acc : 0.9105
Class-Norm Acc    : 0.9013
History → /home/work/AIPJ/EF2039_Introduction_to_AI_Programming_Project_1/experiment_4_notuning/history_resnet34d_noattn_vanilla_family_bs32_lr0.001_optadam.csv
Curve → /home/work/AIPJ/EF2039_Introduction_to_AI_Programming_Project_1/experiment_4_notuning/curve_resnet34d_noattn_vanilla_family_bs32_lr0.001_optadam.png
Confusion → /home/work/AIPJ/EF2039_Introduction_to_AI_Programming_Project_1/experiment_4_notuning/confusion_resnet34d_noattn_vanilla_family_bs32_lr0.001_optadam.png
Class-wise → /home/work/AIPJ/EF2039_Introduction_to_AI_Programming_Project_1/experiment_4_notuning/classwise_resnet34d_noattn_vanilla_family_bs32_lr0.001_optadam.csv
Predictions → /home/work/AIPJ/EF2039_Introduction_to_AI_Programming_Project_1/experiment_4_notuning/predictions_resnet34d_noattn_vanilla_family_bs32_lr0.001_optadam.csv
Results → /home/work/AIPJ/EF2039_Introduction_to_AI_Programming_Project_1/experiment_4_notuning/results_all.csv
