===== Input Arguments =====
  model         : resnet34d
  attn          : none
  tuning        : True
  use_excluded  : True
  use_added     : True
  folds         : 4
  epochs        : 50
  batch_size    : 32
  lr            : 0.001
  optimizer     : adam
  weight_decay  : 0.0001
  label_smoothing: 0.0
  label         : family
  crop_bbox     : True
  seed          : 42
  save_csv      : results_all.csv
  outdir        : /home/work/AIPJ/EF2039_Introduction_to_AI_Programming_Project_1/experiment_4_notuning
  added_repeat  : 1
===========================
Device: cuda  |  AMP: True  |  Workers: 22
Label: family  |  Classes: 70
Mode: excl=True, added=True  |  Original: 10000, Added(train-only): 180 ×1 = 180
Test set isolated: 2000 samples (20%, seed=42)
Train+Val pool   : 8000 samples → 4-fold CV

============================================================
  Fold 1/4
============================================================
  Train: 6180, Val: 2000, Test: 2000
  resnet34_dropout(p=0.5, no attention)
  [F1 E  1/50] Train 4.1215/0.0702  Val 3.5283/0.1455  (11.0s)
  [F1 E  2/50] Train 3.5940/0.1309  Val 3.1772/0.2000  (9.0s)
  [F1 E  3/50] Train 3.3777/0.1688  Val 3.0157/0.2460  (9.1s)
  [F1 E  4/50] Train 3.2587/0.1817  Val 2.9018/0.2645  (9.2s)
  [F1 E  5/50] Train 3.1221/0.2097  Val 2.7941/0.2685  (9.0s)
  [Epoch 6] Backbone unfreeze (lr=1e-04)
  [F1 E  6/50] Train 2.0875/0.4026  Val 1.2338/0.6145  (9.9s)
  [F1 E  7/50] Train 1.1087/0.6570  Val 0.8764/0.7240  (9.6s)
  [F1 E  8/50] Train 0.6982/0.7905  Val 0.6750/0.7920  (9.5s)
  [F1 E  9/50] Train 0.4843/0.8534  Val 0.7068/0.7895  (10.0s)
  [F1 E 10/50] Train 0.3607/0.8887  Val 0.5466/0.8380  (9.5s)
  [F1 E 11/50] Train 0.3086/0.9061  Val 0.6501/0.8160  (10.0s)
  [F1 E 12/50] Train 0.2288/0.9330  Val 0.5836/0.8305  (10.0s)
  [F1 E 13/50] Train 0.1584/0.9534  Val 0.6381/0.8320  (10.0s)
  [F1 E 14/50] Train 0.1418/0.9574  Val 0.6005/0.8375  (9.6s)
  [F1 E 15/50] Train 0.1384/0.9568  Val 0.5653/0.8550  (9.6s)
  [F1 E 16/50] Train 0.0827/0.9759  Val 0.6199/0.8415  (9.9s)
  [F1 E 17/50] Train 0.0916/0.9748  Val 0.6497/0.8365  (9.8s)
  [F1 E 18/50] Train 0.0945/0.9730  Val 0.6041/0.8425  (9.8s)
  [F1 E 19/50] Train 0.1113/0.9688  Val 0.5788/0.8590  (9.6s)
  [F1 E 20/50] Train 0.0758/0.9769  Val 0.6048/0.8595  (9.7s)
  [F1 E 21/50] Train 0.0618/0.9820  Val 0.6387/0.8485  (9.6s)
  [F1 E 22/50] Train 0.0587/0.9837  Val 0.5825/0.8605  (9.8s)
  [F1 E 23/50] Train 0.0429/0.9880  Val 0.5831/0.8625  (9.8s)
  [F1 E 24/50] Train 0.0368/0.9888  Val 0.5496/0.8740  (9.8s)
  [F1 E 25/50] Train 0.0321/0.9913  Val 0.5514/0.8725  (9.7s)
  [F1 E 26/50] Train 0.0292/0.9924  Val 0.6323/0.8645  (9.8s)
  [F1 E 27/50] Train 0.0424/0.9893  Val 0.5978/0.8550  (9.9s)
  [F1 E 28/50] Train 0.0468/0.9874  Val 0.5953/0.8615  (10.0s)
  [F1 E 29/50] Train 0.0309/0.9895  Val 0.5591/0.8660  (10.2s)
  [F1 E 30/50] Train 0.0232/0.9940  Val 0.5410/0.8715  (10.6s)
  [F1 E 31/50] Train 0.0106/0.9974  Val 0.5111/0.8795  (10.9s)
  [F1 E 32/50] Train 0.0114/0.9979  Val 0.5353/0.8790  (10.4s)
  [F1 E 33/50] Train 0.0205/0.9958  Val 0.5463/0.8800  (9.8s)
  [F1 E 34/50] Train 0.0166/0.9956  Val 0.5078/0.8810  (9.8s)
  [F1 E 35/50] Train 0.0197/0.9950  Val 0.5244/0.8780  (10.2s)
  [F1 E 36/50] Train 0.0094/0.9976  Val 0.5398/0.8805  (10.7s)
  [F1 E 37/50] Train 0.0068/0.9987  Val 0.5166/0.8820  (10.7s)
  [F1 E 38/50] Train 0.0044/0.9995  Val 0.4930/0.8915  (10.7s)
  [F1 E 39/50] Train 0.0060/0.9982  Val 0.4923/0.8895  (11.1s)
  [F1 E 40/50] Train 0.0052/0.9990  Val 0.4913/0.8890  (10.8s)
  [F1 E 41/50] Train 0.0030/0.9998  Val 0.4890/0.8900  (10.3s)
  [F1 E 42/50] Train 0.0032/0.9994  Val 0.4925/0.8915  (10.8s)
  [F1 E 43/50] Train 0.0029/0.9998  Val 0.4929/0.8890  (10.0s)
  [F1 E 44/50] Train 0.0026/0.9997  Val 0.5018/0.8875  (10.2s)
  [F1 E 45/50] Train 0.0021/0.9998  Val 0.4943/0.8910  (10.3s)
  [F1 E 46/50] Train 0.0031/0.9995  Val 0.4876/0.8890  (10.2s)
  [F1 E 47/50] Train 0.0023/0.9997  Val 0.4959/0.8910  (10.2s)
  [F1 E 48/50] Train 0.0019/0.9998  Val 0.4966/0.8900  (10.6s)
  [F1 E 49/50] Train 0.0035/0.9992  Val 0.5012/0.8880  (10.3s)
  [F1 E 50/50] Train 0.0023/0.9995  Val 0.4918/0.8930  (10.0s)
  Fold 1 done — best val acc: 0.8930  (8m 23s)

============================================================
  Fold 2/4
============================================================
  Train: 6180, Val: 2000, Test: 2000
  resnet34_dropout(p=0.5, no attention)
  [F2 E  1/50] Train 4.1586/0.0715  Val 3.5434/0.1370  (11.7s)
  [F2 E  2/50] Train 3.6006/0.1333  Val 3.1856/0.2280  (10.7s)
  [F2 E  3/50] Train 3.3763/0.1623  Val 3.0281/0.2595  (10.2s)
  [F2 E  4/50] Train 3.2605/0.1872  Val 2.9119/0.2510  (10.0s)
  [F2 E  5/50] Train 3.1510/0.2031  Val 2.8244/0.2795  (10.0s)
  [Epoch 6] Backbone unfreeze (lr=1e-04)
  [F2 E  6/50] Train 2.0331/0.4146  Val 1.2346/0.6420  (11.3s)
  [F2 E  7/50] Train 1.0433/0.6816  Val 0.8488/0.7495  (10.9s)
  [F2 E  8/50] Train 0.6824/0.7917  Val 0.8028/0.7675  (10.4s)
  [F2 E  9/50] Train 0.4929/0.8464  Val 0.6605/0.8145  (10.6s)
  [F2 E 10/50] Train 0.3634/0.8867  Val 0.7060/0.7900  (10.6s)
  [F2 E 11/50] Train 0.2791/0.9150  Val 0.6935/0.8070  (11.0s)
  [F2 E 12/50] Train 0.2183/0.9354  Val 0.6290/0.8340  (10.2s)
  [F2 E 13/50] Train 0.1701/0.9482  Val 0.7161/0.8220  (10.2s)
  [F2 E 14/50] Train 0.1571/0.9518  Val 0.6246/0.8435  (10.3s)
  [F2 E 15/50] Train 0.1431/0.9550  Val 0.6482/0.8370  (10.9s)
  [F2 E 16/50] Train 0.1161/0.9670  Val 0.6476/0.8420  (10.5s)
  [F2 E 17/50] Train 0.1106/0.9649  Val 0.6691/0.8380  (10.4s)
  [F2 E 18/50] Train 0.0765/0.9782  Val 0.6839/0.8460  (10.2s)
  [F2 E 19/50] Train 0.0871/0.9770  Val 0.6414/0.8470  (10.6s)
  [F2 E 20/50] Train 0.0513/0.9867  Val 0.6949/0.8480  (10.7s)
  [F2 E 21/50] Train 0.0575/0.9824  Val 0.6842/0.8565  (10.4s)
  [F2 E 22/50] Train 0.0369/0.9895  Val 0.6561/0.8535  (10.6s)
  [F2 E 23/50] Train 0.0625/0.9825  Val 0.6841/0.8510  (10.6s)
  [F2 E 24/50] Train 0.0351/0.9898  Val 0.6391/0.8685  (10.8s)
  [F2 E 25/50] Train 0.0533/0.9856  Val 0.6718/0.8580  (10.4s)
  [F2 E 26/50] Train 0.0694/0.9809  Val 0.7044/0.8560  (10.4s)
  [F2 E 27/50] Train 0.0372/0.9882  Val 0.6501/0.8600  (10.7s)
  [F2 E 28/50] Train 0.0314/0.9922  Val 0.6420/0.8605  (10.6s)
  [F2 E 29/50] Train 0.0148/0.9966  Val 0.5938/0.8710  (10.3s)
  [F2 E 30/50] Train 0.0192/0.9960  Val 0.6092/0.8700  (10.3s)
  [F2 E 31/50] Train 0.0198/0.9940  Val 0.6266/0.8670  (10.4s)
  [F2 E 32/50] Train 0.0343/0.9905  Val 0.6405/0.8650  (10.7s)
  [F2 E 33/50] Train 0.0158/0.9951  Val 0.6394/0.8750  (10.4s)
  [F2 E 34/50] Train 0.0101/0.9971  Val 0.6037/0.8755  (10.2s)
  [F2 E 35/50] Train 0.0090/0.9976  Val 0.5943/0.8790  (10.4s)
  [F2 E 36/50] Train 0.0074/0.9985  Val 0.6216/0.8785  (10.5s)
  [F2 E 37/50] Train 0.0055/0.9987  Val 0.5716/0.8835  (10.3s)
  [F2 E 38/50] Train 0.0042/0.9992  Val 0.5726/0.8900  (10.0s)
  [F2 E 39/50] Train 0.0043/0.9995  Val 0.5683/0.8875  (10.4s)
  [F2 E 40/50] Train 0.0031/0.9997  Val 0.5744/0.8885  (10.6s)
  [F2 E 41/50] Train 0.0022/1.0000  Val 0.5777/0.8840  (10.7s)
  [F2 E 42/50] Train 0.0035/0.9990  Val 0.5680/0.8930  (10.4s)
  [F2 E 43/50] Train 0.0022/1.0000  Val 0.5576/0.8925  (10.2s)
  [F2 E 44/50] Train 0.0028/0.9998  Val 0.5591/0.8920  (10.3s)
  [F2 E 45/50] Train 0.0027/0.9995  Val 0.5653/0.8925  (10.2s)
  [F2 E 46/50] Train 0.0023/0.9997  Val 0.5644/0.8940  (10.5s)
  [F2 E 47/50] Train 0.0020/1.0000  Val 0.5594/0.8925  (10.2s)
  [F2 E 48/50] Train 0.0028/0.9990  Val 0.5636/0.8955  (10.2s)
  [F2 E 49/50] Train 0.0024/0.9997  Val 0.5604/0.8930  (10.5s)
  [F2 E 50/50] Train 0.0035/0.9992  Val 0.5624/0.8950  (10.0s)
  Fold 2 done — best val acc: 0.8955  (8m 46s)

============================================================
  Fold 3/4
============================================================
  Train: 6180, Val: 2000, Test: 2000
  resnet34_dropout(p=0.5, no attention)
  [F3 E  1/50] Train 4.1219/0.0764  Val 3.5179/0.1430  (10.1s)
  [F3 E  2/50] Train 3.6068/0.1377  Val 3.2061/0.1990  (9.0s)
  [F3 E  3/50] Train 3.3831/0.1655  Val 3.0435/0.2360  (9.4s)
  [F3 E  4/50] Train 3.2625/0.1856  Val 2.9353/0.2425  (9.4s)
  [F3 E  5/50] Train 3.1358/0.2131  Val 2.8074/0.2835  (9.1s)
  [Epoch 6] Backbone unfreeze (lr=1e-04)
  [F3 E  6/50] Train 2.0198/0.4262  Val 1.2641/0.6130  (10.2s)
  [F3 E  7/50] Train 1.0524/0.6791  Val 0.8990/0.7260  (9.6s)
  [F3 E  8/50] Train 0.6584/0.7950  Val 0.7761/0.7565  (10.3s)
  [F3 E  9/50] Train 0.4631/0.8612  Val 0.7575/0.7730  (10.0s)
  [F3 E 10/50] Train 0.3539/0.8906  Val 0.6910/0.7985  (9.6s)
  [F3 E 11/50] Train 0.2848/0.9104  Val 0.6781/0.8140  (10.1s)
  [F3 E 12/50] Train 0.1896/0.9409  Val 0.6430/0.8270  (10.2s)
  [F3 E 13/50] Train 0.1723/0.9479  Val 0.6804/0.8160  (10.2s)
  [F3 E 14/50] Train 0.1332/0.9623  Val 0.6799/0.8230  (9.9s)
  [F3 E 15/50] Train 0.1199/0.9657  Val 0.7190/0.8225  (9.9s)
  [F3 E 16/50] Train 0.1440/0.9557  Val 0.6715/0.8300  (10.2s)
  [F3 E 17/50] Train 0.0841/0.9759  Val 0.6463/0.8390  (10.1s)
  [F3 E 18/50] Train 0.0862/0.9752  Val 0.7055/0.8360  (9.8s)
  [F3 E 19/50] Train 0.0683/0.9791  Val 0.7307/0.8300  (9.8s)
  [F3 E 20/50] Train 0.0853/0.9749  Val 0.6127/0.8615  (9.9s)
  [F3 E 21/50] Train 0.0630/0.9796  Val 0.6245/0.8525  (10.4s)
  [F3 E 22/50] Train 0.0573/0.9825  Val 0.6532/0.8435  (10.2s)
  [F3 E 23/50] Train 0.0408/0.9880  Val 0.6075/0.8500  (10.3s)
  [F3 E 24/50] Train 0.0509/0.9824  Val 0.6669/0.8545  (9.6s)
  [F3 E 25/50] Train 0.0370/0.9890  Val 0.6679/0.8520  (10.3s)
  [F3 E 26/50] Train 0.0476/0.9861  Val 0.6676/0.8545  (10.2s)
  [F3 E 27/50] Train 0.0318/0.9906  Val 0.6347/0.8570  (10.6s)
  [F3 E 28/50] Train 0.0255/0.9926  Val 0.6258/0.8565  (10.0s)
  [F3 E 29/50] Train 0.0216/0.9935  Val 0.5717/0.8695  (10.2s)
  [F3 E 30/50] Train 0.0221/0.9943  Val 0.5653/0.8730  (10.6s)
  [F3 E 31/50] Train 0.0290/0.9921  Val 0.6060/0.8635  (10.2s)
  [F3 E 32/50] Train 0.0247/0.9940  Val 0.5912/0.8690  (10.1s)
  [F3 E 33/50] Train 0.0138/0.9964  Val 0.5736/0.8715  (10.3s)
  [F3 E 34/50] Train 0.0072/0.9989  Val 0.5658/0.8780  (9.9s)
  [F3 E 35/50] Train 0.0062/0.9989  Val 0.5613/0.8740  (10.3s)
  [F3 E 36/50] Train 0.0050/0.9990  Val 0.5592/0.8775  (10.0s)
  [F3 E 37/50] Train 0.0035/0.9994  Val 0.5768/0.8755  (9.8s)
  [F3 E 38/50] Train 0.0037/0.9995  Val 0.5797/0.8760  (9.9s)
  [F3 E 39/50] Train 0.0047/0.9989  Val 0.5689/0.8800  (10.2s)
  [F3 E 40/50] Train 0.0032/0.9998  Val 0.5612/0.8795  (9.8s)
  [F3 E 41/50] Train 0.0083/0.9981  Val 0.5695/0.8770  (10.7s)
  [F3 E 42/50] Train 0.0034/0.9990  Val 0.5607/0.8795  (10.1s)
  [F3 E 43/50] Train 0.0031/0.9994  Val 0.5502/0.8805  (10.9s)
  [F3 E 44/50] Train 0.0035/0.9995  Val 0.5586/0.8825  (10.1s)
  [F3 E 45/50] Train 0.0019/0.9998  Val 0.5391/0.8825  (9.5s)
  [F3 E 46/50] Train 0.0030/0.9994  Val 0.5675/0.8755  (10.5s)
  [F3 E 47/50] Train 0.0024/0.9997  Val 0.5418/0.8835  (10.5s)
  [F3 E 48/50] Train 0.0017/0.9997  Val 0.5474/0.8810  (10.4s)
  [F3 E 49/50] Train 0.0022/0.9995  Val 0.5546/0.8810  (10.2s)
  [F3 E 50/50] Train 0.0023/0.9998  Val 0.5506/0.8810  (10.8s)
  Fold 3 done — best val acc: 0.8835  (8m 26s)

============================================================
  Fold 4/4
============================================================
  Train: 6180, Val: 2000, Test: 2000
  resnet34_dropout(p=0.5, no attention)
  [F4 E  1/50] Train 4.0944/0.0764  Val 3.5204/0.1605  (11.4s)
  [F4 E  2/50] Train 3.6099/0.1328  Val 3.2254/0.1865  (10.0s)
  [F4 E  3/50] Train 3.3676/0.1638  Val 3.0902/0.2235  (9.2s)
  [F4 E  4/50] Train 3.2257/0.1966  Val 2.9391/0.2550  (10.2s)
  [F4 E  5/50] Train 3.1404/0.2066  Val 2.8837/0.2720  (10.4s)
  [Epoch 6] Backbone unfreeze (lr=1e-04)
  [F4 E  6/50] Train 2.0101/0.4202  Val 1.3064/0.5945  (10.8s)
  [F4 E  7/50] Train 1.0648/0.6759  Val 0.9688/0.7145  (9.9s)
  [F4 E  8/50] Train 0.6938/0.7895  Val 0.7986/0.7550  (9.7s)
  [F4 E  9/50] Train 0.4660/0.8519  Val 0.6852/0.7915  (9.9s)
  [F4 E 10/50] Train 0.3451/0.8913  Val 0.7227/0.7985  (9.9s)
  [F4 E 11/50] Train 0.2757/0.9186  Val 0.7042/0.8050  (9.6s)
  [F4 E 12/50] Train 0.2106/0.9367  Val 0.6081/0.8340  (10.1s)
  [F4 E 13/50] Train 0.1520/0.9544  Val 0.7174/0.8140  (9.7s)
  [F4 E 14/50] Train 0.1113/0.9680  Val 0.6220/0.8365  (9.8s)
  [F4 E 15/50] Train 0.0988/0.9714  Val 0.6467/0.8445  (10.4s)
  [F4 E 16/50] Train 0.1155/0.9660  Val 0.7149/0.8195  (10.0s)
  [F4 E 17/50] Train 0.1368/0.9592  Val 0.6849/0.8295  (9.9s)
  [F4 E 18/50] Train 0.1221/0.9638  Val 0.6767/0.8370  (10.2s)
  [F4 E 19/50] Train 0.1052/0.9699  Val 0.6954/0.8305  (9.9s)
  [F4 E 20/50] Train 0.0823/0.9762  Val 0.6324/0.8450  (9.9s)
  [F4 E 21/50] Train 0.1047/0.9702  Val 0.6598/0.8435  (10.0s)
  [F4 E 22/50] Train 0.0702/0.9816  Val 0.6056/0.8555  (10.2s)
  [F4 E 23/50] Train 0.0576/0.9840  Val 0.6903/0.8480  (9.9s)
  [F4 E 24/50] Train 0.0389/0.9885  Val 0.6260/0.8505  (10.8s)
  [F4 E 25/50] Train 0.0334/0.9906  Val 0.6439/0.8570  (10.1s)
  [F4 E 26/50] Train 0.0467/0.9872  Val 0.6202/0.8595  (10.4s)
  [F4 E 27/50] Train 0.0259/0.9939  Val 0.5834/0.8735  (10.0s)
  [F4 E 28/50] Train 0.0217/0.9932  Val 0.6227/0.8570  (10.0s)
  [F4 E 29/50] Train 0.0188/0.9947  Val 0.6264/0.8590  (9.7s)
  [F4 E 30/50] Train 0.0152/0.9958  Val 0.6250/0.8650  (9.9s)
  [F4 E 31/50] Train 0.0121/0.9972  Val 0.5670/0.8700  (10.2s)
  [F4 E 32/50] Train 0.0092/0.9977  Val 0.5627/0.8780  (9.7s)
  [F4 E 33/50] Train 0.0095/0.9976  Val 0.5815/0.8760  (9.8s)
  [F4 E 34/50] Train 0.0113/0.9963  Val 0.5891/0.8705  (10.1s)
  [F4 E 35/50] Train 0.0049/0.9994  Val 0.5543/0.8810  (9.6s)
  [F4 E 36/50] Train 0.0056/0.9989  Val 0.5738/0.8780  (9.9s)
  [F4 E 37/50] Train 0.0045/0.9990  Val 0.5695/0.8845  (10.3s)
  [F4 E 38/50] Train 0.0030/0.9992  Val 0.5601/0.8815  (10.3s)
  [F4 E 39/50] Train 0.0057/0.9989  Val 0.5654/0.8790  (10.3s)
  [F4 E 40/50] Train 0.0051/0.9990  Val 0.5584/0.8805  (10.0s)
  [F4 E 41/50] Train 0.0027/0.9997  Val 0.5516/0.8805  (9.6s)
  [F4 E 42/50] Train 0.0017/0.9998  Val 0.5622/0.8790  (9.6s)
  [F4 E 43/50] Train 0.0027/0.9995  Val 0.5657/0.8795  (9.3s)
  [F4 E 44/50] Train 0.0034/0.9994  Val 0.5446/0.8815  (9.7s)
  [F4 E 45/50] Train 0.0029/0.9994  Val 0.5490/0.8840  (10.1s)
  [F4 E 46/50] Train 0.0031/0.9994  Val 0.5453/0.8865  (10.0s)
  [F4 E 47/50] Train 0.0019/0.9998  Val 0.5498/0.8815  (9.9s)
  [F4 E 48/50] Train 0.0020/0.9998  Val 0.5475/0.8795  (9.9s)
  [F4 E 49/50] Train 0.0019/0.9998  Val 0.5466/0.8780  (9.7s)
  [F4 E 50/50] Train 0.0018/0.9998  Val 0.5480/0.8830  (10.0s)
  Fold 4 done — best val acc: 0.8865  (8m 22s)

============================================================
  Ensemble — Weighted Soft Voting
  Fold val accs: ['0.8930', '0.8955', '0.8835', '0.8865']
  Weights      : ['0.2509', '0.2517', '0.2483', '0.2491']
============================================================
  resnet34_dropout(p=0.5, no attention)
  resnet34_dropout(p=0.5, no attention)
  resnet34_dropout(p=0.5, no attention)
  resnet34_dropout(p=0.5, no attention)
Ensemble Test Acc : 0.9015
Class-Norm Acc    : 0.8897
History → /home/work/AIPJ/EF2039_Introduction_to_AI_Programming_Project_1/experiment_4_notuning/history_resnet34d_noattn_tuning_family_bs32_lr0.001_optadam.csv
Curve → /home/work/AIPJ/EF2039_Introduction_to_AI_Programming_Project_1/experiment_4_notuning/curve_resnet34d_noattn_tuning_family_bs32_lr0.001_optadam.png
Confusion → /home/work/AIPJ/EF2039_Introduction_to_AI_Programming_Project_1/experiment_4_notuning/confusion_resnet34d_noattn_tuning_family_bs32_lr0.001_optadam.png
Class-wise → /home/work/AIPJ/EF2039_Introduction_to_AI_Programming_Project_1/experiment_4_notuning/classwise_resnet34d_noattn_tuning_family_bs32_lr0.001_optadam.csv
Predictions → /home/work/AIPJ/EF2039_Introduction_to_AI_Programming_Project_1/experiment_4_notuning/predictions_resnet34d_noattn_tuning_family_bs32_lr0.001_optadam.csv
Results → /home/work/AIPJ/EF2039_Introduction_to_AI_Programming_Project_1/experiment_4_notuning/results_all.csv
