===== Input Arguments =====
  model         : resnet34d
  attn          : none
  tuning        : True
  use_excluded  : True
  use_added     : True
  folds         : 4
  epochs        : 50
  batch_size    : 32
  lr            : 0.001
  optimizer     : adam
  weight_decay  : 0.0001
  label_smoothing: 0.0
  label         : family
  crop_bbox     : True
  seed          : 42
  save_csv      : results_all.csv
  outdir        : /home/work/AIPJ/EF2039_Introduction_to_AI_Programming_Project_1/experiment_4_notuning
  added_repeat  : 2
===========================
Device: cuda  |  AMP: True  |  Workers: 22
Label: family  |  Classes: 70
Mode: excl=True, added=True  |  Original: 10000, Added(train-only): 180 ×2 = 360
Test set isolated: 2000 samples (20%, seed=42)
Train+Val pool   : 8000 samples → 4-fold CV

============================================================
  Fold 1/4
============================================================
  Train: 6360, Val: 2000, Test: 2000
  resnet34_dropout(p=0.5, no attention)
  [F1 E  1/50] Train 4.1117/0.0758  Val 3.4821/0.1690  (10.7s)
  [F1 E  2/50] Train 3.6062/0.1307  Val 3.1637/0.1975  (9.3s)
  [F1 E  3/50] Train 3.3507/0.1660  Val 2.9550/0.2605  (9.4s)
  [F1 E  4/50] Train 3.2420/0.1892  Val 2.8698/0.2850  (9.3s)
  [F1 E  5/50] Train 3.1535/0.2022  Val 2.8323/0.2745  (9.3s)
  [Epoch 6] Backbone unfreeze (lr=1e-04)
  [F1 E  6/50] Train 2.0271/0.4289  Val 1.1980/0.6355  (10.6s)
  [F1 E  7/50] Train 1.0713/0.6830  Val 0.8545/0.7395  (10.2s)
  [F1 E  8/50] Train 0.6621/0.8000  Val 0.7380/0.7710  (10.4s)
  [F1 E  9/50] Train 0.4681/0.8569  Val 0.6625/0.7985  (10.0s)
  [F1 E 10/50] Train 0.3399/0.8972  Val 0.7064/0.7975  (10.4s)
  [F1 E 11/50] Train 0.2606/0.9187  Val 0.5918/0.8370  (10.2s)
  [F1 E 12/50] Train 0.1887/0.9429  Val 0.5608/0.8405  (10.0s)
  [F1 E 13/50] Train 0.1568/0.9522  Val 0.7046/0.8065  (9.7s)
  [F1 E 14/50] Train 0.1606/0.9513  Val 0.5848/0.8400  (10.0s)
  [F1 E 15/50] Train 0.1164/0.9653  Val 0.6355/0.8315  (9.9s)
  [F1 E 16/50] Train 0.1117/0.9670  Val 0.6408/0.8405  (10.1s)
  [F1 E 17/50] Train 0.0877/0.9741  Val 0.6119/0.8460  (10.4s)
  [F1 E 18/50] Train 0.0724/0.9775  Val 0.6124/0.8570  (10.3s)
  [F1 E 19/50] Train 0.0661/0.9796  Val 0.7204/0.8290  (10.5s)
  [F1 E 20/50] Train 0.0857/0.9741  Val 0.9017/0.7805  (9.9s)
  [F1 E 21/50] Train 0.0773/0.9780  Val 0.5250/0.8730  (10.2s)
  [F1 E 22/50] Train 0.0499/0.9857  Val 0.5503/0.8685  (9.9s)
  [F1 E 23/50] Train 0.0580/0.9827  Val 0.6361/0.8415  (10.3s)
  [F1 E 24/50] Train 0.0496/0.9854  Val 0.5012/0.8765  (9.7s)
  [F1 E 25/50] Train 0.0258/0.9926  Val 0.4973/0.8855  (10.4s)
  [F1 E 26/50] Train 0.0296/0.9915  Val 0.5709/0.8685  (10.3s)
  [F1 E 27/50] Train 0.0238/0.9939  Val 0.5425/0.8760  (9.8s)
  [F1 E 28/50] Train 0.0166/0.9951  Val 0.5476/0.8700  (10.3s)
  [F1 E 29/50] Train 0.0121/0.9970  Val 0.5116/0.8840  (10.3s)
  [F1 E 30/50] Train 0.0168/0.9954  Val 0.5268/0.8840  (10.5s)
  [F1 E 31/50] Train 0.0076/0.9986  Val 0.5250/0.8835  (10.0s)
  [F1 E 32/50] Train 0.0195/0.9956  Val 0.5283/0.8840  (10.2s)
  [F1 E 33/50] Train 0.0102/0.9975  Val 0.5196/0.8805  (10.0s)
  [F1 E 34/50] Train 0.0095/0.9976  Val 0.5144/0.8870  (10.2s)
  [F1 E 35/50] Train 0.0049/0.9991  Val 0.5123/0.8880  (10.1s)
  [F1 E 36/50] Train 0.0055/0.9987  Val 0.4980/0.8860  (10.6s)
  [F1 E 37/50] Train 0.0043/0.9995  Val 0.5007/0.8820  (10.4s)
  [F1 E 38/50] Train 0.0045/0.9989  Val 0.5097/0.8825  (10.0s)
  [F1 E 39/50] Train 0.0034/0.9991  Val 0.4942/0.8920  (10.0s)
  [F1 E 40/50] Train 0.0027/0.9995  Val 0.5050/0.8855  (10.0s)
  [F1 E 41/50] Train 0.0032/0.9991  Val 0.4904/0.8910  (10.3s)
  [F1 E 42/50] Train 0.0029/0.9997  Val 0.4874/0.8905  (9.8s)
  [F1 E 43/50] Train 0.0020/0.9998  Val 0.4865/0.8905  (10.8s)
  [F1 E 44/50] Train 0.0028/0.9995  Val 0.5022/0.8935  (9.9s)
  [F1 E 45/50] Train 0.0017/0.9998  Val 0.4932/0.8890  (9.9s)
  [F1 E 46/50] Train 0.0021/0.9997  Val 0.4886/0.8900  (10.3s)
  [F1 E 47/50] Train 0.0014/1.0000  Val 0.4830/0.8945  (10.1s)
  [F1 E 48/50] Train 0.0016/0.9998  Val 0.4852/0.8965  (10.5s)
  [F1 E 49/50] Train 0.0026/0.9997  Val 0.4910/0.8895  (10.2s)
  [F1 E 50/50] Train 0.0012/1.0000  Val 0.4921/0.8900  (10.5s)
  Fold 1 done — best val acc: 0.8965  (8m 29s)

============================================================
  Fold 2/4
============================================================
  Train: 6360, Val: 2000, Test: 2000
  resnet34_dropout(p=0.5, no attention)
  [F2 E  1/50] Train 4.1222/0.0756  Val 3.5342/0.1645  (11.1s)
  [F2 E  2/50] Train 3.6090/0.1343  Val 3.2627/0.1885  (9.4s)
  [F2 E  3/50] Train 3.3765/0.1656  Val 3.0364/0.2620  (9.5s)
  [F2 E  4/50] Train 3.2553/0.1855  Val 2.9056/0.2875  (9.6s)
  [F2 E  5/50] Train 3.1507/0.2044  Val 2.7954/0.3020  (9.3s)
  [Epoch 6] Backbone unfreeze (lr=1e-04)
  [F2 E  6/50] Train 2.0216/0.4190  Val 1.2050/0.6445  (10.1s)
  [F2 E  7/50] Train 1.0378/0.6873  Val 0.7934/0.7670  (10.1s)
  [F2 E  8/50] Train 0.6612/0.7895  Val 0.7298/0.7895  (9.9s)
  [F2 E  9/50] Train 0.4536/0.8601  Val 0.6896/0.7910  (10.1s)
  [F2 E 10/50] Train 0.3251/0.8981  Val 0.7241/0.7910  (10.2s)
  [F2 E 11/50] Train 0.2241/0.9302  Val 0.7318/0.7965  (10.3s)
  [F2 E 12/50] Train 0.1982/0.9384  Val 0.6393/0.8350  (10.1s)
  [F2 E 13/50] Train 0.1617/0.9546  Val 0.7561/0.8125  (10.1s)
  [F2 E 14/50] Train 0.1478/0.9553  Val 0.6671/0.8320  (10.2s)
  [F2 E 15/50] Train 0.1149/0.9659  Val 0.7996/0.8020  (10.3s)
  [F2 E 16/50] Train 0.1008/0.9701  Val 0.8284/0.8115  (9.9s)
  [F2 E 17/50] Train 0.0901/0.9747  Val 0.7007/0.8465  (10.1s)
  [F2 E 18/50] Train 0.0804/0.9748  Val 0.7107/0.8405  (9.5s)
  [F2 E 19/50] Train 0.0514/0.9871  Val 0.6401/0.8545  (9.9s)
  [F2 E 20/50] Train 0.0609/0.9818  Val 0.6642/0.8550  (10.4s)
  [F2 E 21/50] Train 0.0528/0.9852  Val 0.6761/0.8510  (10.0s)
  [F2 E 22/50] Train 0.0440/0.9888  Val 0.7901/0.8340  (9.9s)
  [F2 E 23/50] Train 0.0506/0.9858  Val 0.6315/0.8550  (10.2s)
  [F2 E 24/50] Train 0.0399/0.9884  Val 0.6681/0.8555  (10.3s)
  [F2 E 25/50] Train 0.0353/0.9909  Val 0.6714/0.8530  (10.0s)
  [F2 E 26/50] Train 0.0389/0.9881  Val 0.6171/0.8660  (10.1s)
  [F2 E 27/50] Train 0.0282/0.9909  Val 0.5517/0.8745  (10.0s)
  [F2 E 28/50] Train 0.0233/0.9934  Val 0.5756/0.8770  (9.8s)
  [F2 E 29/50] Train 0.0179/0.9945  Val 0.5744/0.8755  (9.8s)
  [F2 E 30/50] Train 0.0160/0.9967  Val 0.5810/0.8710  (9.6s)
  [F2 E 31/50] Train 0.0123/0.9973  Val 0.5391/0.8780  (9.7s)
  [F2 E 32/50] Train 0.0097/0.9964  Val 0.5604/0.8820  (10.4s)
  [F2 E 33/50] Train 0.0089/0.9984  Val 0.6147/0.8770  (10.2s)
  [F2 E 34/50] Train 0.0136/0.9972  Val 0.5709/0.8730  (10.4s)
  [F2 E 35/50] Train 0.0124/0.9970  Val 0.5848/0.8760  (10.0s)
  [F2 E 36/50] Train 0.0053/0.9992  Val 0.5635/0.8835  (10.0s)
  [F2 E 37/50] Train 0.0069/0.9980  Val 0.5492/0.8920  (10.0s)
  [F2 E 38/50] Train 0.0045/0.9986  Val 0.5316/0.8905  (9.9s)
  [F2 E 39/50] Train 0.0037/0.9994  Val 0.5305/0.8900  (10.0s)
  [F2 E 40/50] Train 0.0022/1.0000  Val 0.5348/0.8865  (10.4s)
  [F2 E 41/50] Train 0.0022/0.9998  Val 0.5355/0.8920  (10.0s)
  [F2 E 42/50] Train 0.0028/0.9997  Val 0.5306/0.8925  (10.6s)
  [F2 E 43/50] Train 0.0021/0.9997  Val 0.5255/0.8930  (10.4s)
  [F2 E 44/50] Train 0.0014/1.0000  Val 0.5317/0.8950  (9.9s)
  [F2 E 45/50] Train 0.0029/0.9995  Val 0.5226/0.8965  (9.5s)
  [F2 E 46/50] Train 0.0022/0.9994  Val 0.5262/0.8925  (10.5s)
  [F2 E 47/50] Train 0.0019/0.9994  Val 0.5285/0.8940  (9.9s)
  [F2 E 48/50] Train 0.0020/0.9994  Val 0.5227/0.8945  (9.3s)
  [F2 E 49/50] Train 0.0014/0.9998  Val 0.5197/0.8965  (9.6s)
  [F2 E 50/50] Train 0.0016/0.9998  Val 0.5228/0.8975  (10.1s)
  Fold 2 done — best val acc: 0.8975  (8m 24s)

============================================================
  Fold 3/4
============================================================
  Train: 6360, Val: 2000, Test: 2000
  resnet34_dropout(p=0.5, no attention)
  [F3 E  1/50] Train 4.1259/0.0687  Val 3.5363/0.1455  (10.1s)
  [F3 E  2/50] Train 3.5964/0.1318  Val 3.1806/0.2290  (9.0s)
  [F3 E  3/50] Train 3.3661/0.1720  Val 2.9930/0.2670  (9.1s)
  [F3 E  4/50] Train 3.2240/0.1976  Val 2.8733/0.2730  (9.1s)
  [F3 E  5/50] Train 3.1575/0.2050  Val 2.8475/0.2700  (9.4s)
  [Epoch 6] Backbone unfreeze (lr=1e-04)
  [F3 E  6/50] Train 2.0210/0.4241  Val 1.2045/0.6370  (10.1s)
  [F3 E  7/50] Train 1.0316/0.6799  Val 0.9075/0.7225  (10.0s)
  [F3 E  8/50] Train 0.6451/0.7986  Val 0.9587/0.6915  (10.4s)
  [F3 E  9/50] Train 0.4424/0.8656  Val 0.6790/0.7995  (10.7s)
  [F3 E 10/50] Train 0.3266/0.8983  Val 0.6425/0.8155  (10.3s)
  [F3 E 11/50] Train 0.2489/0.9256  Val 0.6740/0.8045  (10.0s)
  [F3 E 12/50] Train 0.2019/0.9387  Val 0.6639/0.8165  (10.0s)
  [F3 E 13/50] Train 0.1695/0.9467  Val 0.8216/0.7750  (9.9s)
  [F3 E 14/50] Train 0.1303/0.9616  Val 0.6324/0.8365  (9.8s)
  [F3 E 15/50] Train 0.1002/0.9728  Val 0.5901/0.8395  (9.7s)
  [F3 E 16/50] Train 0.1043/0.9673  Val 0.7179/0.8140  (9.8s)
  [F3 E 17/50] Train 0.0842/0.9763  Val 0.7386/0.8175  (10.1s)
  [F3 E 18/50] Train 0.0753/0.9788  Val 0.6508/0.8300  (10.0s)
  [F3 E 19/50] Train 0.0793/0.9763  Val 0.6649/0.8320  (10.0s)
  [F3 E 20/50] Train 0.0519/0.9841  Val 0.6236/0.8495  (9.9s)
  [F3 E 21/50] Train 0.0597/0.9835  Val 0.6613/0.8380  (9.9s)
  [F3 E 22/50] Train 0.0481/0.9855  Val 0.7551/0.8225  (9.7s)
  [F3 E 23/50] Train 0.0490/0.9840  Val 0.6326/0.8460  (9.8s)
  [F3 E 24/50] Train 0.0437/0.9879  Val 0.6040/0.8565  (9.9s)
  [F3 E 25/50] Train 0.0279/0.9929  Val 0.6426/0.8580  (10.4s)
  [F3 E 26/50] Train 0.0271/0.9920  Val 0.6013/0.8655  (10.3s)
  [F3 E 27/50] Train 0.0266/0.9917  Val 0.6983/0.8370  (10.5s)
  [F3 E 28/50] Train 0.0461/0.9873  Val 0.6242/0.8520  (9.6s)
  [F3 E 29/50] Train 0.0273/0.9918  Val 0.5923/0.8620  (10.1s)
  [F3 E 30/50] Train 0.0207/0.9943  Val 0.5875/0.8630  (10.1s)
  [F3 E 31/50] Train 0.0162/0.9958  Val 0.5990/0.8620  (10.3s)
  [F3 E 32/50] Train 0.0158/0.9961  Val 0.5168/0.8770  (10.1s)
  [F3 E 33/50] Train 0.0060/0.9991  Val 0.5077/0.8875  (9.9s)
  [F3 E 34/50] Train 0.0065/0.9986  Val 0.5224/0.8840  (9.9s)
  [F3 E 35/50] Train 0.0067/0.9984  Val 0.5195/0.8870  (9.5s)
  [F3 E 36/50] Train 0.0044/0.9991  Val 0.4965/0.8910  (10.1s)
  [F3 E 37/50] Train 0.0034/0.9994  Val 0.4973/0.8855  (9.7s)
  [F3 E 38/50] Train 0.0033/0.9995  Val 0.5019/0.8920  (10.4s)
  [F3 E 39/50] Train 0.0030/0.9995  Val 0.4954/0.8905  (9.8s)
  [F3 E 40/50] Train 0.0024/0.9995  Val 0.5015/0.8895  (10.0s)
  [F3 E 41/50] Train 0.0027/0.9994  Val 0.5054/0.8895  (9.8s)
  [F3 E 42/50] Train 0.0030/0.9992  Val 0.5089/0.8875  (9.8s)
  [F3 E 43/50] Train 0.0021/0.9997  Val 0.4953/0.8905  (10.2s)
  [F3 E 44/50] Train 0.0011/1.0000  Val 0.4886/0.8940  (10.4s)
  [F3 E 45/50] Train 0.0026/0.9994  Val 0.4956/0.8865  (10.1s)
  [F3 E 46/50] Train 0.0018/0.9998  Val 0.4934/0.8905  (9.6s)
  [F3 E 47/50] Train 0.0018/0.9998  Val 0.4929/0.8935  (10.4s)
  [F3 E 48/50] Train 0.0021/0.9995  Val 0.4909/0.8910  (10.1s)
  [F3 E 49/50] Train 0.0014/0.9998  Val 0.4804/0.8925  (10.2s)
  [F3 E 50/50] Train 0.0014/0.9997  Val 0.4830/0.8895  (9.8s)
  Fold 3 done — best val acc: 0.8940  (8m 20s)

============================================================
  Fold 4/4
============================================================
  Train: 6360, Val: 2000, Test: 2000
  resnet34_dropout(p=0.5, no attention)
  [F4 E  1/50] Train 4.1100/0.0712  Val 3.5543/0.1275  (10.0s)
  [F4 E  2/50] Train 3.5896/0.1340  Val 3.2218/0.1965  (8.8s)
  [F4 E  3/50] Train 3.3670/0.1730  Val 3.0601/0.2350  (8.9s)
  [F4 E  4/50] Train 3.2395/0.1923  Val 2.9345/0.2530  (9.4s)
  [F4 E  5/50] Train 3.1440/0.2129  Val 2.8670/0.2765  (9.1s)
  [Epoch 6] Backbone unfreeze (lr=1e-04)
  [F4 E  6/50] Train 2.0149/0.4266  Val 1.2945/0.6090  (10.3s)
  [F4 E  7/50] Train 1.0420/0.6805  Val 0.8500/0.7375  (10.1s)
  [F4 E  8/50] Train 0.6353/0.8047  Val 0.7517/0.7720  (9.8s)
  [F4 E  9/50] Train 0.4387/0.8670  Val 0.7719/0.7780  (9.9s)
  [F4 E 10/50] Train 0.3220/0.9047  Val 0.6390/0.8195  (10.2s)
  [F4 E 11/50] Train 0.2573/0.9189  Val 0.6093/0.8265  (9.9s)
  [F4 E 12/50] Train 0.1926/0.9423  Val 0.6420/0.8300  (10.1s)
  [F4 E 13/50] Train 0.1646/0.9487  Val 0.6652/0.8275  (10.0s)
  [F4 E 14/50] Train 0.1284/0.9615  Val 0.7338/0.8115  (10.0s)
  [F4 E 15/50] Train 0.1348/0.9590  Val 0.7291/0.8140  (10.5s)
  [F4 E 16/50] Train 0.0979/0.9714  Val 0.6390/0.8440  (10.5s)
  [F4 E 17/50] Train 0.0984/0.9690  Val 0.8171/0.8065  (10.6s)
  [F4 E 18/50] Train 0.0765/0.9767  Val 0.6576/0.8490  (10.4s)
  [F4 E 19/50] Train 0.0669/0.9807  Val 0.6490/0.8415  (10.3s)
  [F4 E 20/50] Train 0.0877/0.9750  Val 0.7862/0.8175  (10.5s)
  [F4 E 21/50] Train 0.0701/0.9802  Val 0.6588/0.8395  (10.5s)
  [F4 E 22/50] Train 0.0624/0.9827  Val 0.6889/0.8320  (10.5s)
  [F4 E 23/50] Train 0.0398/0.9892  Val 0.6501/0.8480  (10.5s)
  [F4 E 24/50] Train 0.0444/0.9871  Val 0.7678/0.8370  (10.0s)
  [F4 E 25/50] Train 0.0352/0.9906  Val 0.6178/0.8585  (10.2s)
  [F4 E 26/50] Train 0.0203/0.9937  Val 0.6039/0.8630  (9.9s)
  [F4 E 27/50] Train 0.0240/0.9939  Val 0.6155/0.8595  (10.1s)
  [F4 E 28/50] Train 0.0189/0.9948  Val 0.6781/0.8530  (9.5s)
  [F4 E 29/50] Train 0.0227/0.9936  Val 0.6041/0.8670  (9.7s)
  [F4 E 30/50] Train 0.0179/0.9961  Val 0.5901/0.8755  (10.3s)
  [F4 E 31/50] Train 0.0147/0.9970  Val 0.6069/0.8710  (9.8s)
  [F4 E 32/50] Train 0.0131/0.9970  Val 0.5870/0.8775  (10.0s)
  [F4 E 33/50] Train 0.0081/0.9981  Val 0.5734/0.8755  (9.8s)
  [F4 E 34/50] Train 0.0079/0.9980  Val 0.5961/0.8735  (10.2s)
  [F4 E 35/50] Train 0.0042/0.9994  Val 0.5605/0.8815  (10.1s)
  [F4 E 36/50] Train 0.0036/0.9995  Val 0.5716/0.8820  (10.6s)
  [F4 E 37/50] Train 0.0037/0.9991  Val 0.5608/0.8840  (10.7s)
  [F4 E 38/50] Train 0.0065/0.9981  Val 0.6119/0.8715  (10.7s)
  [F4 E 39/50] Train 0.0046/0.9989  Val 0.5746/0.8770  (10.5s)
  [F4 E 40/50] Train 0.0031/0.9995  Val 0.5646/0.8785  (10.7s)
  [F4 E 41/50] Train 0.0020/0.9998  Val 0.5608/0.8805  (10.7s)
  [F4 E 42/50] Train 0.0031/0.9994  Val 0.5753/0.8785  (10.3s)
  [F4 E 43/50] Train 0.0023/0.9997  Val 0.5702/0.8800  (9.8s)
  [F4 E 44/50] Train 0.0024/0.9995  Val 0.5623/0.8810  (9.7s)
  [F4 E 45/50] Train 0.0022/0.9995  Val 0.5496/0.8845  (10.0s)
  [F4 E 46/50] Train 0.0012/1.0000  Val 0.5535/0.8835  (9.7s)
  [F4 E 47/50] Train 0.0015/0.9997  Val 0.5493/0.8870  (10.3s)
  [F4 E 48/50] Train 0.0014/1.0000  Val 0.5472/0.8845  (9.8s)
  [F4 E 49/50] Train 0.0013/1.0000  Val 0.5428/0.8910  (10.0s)
  [F4 E 50/50] Train 0.0024/0.9994  Val 0.5447/0.8865  (10.0s)
  Fold 4 done — best val acc: 0.8910  (8m 27s)

============================================================
  Ensemble — Weighted Soft Voting
  Fold val accs: ['0.8965', '0.8975', '0.8940', '0.8910']
  Weights      : ['0.2505', '0.2508', '0.2498', '0.2490']
============================================================
  resnet34_dropout(p=0.5, no attention)
  resnet34_dropout(p=0.5, no attention)
  resnet34_dropout(p=0.5, no attention)
  resnet34_dropout(p=0.5, no attention)
Ensemble Test Acc : 0.9130
Class-Norm Acc    : 0.9014
History → /home/work/AIPJ/EF2039_Introduction_to_AI_Programming_Project_1/experiment_4_notuning/history_resnet34d_noattn_tuning_family_bs32_lr0.001_optadam.csv
Curve → /home/work/AIPJ/EF2039_Introduction_to_AI_Programming_Project_1/experiment_4_notuning/curve_resnet34d_noattn_tuning_family_bs32_lr0.001_optadam.png
Confusion → /home/work/AIPJ/EF2039_Introduction_to_AI_Programming_Project_1/experiment_4_notuning/confusion_resnet34d_noattn_tuning_family_bs32_lr0.001_optadam.png
Class-wise → /home/work/AIPJ/EF2039_Introduction_to_AI_Programming_Project_1/experiment_4_notuning/classwise_resnet34d_noattn_tuning_family_bs32_lr0.001_optadam.csv
Predictions → /home/work/AIPJ/EF2039_Introduction_to_AI_Programming_Project_1/experiment_4_notuning/predictions_resnet34d_noattn_tuning_family_bs32_lr0.001_optadam.csv
Results → /home/work/AIPJ/EF2039_Introduction_to_AI_Programming_Project_1/experiment_4_notuning/results_all.csv
