===== Input Arguments =====
  model         : resnet34d
  attn          : none
  tuning        : True
  use_excluded  : True
  use_added     : True
  folds         : 4
  epochs        : 50
  batch_size    : 32
  lr            : 0.001
  optimizer     : adam
  weight_decay  : 0.0001
  label_smoothing: 0.0
  label         : family
  crop_bbox     : True
  seed          : 42
  save_csv      : results_all.csv
  outdir        : /home/work/AIPJ/EF2039_Introduction_to_AI_Programming_Project_1/experiment_4_notuning
  added_repeat  : 3
===========================
Device: cuda  |  AMP: True  |  Workers: 22
Label: family  |  Classes: 70
Mode: excl=True, added=True  |  Original: 10000, Added(train-only): 180 ×3 = 540
Test set isolated: 2000 samples (20%, seed=42)
Train+Val pool   : 8000 samples → 4-fold CV

============================================================
  Fold 1/4
============================================================
  Train: 6540, Val: 2000, Test: 2000
  resnet34_dropout(p=0.5, no attention)
  [F1 E  1/50] Train 4.1046/0.0729  Val 3.5269/0.1420  (10.8s)
  [F1 E  2/50] Train 3.6021/0.1303  Val 3.1881/0.2070  (9.6s)
  [F1 E  3/50] Train 3.3886/0.1631  Val 3.0050/0.2415  (9.9s)
  [F1 E  4/50] Train 3.2408/0.1924  Val 2.9311/0.2630  (9.9s)
  [F1 E  5/50] Train 3.1618/0.1939  Val 2.8148/0.2785  (10.0s)
  [Epoch 6] Backbone unfreeze (lr=1e-04)
  [F1 E  6/50] Train 2.0237/0.4229  Val 1.1759/0.6480  (10.5s)
  [F1 E  7/50] Train 1.0511/0.6865  Val 0.8668/0.7365  (10.3s)
  [F1 E  8/50] Train 0.6673/0.7920  Val 0.7266/0.7770  (10.3s)
  [F1 E  9/50] Train 0.4663/0.8583  Val 0.6970/0.7935  (10.2s)
  [F1 E 10/50] Train 0.3268/0.8976  Val 0.6375/0.8290  (10.5s)
  [F1 E 11/50] Train 0.2714/0.9145  Val 0.6825/0.8050  (10.3s)
  [F1 E 12/50] Train 0.1970/0.9414  Val 0.6254/0.8240  (10.3s)
  [F1 E 13/50] Train 0.1692/0.9492  Val 0.7751/0.8055  (10.4s)
  [F1 E 14/50] Train 0.1509/0.9549  Val 0.6432/0.8325  (10.1s)
  [F1 E 15/50] Train 0.1257/0.9615  Val 0.7113/0.8205  (9.8s)
  [F1 E 16/50] Train 0.1046/0.9661  Val 0.6496/0.8325  (10.3s)
  [F1 E 17/50] Train 0.0970/0.9709  Val 0.6957/0.8225  (10.2s)
  [F1 E 18/50] Train 0.1019/0.9696  Val 0.6519/0.8375  (10.2s)
  [F1 E 19/50] Train 0.0634/0.9812  Val 0.6422/0.8565  (10.1s)
  [F1 E 20/50] Train 0.0679/0.9800  Val 0.6442/0.8550  (10.7s)
  [F1 E 21/50] Train 0.0608/0.9804  Val 0.6200/0.8610  (10.1s)
  [F1 E 22/50] Train 0.0543/0.9844  Val 0.5819/0.8625  (9.9s)
  [F1 E 23/50] Train 0.0525/0.9847  Val 0.5569/0.8645  (10.1s)
  [F1 E 24/50] Train 0.0311/0.9919  Val 0.6043/0.8525  (10.5s)
  [F1 E 25/50] Train 0.0390/0.9894  Val 0.5714/0.8630  (10.2s)
  [F1 E 26/50] Train 0.0309/0.9920  Val 0.5941/0.8710  (10.1s)
  [F1 E 27/50] Train 0.0301/0.9930  Val 0.5966/0.8660  (10.0s)
  [F1 E 28/50] Train 0.0288/0.9919  Val 0.5661/0.8765  (10.3s)
  [F1 E 29/50] Train 0.0237/0.9940  Val 0.5639/0.8790  (10.0s)
  [F1 E 30/50] Train 0.0166/0.9951  Val 0.5254/0.8865  (10.2s)
  [F1 E 31/50] Train 0.0089/0.9986  Val 0.5292/0.8875  (10.0s)
  [F1 E 32/50] Train 0.0111/0.9976  Val 0.5539/0.8770  (10.1s)
  [F1 E 33/50] Train 0.0127/0.9963  Val 0.5310/0.8815  (10.0s)
  [F1 E 34/50] Train 0.0093/0.9982  Val 0.5281/0.8820  (10.1s)
  [F1 E 35/50] Train 0.0086/0.9976  Val 0.5465/0.8835  (9.7s)
  [F1 E 36/50] Train 0.0069/0.9979  Val 0.5102/0.8890  (10.0s)
  [F1 E 37/50] Train 0.0044/0.9992  Val 0.5002/0.8930  (9.9s)
  [F1 E 38/50] Train 0.0037/0.9991  Val 0.5232/0.8915  (10.0s)
  [F1 E 39/50] Train 0.0041/0.9989  Val 0.5034/0.8930  (10.2s)
  [F1 E 40/50] Train 0.0027/0.9994  Val 0.5067/0.8930  (10.1s)
  [F1 E 41/50] Train 0.0030/0.9994  Val 0.4959/0.8925  (10.1s)
  [F1 E 42/50] Train 0.0020/1.0000  Val 0.4878/0.8945  (10.7s)
  [F1 E 43/50] Train 0.0022/0.9995  Val 0.4877/0.8990  (11.0s)
  [F1 E 44/50] Train 0.0020/0.9998  Val 0.4795/0.8975  (10.5s)
  [F1 E 45/50] Train 0.0015/0.9998  Val 0.4751/0.8990  (10.6s)
  [F1 E 46/50] Train 0.0013/0.9998  Val 0.4784/0.8985  (10.7s)
  [F1 E 47/50] Train 0.0018/0.9997  Val 0.4769/0.8980  (10.7s)
  [F1 E 48/50] Train 0.0016/0.9997  Val 0.4744/0.8975  (10.4s)
  [F1 E 49/50] Train 0.0013/0.9998  Val 0.4786/0.8990  (9.7s)
  [F1 E 50/50] Train 0.0016/0.9995  Val 0.4751/0.9010  (9.8s)
  Fold 1 done — best val acc: 0.9010  (8m 33s)

============================================================
  Fold 2/4
============================================================
  Train: 6540, Val: 2000, Test: 2000
  resnet34_dropout(p=0.5, no attention)
  [F2 E  1/50] Train 4.1106/0.0783  Val 3.5189/0.1455  (10.2s)
  [F2 E  2/50] Train 3.5745/0.1312  Val 3.1686/0.2295  (9.0s)
  [F2 E  3/50] Train 3.3421/0.1708  Val 3.0146/0.2455  (8.7s)
  [F2 E  4/50] Train 3.2201/0.1901  Val 2.9211/0.2880  (9.1s)
  [F2 E  5/50] Train 3.1525/0.2050  Val 2.8378/0.2810  (8.8s)
  [Epoch 6] Backbone unfreeze (lr=1e-04)
  [F2 E  6/50] Train 1.9638/0.4410  Val 1.2767/0.6185  (9.5s)
  [F2 E  7/50] Train 1.0158/0.6876  Val 0.9101/0.7325  (9.5s)
  [F2 E  8/50] Train 0.6338/0.8018  Val 0.8202/0.7580  (9.7s)
  [F2 E  9/50] Train 0.4403/0.8641  Val 0.8437/0.7480  (9.6s)
  [F2 E 10/50] Train 0.3221/0.9035  Val 0.6684/0.8130  (9.5s)
  [F2 E 11/50] Train 0.2731/0.9145  Val 0.6544/0.8130  (9.5s)
  [F2 E 12/50] Train 0.1818/0.9453  Val 0.6825/0.8230  (9.8s)
  [F2 E 13/50] Train 0.1625/0.9503  Val 0.6450/0.8355  (9.7s)
  [F2 E 14/50] Train 0.1222/0.9638  Val 0.6895/0.8365  (9.8s)
  [F2 E 15/50] Train 0.1095/0.9670  Val 0.7173/0.8210  (9.7s)
  [F2 E 16/50] Train 0.0910/0.9739  Val 0.6929/0.8440  (9.6s)
  [F2 E 17/50] Train 0.0759/0.9787  Val 0.6498/0.8540  (9.6s)
  [F2 E 18/50] Train 0.0885/0.9740  Val 0.6644/0.8420  (9.3s)
  [F2 E 19/50] Train 0.1045/0.9699  Val 0.8880/0.8025  (9.6s)
  [F2 E 20/50] Train 0.0668/0.9812  Val 0.6342/0.8525  (9.7s)
  [F2 E 21/50] Train 0.0716/0.9780  Val 0.6655/0.8510  (9.5s)
  [F2 E 22/50] Train 0.0397/0.9890  Val 0.6415/0.8570  (9.8s)
  [F2 E 23/50] Train 0.0373/0.9898  Val 0.6555/0.8485  (9.5s)
  [F2 E 24/50] Train 0.0483/0.9849  Val 0.6844/0.8475  (9.3s)
  [F2 E 25/50] Train 0.0334/0.9901  Val 0.6733/0.8445  (9.6s)
  [F2 E 26/50] Train 0.0282/0.9930  Val 0.6807/0.8605  (9.4s)
  [F2 E 27/50] Train 0.0192/0.9943  Val 0.6732/0.8515  (10.1s)
  [F2 E 28/50] Train 0.0236/0.9939  Val 0.6168/0.8635  (10.0s)
  [F2 E 29/50] Train 0.0145/0.9966  Val 0.7091/0.8580  (9.8s)
  [F2 E 30/50] Train 0.0153/0.9962  Val 0.6295/0.8660  (10.0s)
  [F2 E 31/50] Train 0.0089/0.9985  Val 0.6282/0.8665  (10.0s)
  [F2 E 32/50] Train 0.0116/0.9965  Val 0.6711/0.8655  (9.9s)
  [F2 E 33/50] Train 0.0085/0.9977  Val 0.6273/0.8705  (9.7s)
  [F2 E 34/50] Train 0.0080/0.9982  Val 0.6719/0.8655  (10.1s)
  [F2 E 35/50] Train 0.0048/0.9988  Val 0.6041/0.8700  (9.5s)
  [F2 E 36/50] Train 0.0076/0.9988  Val 0.5784/0.8835  (9.8s)
  [F2 E 37/50] Train 0.0053/0.9989  Val 0.5585/0.8865  (9.7s)
  [F2 E 38/50] Train 0.0038/0.9994  Val 0.5647/0.8815  (10.0s)
  [F2 E 39/50] Train 0.0023/1.0000  Val 0.5610/0.8835  (9.5s)
  [F2 E 40/50] Train 0.0024/0.9995  Val 0.5741/0.8835  (9.7s)
  [F2 E 41/50] Train 0.0019/0.9997  Val 0.5687/0.8835  (9.7s)
  [F2 E 42/50] Train 0.0018/0.9997  Val 0.5744/0.8835  (9.5s)
  [F2 E 43/50] Train 0.0021/0.9994  Val 0.5664/0.8830  (10.1s)
  [F2 E 44/50] Train 0.0014/1.0000  Val 0.5642/0.8825  (9.5s)
  [F2 E 45/50] Train 0.0013/0.9998  Val 0.5639/0.8850  (9.9s)
  [F2 E 46/50] Train 0.0017/0.9997  Val 0.5529/0.8865  (9.7s)
  [F2 E 47/50] Train 0.0011/1.0000  Val 0.5593/0.8855  (9.7s)
  [F2 E 48/50] Train 0.0010/1.0000  Val 0.5510/0.8850  (10.0s)
  [F2 E 49/50] Train 0.0010/1.0000  Val 0.5618/0.8835  (9.4s)
  [F2 E 50/50] Train 0.0015/1.0000  Val 0.5497/0.8860  (9.9s)
  Fold 2 done — best val acc: 0.8865  (8m 5s)

============================================================
  Fold 3/4
============================================================
  Train: 6540, Val: 2000, Test: 2000
  resnet34_dropout(p=0.5, no attention)
  [F3 E  1/50] Train 4.0988/0.0772  Val 3.5396/0.1475  (10.8s)
  [F3 E  2/50] Train 3.5863/0.1367  Val 3.2042/0.2045  (9.4s)
  [F3 E  3/50] Train 3.3650/0.1676  Val 3.0031/0.2410  (9.2s)
  [F3 E  4/50] Train 3.2218/0.1934  Val 2.9150/0.2790  (9.4s)
  [F3 E  5/50] Train 3.1512/0.2076  Val 2.8156/0.2940  (9.0s)
  [Epoch 6] Backbone unfreeze (lr=1e-04)
  [F3 E  6/50] Train 2.0327/0.4245  Val 1.2721/0.6070  (10.1s)
  [F3 E  7/50] Train 1.0119/0.6913  Val 0.9350/0.7115  (10.8s)
  [F3 E  8/50] Train 0.6288/0.8066  Val 0.7453/0.7650  (10.5s)
  [F3 E  9/50] Train 0.4359/0.8659  Val 0.7149/0.7920  (10.2s)
  [F3 E 10/50] Train 0.3286/0.9002  Val 0.6998/0.7950  (10.4s)
  [F3 E 11/50] Train 0.2495/0.9243  Val 0.7520/0.8000  (10.5s)
  [F3 E 12/50] Train 0.1986/0.9367  Val 0.6675/0.8235  (10.4s)
  [F3 E 13/50] Train 0.1478/0.9564  Val 0.6609/0.8225  (10.0s)
  [F3 E 14/50] Train 0.1245/0.9642  Val 0.6953/0.8255  (9.9s)
  [F3 E 15/50] Train 0.1232/0.9613  Val 0.7635/0.8065  (10.6s)
  [F3 E 16/50] Train 0.1057/0.9685  Val 0.7201/0.8225  (10.1s)
  [F3 E 17/50] Train 0.1114/0.9673  Val 0.6354/0.8440  (10.1s)
  [F3 E 18/50] Train 0.0803/0.9763  Val 0.6605/0.8290  (10.2s)
  [F3 E 19/50] Train 0.0757/0.9784  Val 0.6530/0.8410  (10.2s)
  [F3 E 20/50] Train 0.0827/0.9765  Val 0.6452/0.8505  (10.9s)
  [F3 E 21/50] Train 0.0488/0.9867  Val 0.6290/0.8520  (10.2s)
  [F3 E 22/50] Train 0.0478/0.9864  Val 0.6315/0.8545  (10.2s)
  [F3 E 23/50] Train 0.0454/0.9859  Val 0.6372/0.8545  (10.3s)
  [F3 E 24/50] Train 0.0426/0.9864  Val 0.6387/0.8360  (10.6s)
  [F3 E 25/50] Train 0.0383/0.9894  Val 0.6775/0.8425  (9.9s)
  [F3 E 26/50] Train 0.0330/0.9907  Val 0.5709/0.8650  (10.2s)
  [F3 E 27/50] Train 0.0246/0.9930  Val 0.5899/0.8620  (10.2s)
  [F3 E 28/50] Train 0.0204/0.9937  Val 0.5956/0.8650  (10.1s)
  [F3 E 29/50] Train 0.0146/0.9968  Val 0.5680/0.8675  (9.9s)
  [F3 E 30/50] Train 0.0102/0.9972  Val 0.5961/0.8675  (10.2s)
  [F3 E 31/50] Train 0.0069/0.9985  Val 0.5391/0.8780  (10.0s)
  [F3 E 32/50] Train 0.0121/0.9965  Val 0.5579/0.8735  (10.5s)
  [F3 E 33/50] Train 0.0072/0.9985  Val 0.5421/0.8735  (10.2s)
  [F3 E 34/50] Train 0.0055/0.9992  Val 0.5451/0.8795  (10.0s)
  [F3 E 35/50] Train 0.0045/0.9988  Val 0.5642/0.8730  (10.0s)
  [F3 E 36/50] Train 0.0064/0.9986  Val 0.5532/0.8775  (9.8s)
  [F3 E 37/50] Train 0.0042/0.9991  Val 0.5912/0.8715  (9.9s)
  [F3 E 38/50] Train 0.0060/0.9983  Val 0.5303/0.8775  (9.7s)
  [F3 E 39/50] Train 0.0045/0.9995  Val 0.5348/0.8760  (10.3s)
  [F3 E 40/50] Train 0.0035/0.9992  Val 0.5170/0.8855  (9.8s)
  [F3 E 41/50] Train 0.0031/0.9995  Val 0.4964/0.8915  (10.6s)
  [F3 E 42/50] Train 0.0028/0.9995  Val 0.5021/0.8840  (10.2s)
  [F3 E 43/50] Train 0.0022/0.9997  Val 0.5046/0.8820  (10.0s)
  [F3 E 44/50] Train 0.0016/0.9998  Val 0.5005/0.8865  (10.1s)
  [F3 E 45/50] Train 0.0020/0.9995  Val 0.4984/0.8840  (10.2s)
  [F3 E 46/50] Train 0.0018/0.9995  Val 0.4972/0.8870  (10.8s)
  [F3 E 47/50] Train 0.0017/0.9998  Val 0.5031/0.8850  (10.1s)
  [F3 E 48/50] Train 0.0015/0.9997  Val 0.5016/0.8895  (10.4s)
  [F3 E 49/50] Train 0.0018/0.9995  Val 0.5017/0.8860  (9.9s)
  [F3 E 50/50] Train 0.0012/1.0000  Val 0.5069/0.8845  (10.4s)
  Fold 3 done — best val acc: 0.8915  (8m 30s)

============================================================
  Fold 4/4
============================================================
  Train: 6540, Val: 2000, Test: 2000
  resnet34_dropout(p=0.5, no attention)
  [F4 E  1/50] Train 4.1026/0.0781  Val 3.5515/0.1505  (10.9s)
  [F4 E  2/50] Train 3.5743/0.1413  Val 3.2268/0.1885  (10.5s)
  [F4 E  3/50] Train 3.3229/0.1680  Val 3.0462/0.2230  (10.1s)
  [F4 E  4/50] Train 3.2217/0.1864  Val 2.9103/0.2610  (10.0s)
  [F4 E  5/50] Train 3.1338/0.2081  Val 2.8496/0.2765  (10.4s)
  [Epoch 6] Backbone unfreeze (lr=1e-04)
  [F4 E  6/50] Train 2.0232/0.4228  Val 1.2618/0.6165  (11.4s)
  [F4 E  7/50] Train 1.0191/0.6891  Val 0.8718/0.7440  (11.0s)
  [F4 E  8/50] Train 0.6213/0.8078  Val 0.8714/0.7395  (11.1s)
  [F4 E  9/50] Train 0.4271/0.8719  Val 0.7425/0.7820  (10.6s)
  [F4 E 10/50] Train 0.3402/0.8988  Val 0.7580/0.7855  (10.9s)
  [F4 E 11/50] Train 0.2391/0.9289  Val 0.7138/0.7935  (10.7s)
  [F4 E 12/50] Train 0.1799/0.9448  Val 0.6661/0.8215  (11.1s)
  [F4 E 13/50] Train 0.1550/0.9518  Val 0.5942/0.8405  (10.9s)
  [F4 E 14/50] Train 0.1338/0.9572  Val 0.6412/0.8335  (10.9s)
  [F4 E 15/50] Train 0.1245/0.9630  Val 0.6792/0.8340  (10.6s)
  [F4 E 16/50] Train 0.0993/0.9700  Val 0.7035/0.8320  (11.6s)
  [F4 E 17/50] Train 0.0725/0.9771  Val 0.6732/0.8350  (11.3s)
  [F4 E 18/50] Train 0.0873/0.9742  Val 0.6983/0.8320  (11.1s)
  [F4 E 19/50] Train 0.0773/0.9757  Val 0.6676/0.8405  (11.0s)
  [F4 E 20/50] Train 0.0596/0.9826  Val 0.6962/0.8445  (11.0s)
  [F4 E 21/50] Train 0.0556/0.9846  Val 0.6589/0.8475  (10.8s)
  [F4 E 22/50] Train 0.0317/0.9914  Val 0.6606/0.8610  (10.8s)
  [F4 E 23/50] Train 0.0409/0.9884  Val 0.6834/0.8465  (10.8s)
  [F4 E 24/50] Train 0.0480/0.9855  Val 0.8872/0.8225  (10.5s)
  [F4 E 25/50] Train 0.0398/0.9894  Val 0.7216/0.8445  (10.9s)
  [F4 E 26/50] Train 0.0274/0.9920  Val 0.6789/0.8550  (10.1s)
  [F4 E 27/50] Train 0.0273/0.9930  Val 0.6749/0.8490  (10.7s)
  [F4 E 28/50] Train 0.0296/0.9920  Val 0.7121/0.8485  (10.4s)
  [F4 E 29/50] Train 0.0219/0.9948  Val 0.6867/0.8550  (11.3s)
  [F4 E 30/50] Train 0.0150/0.9968  Val 0.6791/0.8530  (11.3s)
  [F4 E 31/50] Train 0.0199/0.9950  Val 0.6842/0.8600  (10.6s)
  [F4 E 32/50] Train 0.0136/0.9965  Val 0.6573/0.8665  (10.6s)
  [F4 E 33/50] Train 0.0101/0.9976  Val 0.5975/0.8725  (10.7s)
  [F4 E 34/50] Train 0.0092/0.9980  Val 0.6182/0.8700  (10.6s)
  [F4 E 35/50] Train 0.0063/0.9986  Val 0.5927/0.8750  (10.5s)
  [F4 E 36/50] Train 0.0091/0.9979  Val 0.6442/0.8680  (10.8s)
  [F4 E 37/50] Train 0.0065/0.9985  Val 0.6293/0.8725  (10.7s)
  [F4 E 38/50] Train 0.0034/0.9997  Val 0.5864/0.8775  (10.8s)
  [F4 E 39/50] Train 0.0022/0.9998  Val 0.5945/0.8765  (10.7s)
  [F4 E 40/50] Train 0.0035/0.9991  Val 0.5991/0.8775  (10.7s)
  [F4 E 41/50] Train 0.0025/0.9998  Val 0.5998/0.8750  (10.6s)
  [F4 E 42/50] Train 0.0038/0.9986  Val 0.6037/0.8755  (11.1s)
  [F4 E 43/50] Train 0.0027/0.9994  Val 0.6019/0.8740  (10.7s)
  [F4 E 44/50] Train 0.0026/0.9997  Val 0.5928/0.8770  (10.9s)
  [F4 E 45/50] Train 0.0027/0.9994  Val 0.5884/0.8840  (10.9s)
  [F4 E 46/50] Train 0.0021/0.9997  Val 0.5953/0.8810  (10.9s)
  [F4 E 47/50] Train 0.0015/0.9998  Val 0.5989/0.8810  (10.8s)
  [F4 E 48/50] Train 0.0013/0.9998  Val 0.5897/0.8810  (10.6s)
  [F4 E 49/50] Train 0.0014/1.0000  Val 0.5886/0.8785  (10.5s)
  [F4 E 50/50] Train 0.0014/1.0000  Val 0.5975/0.8810  (10.9s)
  Fold 4 done — best val acc: 0.8840  (9m 2s)

============================================================
  Ensemble — Weighted Soft Voting
  Fold val accs: ['0.9010', '0.8865', '0.8915', '0.8840']
  Weights      : ['0.2529', '0.2488', '0.2502', '0.2481']
============================================================
  resnet34_dropout(p=0.5, no attention)
  resnet34_dropout(p=0.5, no attention)
  resnet34_dropout(p=0.5, no attention)
  resnet34_dropout(p=0.5, no attention)
Ensemble Test Acc : 0.9080
Class-Norm Acc    : 0.8939
History → /home/work/AIPJ/EF2039_Introduction_to_AI_Programming_Project_1/experiment_4_notuning/history_resnet34d_noattn_tuning_family_bs32_lr0.001_optadam.csv
Curve → /home/work/AIPJ/EF2039_Introduction_to_AI_Programming_Project_1/experiment_4_notuning/curve_resnet34d_noattn_tuning_family_bs32_lr0.001_optadam.png
Confusion → /home/work/AIPJ/EF2039_Introduction_to_AI_Programming_Project_1/experiment_4_notuning/confusion_resnet34d_noattn_tuning_family_bs32_lr0.001_optadam.png
Class-wise → /home/work/AIPJ/EF2039_Introduction_to_AI_Programming_Project_1/experiment_4_notuning/classwise_resnet34d_noattn_tuning_family_bs32_lr0.001_optadam.csv
Predictions → /home/work/AIPJ/EF2039_Introduction_to_AI_Programming_Project_1/experiment_4_notuning/predictions_resnet34d_noattn_tuning_family_bs32_lr0.001_optadam.csv
Results → /home/work/AIPJ/EF2039_Introduction_to_AI_Programming_Project_1/experiment_4_notuning/results_all.csv
