===== Input Arguments =====
  model         : resnet34d
  attn          : none
  tuning        : True
  use_excluded  : True
  use_added     : True
  folds         : 4
  epochs        : 50
  batch_size    : 32
  lr            : 0.001
  optimizer     : adam
  weight_decay  : 0.0001
  label_smoothing: 0.0
  label         : family
  crop_bbox     : True
  seed          : 42
  save_csv      : results_all.csv
  outdir        : /home/work/AIPJ/EF2039_Introduction_to_AI_Programming_Project_1/experiment_4_notuning
  added_repeat  : 5
===========================
Device: cuda  |  AMP: True  |  Workers: 22
Label: family  |  Classes: 70
Mode: excl=True, added=True  |  Original: 10000, Added(train-only): 180 ×5 = 900
Test set isolated: 2000 samples (20%, seed=42)
Train+Val pool   : 8000 samples → 4-fold CV

============================================================
  Fold 1/4
============================================================
  Train: 6900, Val: 2000, Test: 2000
  resnet34_dropout(p=0.5, no attention)
  [F1 E  1/50] Train 4.0856/0.0751  Val 3.4851/0.1630  (11.7s)
  [F1 E  2/50] Train 3.5497/0.1322  Val 3.1433/0.2310  (9.9s)
  [F1 E  3/50] Train 3.3212/0.1713  Val 3.0423/0.2515  (9.7s)
  [F1 E  4/50] Train 3.1634/0.2030  Val 2.8506/0.2715  (9.5s)
  [F1 E  5/50] Train 3.0875/0.2209  Val 2.8187/0.2815  (9.6s)
  [Epoch 6] Backbone unfreeze (lr=1e-04)
  [F1 E  6/50] Train 1.9287/0.4507  Val 1.1857/0.6380  (10.2s)
  [F1 E  7/50] Train 0.9829/0.7036  Val 0.8519/0.7390  (10.7s)
  [F1 E  8/50] Train 0.6120/0.8113  Val 0.7337/0.7830  (10.3s)
  [F1 E  9/50] Train 0.4244/0.8696  Val 0.7269/0.7770  (10.2s)
  [F1 E 10/50] Train 0.3018/0.9070  Val 0.8070/0.7600  (9.9s)
  [F1 E 11/50] Train 0.2416/0.9241  Val 0.6461/0.8180  (10.6s)
  [F1 E 12/50] Train 0.1928/0.9401  Val 0.6686/0.8225  (10.8s)
  [F1 E 13/50] Train 0.1534/0.9551  Val 0.5881/0.8495  (10.7s)
  [F1 E 14/50] Train 0.1104/0.9674  Val 0.6087/0.8405  (10.3s)
  [F1 E 15/50] Train 0.1075/0.9686  Val 0.6956/0.8240  (10.7s)
  [F1 E 16/50] Train 0.0976/0.9729  Val 0.6860/0.8340  (10.5s)
  [F1 E 17/50] Train 0.0985/0.9703  Val 0.6830/0.8335  (10.4s)
  [F1 E 18/50] Train 0.0874/0.9743  Val 0.6447/0.8495  (10.6s)
  [F1 E 19/50] Train 0.0744/0.9777  Val 0.6880/0.8385  (10.7s)
  [F1 E 20/50] Train 0.0645/0.9814  Val 0.6313/0.8545  (9.9s)
  [F1 E 21/50] Train 0.0585/0.9833  Val 0.6269/0.8560  (10.4s)
  [F1 E 22/50] Train 0.0559/0.9845  Val 0.6368/0.8470  (10.4s)
  [F1 E 23/50] Train 0.0411/0.9903  Val 0.5701/0.8710  (10.0s)
  [F1 E 24/50] Train 0.0390/0.9883  Val 0.6563/0.8495  (10.8s)
  [F1 E 25/50] Train 0.0391/0.9886  Val 0.6578/0.8500  (10.3s)
  [F1 E 26/50] Train 0.0418/0.9862  Val 0.7112/0.8535  (10.1s)
  [F1 E 27/50] Train 0.0343/0.9907  Val 0.5969/0.8670  (10.5s)
  [F1 E 28/50] Train 0.0227/0.9933  Val 0.5713/0.8725  (10.3s)
  [F1 E 29/50] Train 0.0138/0.9971  Val 0.5739/0.8795  (10.8s)
  [F1 E 30/50] Train 0.0144/0.9959  Val 0.6101/0.8720  (10.6s)
  [F1 E 31/50] Train 0.0076/0.9980  Val 0.5536/0.8815  (10.3s)
  [F1 E 32/50] Train 0.0076/0.9978  Val 0.5670/0.8805  (10.4s)
  [F1 E 33/50] Train 0.0074/0.9980  Val 0.6015/0.8755  (10.6s)
  [F1 E 34/50] Train 0.0048/0.9993  Val 0.5592/0.8815  (10.3s)
  [F1 E 35/50] Train 0.0063/0.9984  Val 0.5713/0.8850  (10.4s)
  [F1 E 36/50] Train 0.0035/0.9993  Val 0.5489/0.8875  (10.6s)
  [F1 E 37/50] Train 0.0031/0.9996  Val 0.5433/0.8905  (10.8s)
  [F1 E 38/50] Train 0.0031/0.9996  Val 0.5575/0.8855  (10.4s)
  [F1 E 39/50] Train 0.0031/0.9990  Val 0.5757/0.8880  (10.0s)
  [F1 E 40/50] Train 0.0039/0.9990  Val 0.5622/0.8880  (10.5s)
  [F1 E 41/50] Train 0.0034/0.9993  Val 0.5441/0.8855  (10.6s)
  [F1 E 42/50] Train 0.0040/0.9993  Val 0.5658/0.8890  (10.5s)
  [F1 E 43/50] Train 0.0017/0.9999  Val 0.5537/0.8870  (10.4s)
  [F1 E 44/50] Train 0.0026/0.9994  Val 0.5491/0.8860  (10.6s)
  [F1 E 45/50] Train 0.0015/1.0000  Val 0.5396/0.8890  (10.6s)
  [F1 E 46/50] Train 0.0014/0.9997  Val 0.5433/0.8875  (10.5s)
  [F1 E 47/50] Train 0.0012/0.9999  Val 0.5446/0.8885  (10.9s)
  [F1 E 48/50] Train 0.0013/0.9999  Val 0.5381/0.8890  (10.2s)
  [F1 E 49/50] Train 0.0013/0.9999  Val 0.5299/0.8890  (10.4s)
  [F1 E 50/50] Train 0.0014/0.9997  Val 0.5439/0.8895  (10.1s)
  Fold 1 done — best val acc: 0.8905  (8m 43s)

============================================================
  Fold 2/4
============================================================
  Train: 6900, Val: 2000, Test: 2000
  resnet34_dropout(p=0.5, no attention)
  [F2 E  1/50] Train 4.0567/0.0768  Val 3.4889/0.1555  (10.6s)
  [F2 E  2/50] Train 3.5238/0.1442  Val 3.1591/0.2405  (9.5s)
  [F2 E  3/50] Train 3.3114/0.1804  Val 3.0100/0.2615  (9.7s)
  [F2 E  4/50] Train 3.1898/0.1942  Val 2.9174/0.2765  (9.1s)
  [F2 E  5/50] Train 3.0972/0.2110  Val 2.8284/0.2995  (9.3s)
  [Epoch 6] Backbone unfreeze (lr=1e-04)
  [F2 E  6/50] Train 1.9627/0.4396  Val 1.3805/0.5745  (10.3s)
  [F2 E  7/50] Train 0.9913/0.7017  Val 0.9143/0.7260  (10.4s)
  [F2 E  8/50] Train 0.5832/0.8174  Val 0.8200/0.7535  (10.1s)
  [F2 E  9/50] Train 0.4262/0.8726  Val 0.7086/0.7905  (10.4s)
  [F2 E 10/50] Train 0.2932/0.9090  Val 0.6948/0.8130  (10.1s)
  [F2 E 11/50] Train 0.2452/0.9204  Val 0.7061/0.7960  (10.1s)
  [F2 E 12/50] Train 0.1874/0.9471  Val 0.7129/0.8065  (10.1s)
  [F2 E 13/50] Train 0.1416/0.9559  Val 0.7176/0.8115  (10.3s)
  [F2 E 14/50] Train 0.1318/0.9606  Val 0.6865/0.8230  (10.1s)
  [F2 E 15/50] Train 0.1181/0.9649  Val 0.7297/0.8285  (10.0s)
  [F2 E 16/50] Train 0.0931/0.9726  Val 0.7581/0.8145  (9.9s)
  [F2 E 17/50] Train 0.0870/0.9728  Val 0.7720/0.8280  (9.8s)
  [F2 E 18/50] Train 0.0810/0.9745  Val 0.7057/0.8330  (10.3s)
  [F2 E 19/50] Train 0.0594/0.9822  Val 0.7117/0.8385  (10.4s)
  [F2 E 20/50] Train 0.0423/0.9887  Val 0.6385/0.8540  (9.8s)
  [F2 E 21/50] Train 0.0783/0.9768  Val 0.7823/0.8260  (10.2s)
  [F2 E 22/50] Train 0.0508/0.9871  Val 0.6565/0.8475  (10.2s)
  [F2 E 23/50] Train 0.0468/0.9871  Val 0.6948/0.8415  (10.4s)
  [F2 E 24/50] Train 0.0366/0.9890  Val 0.6719/0.8505  (10.4s)
  [F2 E 25/50] Train 0.0288/0.9930  Val 0.6723/0.8495  (10.1s)
  [F2 E 26/50] Train 0.0239/0.9939  Val 0.6446/0.8550  (9.9s)
  [F2 E 27/50] Train 0.0274/0.9925  Val 0.7478/0.8355  (10.2s)
  [F2 E 28/50] Train 0.0270/0.9925  Val 0.7810/0.8385  (9.9s)
  [F2 E 29/50] Train 0.0178/0.9955  Val 0.7031/0.8550  (10.2s)
  [F2 E 30/50] Train 0.0210/0.9936  Val 0.7178/0.8570  (9.9s)
  [F2 E 31/50] Train 0.0166/0.9957  Val 0.6415/0.8630  (9.9s)
  [F2 E 32/50] Train 0.0169/0.9951  Val 0.6553/0.8690  (10.0s)
  [F2 E 33/50] Train 0.0116/0.9970  Val 0.7196/0.8560  (10.0s)
  [F2 E 34/50] Train 0.0083/0.9977  Val 0.6485/0.8600  (9.9s)
  [F2 E 35/50] Train 0.0099/0.9978  Val 0.6197/0.8710  (9.5s)
  [F2 E 36/50] Train 0.0047/0.9993  Val 0.5928/0.8725  (10.1s)
  [F2 E 37/50] Train 0.0057/0.9983  Val 0.6393/0.8650  (10.5s)
  [F2 E 38/50] Train 0.0040/0.9994  Val 0.6124/0.8680  (9.9s)
  [F2 E 39/50] Train 0.0028/0.9994  Val 0.6174/0.8605  (10.0s)
  [F2 E 40/50] Train 0.0043/0.9986  Val 0.6383/0.8635  (10.0s)
  [F2 E 41/50] Train 0.0034/0.9988  Val 0.6059/0.8735  (10.0s)
  [F2 E 42/50] Train 0.0030/0.9991  Val 0.6156/0.8740  (9.9s)
  [F2 E 43/50] Train 0.0023/0.9996  Val 0.5989/0.8795  (10.1s)
  [F2 E 44/50] Train 0.0019/0.9997  Val 0.6025/0.8775  (10.4s)
  [F2 E 45/50] Train 0.0026/0.9993  Val 0.5957/0.8750  (10.1s)
  [F2 E 46/50] Train 0.0015/0.9997  Val 0.5988/0.8750  (10.4s)
  [F2 E 47/50] Train 0.0013/0.9997  Val 0.5954/0.8770  (10.1s)
  [F2 E 48/50] Train 0.0014/0.9999  Val 0.5970/0.8765  (10.1s)
  [F2 E 49/50] Train 0.0013/1.0000  Val 0.5956/0.8750  (10.3s)
  [F2 E 50/50] Train 0.0018/0.9996  Val 0.6007/0.8745  (10.1s)
  Fold 2 done — best val acc: 0.8795  (8m 26s)

============================================================
  Fold 3/4
============================================================
  Train: 6900, Val: 2000, Test: 2000
  resnet34_dropout(p=0.5, no attention)
  [F3 E  1/50] Train 4.0880/0.0814  Val 3.5161/0.1445  (10.7s)
  [F3 E  2/50] Train 3.5346/0.1425  Val 3.2211/0.2010  (9.5s)
  [F3 E  3/50] Train 3.3466/0.1730  Val 3.0347/0.2320  (9.9s)
  [F3 E  4/50] Train 3.2171/0.1999  Val 2.9464/0.2640  (9.8s)
  [F3 E  5/50] Train 3.1171/0.2133  Val 2.8609/0.2715  (9.9s)
  [Epoch 6] Backbone unfreeze (lr=1e-04)
  [F3 E  6/50] Train 1.9397/0.4455  Val 1.3594/0.5770  (10.6s)
  [F3 E  7/50] Train 0.9738/0.7045  Val 0.9169/0.7225  (10.6s)
  [F3 E  8/50] Train 0.5946/0.8135  Val 0.8677/0.7490  (10.7s)
  [F3 E  9/50] Train 0.4152/0.8733  Val 0.7652/0.7680  (11.0s)
  [F3 E 10/50] Train 0.3059/0.9049  Val 0.6477/0.8120  (10.6s)
  [F3 E 11/50] Train 0.2072/0.9374  Val 0.8204/0.7735  (10.2s)
  [F3 E 12/50] Train 0.1842/0.9432  Val 0.7243/0.8025  (10.6s)
  [F3 E 13/50] Train 0.1417/0.9575  Val 0.6322/0.8340  (10.4s)
  [F3 E 14/50] Train 0.1430/0.9586  Val 0.7371/0.8190  (10.4s)
  [F3 E 15/50] Train 0.1296/0.9620  Val 0.6856/0.8345  (10.9s)
  [F3 E 16/50] Train 0.1016/0.9691  Val 0.6716/0.8300  (10.3s)
  [F3 E 17/50] Train 0.0930/0.9717  Val 0.7178/0.8285  (10.5s)
  [F3 E 18/50] Train 0.0690/0.9791  Val 0.6697/0.8420  (10.5s)
  [F3 E 19/50] Train 0.0955/0.9722  Val 0.7211/0.8335  (10.9s)
  [F3 E 20/50] Train 0.0707/0.9799  Val 0.6952/0.8350  (10.6s)
  [F3 E 21/50] Train 0.0625/0.9809  Val 0.7394/0.8235  (11.0s)
  [F3 E 22/50] Train 0.0556/0.9819  Val 0.6142/0.8585  (10.3s)
  [F3 E 23/50] Train 0.0470/0.9858  Val 0.6003/0.8600  (10.8s)
  [F3 E 24/50] Train 0.0478/0.9851  Val 0.6576/0.8515  (10.2s)
  [F3 E 25/50] Train 0.0304/0.9916  Val 0.6932/0.8455  (10.8s)
  [F3 E 26/50] Train 0.0286/0.9920  Val 0.6672/0.8565  (10.5s)
  [F3 E 27/50] Train 0.0237/0.9935  Val 0.7380/0.8480  (10.5s)
  [F3 E 28/50] Train 0.0185/0.9948  Val 0.5900/0.8710  (10.5s)
  [F3 E 29/50] Train 0.0104/0.9971  Val 0.5712/0.8725  (10.6s)
  [F3 E 30/50] Train 0.0133/0.9968  Val 0.5936/0.8720  (11.0s)
  [F3 E 31/50] Train 0.0237/0.9933  Val 0.6657/0.8595  (10.6s)
  [F3 E 32/50] Train 0.0181/0.9943  Val 0.6494/0.8580  (10.7s)
  [F3 E 33/50] Train 0.0143/0.9965  Val 0.6054/0.8740  (10.6s)
  [F3 E 34/50] Train 0.0129/0.9959  Val 0.5998/0.8670  (11.4s)
  [F3 E 35/50] Train 0.0106/0.9972  Val 0.5837/0.8740  (10.7s)
  [F3 E 36/50] Train 0.0055/0.9991  Val 0.5499/0.8835  (10.8s)
  [F3 E 37/50] Train 0.0051/0.9991  Val 0.5556/0.8805  (10.5s)
  [F3 E 38/50] Train 0.0025/0.9996  Val 0.5577/0.8840  (10.8s)
  [F3 E 39/50] Train 0.0021/0.9999  Val 0.5465/0.8865  (10.7s)
  [F3 E 40/50] Train 0.0027/0.9999  Val 0.5375/0.8930  (10.6s)
  [F3 E 41/50] Train 0.0018/0.9996  Val 0.5307/0.8925  (10.1s)
  [F3 E 42/50] Train 0.0016/0.9999  Val 0.5270/0.8940  (10.9s)
  [F3 E 43/50] Train 0.0012/0.9999  Val 0.5255/0.8950  (10.4s)
  [F3 E 44/50] Train 0.0011/1.0000  Val 0.5156/0.8960  (10.3s)
  [F3 E 45/50] Train 0.0012/0.9999  Val 0.5216/0.8925  (10.9s)
  [F3 E 46/50] Train 0.0008/1.0000  Val 0.5108/0.8905  (10.2s)
  [F3 E 47/50] Train 0.0019/0.9999  Val 0.5164/0.8930  (10.6s)
  [F3 E 48/50] Train 0.0014/0.9996  Val 0.5089/0.8945  (10.8s)
  [F3 E 49/50] Train 0.0018/0.9997  Val 0.5161/0.8935  (10.6s)
  [F3 E 50/50] Train 0.0010/0.9999  Val 0.5121/0.8940  (10.6s)
  Fold 3 done — best val acc: 0.8960  (8m 51s)

============================================================
  Fold 4/4
============================================================
  Train: 6900, Val: 2000, Test: 2000
  resnet34_dropout(p=0.5, no attention)
  [F4 E  1/50] Train 4.0747/0.0804  Val 3.5203/0.1560  (11.4s)
  [F4 E  2/50] Train 3.5340/0.1426  Val 3.2087/0.1965  (10.2s)
  [F4 E  3/50] Train 3.3224/0.1716  Val 3.0498/0.2300  (10.5s)
  [F4 E  4/50] Train 3.1806/0.2038  Val 2.9347/0.2460  (10.3s)
  [F4 E  5/50] Train 3.1004/0.2129  Val 2.8951/0.2690  (10.2s)
  [Epoch 6] Backbone unfreeze (lr=1e-04)
  [F4 E  6/50] Train 1.9549/0.4410  Val 1.3107/0.6040  (11.2s)
  [F4 E  7/50] Train 0.9762/0.7051  Val 0.9260/0.7170  (10.8s)
  [F4 E  8/50] Train 0.5986/0.8174  Val 0.7540/0.7655  (11.1s)
  [F4 E  9/50] Train 0.4034/0.8778  Val 0.6913/0.8000  (10.9s)
  [F4 E 10/50] Train 0.3124/0.9061  Val 0.7139/0.7910  (11.1s)
  [F4 E 11/50] Train 0.2187/0.9323  Val 0.6713/0.8125  (11.2s)
  [F4 E 12/50] Train 0.1596/0.9542  Val 0.6530/0.8225  (10.9s)
  [F4 E 13/50] Train 0.1619/0.9499  Val 0.6510/0.8315  (11.1s)
  [F4 E 14/50] Train 0.1315/0.9599  Val 0.7147/0.8140  (11.1s)
  [F4 E 15/50] Train 0.1174/0.9623  Val 0.7175/0.8160  (10.7s)
  [F4 E 16/50] Train 0.0845/0.9759  Val 0.7056/0.8265  (10.8s)
  [F4 E 17/50] Train 0.0831/0.9755  Val 0.6179/0.8445  (11.1s)
  [F4 E 18/50] Train 0.0805/0.9765  Val 0.7045/0.8330  (10.9s)
  [F4 E 19/50] Train 0.0926/0.9707  Val 0.7831/0.8155  (10.7s)
  [F4 E 20/50] Train 0.0725/0.9788  Val 0.7744/0.8240  (11.0s)
  [F4 E 21/50] Train 0.0591/0.9835  Val 0.6525/0.8555  (10.9s)
  [F4 E 22/50] Train 0.0685/0.9797  Val 0.6692/0.8430  (11.0s)
  [F4 E 23/50] Train 0.0509/0.9842  Val 0.6141/0.8585  (11.1s)
  [F4 E 24/50] Train 0.0279/0.9928  Val 0.6229/0.8615  (10.7s)
  [F4 E 25/50] Train 0.0262/0.9930  Val 0.5852/0.8695  (10.7s)
  [F4 E 26/50] Train 0.0417/0.9880  Val 0.6041/0.8540  (10.8s)
  [F4 E 27/50] Train 0.0279/0.9930  Val 0.6061/0.8590  (10.6s)
  [F4 E 28/50] Train 0.0210/0.9952  Val 0.6426/0.8575  (10.6s)
  [F4 E 29/50] Train 0.0203/0.9939  Val 0.6502/0.8675  (10.9s)
  [F4 E 30/50] Train 0.0117/0.9977  Val 0.5663/0.8745  (10.7s)
  [F4 E 31/50] Train 0.0098/0.9981  Val 0.5843/0.8715  (10.5s)
  [F4 E 32/50] Train 0.0115/0.9965  Val 0.6205/0.8665  (10.5s)
  [F4 E 33/50] Train 0.0135/0.9967  Val 0.6568/0.8640  (10.7s)
  [F4 E 34/50] Train 0.0078/0.9977  Val 0.5936/0.8790  (10.7s)
  [F4 E 35/50] Train 0.0070/0.9980  Val 0.5758/0.8745  (10.6s)
  [F4 E 36/50] Train 0.0034/0.9994  Val 0.5860/0.8715  (10.5s)
  [F4 E 37/50] Train 0.0033/0.9994  Val 0.5918/0.8740  (10.7s)
  [F4 E 38/50] Train 0.0029/0.9996  Val 0.5673/0.8795  (10.6s)
  [F4 E 39/50] Train 0.0024/0.9996  Val 0.5551/0.8835  (10.5s)
  [F4 E 40/50] Train 0.0024/0.9996  Val 0.5503/0.8845  (11.0s)
  [F4 E 41/50] Train 0.0029/0.9996  Val 0.5659/0.8815  (10.9s)
  [F4 E 42/50] Train 0.0021/0.9996  Val 0.5467/0.8800  (11.7s)
  [F4 E 43/50] Train 0.0026/0.9994  Val 0.5392/0.8820  (11.5s)
  [F4 E 44/50] Train 0.0020/0.9999  Val 0.5487/0.8810  (11.8s)
  [F4 E 45/50] Train 0.0013/1.0000  Val 0.5497/0.8830  (11.6s)
  [F4 E 46/50] Train 0.0031/0.9993  Val 0.5455/0.8845  (11.6s)
  [F4 E 47/50] Train 0.0016/0.9997  Val 0.5479/0.8805  (11.5s)
  [F4 E 48/50] Train 0.0013/0.9996  Val 0.5454/0.8825  (11.9s)
  [F4 E 49/50] Train 0.0011/0.9999  Val 0.5372/0.8800  (11.5s)
  [F4 E 50/50] Train 0.0013/0.9999  Val 0.5365/0.8840  (11.5s)
  Fold 4 done — best val acc: 0.8845  (9m 10s)

============================================================
  Ensemble — Weighted Soft Voting
  Fold val accs: ['0.8905', '0.8795', '0.8960', '0.8845']
  Weights      : ['0.2508', '0.2477', '0.2524', '0.2491']
============================================================
  resnet34_dropout(p=0.5, no attention)
  resnet34_dropout(p=0.5, no attention)
  resnet34_dropout(p=0.5, no attention)
  resnet34_dropout(p=0.5, no attention)
Ensemble Test Acc : 0.9050
Class-Norm Acc    : 0.8914
History → /home/work/AIPJ/EF2039_Introduction_to_AI_Programming_Project_1/experiment_4_notuning/history_resnet34d_noattn_tuning_family_bs32_lr0.001_optadam.csv
Curve → /home/work/AIPJ/EF2039_Introduction_to_AI_Programming_Project_1/experiment_4_notuning/curve_resnet34d_noattn_tuning_family_bs32_lr0.001_optadam.png
Confusion → /home/work/AIPJ/EF2039_Introduction_to_AI_Programming_Project_1/experiment_4_notuning/confusion_resnet34d_noattn_tuning_family_bs32_lr0.001_optadam.png
Class-wise → /home/work/AIPJ/EF2039_Introduction_to_AI_Programming_Project_1/experiment_4_notuning/classwise_resnet34d_noattn_tuning_family_bs32_lr0.001_optadam.csv
Predictions → /home/work/AIPJ/EF2039_Introduction_to_AI_Programming_Project_1/experiment_4_notuning/predictions_resnet34d_noattn_tuning_family_bs32_lr0.001_optadam.csv
Results → /home/work/AIPJ/EF2039_Introduction_to_AI_Programming_Project_1/experiment_4_notuning/results_all.csv
