===== Input Arguments =====
  model         : resnet34d
  attn          : none
  tuning        : True
  use_excluded  : True
  use_added     : True
  folds         : 4
  epochs        : 50
  batch_size    : 32
  lr            : 0.001
  optimizer     : adam
  weight_decay  : 0.0001
  label_smoothing: 0.0
  label         : family
  crop_bbox     : True
  seed          : 42
  save_csv      : results_all.csv
  outdir        : /home/work/AIPJ/EF2039_Introduction_to_AI_Programming_Project_1/experiment_4_notuning
  added_repeat  : 10
===========================
Device: cuda  |  AMP: True  |  Workers: 22
Label: family  |  Classes: 70
Mode: excl=True, added=True  |  Original: 10000, Added(train-only): 180 ×10 = 1800
Test set isolated: 2000 samples (20%, seed=42)
Train+Val pool   : 8000 samples → 4-fold CV

============================================================
  Fold 1/4
============================================================
  Train: 7800, Val: 2000, Test: 2000
  resnet34_dropout(p=0.5, no attention)
  [F1 E  1/50] Train 3.9713/0.0901  Val 3.4805/0.1340  (12.8s)
  [F1 E  2/50] Train 3.4213/0.1668  Val 3.1662/0.2045  (11.4s)
  [F1 E  3/50] Train 3.1536/0.2209  Val 3.0004/0.2470  (11.2s)
  [F1 E  4/50] Train 3.0475/0.2382  Val 2.9028/0.2540  (11.2s)
  [F1 E  5/50] Train 2.9780/0.2499  Val 2.8677/0.2730  (11.2s)
  [Epoch 6] Backbone unfreeze (lr=1e-04)
  [F1 E  6/50] Train 1.8092/0.4832  Val 1.1749/0.6500  (12.2s)
  [F1 E  7/50] Train 0.8761/0.7415  Val 0.8568/0.7395  (12.2s)
  [F1 E  8/50] Train 0.5481/0.8310  Val 0.7611/0.7760  (11.7s)
  [F1 E  9/50] Train 0.3754/0.8838  Val 0.6871/0.7975  (11.9s)
  [F1 E 10/50] Train 0.2790/0.9194  Val 0.6467/0.8190  (11.8s)
  [F1 E 11/50] Train 0.2165/0.9344  Val 0.6820/0.8075  (12.1s)
  [F1 E 12/50] Train 0.1786/0.9458  Val 0.7221/0.8010  (11.9s)
  [F1 E 13/50] Train 0.1459/0.9553  Val 0.7633/0.7970  (11.1s)
  [F1 E 14/50] Train 0.1050/0.9682  Val 0.6550/0.8275  (11.5s)
  [F1 E 15/50] Train 0.1061/0.9663  Val 0.7289/0.8180  (11.5s)
  [F1 E 16/50] Train 0.1058/0.9683  Val 0.5937/0.8405  (11.1s)
  [F1 E 17/50] Train 0.0789/0.9747  Val 0.6267/0.8490  (11.6s)
  [F1 E 18/50] Train 0.0696/0.9790  Val 0.7333/0.8245  (11.6s)
  [F1 E 19/50] Train 0.0848/0.9745  Val 0.6575/0.8420  (11.3s)
  [F1 E 20/50] Train 0.0604/0.9813  Val 0.6476/0.8520  (11.5s)
  [F1 E 21/50] Train 0.0456/0.9864  Val 0.5931/0.8560  (11.6s)
  [F1 E 22/50] Train 0.0447/0.9869  Val 0.7037/0.8460  (11.5s)
  [F1 E 23/50] Train 0.0420/0.9869  Val 0.6878/0.8485  (11.5s)
  [F1 E 24/50] Train 0.0471/0.9877  Val 0.7399/0.8335  (11.6s)
  [F1 E 25/50] Train 0.0413/0.9897  Val 0.6482/0.8475  (11.8s)
  [F1 E 26/50] Train 0.0361/0.9904  Val 0.6442/0.8545  (11.6s)
  [F1 E 27/50] Train 0.0174/0.9947  Val 0.6794/0.8570  (11.6s)
  [F1 E 28/50] Train 0.0182/0.9954  Val 0.7383/0.8520  (11.5s)
  [F1 E 29/50] Train 0.0193/0.9951  Val 0.6588/0.8605  (11.7s)
  [F1 E 30/50] Train 0.0169/0.9949  Val 0.6488/0.8605  (11.2s)
  [F1 E 31/50] Train 0.0123/0.9959  Val 0.6642/0.8570  (11.5s)
  [F1 E 32/50] Train 0.0140/0.9950  Val 0.6775/0.8555  (11.2s)
  [F1 E 33/50] Train 0.0197/0.9944  Val 0.6431/0.8670  (11.3s)
  [F1 E 34/50] Train 0.0069/0.9985  Val 0.6490/0.8635  (11.2s)
  [F1 E 35/50] Train 0.0065/0.9982  Val 0.6250/0.8695  (11.0s)
  [F1 E 36/50] Train 0.0032/0.9994  Val 0.5978/0.8765  (11.7s)
  [F1 E 37/50] Train 0.0040/0.9990  Val 0.5978/0.8775  (11.2s)
  [F1 E 38/50] Train 0.0027/0.9995  Val 0.5834/0.8810  (10.8s)
  [F1 E 39/50] Train 0.0018/0.9999  Val 0.5867/0.8820  (11.5s)
  [F1 E 40/50] Train 0.0021/0.9996  Val 0.5769/0.8805  (10.8s)
  [F1 E 41/50] Train 0.0015/1.0000  Val 0.5726/0.8825  (11.2s)
  [F1 E 42/50] Train 0.0016/0.9996  Val 0.5773/0.8860  (11.4s)
  [F1 E 43/50] Train 0.0017/0.9997  Val 0.5818/0.8840  (11.1s)
  [F1 E 44/50] Train 0.0013/0.9999  Val 0.5719/0.8820  (11.6s)
  [F1 E 45/50] Train 0.0012/0.9999  Val 0.5680/0.8840  (11.5s)
  [F1 E 46/50] Train 0.0011/0.9999  Val 0.5744/0.8810  (11.3s)
  [F1 E 47/50] Train 0.0009/1.0000  Val 0.5675/0.8835  (11.1s)
  [F1 E 48/50] Train 0.0014/0.9997  Val 0.5657/0.8840  (11.3s)
  [F1 E 49/50] Train 0.0008/1.0000  Val 0.5750/0.8835  (11.0s)
  [F1 E 50/50] Train 0.0008/1.0000  Val 0.5659/0.8810  (11.3s)
  Fold 1 done — best val acc: 0.8860  (9m 36s)

============================================================
  Fold 2/4
============================================================
  Train: 7800, Val: 2000, Test: 2000
  resnet34_dropout(p=0.5, no attention)
  [F2 E  1/50] Train 3.9877/0.0892  Val 3.4927/0.1520  (11.7s)
  [F2 E  2/50] Train 3.4004/0.1732  Val 3.2040/0.2110  (10.4s)
  [F2 E  3/50] Train 3.1509/0.2178  Val 3.0330/0.2500  (10.2s)
  [F2 E  4/50] Train 3.0542/0.2346  Val 2.9706/0.2575  (10.6s)
  [F2 E  5/50] Train 2.9646/0.2547  Val 2.9087/0.2850  (10.1s)
  [Epoch 6] Backbone unfreeze (lr=1e-04)
  [F2 E  6/50] Train 1.7782/0.4949  Val 1.1764/0.6500  (11.4s)
  [F2 E  7/50] Train 0.8593/0.7428  Val 0.8927/0.7340  (11.5s)
  [F2 E  8/50] Train 0.5545/0.8321  Val 0.7854/0.7705  (11.0s)
  [F2 E  9/50] Train 0.3722/0.8804  Val 0.6965/0.7900  (11.3s)
  [F2 E 10/50] Train 0.2693/0.9182  Val 0.7217/0.7990  (10.9s)
  [F2 E 11/50] Train 0.1952/0.9408  Val 0.7616/0.7925  (11.6s)
  [F2 E 12/50] Train 0.1791/0.9433  Val 0.8441/0.7860  (11.4s)
  [F2 E 13/50] Train 0.1468/0.9535  Val 0.8969/0.7745  (11.6s)
  [F2 E 14/50] Train 0.1264/0.9610  Val 0.7572/0.8140  (10.8s)
  [F2 E 15/50] Train 0.1176/0.9638  Val 0.6682/0.8285  (11.3s)
  [F2 E 16/50] Train 0.0835/0.9755  Val 0.6614/0.8365  (11.0s)
  [F2 E 17/50] Train 0.0928/0.9726  Val 0.8332/0.8060  (11.5s)
  [F2 E 18/50] Train 0.0661/0.9808  Val 0.6752/0.8455  (11.1s)
  [F2 E 19/50] Train 0.0658/0.9803  Val 0.7430/0.8280  (11.5s)
  [F2 E 20/50] Train 0.0602/0.9821  Val 0.7788/0.8185  (11.0s)
  [F2 E 21/50] Train 0.0629/0.9794  Val 0.7174/0.8460  (11.6s)
  [F2 E 22/50] Train 0.0543/0.9840  Val 0.6558/0.8520  (10.9s)
  [F2 E 23/50] Train 0.0407/0.9886  Val 0.6421/0.8580  (11.3s)
  [F2 E 24/50] Train 0.0293/0.9905  Val 0.7205/0.8455  (11.1s)
  [F2 E 25/50] Train 0.0298/0.9909  Val 0.6797/0.8490  (11.2s)
  [F2 E 26/50] Train 0.0252/0.9926  Val 0.6609/0.8545  (11.2s)
  [F2 E 27/50] Train 0.0274/0.9915  Val 0.7459/0.8440  (11.4s)
  [F2 E 28/50] Train 0.0251/0.9924  Val 0.6231/0.8650  (11.6s)
  [F2 E 29/50] Train 0.0162/0.9956  Val 0.6670/0.8605  (11.7s)
  [F2 E 30/50] Train 0.0135/0.9967  Val 0.6669/0.8580  (11.7s)
  [F2 E 31/50] Train 0.0119/0.9969  Val 0.6693/0.8655  (11.3s)
  [F2 E 32/50] Train 0.0110/0.9976  Val 0.6264/0.8645  (12.0s)
  [F2 E 33/50] Train 0.0109/0.9973  Val 0.6355/0.8630  (11.9s)
  [F2 E 34/50] Train 0.0050/0.9990  Val 0.5960/0.8795  (11.7s)
  [F2 E 35/50] Train 0.0056/0.9986  Val 0.6509/0.8690  (12.1s)
  [F2 E 36/50] Train 0.0046/0.9994  Val 0.5739/0.8710  (11.2s)
  [F2 E 37/50] Train 0.0027/0.9995  Val 0.5825/0.8765  (11.6s)
  [F2 E 38/50] Train 0.0045/0.9987  Val 0.5821/0.8815  (11.0s)
  [F2 E 39/50] Train 0.0046/0.9987  Val 0.5721/0.8780  (11.5s)
  [F2 E 40/50] Train 0.0023/0.9994  Val 0.5733/0.8825  (11.1s)
  [F2 E 41/50] Train 0.0021/0.9996  Val 0.5646/0.8890  (11.2s)
  [F2 E 42/50] Train 0.0013/0.9997  Val 0.5588/0.8860  (11.4s)
  [F2 E 43/50] Train 0.0022/0.9997  Val 0.5539/0.8860  (11.7s)
  [F2 E 44/50] Train 0.0016/0.9995  Val 0.5462/0.8855  (11.0s)
  [F2 E 45/50] Train 0.0013/1.0000  Val 0.5470/0.8905  (11.4s)
  [F2 E 46/50] Train 0.0011/1.0000  Val 0.5509/0.8880  (11.3s)
  [F2 E 47/50] Train 0.0010/1.0000  Val 0.5522/0.8875  (11.7s)
  [F2 E 48/50] Train 0.0008/1.0000  Val 0.5513/0.8885  (11.4s)
  [F2 E 49/50] Train 0.0011/1.0000  Val 0.5477/0.8915  (10.8s)
  [F2 E 50/50] Train 0.0010/0.9997  Val 0.5511/0.8890  (11.1s)
  Fold 2 done — best val acc: 0.8915  (9m 27s)

============================================================
  Fold 3/4
============================================================
  Train: 7800, Val: 2000, Test: 2000
  resnet34_dropout(p=0.5, no attention)
  [F3 E  1/50] Train 3.9994/0.0840  Val 3.5557/0.1520  (11.0s)
  [F3 E  2/50] Train 3.4171/0.1659  Val 3.2194/0.1970  (10.2s)
  [F3 E  3/50] Train 3.1614/0.2181  Val 3.0186/0.2555  (10.3s)
  [F3 E  4/50] Train 3.0537/0.2368  Val 2.9493/0.2470  (10.1s)
  [F3 E  5/50] Train 2.9712/0.2560  Val 2.8682/0.2680  (10.2s)
  [Epoch 6] Backbone unfreeze (lr=1e-04)
  [F3 E  6/50] Train 1.8053/0.4879  Val 1.3199/0.5870  (11.1s)
  [F3 E  7/50] Train 0.8677/0.7408  Val 0.9873/0.7095  (11.2s)
  [F3 E  8/50] Train 0.5471/0.8369  Val 0.8177/0.7450  (11.2s)
  [F3 E  9/50] Train 0.3725/0.8879  Val 0.7541/0.7730  (11.5s)
  [F3 E 10/50] Train 0.2741/0.9183  Val 0.7088/0.7965  (11.3s)
  [F3 E 11/50] Train 0.2172/0.9329  Val 0.7280/0.8020  (11.1s)
  [F3 E 12/50] Train 0.1705/0.9482  Val 0.6918/0.8130  (11.1s)
  [F3 E 13/50] Train 0.1377/0.9577  Val 0.7183/0.8145  (11.1s)
  [F3 E 14/50] Train 0.1114/0.9653  Val 0.8164/0.7980  (11.4s)
  [F3 E 15/50] Train 0.1115/0.9650  Val 0.7323/0.8190  (11.0s)
  [F3 E 16/50] Train 0.1050/0.9668  Val 0.6947/0.8335  (11.3s)
  [F3 E 17/50] Train 0.0729/0.9772  Val 0.7231/0.8225  (10.8s)
  [F3 E 18/50] Train 0.0613/0.9817  Val 0.8050/0.8180  (11.0s)
  [F3 E 19/50] Train 0.0597/0.9828  Val 0.6900/0.8325  (11.2s)
  [F3 E 20/50] Train 0.0822/0.9765  Val 0.6702/0.8430  (11.4s)
  [F3 E 21/50] Train 0.0533/0.9847  Val 0.7778/0.8380  (11.3s)
  [F3 E 22/50] Train 0.0473/0.9851  Val 0.6701/0.8510  (11.0s)
  [F3 E 23/50] Train 0.0393/0.9883  Val 0.6881/0.8395  (11.3s)
  [F3 E 24/50] Train 0.0355/0.9888  Val 0.7545/0.8375  (10.9s)
  [F3 E 25/50] Train 0.0308/0.9906  Val 0.6644/0.8520  (10.5s)
  [F3 E 26/50] Train 0.0278/0.9918  Val 0.6251/0.8560  (10.8s)
  [F3 E 27/50] Train 0.0271/0.9921  Val 0.6443/0.8610  (10.9s)
  [F3 E 28/50] Train 0.0142/0.9962  Val 0.5963/0.8685  (11.2s)
  [F3 E 29/50] Train 0.0153/0.9955  Val 0.5790/0.8730  (10.9s)
  [F3 E 30/50] Train 0.0101/0.9981  Val 0.5764/0.8710  (11.0s)
  [F3 E 31/50] Train 0.0136/0.9955  Val 0.6374/0.8570  (11.1s)
  [F3 E 32/50] Train 0.0152/0.9960  Val 0.6402/0.8620  (11.1s)
  [F3 E 33/50] Train 0.0142/0.9963  Val 0.6243/0.8640  (11.0s)
  [F3 E 34/50] Train 0.0071/0.9981  Val 0.5780/0.8790  (11.1s)
  [F3 E 35/50] Train 0.0068/0.9982  Val 0.6094/0.8715  (11.0s)
  [F3 E 36/50] Train 0.0034/0.9992  Val 0.5744/0.8780  (10.8s)
  [F3 E 37/50] Train 0.0044/0.9988  Val 0.5586/0.8805  (10.8s)
  [F3 E 38/50] Train 0.0040/0.9987  Val 0.5663/0.8805  (11.0s)
  [F3 E 39/50] Train 0.0024/0.9996  Val 0.5658/0.8775  (10.9s)
  [F3 E 40/50] Train 0.0023/0.9992  Val 0.5701/0.8750  (11.0s)
  [F3 E 41/50] Train 0.0024/0.9990  Val 0.5626/0.8765  (10.6s)
  [F3 E 42/50] Train 0.0023/0.9997  Val 0.5756/0.8770  (10.9s)
  [F3 E 43/50] Train 0.0015/0.9999  Val 0.5529/0.8795  (11.2s)
  [F3 E 44/50] Train 0.0015/0.9997  Val 0.5620/0.8805  (10.9s)
  [F3 E 45/50] Train 0.0015/0.9996  Val 0.5575/0.8780  (10.5s)
  [F3 E 46/50] Train 0.0016/0.9997  Val 0.5458/0.8800  (10.6s)
  [F3 E 47/50] Train 0.0012/0.9999  Val 0.5494/0.8820  (10.8s)
  [F3 E 48/50] Train 0.0016/0.9999  Val 0.5437/0.8785  (10.7s)
  [F3 E 49/50] Train 0.0010/0.9999  Val 0.5381/0.8835  (11.0s)
  [F3 E 50/50] Train 0.0012/0.9999  Val 0.5399/0.8800  (11.1s)
  Fold 3 done — best val acc: 0.8835  (9m 10s)

============================================================
  Fold 4/4
============================================================
  Train: 7800, Val: 2000, Test: 2000
  resnet34_dropout(p=0.5, no attention)
  [F4 E  1/50] Train 3.9685/0.0912  Val 3.4935/0.1555  (11.2s)
  [F4 E  2/50] Train 3.4101/0.1672  Val 3.2328/0.2030  (10.1s)
  [F4 E  3/50] Train 3.1768/0.2164  Val 3.0437/0.2405  (10.1s)
  [F4 E  4/50] Train 3.0286/0.2386  Val 2.9816/0.2435  (10.2s)
  [F4 E  5/50] Train 2.9725/0.2544  Val 2.8857/0.2695  (10.2s)
  [Epoch 6] Backbone unfreeze (lr=1e-04)
  [F4 E  6/50] Train 1.7947/0.4894  Val 1.2321/0.6350  (11.1s)
  [F4 E  7/50] Train 0.8877/0.7333  Val 0.9426/0.7270  (11.0s)
  [F4 E  8/50] Train 0.5340/0.8359  Val 0.7496/0.7615  (11.0s)
  [F4 E  9/50] Train 0.3739/0.8831  Val 0.7613/0.7855  (11.5s)
  [F4 E 10/50] Train 0.2676/0.9183  Val 0.7843/0.7670  (11.3s)
  [F4 E 11/50] Train 0.1936/0.9399  Val 0.7040/0.8030  (11.8s)
  [F4 E 12/50] Train 0.1838/0.9451  Val 0.7316/0.8085  (11.5s)
  [F4 E 13/50] Train 0.1479/0.9555  Val 0.7116/0.8095  (12.0s)
  [F4 E 14/50] Train 0.1105/0.9664  Val 0.7349/0.8085  (11.4s)
  [F4 E 15/50] Train 0.1132/0.9663  Val 0.7601/0.8180  (11.2s)
  [F4 E 16/50] Train 0.0972/0.9713  Val 0.7907/0.8040  (11.4s)
  [F4 E 17/50] Train 0.0867/0.9738  Val 0.7398/0.8270  (11.5s)
  [F4 E 18/50] Train 0.0750/0.9758  Val 0.7151/0.8335  (11.2s)
  [F4 E 19/50] Train 0.0671/0.9812  Val 0.6722/0.8505  (11.6s)
  [F4 E 20/50] Train 0.0582/0.9822  Val 0.8447/0.8150  (11.8s)
  [F4 E 21/50] Train 0.0444/0.9887  Val 0.6954/0.8545  (11.1s)
  [F4 E 22/50] Train 0.0531/0.9845  Val 0.7224/0.8360  (11.6s)
  [F4 E 23/50] Train 0.0492/0.9844  Val 0.6775/0.8560  (12.1s)
  [F4 E 24/50] Train 0.0478/0.9858  Val 0.7232/0.8460  (11.6s)
  [F4 E 25/50] Train 0.0373/0.9891  Val 0.6951/0.8455  (11.7s)
  [F4 E 26/50] Train 0.0232/0.9935  Val 0.6371/0.8635  (11.7s)
  [F4 E 27/50] Train 0.0182/0.9942  Val 0.6859/0.8620  (11.8s)
  [F4 E 28/50] Train 0.0208/0.9949  Val 0.6584/0.8605  (11.6s)
  [F4 E 29/50] Train 0.0172/0.9945  Val 0.6265/0.8720  (11.6s)
  [F4 E 30/50] Train 0.0201/0.9945  Val 0.6183/0.8655  (11.9s)
  [F4 E 31/50] Train 0.0145/0.9955  Val 0.6943/0.8550  (12.1s)
  [F4 E 32/50] Train 0.0171/0.9954  Val 0.6517/0.8640  (11.9s)
  [F4 E 33/50] Train 0.0124/0.9967  Val 0.6447/0.8620  (12.0s)
  [F4 E 34/50] Train 0.0074/0.9981  Val 0.6010/0.8680  (12.1s)
  [F4 E 35/50] Train 0.0071/0.9981  Val 0.5866/0.8785  (12.0s)
  [F4 E 36/50] Train 0.0045/0.9990  Val 0.5750/0.8820  (12.0s)
  [F4 E 37/50] Train 0.0058/0.9982  Val 0.5928/0.8785  (11.8s)
  [F4 E 38/50] Train 0.0038/0.9996  Val 0.5568/0.8840  (12.0s)
  [F4 E 39/50] Train 0.0019/0.9999  Val 0.5516/0.8845  (11.8s)
  [F4 E 40/50] Train 0.0018/0.9997  Val 0.5475/0.8880  (12.3s)
  [F4 E 41/50] Train 0.0014/0.9997  Val 0.5371/0.8860  (12.3s)
  [F4 E 42/50] Train 0.0012/0.9999  Val 0.5381/0.8885  (12.4s)
  [F4 E 43/50] Train 0.0017/0.9997  Val 0.5380/0.8900  (11.8s)
  [F4 E 44/50] Train 0.0017/0.9996  Val 0.5393/0.8910  (11.5s)
  [F4 E 45/50] Train 0.0014/0.9997  Val 0.5408/0.8875  (12.1s)
  [F4 E 46/50] Train 0.0012/0.9999  Val 0.5465/0.8885  (11.7s)
  [F4 E 47/50] Train 0.0014/0.9999  Val 0.5515/0.8890  (11.4s)
  [F4 E 48/50] Train 0.0013/0.9997  Val 0.5535/0.8895  (11.8s)
  [F4 E 49/50] Train 0.0023/0.9997  Val 0.5502/0.8900  (12.1s)
  [F4 E 50/50] Train 0.0012/0.9999  Val 0.5441/0.8910  (11.4s)
  Fold 4 done — best val acc: 0.8910  (9m 41s)

============================================================
  Ensemble — Weighted Soft Voting
  Fold val accs: ['0.8860', '0.8915', '0.8835', '0.8910']
  Weights      : ['0.2494', '0.2510', '0.2487', '0.2508']
============================================================
  resnet34_dropout(p=0.5, no attention)
  resnet34_dropout(p=0.5, no attention)
  resnet34_dropout(p=0.5, no attention)
  resnet34_dropout(p=0.5, no attention)
Ensemble Test Acc : 0.9065
Class-Norm Acc    : 0.8939
History → /home/work/AIPJ/EF2039_Introduction_to_AI_Programming_Project_1/experiment_4_notuning/history_resnet34d_noattn_tuning_family_bs32_lr0.001_optadam.csv
Curve → /home/work/AIPJ/EF2039_Introduction_to_AI_Programming_Project_1/experiment_4_notuning/curve_resnet34d_noattn_tuning_family_bs32_lr0.001_optadam.png
Confusion → /home/work/AIPJ/EF2039_Introduction_to_AI_Programming_Project_1/experiment_4_notuning/confusion_resnet34d_noattn_tuning_family_bs32_lr0.001_optadam.png
Class-wise → /home/work/AIPJ/EF2039_Introduction_to_AI_Programming_Project_1/experiment_4_notuning/classwise_resnet34d_noattn_tuning_family_bs32_lr0.001_optadam.csv
Predictions → /home/work/AIPJ/EF2039_Introduction_to_AI_Programming_Project_1/experiment_4_notuning/predictions_resnet34d_noattn_tuning_family_bs32_lr0.001_optadam.csv
Results → /home/work/AIPJ/EF2039_Introduction_to_AI_Programming_Project_1/experiment_4_notuning/results_all.csv
