===== Input Arguments =====
  model         : cnn
  attn          : none
  tuning        : False
  use_excluded  : False
  use_added     : False
  folds         : 4
  epochs        : 100
  batch_size    : 32
  lr            : 0.001
  optimizer     : adam
  weight_decay  : 0.0001
  label         : family
  crop_bbox     : False
  seed          : 42
  save_csv      : results_all.csv
  outdir        : /home/work/AIPJ/EF2039_Introduction_to_AI_Programming_Project_1/experiment_2
===========================
Device: cuda  |  AMP: True  |  Workers: 14
Label: family  |  Classes: 70
Mode: excl=False, added=False  |  Original: 10000, Added(train-only): 0
Test set isolated: 2000 samples (20%, seed=42)
Train+Val pool   : 8000 samples → 4-fold CV

============================================================
  Fold 1/4
============================================================
  Train: 6000, Val: 2000, Test: 2000
  SimpleCNN  params=2,522,950
  [F1 E  1/100] Train 4.1901/0.0652  Val 4.0122/0.0790  (11.1s)
  [F1 E  2/100] Train 4.0352/0.0785  Val 3.8833/0.0845  (10.5s)
  [F1 E  3/100] Train 3.8939/0.0848  Val 3.7598/0.1125  (10.2s)
  [F1 E  4/100] Train 3.7686/0.0997  Val 3.7952/0.1035  (9.6s)
  [F1 E  5/100] Train 3.6468/0.1033  Val 3.5393/0.1150  (10.9s)
  [F1 E  6/100] Train 3.5394/0.1143  Val 3.6583/0.1105  (10.0s)
  [F1 E  7/100] Train 3.4475/0.1208  Val 3.2340/0.1435  (10.6s)
  [F1 E  8/100] Train 3.3722/0.1317  Val 3.3505/0.1405  (10.6s)
  [F1 E  9/100] Train 3.3075/0.1318  Val 3.1906/0.1570  (10.7s)
  [F1 E 10/100] Train 3.2540/0.1423  Val 3.1061/0.1660  (10.3s)
  [F1 E 11/100] Train 3.2234/0.1452  Val 3.0726/0.1525  (10.1s)
  [F1 E 12/100] Train 3.1627/0.1550  Val 3.0155/0.1745  (11.9s)
  [F1 E 13/100] Train 3.1351/0.1563  Val 3.1027/0.1715  (10.9s)
  [F1 E 14/100] Train 3.1129/0.1577  Val 3.0456/0.1730  (11.2s)
  [F1 E 15/100] Train 3.0940/0.1588  Val 2.8443/0.1965  (10.4s)
  [F1 E 16/100] Train 3.0677/0.1637  Val 2.9469/0.1795  (11.5s)
  [F1 E 17/100] Train 3.0420/0.1712  Val 2.9364/0.1805  (10.8s)
  [F1 E 18/100] Train 3.0045/0.1613  Val 2.7951/0.2055  (10.7s)
  [F1 E 19/100] Train 2.9828/0.1738  Val 2.8496/0.2070  (10.4s)
  [F1 E 20/100] Train 2.9663/0.1780  Val 2.7795/0.2140  (11.3s)
  [F1 E 21/100] Train 2.9231/0.1837  Val 2.7575/0.2180  (11.8s)
  [F1 E 22/100] Train 2.9316/0.1802  Val 2.7285/0.2335  (11.6s)
  [F1 E 23/100] Train 2.8764/0.1837  Val 2.7364/0.2060  (12.7s)
  [F1 E 24/100] Train 2.8679/0.1902  Val 2.7183/0.2225  (10.6s)
  [F1 E 25/100] Train 2.8216/0.1987  Val 2.7519/0.2115  (10.6s)
  [F1 E 26/100] Train 2.7993/0.1977  Val 2.6154/0.2400  (10.8s)
  [F1 E 27/100] Train 2.7435/0.2058  Val 2.6112/0.2370  (10.7s)
  [F1 E 28/100] Train 2.7467/0.2158  Val 2.6738/0.2215  (10.4s)
  [F1 E 29/100] Train 2.7234/0.2127  Val 2.5960/0.2700  (11.0s)
  [F1 E 30/100] Train 2.6591/0.2358  Val 2.6392/0.2445  (11.2s)
  [F1 E 31/100] Train 2.6179/0.2345  Val 2.4483/0.2590  (10.9s)
  [F1 E 32/100] Train 2.5979/0.2488  Val 2.4553/0.2855  (10.9s)
  [F1 E 33/100] Train 2.5538/0.2472  Val 2.3947/0.2975  (11.0s)
  [F1 E 34/100] Train 2.5067/0.2518  Val 2.3758/0.2805  (10.3s)
  [F1 E 35/100] Train 2.4946/0.2528  Val 2.4833/0.2850  (10.8s)
  [F1 E 36/100] Train 2.4709/0.2673  Val 2.3849/0.2900  (10.7s)
  [F1 E 37/100] Train 2.4564/0.2705  Val 2.2751/0.3305  (11.2s)
  [F1 E 38/100] Train 2.3904/0.2762  Val 2.3353/0.3130  (10.8s)
  [F1 E 39/100] Train 2.3520/0.2908  Val 2.3300/0.3150  (11.4s)
  [F1 E 40/100] Train 2.3516/0.2810  Val 2.3336/0.3075  (11.3s)
  [F1 E 41/100] Train 2.3291/0.2965  Val 2.1792/0.3490  (11.7s)
  [F1 E 42/100] Train 2.2792/0.3038  Val 2.2203/0.3335  (11.5s)
  [F1 E 43/100] Train 2.2486/0.3120  Val 2.0891/0.3675  (11.3s)
  [F1 E 44/100] Train 2.2213/0.3220  Val 2.1420/0.3670  (10.9s)
  [F1 E 45/100] Train 2.1851/0.3210  Val 2.1959/0.3670  (11.2s)
  [F1 E 46/100] Train 2.1804/0.3358  Val 2.1666/0.3655  (10.7s)
  [F1 E 47/100] Train 2.1742/0.3342  Val 2.0397/0.3935  (11.4s)
  [F1 E 48/100] Train 2.1190/0.3363  Val 2.0422/0.3875  (11.0s)
  [F1 E 49/100] Train 2.0924/0.3488  Val 2.0993/0.3790  (11.3s)
  [F1 E 50/100] Train 2.0792/0.3570  Val 1.9607/0.4030  (11.5s)
  [F1 E 51/100] Train 2.0406/0.3608  Val 1.9243/0.4050  (10.7s)
  [F1 E 52/100] Train 2.0054/0.3798  Val 2.0265/0.3965  (10.8s)
  [F1 E 53/100] Train 1.9776/0.3750  Val 1.8850/0.4250  (11.2s)
  [F1 E 54/100] Train 1.9782/0.3777  Val 1.9306/0.4160  (11.2s)
  [F1 E 55/100] Train 1.9487/0.3893  Val 1.8600/0.4315  (10.9s)
  [F1 E 56/100] Train 1.9211/0.3907  Val 1.9213/0.4190  (10.8s)
  [F1 E 57/100] Train 1.8827/0.4013  Val 1.8553/0.4515  (11.0s)
  [F1 E 58/100] Train 1.8761/0.4155  Val 1.8434/0.4350  (11.7s)
  [F1 E 59/100] Train 1.8488/0.4177  Val 1.9118/0.4155  (11.6s)
  [F1 E 60/100] Train 1.8098/0.4285  Val 1.9350/0.4200  (10.6s)
  [F1 E 61/100] Train 1.7584/0.4408  Val 1.7488/0.4765  (11.3s)
  [F1 E 62/100] Train 1.7710/0.4380  Val 1.7961/0.4705  (11.9s)
  [F1 E 63/100] Train 1.7308/0.4462  Val 1.7517/0.4650  (10.8s)
  [F1 E 64/100] Train 1.7378/0.4522  Val 1.7767/0.4670  (12.1s)
  [F1 E 65/100] Train 1.7021/0.4587  Val 1.7493/0.4680  (11.6s)
  [F1 E 66/100] Train 1.6737/0.4727  Val 1.7233/0.4855  (10.2s)
  [F1 E 67/100] Train 1.6757/0.4672  Val 1.7053/0.4895  (11.0s)
  [F1 E 68/100] Train 1.6374/0.4765  Val 1.7152/0.4830  (10.9s)
  [F1 E 69/100] Train 1.6288/0.4823  Val 1.7075/0.4985  (12.1s)
  [F1 E 70/100] Train 1.5822/0.4905  Val 1.6631/0.4935  (10.9s)
  [F1 E 71/100] Train 1.5682/0.4915  Val 1.6684/0.4920  (10.6s)
  [F1 E 72/100] Train 1.5385/0.5102  Val 1.6781/0.4815  (10.3s)
  [F1 E 73/100] Train 1.5379/0.5085  Val 1.6786/0.4920  (10.9s)
  [F1 E 74/100] Train 1.5272/0.5078  Val 1.6230/0.5115  (11.5s)
  [F1 E 75/100] Train 1.5080/0.5120  Val 1.6052/0.5185  (11.0s)
  [F1 E 76/100] Train 1.5211/0.5063  Val 1.6098/0.5225  (11.3s)
  [F1 E 77/100] Train 1.4816/0.5287  Val 1.6200/0.5235  (11.9s)
  [F1 E 78/100] Train 1.4815/0.5235  Val 1.6273/0.5320  (10.8s)
  [F1 E 79/100] Train 1.4520/0.5318  Val 1.5925/0.5295  (10.7s)
  [F1 E 80/100] Train 1.4556/0.5303  Val 1.5921/0.5270  (10.5s)
  [F1 E 81/100] Train 1.4475/0.5310  Val 1.6078/0.5265  (11.3s)
  [F1 E 82/100] Train 1.4089/0.5438  Val 1.6074/0.5185  (11.7s)
  [F1 E 83/100] Train 1.4107/0.5507  Val 1.5667/0.5330  (11.4s)
  [F1 E 84/100] Train 1.4121/0.5542  Val 1.5771/0.5285  (11.5s)
  [F1 E 85/100] Train 1.3953/0.5482  Val 1.5584/0.5365  (10.7s)
  [F1 E 86/100] Train 1.3884/0.5537  Val 1.5767/0.5345  (11.4s)
  [F1 E 87/100] Train 1.3872/0.5512  Val 1.5850/0.5315  (10.7s)
  [F1 E 88/100] Train 1.3997/0.5435  Val 1.5573/0.5420  (12.1s)
  [F1 E 89/100] Train 1.3806/0.5565  Val 1.5702/0.5370  (11.1s)
  [F1 E 90/100] Train 1.3850/0.5553  Val 1.5764/0.5340  (10.3s)
  [F1 E 91/100] Train 1.3685/0.5618  Val 1.5679/0.5325  (10.8s)
  [F1 E 92/100] Train 1.3704/0.5548  Val 1.5844/0.5350  (11.0s)
  [F1 E 93/100] Train 1.3772/0.5503  Val 1.5544/0.5390  (11.5s)
  [F1 E 94/100] Train 1.3660/0.5543  Val 1.5692/0.5395  (11.1s)
  [F1 E 95/100] Train 1.3649/0.5622  Val 1.5627/0.5400  (11.1s)
  [F1 E 96/100] Train 1.3460/0.5682  Val 1.5709/0.5365  (11.3s)
  [F1 E 97/100] Train 1.3573/0.5643  Val 1.5626/0.5370  (11.1s)
  [F1 E 98/100] Train 1.3406/0.5683  Val 1.5626/0.5370  (11.2s)
  [F1 E 99/100] Train 1.3661/0.5543  Val 1.5659/0.5405  (10.6s)
  [F1 E100/100] Train 1.3561/0.5670  Val 1.5643/0.5360  (11.0s)
  Fold 1 done — best val acc: 0.5420  (18m 23s)

============================================================
  Fold 2/4
============================================================
  Train: 6000, Val: 2000, Test: 2000
  SimpleCNN  params=2,522,950
  [F2 E  1/100] Train 4.1649/0.0620  Val 3.9845/0.0810  (13.2s)
  [F2 E  2/100] Train 4.0254/0.0790  Val 3.8463/0.0900  (11.9s)
  [F2 E  3/100] Train 3.8776/0.0912  Val 3.8026/0.1010  (11.3s)
  [F2 E  4/100] Train 3.7416/0.0953  Val 3.6070/0.1120  (11.6s)
  [F2 E  5/100] Train 3.6642/0.1060  Val 3.5146/0.1310  (11.8s)
  [F2 E  6/100] Train 3.5192/0.1207  Val 3.3771/0.1325  (11.4s)
  [F2 E  7/100] Train 3.4012/0.1225  Val 3.1857/0.1475  (11.5s)
  [F2 E  8/100] Train 3.2974/0.1272  Val 3.2418/0.1375  (12.3s)
  [F2 E  9/100] Train 3.2249/0.1445  Val 3.5478/0.1150  (11.4s)
  [F2 E 10/100] Train 3.1660/0.1540  Val 3.1538/0.1605  (11.6s)
  [F2 E 11/100] Train 3.1133/0.1603  Val 3.0565/0.1615  (11.7s)
  [F2 E 12/100] Train 3.0546/0.1662  Val 2.9354/0.1865  (11.2s)
  [F2 E 13/100] Train 3.0243/0.1690  Val 2.9108/0.1955  (11.9s)
  [F2 E 14/100] Train 2.9992/0.1792  Val 2.8635/0.1940  (11.8s)
  [F2 E 15/100] Train 2.9591/0.1788  Val 2.9230/0.1910  (12.0s)
  [F2 E 16/100] Train 2.9499/0.1803  Val 2.8326/0.2050  (12.3s)
  [F2 E 17/100] Train 2.9199/0.1847  Val 2.9946/0.1745  (12.1s)
  [F2 E 18/100] Train 2.8917/0.1852  Val 2.7332/0.2185  (11.0s)
  [F2 E 19/100] Train 2.8403/0.1972  Val 2.7498/0.2250  (11.7s)
  [F2 E 20/100] Train 2.8194/0.1967  Val 2.6320/0.2455  (11.4s)
  [F2 E 21/100] Train 2.7815/0.2010  Val 2.6662/0.2310  (10.9s)
  [F2 E 22/100] Train 2.7942/0.1977  Val 2.6588/0.2400  (11.8s)
  [F2 E 23/100] Train 2.7655/0.2145  Val 2.5823/0.2550  (11.1s)
  [F2 E 24/100] Train 2.7569/0.2080  Val 2.5971/0.2375  (10.9s)
  [F2 E 25/100] Train 2.7081/0.2193  Val 3.4725/0.1585  (12.0s)
  [F2 E 26/100] Train 2.6826/0.2173  Val 2.5877/0.2510  (12.2s)
  [F2 E 27/100] Train 2.6546/0.2237  Val 2.5254/0.2495  (11.6s)
  [F2 E 28/100] Train 2.6525/0.2240  Val 2.4724/0.2635  (12.4s)
  [F2 E 29/100] Train 2.6332/0.2267  Val 2.5471/0.2510  (11.9s)
  [F2 E 30/100] Train 2.6190/0.2390  Val 2.4467/0.2840  (11.2s)
  [F2 E 31/100] Train 2.5906/0.2313  Val 2.4494/0.2820  (12.5s)
  [F2 E 32/100] Train 2.5864/0.2357  Val 2.3605/0.2970  (11.3s)
  [F2 E 33/100] Train 2.5534/0.2398  Val 2.4303/0.2690  (11.6s)
  [F2 E 34/100] Train 2.5209/0.2463  Val 2.3931/0.2975  (11.2s)
  [F2 E 35/100] Train 2.4815/0.2538  Val 2.3116/0.3220  (11.8s)
  [F2 E 36/100] Train 2.4941/0.2562  Val 2.3169/0.3055  (11.9s)
  [F2 E 37/100] Train 2.4664/0.2515  Val 2.2577/0.3195  (11.6s)
  [F2 E 38/100] Train 2.4284/0.2712  Val 2.2601/0.3165  (11.8s)
  [F2 E 39/100] Train 2.4068/0.2712  Val 2.2615/0.3240  (10.7s)
  [F2 E 40/100] Train 2.4048/0.2732  Val 2.3168/0.3195  (10.8s)
  [F2 E 41/100] Train 2.3965/0.2667  Val 2.2364/0.3325  (12.2s)
  [F2 E 42/100] Train 2.3490/0.2775  Val 2.2577/0.3235  (11.4s)
  [F2 E 43/100] Train 2.3364/0.2873  Val 2.2950/0.3490  (10.9s)
  [F2 E 44/100] Train 2.3419/0.2832  Val 2.1841/0.3425  (11.8s)
  [F2 E 45/100] Train 2.3054/0.2957  Val 2.1877/0.3565  (12.6s)
  [F2 E 46/100] Train 2.2887/0.2968  Val 2.2658/0.3640  (11.4s)
  [F2 E 47/100] Train 2.2408/0.3028  Val 2.2076/0.3410  (11.3s)
  [F2 E 48/100] Train 2.2562/0.3108  Val 2.1613/0.3610  (12.0s)
  [F2 E 49/100] Train 2.2108/0.3162  Val 2.1444/0.3595  (11.6s)
  [F2 E 50/100] Train 2.1895/0.3260  Val 2.0271/0.3915  (10.9s)
  [F2 E 51/100] Train 2.1545/0.3328  Val 1.9626/0.3965  (11.7s)
  [F2 E 52/100] Train 2.1420/0.3327  Val 2.0119/0.3850  (11.4s)
  [F2 E 53/100] Train 2.0928/0.3428  Val 2.0444/0.3985  (12.2s)
  [F2 E 54/100] Train 2.0852/0.3520  Val 2.0265/0.3925  (12.0s)
  [F2 E 55/100] Train 2.0415/0.3598  Val 1.9496/0.4040  (12.3s)
  [F2 E 56/100] Train 2.0039/0.3685  Val 1.9940/0.3985  (11.7s)
  [F2 E 57/100] Train 2.0145/0.3713  Val 1.9803/0.4245  (10.4s)
  [F2 E 58/100] Train 1.9846/0.3743  Val 2.0490/0.4065  (11.4s)
  [F2 E 59/100] Train 1.9468/0.3840  Val 1.8772/0.4415  (12.0s)
  [F2 E 60/100] Train 1.9480/0.3913  Val 1.8664/0.4435  (11.4s)
  [F2 E 61/100] Train 1.9243/0.3915  Val 1.8958/0.4305  (11.1s)
  [F2 E 62/100] Train 1.8886/0.4057  Val 1.8949/0.4485  (11.1s)
  [F2 E 63/100] Train 1.8623/0.4113  Val 1.8637/0.4375  (12.2s)
  [F2 E 64/100] Train 1.8500/0.4073  Val 2.0004/0.4100  (11.2s)
  [F2 E 65/100] Train 1.8389/0.4108  Val 1.8433/0.4455  (11.1s)
  [F2 E 66/100] Train 1.8251/0.4195  Val 1.7599/0.4750  (11.9s)
  [F2 E 67/100] Train 1.8222/0.4155  Val 1.7695/0.4745  (12.3s)
  [F2 E 68/100] Train 1.7958/0.4250  Val 1.8162/0.4510  (11.3s)
  [F2 E 69/100] Train 1.7512/0.4362  Val 1.8209/0.4500  (11.6s)
  [F2 E 70/100] Train 1.7639/0.4317  Val 1.7845/0.4615  (11.5s)
  [F2 E 71/100] Train 1.7369/0.4413  Val 1.7289/0.4850  (11.8s)
  [F2 E 72/100] Train 1.7291/0.4402  Val 1.8193/0.4755  (12.2s)
  [F2 E 73/100] Train 1.7068/0.4517  Val 1.7454/0.4720  (12.0s)
  [F2 E 74/100] Train 1.7084/0.4455  Val 1.7176/0.4995  (11.8s)
  [F2 E 75/100] Train 1.6818/0.4532  Val 1.6767/0.4975  (11.5s)
  [F2 E 76/100] Train 1.6670/0.4652  Val 1.7722/0.4820  (11.6s)
  [F2 E 77/100] Train 1.6807/0.4513  Val 1.7710/0.4810  (11.3s)
  [F2 E 78/100] Train 1.6637/0.4632  Val 1.7114/0.4820  (10.8s)
  [F2 E 79/100] Train 1.6522/0.4660  Val 1.7226/0.4980  (10.6s)
  [F2 E 80/100] Train 1.6143/0.4755  Val 1.7125/0.4855  (11.4s)
  [F2 E 81/100] Train 1.6358/0.4722  Val 1.7135/0.4880  (11.2s)
  [F2 E 82/100] Train 1.6301/0.4633  Val 1.7095/0.4865  (11.6s)
  [F2 E 83/100] Train 1.6224/0.4717  Val 1.6707/0.5095  (11.1s)
  [F2 E 84/100] Train 1.5891/0.4820  Val 1.6658/0.4990  (11.2s)
  [F2 E 85/100] Train 1.5915/0.4888  Val 1.6672/0.5045  (12.0s)
  [F2 E 86/100] Train 1.5898/0.4810  Val 1.6714/0.4990  (12.3s)
  [F2 E 87/100] Train 1.5848/0.4903  Val 1.6846/0.4955  (11.3s)
  [F2 E 88/100] Train 1.5823/0.4802  Val 1.6442/0.5070  (13.0s)
  [F2 E 89/100] Train 1.5873/0.4860  Val 1.6456/0.5025  (11.6s)
  [F2 E 90/100] Train 1.5730/0.4853  Val 1.6420/0.5105  (11.7s)
  [F2 E 91/100] Train 1.5770/0.4868  Val 1.6798/0.5075  (11.6s)
  [F2 E 92/100] Train 1.5667/0.4928  Val 1.6473/0.5080  (11.1s)
  [F2 E 93/100] Train 1.5576/0.4935  Val 1.6378/0.5135  (11.1s)
  [F2 E 94/100] Train 1.5587/0.4907  Val 1.6378/0.5140  (11.9s)
  [F2 E 95/100] Train 1.5324/0.5003  Val 1.6520/0.5045  (11.2s)
  [F2 E 96/100] Train 1.5601/0.4910  Val 1.6538/0.5100  (12.0s)
  [F2 E 97/100] Train 1.5474/0.4882  Val 1.6507/0.5125  (12.5s)
  [F2 E 98/100] Train 1.5613/0.4920  Val 1.6508/0.5090  (11.6s)
  [F2 E 99/100] Train 1.5536/0.4972  Val 1.6421/0.5090  (11.7s)
  [F2 E100/100] Train 1.5528/0.5057  Val 1.6529/0.5135  (11.5s)
  Fold 2 done — best val acc: 0.5140  (19m 23s)

============================================================
  Fold 3/4
============================================================
  Train: 6000, Val: 2000, Test: 2000
  SimpleCNN  params=2,522,950
  [F3 E  1/100] Train 4.1686/0.0673  Val 3.9979/0.0805  (12.4s)
  [F3 E  2/100] Train 3.9797/0.0833  Val 3.8533/0.0835  (12.4s)
  [F3 E  3/100] Train 3.8037/0.0945  Val 3.6696/0.1290  (11.4s)
  [F3 E  4/100] Train 3.6827/0.1080  Val 4.8294/0.0865  (11.7s)
  [F3 E  5/100] Train 3.5907/0.1135  Val 3.3723/0.1465  (11.0s)
  [F3 E  6/100] Train 3.4929/0.1193  Val 3.3246/0.1485  (10.8s)
  [F3 E  7/100] Train 3.3893/0.1323  Val 3.9999/0.0690  (11.7s)
  [F3 E  8/100] Train 3.3283/0.1363  Val 3.1701/0.1710  (12.5s)
  [F3 E  9/100] Train 3.2762/0.1477  Val 3.2384/0.1505  (11.4s)
  [F3 E 10/100] Train 3.2393/0.1460  Val 3.0689/0.1565  (11.2s)
  [F3 E 11/100] Train 3.1843/0.1462  Val 3.0617/0.1720  (11.7s)
  [F3 E 12/100] Train 3.1689/0.1498  Val 3.0755/0.1625  (12.3s)
  [F3 E 13/100] Train 3.1064/0.1540  Val 3.1870/0.1585  (12.1s)
  [F3 E 14/100] Train 3.0991/0.1543  Val 3.1564/0.1550  (12.2s)
  [F3 E 15/100] Train 3.0679/0.1705  Val 2.9740/0.1860  (12.1s)
  [F3 E 16/100] Train 3.0442/0.1595  Val 3.1443/0.1670  (11.3s)
  [F3 E 17/100] Train 3.0210/0.1685  Val 2.9053/0.1900  (12.7s)
  [F3 E 18/100] Train 2.9952/0.1740  Val 2.8327/0.1970  (11.7s)
  [F3 E 19/100] Train 2.9406/0.1745  Val 2.7882/0.2130  (10.6s)
  [F3 E 20/100] Train 2.9641/0.1793  Val 2.8492/0.2100  (11.0s)
  [F3 E 21/100] Train 2.9309/0.1825  Val 2.7353/0.2220  (11.2s)
  [F3 E 22/100] Train 2.9163/0.1798  Val 2.7924/0.2030  (11.4s)
  [F3 E 23/100] Train 2.8724/0.1942  Val 2.8039/0.2115  (12.0s)
  [F3 E 24/100] Train 2.8731/0.1850  Val 2.6815/0.2320  (11.3s)
  [F3 E 25/100] Train 2.8354/0.1947  Val 2.7670/0.2245  (10.7s)
  [F3 E 26/100] Train 2.8111/0.1955  Val 2.6118/0.2485  (11.9s)
  [F3 E 27/100] Train 2.7994/0.1938  Val 2.6395/0.2465  (11.2s)
  [F3 E 28/100] Train 2.7743/0.2065  Val 2.6253/0.2305  (10.6s)
  [F3 E 29/100] Train 2.7353/0.2033  Val 2.5856/0.2295  (11.8s)
  [F3 E 30/100] Train 2.7408/0.1970  Val 2.5753/0.2435  (11.5s)
  [F3 E 31/100] Train 2.6956/0.2157  Val 2.6177/0.2410  (11.3s)
  [F3 E 32/100] Train 2.6773/0.2162  Val 2.5781/0.2390  (11.0s)
  [F3 E 33/100] Train 2.6599/0.2278  Val 2.9385/0.2215  (11.2s)
  [F3 E 34/100] Train 2.6301/0.2275  Val 2.5858/0.2630  (12.1s)
  [F3 E 35/100] Train 2.6002/0.2400  Val 2.4988/0.2800  (11.1s)
  [F3 E 36/100] Train 2.5465/0.2522  Val 2.4541/0.2850  (11.7s)
  [F3 E 37/100] Train 2.5313/0.2558  Val 2.6244/0.2575  (11.6s)
  [F3 E 38/100] Train 2.4900/0.2613  Val 2.4482/0.2880  (11.8s)
  [F3 E 39/100] Train 2.4435/0.2745  Val 2.3281/0.3135  (10.8s)
  [F3 E 40/100] Train 2.4200/0.2760  Val 2.3756/0.3170  (11.8s)
  [F3 E 41/100] Train 2.3615/0.2915  Val 2.3442/0.3290  (11.2s)
  [F3 E 42/100] Train 2.3464/0.2922  Val 2.2813/0.3430  (11.7s)
  [F3 E 43/100] Train 2.3166/0.2992  Val 2.3325/0.3275  (11.6s)
  [F3 E 44/100] Train 2.2506/0.3158  Val 2.3446/0.3255  (11.7s)
  [F3 E 45/100] Train 2.2366/0.3193  Val 2.4754/0.2975  (11.9s)
  [F3 E 46/100] Train 2.1776/0.3272  Val 2.0842/0.3830  (11.3s)
  [F3 E 47/100] Train 2.1513/0.3407  Val 2.1864/0.3460  (11.0s)
  [F3 E 48/100] Train 2.1357/0.3427  Val 2.1824/0.3640  (11.3s)
  [F3 E 49/100] Train 2.1175/0.3497  Val 2.0905/0.3765  (12.0s)
  [F3 E 50/100] Train 2.0663/0.3572  Val 2.1549/0.3710  (12.0s)
  [F3 E 51/100] Train 2.0375/0.3695  Val 2.1408/0.3785  (11.2s)
  [F3 E 52/100] Train 2.0301/0.3740  Val 2.0768/0.3930  (10.5s)
  [F3 E 53/100] Train 1.9852/0.3785  Val 2.0248/0.3880  (12.7s)
  [F3 E 54/100] Train 1.9448/0.3893  Val 2.0225/0.4190  (11.0s)
  [F3 E 55/100] Train 1.9191/0.3985  Val 1.9663/0.4200  (11.1s)
  [F3 E 56/100] Train 1.9100/0.4092  Val 1.9801/0.4030  (11.3s)
  [F3 E 57/100] Train 1.8631/0.4148  Val 2.0800/0.3880  (11.9s)
  [F3 E 58/100] Train 1.8475/0.4208  Val 2.0933/0.4125  (12.1s)
  [F3 E 59/100] Train 1.8160/0.4307  Val 1.9117/0.4355  (11.5s)
  [F3 E 60/100] Train 1.7882/0.4338  Val 2.0355/0.4030  (13.0s)
  [F3 E 61/100] Train 1.7478/0.4432  Val 1.9148/0.4415  (10.9s)
  [F3 E 62/100] Train 1.7555/0.4493  Val 1.9628/0.4385  (11.2s)
  [F3 E 63/100] Train 1.7237/0.4502  Val 1.9118/0.4580  (11.4s)
  [F3 E 64/100] Train 1.7072/0.4597  Val 1.8886/0.4370  (9.6s)
  [F3 E 65/100] Train 1.6735/0.4760  Val 1.8825/0.4530  (9.5s)
  [F3 E 66/100] Train 1.6509/0.4733  Val 1.8389/0.4670  (9.3s)
  [F3 E 67/100] Train 1.6294/0.4827  Val 1.7663/0.4780  (10.3s)
  [F3 E 68/100] Train 1.6021/0.4882  Val 1.7987/0.4685  (12.2s)
  [F3 E 69/100] Train 1.5862/0.4812  Val 1.7738/0.4765  (12.3s)
  [F3 E 70/100] Train 1.5684/0.4997  Val 1.7687/0.4730  (10.5s)
  [F3 E 71/100] Train 1.5492/0.5117  Val 1.7046/0.4910  (10.8s)
  [F3 E 72/100] Train 1.5352/0.5090  Val 1.7613/0.4920  (13.0s)
  [F3 E 73/100] Train 1.5342/0.5082  Val 1.7674/0.4675  (12.5s)
  [F3 E 74/100] Train 1.5270/0.5118  Val 1.7436/0.4845  (12.0s)
  [F3 E 75/100] Train 1.5019/0.5200  Val 1.7657/0.4865  (12.7s)
  [F3 E 76/100] Train 1.5032/0.5167  Val 1.7198/0.4990  (12.3s)
  [F3 E 77/100] Train 1.4937/0.5143  Val 1.7200/0.4935  (11.5s)
  [F3 E 78/100] Train 1.4732/0.5288  Val 1.6992/0.5000  (11.6s)
  [F3 E 79/100] Train 1.4480/0.5287  Val 1.6969/0.5035  (11.0s)
  [F3 E 80/100] Train 1.4370/0.5395  Val 1.7438/0.4840  (10.9s)
  [F3 E 81/100] Train 1.4144/0.5437  Val 1.6813/0.5125  (11.7s)
  [F3 E 82/100] Train 1.4261/0.5385  Val 1.7030/0.5015  (11.7s)
  [F3 E 83/100] Train 1.4131/0.5425  Val 1.7261/0.4960  (11.2s)
  [F3 E 84/100] Train 1.4115/0.5412  Val 1.7251/0.4945  (11.5s)
  [F3 E 85/100] Train 1.3986/0.5498  Val 1.6849/0.5030  (11.1s)
  [F3 E 86/100] Train 1.4000/0.5503  Val 1.6858/0.5110  (11.0s)
  [F3 E 87/100] Train 1.3947/0.5490  Val 1.6654/0.5130  (11.2s)
  [F3 E 88/100] Train 1.4087/0.5480  Val 1.6528/0.5125  (11.1s)
  [F3 E 89/100] Train 1.3833/0.5505  Val 1.6616/0.5140  (10.9s)
  [F3 E 90/100] Train 1.3801/0.5557  Val 1.6544/0.5165  (11.5s)
  [F3 E 91/100] Train 1.3744/0.5583  Val 1.6692/0.5120  (11.2s)
  [F3 E 92/100] Train 1.3779/0.5528  Val 1.6678/0.5075  (11.9s)
  [F3 E 93/100] Train 1.3593/0.5575  Val 1.6552/0.5175  (11.6s)
  [F3 E 94/100] Train 1.3770/0.5557  Val 1.6433/0.5185  (11.0s)
  [F3 E 95/100] Train 1.3627/0.5605  Val 1.6356/0.5225  (12.0s)
  [F3 E 96/100] Train 1.3437/0.5645  Val 1.6450/0.5200  (11.4s)
  [F3 E 97/100] Train 1.3487/0.5683  Val 1.6624/0.5175  (11.0s)
  [F3 E 98/100] Train 1.3607/0.5585  Val 1.6586/0.5170  (10.5s)
  [F3 E 99/100] Train 1.3613/0.5690  Val 1.6573/0.5200  (11.5s)
  [F3 E100/100] Train 1.3509/0.5600  Val 1.6521/0.5160  (11.3s)
  Fold 3 done — best val acc: 0.5225  (19m 7s)

============================================================
  Fold 4/4
============================================================
  Train: 6000, Val: 2000, Test: 2000
  SimpleCNN  params=2,522,950
  [F4 E  1/100] Train 4.1652/0.0637  Val 4.0497/0.0790  (13.7s)
  [F4 E  2/100] Train 3.9501/0.0825  Val 3.8077/0.1045  (11.9s)
  [F4 E  3/100] Train 3.8150/0.0925  Val 3.6500/0.1110  (11.7s)
  [F4 E  4/100] Train 3.7140/0.0995  Val 3.6013/0.1110  (12.1s)
  [F4 E  5/100] Train 3.6048/0.1058  Val 3.5474/0.1185  (12.0s)
  [F4 E  6/100] Train 3.5106/0.1095  Val 3.4524/0.1315  (11.9s)
  [F4 E  7/100] Train 3.4283/0.1220  Val 3.3403/0.1445  (11.2s)
  [F4 E  8/100] Train 3.3333/0.1355  Val 3.2147/0.1400  (11.7s)
  [F4 E  9/100] Train 3.2551/0.1405  Val 3.2615/0.1420  (12.0s)
  [F4 E 10/100] Train 3.2158/0.1440  Val 3.1595/0.1735  (12.0s)
  [F4 E 11/100] Train 3.1581/0.1523  Val 2.9742/0.1840  (11.8s)
  [F4 E 12/100] Train 3.1515/0.1560  Val 3.0243/0.1765  (12.7s)
  [F4 E 13/100] Train 3.1040/0.1578  Val 3.0680/0.1690  (12.3s)
  [F4 E 14/100] Train 3.1054/0.1527  Val 3.0174/0.1845  (12.4s)
  [F4 E 15/100] Train 3.0681/0.1615  Val 2.9716/0.1820  (12.4s)
  [F4 E 16/100] Train 3.0346/0.1667  Val 2.8439/0.2015  (12.4s)
  [F4 E 17/100] Train 3.0199/0.1707  Val 2.9076/0.1895  (11.5s)
  [F4 E 18/100] Train 3.0212/0.1685  Val 2.8452/0.1975  (11.7s)
  [F4 E 19/100] Train 2.9859/0.1690  Val 2.8497/0.2010  (12.5s)
  [F4 E 20/100] Train 2.9656/0.1780  Val 2.9150/0.2150  (12.6s)
  [F4 E 21/100] Train 2.9574/0.1765  Val 2.9036/0.1795  (12.5s)
  [F4 E 22/100] Train 2.9511/0.1757  Val 2.7593/0.2235  (13.8s)
  [F4 E 23/100] Train 2.9190/0.1780  Val 2.7310/0.2210  (13.0s)
  [F4 E 24/100] Train 2.8853/0.1802  Val 2.7956/0.2045  (12.7s)
  [F4 E 25/100] Train 2.8846/0.1917  Val 2.9174/0.1845  (12.4s)
  [F4 E 26/100] Train 2.8410/0.1892  Val 3.0227/0.1995  (12.4s)
  [F4 E 27/100] Train 2.8107/0.1985  Val 2.7023/0.2280  (13.4s)
  [F4 E 28/100] Train 2.8076/0.1962  Val 2.9624/0.1795  (12.3s)
  [F4 E 29/100] Train 2.8007/0.2035  Val 2.6389/0.2255  (11.9s)
  [F4 E 30/100] Train 2.7598/0.2042  Val 2.6241/0.2435  (11.3s)
  [F4 E 31/100] Train 2.7590/0.2032  Val 2.7457/0.2070  (11.3s)
  [F4 E 32/100] Train 2.7490/0.2062  Val 2.6023/0.2425  (11.3s)
  [F4 E 33/100] Train 2.6738/0.2187  Val 2.5662/0.2490  (11.6s)
  [F4 E 34/100] Train 2.6701/0.2248  Val 2.5535/0.2620  (11.7s)
  [F4 E 35/100] Train 2.6377/0.2280  Val 2.5131/0.2690  (11.8s)
  [F4 E 36/100] Train 2.6602/0.2233  Val 2.5486/0.2615  (12.6s)
  [F4 E 37/100] Train 2.5992/0.2343  Val 2.5143/0.2740  (12.1s)
  [F4 E 38/100] Train 2.5805/0.2395  Val 2.5501/0.2840  (11.4s)
  [F4 E 39/100] Train 2.5581/0.2405  Val 2.4588/0.2785  (11.8s)
  [F4 E 40/100] Train 2.5583/0.2527  Val 2.4352/0.2790  (11.6s)
  [F4 E 41/100] Train 2.4910/0.2608  Val 2.4074/0.3075  (11.5s)
  [F4 E 42/100] Train 2.4635/0.2650  Val 2.3417/0.2980  (11.8s)
  [F4 E 43/100] Train 2.4445/0.2707  Val 2.4634/0.2760  (11.2s)
  [F4 E 44/100] Train 2.4134/0.2735  Val 2.4020/0.3065  (11.9s)
  [F4 E 45/100] Train 2.4103/0.2770  Val 2.3731/0.2990  (11.3s)
  [F4 E 46/100] Train 2.3975/0.2845  Val 2.2357/0.3445  (11.3s)
  [F4 E 47/100] Train 2.3593/0.2903  Val 2.2717/0.3255  (11.3s)
  [F4 E 48/100] Train 2.3072/0.2963  Val 2.2088/0.3590  (11.5s)
  [F4 E 49/100] Train 2.2779/0.2972  Val 2.2552/0.3215  (11.5s)
  [F4 E 50/100] Train 2.2867/0.3047  Val 2.1765/0.3510  (12.6s)
  [F4 E 51/100] Train 2.2721/0.3120  Val 2.1650/0.3415  (12.4s)
  [F4 E 52/100] Train 2.2228/0.3183  Val 2.1986/0.3425  (12.3s)
  [F4 E 53/100] Train 2.2020/0.3215  Val 2.1643/0.3490  (11.9s)
  [F4 E 54/100] Train 2.1971/0.3272  Val 2.1032/0.3840  (11.1s)
  [F4 E 55/100] Train 2.1819/0.3288  Val 2.0686/0.3800  (11.8s)
  [F4 E 56/100] Train 2.1576/0.3360  Val 2.0773/0.3755  (10.9s)
  [F4 E 57/100] Train 2.1228/0.3353  Val 2.1611/0.3670  (11.2s)
  [F4 E 58/100] Train 2.0991/0.3378  Val 2.0572/0.3820  (11.4s)
  [F4 E 59/100] Train 2.0802/0.3483  Val 1.9558/0.4055  (11.3s)
  [F4 E 60/100] Train 2.0667/0.3628  Val 1.9948/0.3945  (11.2s)
  [F4 E 61/100] Train 2.0446/0.3595  Val 1.9837/0.4080  (11.3s)
  [F4 E 62/100] Train 2.0174/0.3720  Val 1.9439/0.4210  (12.0s)
  [F4 E 63/100] Train 2.0150/0.3718  Val 2.0095/0.4045  (11.5s)
  [F4 E 64/100] Train 1.9920/0.3813  Val 1.9881/0.3960  (11.5s)
  [F4 E 65/100] Train 1.9754/0.3808  Val 1.8599/0.4345  (11.6s)
  [F4 E 66/100] Train 1.9470/0.3860  Val 1.9191/0.4080  (11.4s)
  [F4 E 67/100] Train 1.9485/0.4012  Val 1.9078/0.4240  (11.4s)
  [F4 E 68/100] Train 1.9144/0.3978  Val 1.9392/0.4180  (11.1s)
  [F4 E 69/100] Train 1.8873/0.4035  Val 1.8751/0.4380  (11.6s)
  [F4 E 70/100] Train 1.9039/0.4048  Val 1.9022/0.4310  (12.1s)
  [F4 E 71/100] Train 1.8780/0.4085  Val 1.8714/0.4365  (11.7s)
  [F4 E 72/100] Train 1.8765/0.4103  Val 1.8538/0.4325  (11.5s)
  [F4 E 73/100] Train 1.8497/0.4132  Val 1.7997/0.4540  (12.3s)
  [F4 E 74/100] Train 1.8301/0.4255  Val 1.8486/0.4340  (12.7s)
  [F4 E 75/100] Train 1.8222/0.4250  Val 1.7848/0.4705  (12.0s)
  [F4 E 76/100] Train 1.8380/0.4183  Val 1.8424/0.4535  (11.5s)
  [F4 E 77/100] Train 1.7955/0.4237  Val 1.8175/0.4565  (12.6s)
  [F4 E 78/100] Train 1.7998/0.4362  Val 1.8003/0.4640  (11.0s)
  [F4 E 79/100] Train 1.7815/0.4313  Val 1.8159/0.4665  (11.7s)
  [F4 E 80/100] Train 1.7813/0.4307  Val 1.7774/0.4725  (12.4s)
  [F4 E 81/100] Train 1.7468/0.4502  Val 1.7792/0.4725  (11.9s)
  [F4 E 82/100] Train 1.7425/0.4448  Val 1.7563/0.4770  (11.6s)
  [F4 E 83/100] Train 1.7260/0.4460  Val 1.8046/0.4690  (12.3s)
  [F4 E 84/100] Train 1.7505/0.4407  Val 1.7518/0.4685  (11.9s)
  [F4 E 85/100] Train 1.7374/0.4437  Val 1.7489/0.4725  (12.0s)
  [F4 E 86/100] Train 1.7311/0.4420  Val 1.7383/0.4755  (11.1s)
  [F4 E 87/100] Train 1.7109/0.4562  Val 1.7336/0.4715  (11.6s)
  [F4 E 88/100] Train 1.7318/0.4502  Val 1.7337/0.4835  (11.0s)
  [F4 E 89/100] Train 1.6840/0.4597  Val 1.7358/0.4825  (11.1s)
  [F4 E 90/100] Train 1.7094/0.4557  Val 1.7407/0.4730  (11.7s)
  [F4 E 91/100] Train 1.7002/0.4540  Val 1.7241/0.4850  (11.6s)
  [F4 E 92/100] Train 1.6945/0.4570  Val 1.7390/0.4825  (10.7s)
  [F4 E 93/100] Train 1.6921/0.4620  Val 1.7433/0.4785  (10.7s)
  [F4 E 94/100] Train 1.6920/0.4568  Val 1.7343/0.4770  (11.5s)
  [F4 E 95/100] Train 1.7046/0.4577  Val 1.7276/0.4755  (12.3s)
  [F4 E 96/100] Train 1.6947/0.4572  Val 1.7244/0.4780  (11.0s)
  [F4 E 97/100] Train 1.6908/0.4613  Val 1.7210/0.4810  (11.0s)
  [F4 E 98/100] Train 1.6909/0.4653  Val 1.7303/0.4755  (12.0s)
  [F4 E 99/100] Train 1.6807/0.4567  Val 1.7306/0.4805  (11.6s)
  [F4 E100/100] Train 1.6866/0.4563  Val 1.7275/0.4805  (11.5s)
  Fold 4 done — best val acc: 0.4850  (19m 43s)

============================================================
  Ensemble — Weighted Soft Voting
  Fold val accs: ['0.5420', '0.5140', '0.5225', '0.4850']
  Weights      : ['0.2627', '0.2491', '0.2532', '0.2350']
============================================================
  SimpleCNN  params=2,522,950
  SimpleCNN  params=2,522,950
  SimpleCNN  params=2,522,950
  SimpleCNN  params=2,522,950
Ensemble Test Acc : 0.5500
Class-Norm Acc    : 0.5006
History → /home/work/AIPJ/EF2039_Introduction_to_AI_Programming_Project_1/experiment_2/history_cnn_noattn_vanilla_family_bs32_lr0.001_optadam.csv
Curve → /home/work/AIPJ/EF2039_Introduction_to_AI_Programming_Project_1/experiment_2/curve_cnn_noattn_vanilla_family_bs32_lr0.001_optadam.png
Confusion → /home/work/AIPJ/EF2039_Introduction_to_AI_Programming_Project_1/experiment_2/confusion_cnn_noattn_vanilla_family_bs32_lr0.001_optadam.png
Class-wise → /home/work/AIPJ/EF2039_Introduction_to_AI_Programming_Project_1/experiment_2/classwise_cnn_noattn_vanilla_family_bs32_lr0.001_optadam.csv
Predictions → /home/work/AIPJ/EF2039_Introduction_to_AI_Programming_Project_1/experiment_2/predictions_cnn_noattn_vanilla_family_bs32_lr0.001_optadam.csv
Results → /home/work/AIPJ/EF2039_Introduction_to_AI_Programming_Project_1/experiment_2/results_all.csv
