===== Input Arguments =====
  model         : resnet34
  attn          : none
  tuning        : False
  use_excluded  : False
  use_added     : False
  folds         : 4
  epochs        : 30
  batch_size    : 32
  lr            : 0.001
  optimizer     : adam
  weight_decay  : 0.0001
  label         : family
  crop_bbox     : False
  seed          : 42
  save_csv      : results_all.csv
  outdir        : /home/work/AIPJ/EF2039_Introduction_to_AI_Programming_Project_1/experiment_2
===========================
Device: cuda  |  AMP: True  |  Workers: 14
Label: family  |  Classes: 70
Mode: excl=False, added=False  |  Original: 10000, Added(train-only): 0
Test set isolated: 2000 samples (20%, seed=42)
Train+Val pool   : 8000 samples → 4-fold CV

============================================================
  Fold 1/4
============================================================
  Train: 6000, Val: 2000, Test: 2000
  resnet34 (no attention)
  [F1 E  1/30] Train 3.6091/0.1462  Val 3.0659/0.2520  (10.7s)
  [F1 E  2/30] Train 2.7286/0.3150  Val 2.5398/0.3555  (10.4s)
  [F1 E  3/30] Train 2.3271/0.4132  Val 2.3128/0.3915  (10.5s)
  [F1 E  4/30] Train 2.0564/0.4717  Val 2.1667/0.4315  (10.5s)
  [F1 E  5/30] Train 1.8882/0.5130  Val 2.0802/0.4415  (11.0s)
  [Epoch 6] Backbone unfreeze (lr=1e-04)
  [F1 E  6/30] Train 1.1097/0.6820  Val 0.8926/0.7285  (10.7s)
  [F1 E  7/30] Train 0.4677/0.8598  Val 0.6656/0.8080  (10.8s)
  [F1 E  8/30] Train 0.2498/0.9290  Val 0.6657/0.7960  (10.6s)
  [F1 E  9/30] Train 0.1718/0.9482  Val 0.6360/0.8140  (11.5s)
  [F1 E 10/30] Train 0.1316/0.9625  Val 0.5863/0.8375  (10.5s)
  [F1 E 11/30] Train 0.0984/0.9732  Val 0.6006/0.8405  (10.4s)
  [F1 E 12/30] Train 0.0817/0.9765  Val 0.6726/0.8290  (10.1s)
  [F1 E 13/30] Train 0.0578/0.9855  Val 0.5856/0.8460  (11.2s)
  [F1 E 14/30] Train 0.0511/0.9862  Val 0.5638/0.8545  (9.9s)
  [F1 E 15/30] Train 0.0451/0.9863  Val 0.6037/0.8485  (10.0s)
  [F1 E 16/30] Train 0.0410/0.9887  Val 0.5438/0.8615  (10.3s)
  [F1 E 17/30] Train 0.0257/0.9932  Val 0.5466/0.8660  (11.8s)
  [F1 E 18/30] Train 0.0188/0.9953  Val 0.5935/0.8540  (11.8s)
  [F1 E 19/30] Train 0.0133/0.9970  Val 0.5378/0.8665  (11.5s)
  [F1 E 20/30] Train 0.0071/0.9993  Val 0.4823/0.8785  (11.9s)
  [F1 E 21/30] Train 0.0046/1.0000  Val 0.4896/0.8860  (11.2s)
  [F1 E 22/30] Train 0.0059/0.9988  Val 0.5036/0.8805  (12.0s)
  [F1 E 23/30] Train 0.0056/0.9993  Val 0.4841/0.8825  (11.5s)
  [F1 E 24/30] Train 0.0030/1.0000  Val 0.4834/0.8835  (12.2s)
  [F1 E 25/30] Train 0.0027/0.9998  Val 0.4723/0.8895  (12.1s)
  [F1 E 26/30] Train 0.0030/0.9995  Val 0.4776/0.8850  (11.3s)
  [F1 E 27/30] Train 0.0027/0.9997  Val 0.4736/0.8900  (11.1s)
  [F1 E 28/30] Train 0.0026/1.0000  Val 0.4828/0.8890  (11.9s)
  [F1 E 29/30] Train 0.0028/0.9998  Val 0.4773/0.8905  (10.7s)
  [F1 E 30/30] Train 0.0022/0.9998  Val 0.4730/0.8880  (10.9s)
  Fold 1 done — best val acc: 0.8905  (5m 33s)

============================================================
  Fold 2/4
============================================================
  Train: 6000, Val: 2000, Test: 2000
  resnet34 (no attention)
  [F2 E  1/30] Train 3.6283/0.1440  Val 2.9855/0.2775  (11.0s)
  [F2 E  2/30] Train 2.7124/0.3345  Val 2.5670/0.3520  (10.4s)
  [F2 E  3/30] Train 2.2965/0.4250  Val 2.3272/0.3850  (9.8s)
  [F2 E  4/30] Train 2.0535/0.4783  Val 2.1326/0.4500  (10.6s)
  [F2 E  5/30] Train 1.9008/0.5053  Val 2.0491/0.4655  (10.2s)
  [Epoch 6] Backbone unfreeze (lr=1e-04)
  [F2 E  6/30] Train 1.1123/0.6790  Val 0.9048/0.7330  (10.6s)
  [F2 E  7/30] Train 0.4635/0.8608  Val 0.7397/0.7795  (10.7s)
  [F2 E  8/30] Train 0.2593/0.9278  Val 0.6844/0.8045  (10.4s)
  [F2 E  9/30] Train 0.1838/0.9467  Val 0.7069/0.8005  (10.5s)
  [F2 E 10/30] Train 0.1161/0.9685  Val 0.6447/0.8240  (10.4s)
  [F2 E 11/30] Train 0.0952/0.9727  Val 0.6110/0.8380  (10.6s)
  [F2 E 12/30] Train 0.0662/0.9818  Val 0.5379/0.8575  (11.3s)
  [F2 E 13/30] Train 0.0536/0.9882  Val 0.5987/0.8500  (12.4s)
  [F2 E 14/30] Train 0.0441/0.9873  Val 0.5830/0.8485  (12.6s)
  [F2 E 15/30] Train 0.0425/0.9885  Val 0.6811/0.8300  (13.6s)
  [F2 E 16/30] Train 0.0346/0.9920  Val 0.6034/0.8530  (13.3s)
  [F2 E 17/30] Train 0.0246/0.9938  Val 0.6016/0.8575  (14.4s)
  [F2 E 18/30] Train 0.0193/0.9957  Val 0.6029/0.8630  (13.8s)
  [F2 E 19/30] Train 0.0141/0.9972  Val 0.5349/0.8700  (14.3s)
  [F2 E 20/30] Train 0.0087/0.9985  Val 0.5465/0.8730  (14.5s)
  [F2 E 21/30] Train 0.0074/0.9987  Val 0.5248/0.8765  (11.1s)
  [F2 E 22/30] Train 0.0059/0.9993  Val 0.5326/0.8790  (11.5s)
  [F2 E 23/30] Train 0.0067/0.9987  Val 0.5200/0.8785  (12.5s)
  [F2 E 24/30] Train 0.0053/0.9990  Val 0.5360/0.8735  (12.4s)
  [F2 E 25/30] Train 0.0039/0.9995  Val 0.5187/0.8780  (11.4s)
  [F2 E 26/30] Train 0.0034/0.9998  Val 0.5156/0.8820  (11.1s)
  [F2 E 27/30] Train 0.0026/0.9998  Val 0.5178/0.8795  (11.2s)
  [F2 E 28/30] Train 0.0026/0.9997  Val 0.5117/0.8805  (12.4s)
  [F2 E 29/30] Train 0.0032/0.9993  Val 0.5104/0.8810  (12.3s)
  [F2 E 30/30] Train 0.0025/1.0000  Val 0.5088/0.8840  (11.5s)
  Fold 2 done — best val acc: 0.8840  (5m 55s)

============================================================
  Fold 3/4
============================================================
  Train: 6000, Val: 2000, Test: 2000
  resnet34 (no attention)
  [F3 E  1/30] Train 3.6100/0.1435  Val 2.9938/0.2750  (12.7s)
  [F3 E  2/30] Train 2.7197/0.3313  Val 2.5371/0.3590  (12.1s)
  [F3 E  3/30] Train 2.2974/0.4242  Val 2.3308/0.3770  (12.0s)
  [F3 E  4/30] Train 2.0557/0.4697  Val 2.1405/0.4400  (13.0s)
  [F3 E  5/30] Train 1.9030/0.5120  Val 2.0911/0.4395  (11.7s)
  [Epoch 6] Backbone unfreeze (lr=1e-04)
  [F3 E  6/30] Train 1.1216/0.6695  Val 0.9312/0.7275  (12.1s)
  [F3 E  7/30] Train 0.4587/0.8633  Val 0.7252/0.7790  (12.2s)
  [F3 E  8/30] Train 0.2674/0.9233  Val 0.7305/0.7930  (12.7s)
  [F3 E  9/30] Train 0.1677/0.9538  Val 0.6463/0.8135  (12.6s)
  [F3 E 10/30] Train 0.1298/0.9605  Val 0.6990/0.8180  (12.3s)
  [F3 E 11/30] Train 0.1050/0.9695  Val 0.6446/0.8275  (12.3s)
  [F3 E 12/30] Train 0.0732/0.9790  Val 0.6553/0.8355  (12.8s)
  [F3 E 13/30] Train 0.0524/0.9872  Val 0.6345/0.8370  (14.0s)
  [F3 E 14/30] Train 0.0564/0.9852  Val 0.7164/0.8175  (13.3s)
  [F3 E 15/30] Train 0.0428/0.9892  Val 0.6111/0.8570  (12.2s)
  [F3 E 16/30] Train 0.0340/0.9907  Val 0.6089/0.8505  (11.9s)
  [F3 E 17/30] Train 0.0206/0.9962  Val 0.6481/0.8395  (12.4s)
  [F3 E 18/30] Train 0.0187/0.9953  Val 0.6149/0.8530  (14.2s)
  [F3 E 19/30] Train 0.0134/0.9982  Val 0.5383/0.8705  (12.0s)
  [F3 E 20/30] Train 0.0061/0.9993  Val 0.5072/0.8770  (12.7s)
  [F3 E 21/30] Train 0.0053/0.9995  Val 0.5137/0.8740  (11.6s)
  [F3 E 22/30] Train 0.0058/0.9990  Val 0.5174/0.8720  (12.3s)
  [F3 E 23/30] Train 0.0037/0.9995  Val 0.4996/0.8770  (13.5s)
  [F3 E 24/30] Train 0.0036/0.9998  Val 0.5011/0.8765  (12.7s)
  [F3 E 25/30] Train 0.0032/0.9993  Val 0.4928/0.8805  (11.8s)
  [F3 E 26/30] Train 0.0027/0.9998  Val 0.4884/0.8810  (12.2s)
  [F3 E 27/30] Train 0.0026/0.9998  Val 0.4812/0.8825  (13.4s)
  [F3 E 28/30] Train 0.0027/0.9998  Val 0.4856/0.8805  (11.7s)
  [F3 E 29/30] Train 0.0020/1.0000  Val 0.4983/0.8760  (12.6s)
  [F3 E 30/30] Train 0.0022/0.9997  Val 0.4776/0.8785  (12.4s)
  Fold 3 done — best val acc: 0.8825  (6m 18s)

============================================================
  Fold 4/4
============================================================
  Train: 6000, Val: 2000, Test: 2000
  resnet34 (no attention)
  [F4 E  1/30] Train 3.6311/0.1480  Val 3.0449/0.2700  (12.6s)
  [F4 E  2/30] Train 2.7232/0.3297  Val 2.5578/0.3555  (14.0s)
  [F4 E  3/30] Train 2.3113/0.4150  Val 2.3091/0.4185  (11.1s)
  [F4 E  4/30] Train 2.0496/0.4785  Val 2.1557/0.4385  (11.4s)
  [F4 E  5/30] Train 1.8773/0.5142  Val 2.1082/0.4490  (11.9s)
  [Epoch 6] Backbone unfreeze (lr=1e-04)
  [F4 E  6/30] Train 1.1027/0.6733  Val 0.9039/0.7335  (12.0s)
  [F4 E  7/30] Train 0.4582/0.8652  Val 0.7520/0.7715  (13.1s)
  [F4 E  8/30] Train 0.2587/0.9290  Val 0.8439/0.7675  (12.0s)
  [F4 E  9/30] Train 0.1756/0.9517  Val 0.6522/0.8240  (12.0s)
  [F4 E 10/30] Train 0.1431/0.9612  Val 0.7134/0.7880  (11.3s)
  [F4 E 11/30] Train 0.0910/0.9775  Val 0.6843/0.8175  (11.7s)
  [F4 E 12/30] Train 0.0753/0.9802  Val 0.6864/0.8180  (13.7s)
  [F4 E 13/30] Train 0.0601/0.9853  Val 0.6389/0.8345  (11.9s)
  [F4 E 14/30] Train 0.0450/0.9875  Val 0.5986/0.8465  (12.2s)
  [F4 E 15/30] Train 0.0328/0.9938  Val 0.6120/0.8495  (12.6s)
  [F4 E 16/30] Train 0.0302/0.9932  Val 0.6021/0.8500  (12.2s)
  [F4 E 17/30] Train 0.0216/0.9953  Val 0.6180/0.8535  (13.2s)
  [F4 E 18/30] Train 0.0206/0.9958  Val 0.5954/0.8425  (12.1s)
  [F4 E 19/30] Train 0.0149/0.9970  Val 0.5141/0.8675  (11.6s)
  [F4 E 20/30] Train 0.0095/0.9990  Val 0.5477/0.8635  (12.5s)
  [F4 E 21/30] Train 0.0081/0.9993  Val 0.5398/0.8630  (12.4s)
  [F4 E 22/30] Train 0.0050/0.9997  Val 0.5323/0.8690  (12.3s)
  [F4 E 23/30] Train 0.0043/0.9995  Val 0.5247/0.8710  (11.8s)
  [F4 E 24/30] Train 0.0033/0.9998  Val 0.5120/0.8780  (12.1s)
  [F4 E 25/30] Train 0.0036/0.9995  Val 0.5113/0.8775  (12.3s)
  [F4 E 26/30] Train 0.0023/1.0000  Val 0.5026/0.8760  (12.3s)
  [F4 E 27/30] Train 0.0026/0.9998  Val 0.5001/0.8795  (12.3s)
  [F4 E 28/30] Train 0.0024/1.0000  Val 0.5005/0.8845  (11.3s)
  [F4 E 29/30] Train 0.0025/1.0000  Val 0.5020/0.8850  (12.1s)
  [F4 E 30/30] Train 0.0021/0.9998  Val 0.5020/0.8830  (11.7s)
  Fold 4 done — best val acc: 0.8850  (6m 8s)

============================================================
  Ensemble — Weighted Soft Voting
  Fold val accs: ['0.8905', '0.8840', '0.8825', '0.8850']
  Weights      : ['0.2514', '0.2496', '0.2492', '0.2499']
============================================================
  resnet34 (no attention)
  resnet34 (no attention)
  resnet34 (no attention)
  resnet34 (no attention)
Ensemble Test Acc : 0.8990
Class-Norm Acc    : 0.8815
History → /home/work/AIPJ/EF2039_Introduction_to_AI_Programming_Project_1/experiment_2/history_resnet34_noattn_vanilla_family_bs32_lr0.001_optadam.csv
Curve → /home/work/AIPJ/EF2039_Introduction_to_AI_Programming_Project_1/experiment_2/curve_resnet34_noattn_vanilla_family_bs32_lr0.001_optadam.png
Confusion → /home/work/AIPJ/EF2039_Introduction_to_AI_Programming_Project_1/experiment_2/confusion_resnet34_noattn_vanilla_family_bs32_lr0.001_optadam.png
Class-wise → /home/work/AIPJ/EF2039_Introduction_to_AI_Programming_Project_1/experiment_2/classwise_resnet34_noattn_vanilla_family_bs32_lr0.001_optadam.csv
Predictions → /home/work/AIPJ/EF2039_Introduction_to_AI_Programming_Project_1/experiment_2/predictions_resnet34_noattn_vanilla_family_bs32_lr0.001_optadam.csv
Results → /home/work/AIPJ/EF2039_Introduction_to_AI_Programming_Project_1/experiment_2/results_all.csv
