===== Input Arguments =====
  model         : resnet34
  attn          : none
  tuning        : True
  use_excluded  : True
  use_added     : True
  folds         : 4
  epochs        : 30
  batch_size    : 32
  lr            : 0.001
  optimizer     : adam
  weight_decay  : 0.0001
  label         : family
  crop_bbox     : False
  seed          : 42
  save_csv      : results_all.csv
  outdir        : /home/work/AIPJ/EF2039_Introduction_to_AI_Programming_Project_1/experiment_2
===========================
Device: cuda  |  AMP: True  |  Workers: 14
Label: family  |  Classes: 70
Mode: excl=True, added=True  |  Original: 10000, Added(train-only): 180
Test set isolated: 2000 samples (20%, seed=42)
Train+Val pool   : 8000 samples → 4-fold CV

============================================================
  Fold 1/4
============================================================
  Train: 6180, Val: 2000, Test: 2000
  resnet34 (no attention)
  [F1 E  1/30] Train 3.6108/0.1494  Val 3.0776/0.2490  (12.2s)
  [F1 E  2/30] Train 2.7285/0.3299  Val 2.5709/0.3560  (10.2s)
  [F1 E  3/30] Train 2.3271/0.4209  Val 2.3005/0.4115  (9.7s)
  [F1 E  4/30] Train 2.0844/0.4631  Val 2.1577/0.4170  (9.3s)
  [F1 E  5/30] Train 1.9396/0.4864  Val 2.0906/0.4420  (9.5s)
  [Epoch 6] Backbone unfreeze (lr=1e-04)
  [F1 E  6/30] Train 1.1298/0.6727  Val 0.8896/0.7300  (10.0s)
  [F1 E  7/30] Train 0.4979/0.8534  Val 0.7600/0.7610  (10.6s)
  [F1 E  8/30] Train 0.3046/0.9131  Val 0.6828/0.7910  (11.0s)
  [F1 E  9/30] Train 0.2141/0.9374  Val 0.6310/0.8180  (10.4s)
  [F1 E 10/30] Train 0.1514/0.9542  Val 0.5941/0.8285  (9.8s)
  [F1 E 11/30] Train 0.1275/0.9626  Val 0.6241/0.8295  (11.5s)
  [F1 E 12/30] Train 0.1106/0.9670  Val 0.6234/0.8320  (11.9s)
  [F1 E 13/30] Train 0.0649/0.9835  Val 0.4876/0.8680  (11.4s)
  [F1 E 14/30] Train 0.0441/0.9882  Val 0.5631/0.8565  (11.5s)
  [F1 E 15/30] Train 0.0449/0.9882  Val 0.5205/0.8615  (11.4s)
  [F1 E 16/30] Train 0.0458/0.9880  Val 0.5177/0.8595  (11.2s)
  [F1 E 17/30] Train 0.0310/0.9924  Val 0.5453/0.8570  (11.3s)
  [F1 E 18/30] Train 0.0273/0.9934  Val 0.5075/0.8730  (11.8s)
  [F1 E 19/30] Train 0.0205/0.9947  Val 0.5239/0.8695  (11.7s)
  [F1 E 20/30] Train 0.0231/0.9953  Val 0.4658/0.8765  (11.5s)
  [F1 E 21/30] Train 0.0095/0.9987  Val 0.4824/0.8785  (11.4s)
  [F1 E 22/30] Train 0.0080/0.9987  Val 0.4507/0.8815  (11.6s)
  [F1 E 23/30] Train 0.0135/0.9976  Val 0.4548/0.8840  (11.9s)
  [F1 E 24/30] Train 0.0059/0.9994  Val 0.4352/0.8875  (11.7s)
  [F1 E 25/30] Train 0.0042/1.0000  Val 0.4335/0.8935  (10.9s)
  [F1 E 26/30] Train 0.0050/0.9994  Val 0.4438/0.8890  (10.9s)
  [F1 E 27/30] Train 0.0050/0.9994  Val 0.4423/0.8945  (10.9s)
  [F1 E 28/30] Train 0.0044/0.9992  Val 0.4410/0.8910  (11.6s)
  [F1 E 29/30] Train 0.0033/0.9998  Val 0.4412/0.8920  (11.2s)
  [F1 E 30/30] Train 0.0033/0.9997  Val 0.4336/0.8935  (10.7s)
  Fold 1 done — best val acc: 0.8945  (5m 33s)

============================================================
  Fold 2/4
============================================================
  Train: 6180, Val: 2000, Test: 2000
  resnet34 (no attention)
  [F2 E  1/30] Train 3.6213/0.1540  Val 3.0331/0.2540  (13.7s)
  [F2 E  2/30] Train 2.7416/0.3257  Val 2.5261/0.3685  (11.8s)
  [F2 E  3/30] Train 2.3308/0.4097  Val 2.3147/0.4120  (12.4s)
  [F2 E  4/30] Train 2.0901/0.4660  Val 2.1935/0.4245  (13.0s)
  [F2 E  5/30] Train 1.9183/0.5016  Val 2.0348/0.4785  (11.7s)
  [Epoch 6] Backbone unfreeze (lr=1e-04)
  [F2 E  6/30] Train 1.1183/0.6723  Val 0.9119/0.7310  (11.6s)
  [F2 E  7/30] Train 0.4982/0.8477  Val 0.7895/0.7725  (12.4s)
  [F2 E  8/30] Train 0.2917/0.9121  Val 0.7204/0.7900  (11.9s)
  [F2 E  9/30] Train 0.2033/0.9440  Val 0.6920/0.8045  (12.3s)
  [F2 E 10/30] Train 0.1381/0.9615  Val 0.6078/0.8315  (11.7s)
  [F2 E 11/30] Train 0.0996/0.9702  Val 0.6756/0.8315  (11.7s)
  [F2 E 12/30] Train 0.0950/0.9727  Val 0.5797/0.8475  (11.9s)
  [F2 E 13/30] Train 0.0600/0.9848  Val 0.5923/0.8555  (12.0s)
  [F2 E 14/30] Train 0.0543/0.9861  Val 0.5837/0.8500  (12.7s)
  [F2 E 15/30] Train 0.0449/0.9872  Val 0.6400/0.8490  (11.6s)
  [F2 E 16/30] Train 0.0369/0.9909  Val 0.6426/0.8370  (11.6s)
  [F2 E 17/30] Train 0.0320/0.9921  Val 0.5889/0.8495  (12.2s)
  [F2 E 18/30] Train 0.0225/0.9953  Val 0.5552/0.8735  (12.5s)
  [F2 E 19/30] Train 0.0304/0.9934  Val 0.5396/0.8690  (12.1s)
  [F2 E 20/30] Train 0.0123/0.9976  Val 0.5488/0.8730  (12.8s)
  [F2 E 21/30] Train 0.0189/0.9968  Val 0.5204/0.8745  (12.3s)
  [F2 E 22/30] Train 0.0112/0.9987  Val 0.5301/0.8735  (12.7s)
  [F2 E 23/30] Train 0.0069/0.9989  Val 0.5274/0.8785  (12.7s)
  [F2 E 24/30] Train 0.0100/0.9979  Val 0.5424/0.8735  (12.3s)
  [F2 E 25/30] Train 0.0045/1.0000  Val 0.5201/0.8805  (13.1s)
  [F2 E 26/30] Train 0.0046/0.9997  Val 0.5129/0.8815  (11.9s)
  [F2 E 27/30] Train 0.0041/0.9997  Val 0.5209/0.8760  (12.1s)
  [F2 E 28/30] Train 0.0045/0.9995  Val 0.5078/0.8820  (13.6s)
  [F2 E 29/30] Train 0.0053/0.9995  Val 0.5053/0.8825  (13.3s)
  [F2 E 30/30] Train 0.0034/1.0000  Val 0.5072/0.8805  (12.6s)
  Fold 2 done — best val acc: 0.8825  (6m 13s)

============================================================
  Fold 3/4
============================================================
  Train: 6180, Val: 2000, Test: 2000
  resnet34 (no attention)
  [F3 E  1/30] Train 3.6300/0.1448  Val 3.0333/0.2505  (13.8s)
  [F3 E  2/30] Train 2.7430/0.3167  Val 2.5604/0.3640  (12.4s)
  [F3 E  3/30] Train 2.3213/0.4194  Val 2.3406/0.3775  (12.6s)
  [F3 E  4/30] Train 2.0846/0.4681  Val 2.1370/0.4325  (12.3s)
  [F3 E  5/30] Train 1.9095/0.5016  Val 2.0729/0.4400  (11.5s)
  [Epoch 6] Backbone unfreeze (lr=1e-04)
  [F3 E  6/30] Train 1.1285/0.6652  Val 0.9269/0.7190  (13.1s)
  [F3 E  7/30] Train 0.4697/0.8667  Val 0.7229/0.7810  (12.4s)
  [F3 E  8/30] Train 0.2798/0.9160  Val 0.7130/0.7930  (11.6s)
  [F3 E  9/30] Train 0.2284/0.9303  Val 0.6563/0.8080  (11.3s)
  [F3 E 10/30] Train 0.1611/0.9513  Val 0.6167/0.8340  (12.7s)
  [F3 E 11/30] Train 0.1259/0.9623  Val 0.5893/0.8390  (12.9s)
  [F3 E 12/30] Train 0.0680/0.9828  Val 0.6270/0.8430  (13.0s)
  [F3 E 13/30] Train 0.0780/0.9761  Val 0.6732/0.8330  (12.3s)
  [F3 E 14/30] Train 0.0584/0.9846  Val 0.6226/0.8455  (12.3s)
  [F3 E 15/30] Train 0.0524/0.9877  Val 0.6547/0.8405  (12.8s)
  [F3 E 16/30] Train 0.0638/0.9832  Val 0.6435/0.8445  (12.5s)
  [F3 E 17/30] Train 0.0390/0.9890  Val 0.6065/0.8510  (12.9s)
  [F3 E 18/30] Train 0.0234/0.9937  Val 0.5393/0.8625  (12.3s)
  [F3 E 19/30] Train 0.0225/0.9948  Val 0.5374/0.8675  (12.3s)
  [F3 E 20/30] Train 0.0122/0.9974  Val 0.5278/0.8685  (12.4s)
  [F3 E 21/30] Train 0.0210/0.9963  Val 0.5098/0.8730  (12.7s)
  [F3 E 22/30] Train 0.0119/0.9977  Val 0.5088/0.8715  (12.8s)
  [F3 E 23/30] Train 0.0073/0.9990  Val 0.5134/0.8720  (12.0s)
  [F3 E 24/30] Train 0.0078/0.9976  Val 0.5195/0.8710  (12.1s)
  [F3 E 25/30] Train 0.0053/0.9990  Val 0.5205/0.8775  (12.5s)
  [F3 E 26/30] Train 0.0043/0.9997  Val 0.4995/0.8800  (12.6s)
  [F3 E 27/30] Train 0.0040/0.9994  Val 0.4998/0.8785  (12.3s)
  [F3 E 28/30] Train 0.0035/0.9998  Val 0.4933/0.8820  (12.3s)
  [F3 E 29/30] Train 0.0033/0.9998  Val 0.5030/0.8770  (12.4s)
  [F3 E 30/30] Train 0.0036/0.9997  Val 0.5080/0.8810  (12.4s)
  Fold 3 done — best val acc: 0.8820  (6m 16s)

============================================================
  Fold 4/4
============================================================
  Train: 6180, Val: 2000, Test: 2000
  resnet34 (no attention)
  [F4 E  1/30] Train 3.6246/0.1472  Val 3.0592/0.2415  (15.4s)
  [F4 E  2/30] Train 2.7214/0.3303  Val 2.5516/0.3535  (12.0s)
  [F4 E  3/30] Train 2.3182/0.4089  Val 2.3109/0.4120  (11.3s)
  [F4 E  4/30] Train 2.0849/0.4620  Val 2.1839/0.4335  (11.7s)
  [F4 E  5/30] Train 1.9264/0.5053  Val 2.1175/0.4410  (12.6s)
  [Epoch 6] Backbone unfreeze (lr=1e-04)
  [F4 E  6/30] Train 1.1204/0.6761  Val 0.9019/0.7300  (13.3s)
  [F4 E  7/30] Train 0.4874/0.8586  Val 0.7456/0.7795  (11.7s)
  [F4 E  8/30] Train 0.2719/0.9191  Val 0.6579/0.8155  (13.0s)
  [F4 E  9/30] Train 0.2066/0.9401  Val 0.6670/0.8030  (12.3s)
  [F4 E 10/30] Train 0.1437/0.9599  Val 0.7207/0.8005  (13.1s)
  [F4 E 11/30] Train 0.1110/0.9696  Val 0.6191/0.8225  (14.7s)
  [F4 E 12/30] Train 0.0972/0.9739  Val 0.6438/0.8265  (12.1s)
  [F4 E 13/30] Train 0.0707/0.9796  Val 0.6143/0.8385  (12.7s)
  [F4 E 14/30] Train 0.0723/0.9767  Val 0.6212/0.8385  (12.5s)
  [F4 E 15/30] Train 0.0528/0.9869  Val 0.5942/0.8470  (13.3s)
  [F4 E 16/30] Train 0.0364/0.9914  Val 0.5460/0.8640  (11.7s)
  [F4 E 17/30] Train 0.0343/0.9906  Val 0.5836/0.8555  (12.7s)
  [F4 E 18/30] Train 0.0197/0.9956  Val 0.5853/0.8535  (12.9s)
  [F4 E 19/30] Train 0.0143/0.9972  Val 0.5378/0.8700  (12.4s)
  [F4 E 20/30] Train 0.0188/0.9958  Val 0.5425/0.8630  (14.9s)
  [F4 E 21/30] Train 0.0115/0.9982  Val 0.5088/0.8695  (13.0s)
  [F4 E 22/30] Train 0.0073/0.9987  Val 0.4995/0.8765  (12.7s)
  [F4 E 23/30] Train 0.0091/0.9984  Val 0.5126/0.8725  (12.8s)
  [F4 E 24/30] Train 0.0062/0.9989  Val 0.5018/0.8760  (12.7s)
  [F4 E 25/30] Train 0.0057/0.9990  Val 0.5030/0.8745  (12.4s)
  [F4 E 26/30] Train 0.0051/0.9990  Val 0.5053/0.8815  (13.1s)
  [F4 E 27/30] Train 0.0038/0.9997  Val 0.4964/0.8820  (11.9s)
  [F4 E 28/30] Train 0.0039/0.9994  Val 0.4947/0.8850  (12.5s)
  [F4 E 29/30] Train 0.0031/1.0000  Val 0.5018/0.8795  (12.9s)
  [F4 E 30/30] Train 0.0033/0.9997  Val 0.4924/0.8825  (13.1s)
  Fold 4 done — best val acc: 0.8850  (6m 25s)

============================================================
  Ensemble — Weighted Soft Voting
  Fold val accs: ['0.8945', '0.8825', '0.8820', '0.8850']
  Weights      : ['0.2524', '0.2490', '0.2489', '0.2497']
============================================================
  resnet34 (no attention)
  resnet34 (no attention)
  resnet34 (no attention)
  resnet34 (no attention)
Ensemble Test Acc : 0.9005
Class-Norm Acc    : 0.8833
History → /home/work/AIPJ/EF2039_Introduction_to_AI_Programming_Project_1/experiment_2/history_resnet34_noattn_tuning_family_bs32_lr0.001_optadam.csv
Curve → /home/work/AIPJ/EF2039_Introduction_to_AI_Programming_Project_1/experiment_2/curve_resnet34_noattn_tuning_family_bs32_lr0.001_optadam.png
Confusion → /home/work/AIPJ/EF2039_Introduction_to_AI_Programming_Project_1/experiment_2/confusion_resnet34_noattn_tuning_family_bs32_lr0.001_optadam.png
Class-wise → /home/work/AIPJ/EF2039_Introduction_to_AI_Programming_Project_1/experiment_2/classwise_resnet34_noattn_tuning_family_bs32_lr0.001_optadam.csv
Predictions → /home/work/AIPJ/EF2039_Introduction_to_AI_Programming_Project_1/experiment_2/predictions_resnet34_noattn_tuning_family_bs32_lr0.001_optadam.csv
Results → /home/work/AIPJ/EF2039_Introduction_to_AI_Programming_Project_1/experiment_2/results_all.csv
