===== Input Arguments =====
  model         : resnet34
  attn          : channel
  tuning        : False
  use_excluded  : True
  use_added     : True
  folds         : 4
  epochs        : 30
  batch_size    : 32
  lr            : 0.001
  optimizer     : adam
  weight_decay  : 0.0001
  label         : family
  crop_bbox     : False
  seed          : 42
  save_csv      : results_all.csv
  outdir        : /home/work/AIPJ/EF2039_Introduction_to_AI_Programming_Project_1/experiment_2
===========================
Device: cuda  |  AMP: True  |  Workers: 14
Label: family  |  Classes: 70
Mode: excl=True, added=True  |  Original: 10000, Added(train-only): 180
Test set isolated: 2000 samples (20%, seed=42)
Train+Val pool   : 8000 samples → 4-fold CV

============================================================
  Fold 1/4
============================================================
  Train: 6180, Val: 2000, Test: 2000
  resnet34 + CHANNEL  injected=9 modules
  [F1 E  1/30] Train 3.7702/0.1217  Val 3.3261/0.1895  (11.6s)
  [F1 E  2/30] Train 3.1193/0.2417  Val 2.8842/0.2985  (11.2s)
  [F1 E  3/30] Train 2.7302/0.3419  Val 2.5966/0.3545  (10.0s)
  [F1 E  4/30] Train 2.4844/0.3955  Val 2.4378/0.4045  (10.4s)
  [F1 E  5/30] Train 2.3062/0.4317  Val 2.3086/0.4140  (10.4s)
  [Epoch 6] Backbone unfreeze (lr=1e-04)
  [F1 E  6/30] Train 1.2350/0.6583  Val 0.9923/0.7040  (11.5s)
  [F1 E  7/30] Train 0.5561/0.8416  Val 0.7333/0.7775  (11.3s)
  [F1 E  8/30] Train 0.3259/0.9063  Val 0.7118/0.7945  (11.9s)
  [F1 E  9/30] Train 0.2022/0.9395  Val 0.5837/0.8305  (11.9s)
  [F1 E 10/30] Train 0.1845/0.9424  Val 0.6570/0.8170  (12.0s)
  [F1 E 11/30] Train 0.1304/0.9625  Val 0.6013/0.8420  (12.0s)
  [F1 E 12/30] Train 0.0815/0.9775  Val 0.5415/0.8510  (11.9s)
  [F1 E 13/30] Train 0.0734/0.9807  Val 0.5506/0.8510  (12.4s)
  [F1 E 14/30] Train 0.0517/0.9854  Val 0.5530/0.8565  (12.4s)
  [F1 E 15/30] Train 0.0492/0.9864  Val 0.5472/0.8600  (12.1s)
  [F1 E 16/30] Train 0.0501/0.9875  Val 0.5347/0.8660  (12.2s)
  [F1 E 17/30] Train 0.0367/0.9901  Val 0.6888/0.8340  (12.4s)
  [F1 E 18/30] Train 0.0309/0.9924  Val 0.5289/0.8665  (12.2s)
  [F1 E 19/30] Train 0.0231/0.9940  Val 0.4910/0.8720  (11.6s)
  [F1 E 20/30] Train 0.0225/0.9948  Val 0.4795/0.8760  (12.5s)
  [F1 E 21/30] Train 0.0107/0.9981  Val 0.4883/0.8805  (13.3s)
  [F1 E 22/30] Train 0.0096/0.9982  Val 0.4617/0.8865  (12.3s)
  [F1 E 23/30] Train 0.0078/0.9985  Val 0.4790/0.8825  (12.0s)
  [F1 E 24/30] Train 0.0070/0.9994  Val 0.4744/0.8855  (12.4s)
  [F1 E 25/30] Train 0.0053/0.9992  Val 0.4626/0.8820  (11.8s)
  [F1 E 26/30] Train 0.0053/0.9994  Val 0.4661/0.8860  (12.3s)
  [F1 E 27/30] Train 0.0043/0.9997  Val 0.4545/0.8895  (12.0s)
  [F1 E 28/30] Train 0.0046/0.9995  Val 0.4740/0.8875  (12.3s)
  [F1 E 29/30] Train 0.0044/0.9994  Val 0.4573/0.8850  (12.3s)
  [F1 E 30/30] Train 0.0033/0.9997  Val 0.4632/0.8900  (11.4s)
  Fold 1 done — best val acc: 0.8900  (5m 59s)

============================================================
  Fold 2/4
============================================================
  Train: 6180, Val: 2000, Test: 2000
  resnet34 + CHANNEL  injected=9 modules
  [F2 E  1/30] Train 3.7607/0.1201  Val 3.3493/0.1750  (13.3s)
  [F2 E  2/30] Train 3.1106/0.2508  Val 2.8985/0.3000  (12.8s)
  [F2 E  3/30] Train 2.7403/0.3377  Val 2.6455/0.3735  (12.0s)
  [F2 E  4/30] Train 2.4813/0.4018  Val 2.4590/0.3750  (13.3s)
  [F2 E  5/30] Train 2.2846/0.4401  Val 2.3426/0.4185  (10.9s)
  [Epoch 6] Backbone unfreeze (lr=1e-04)
  [F2 E  6/30] Train 1.2421/0.6511  Val 0.9297/0.7365  (12.0s)
  [F2 E  7/30] Train 0.5511/0.8392  Val 0.7597/0.7760  (12.4s)
  [F2 E  8/30] Train 0.3342/0.9023  Val 0.6845/0.7975  (12.5s)
  [F2 E  9/30] Train 0.2244/0.9343  Val 0.6515/0.8205  (11.9s)
  [F2 E 10/30] Train 0.1571/0.9536  Val 0.7032/0.8085  (12.0s)
  [F2 E 11/30] Train 0.1420/0.9576  Val 0.6178/0.8260  (13.0s)
  [F2 E 12/30] Train 0.1025/0.9710  Val 0.6352/0.8425  (12.3s)
  [F2 E 13/30] Train 0.0895/0.9754  Val 0.6610/0.8255  (12.1s)
  [F2 E 14/30] Train 0.0734/0.9788  Val 0.6886/0.8240  (12.4s)
  [F2 E 15/30] Train 0.0491/0.9874  Val 0.5689/0.8550  (13.1s)
  [F2 E 16/30] Train 0.0415/0.9877  Val 0.6000/0.8540  (12.4s)
  [F2 E 17/30] Train 0.0223/0.9942  Val 0.5483/0.8740  (12.3s)
  [F2 E 18/30] Train 0.0254/0.9945  Val 0.5663/0.8605  (13.0s)
  [F2 E 19/30] Train 0.0184/0.9955  Val 0.5461/0.8750  (12.7s)
  [F2 E 20/30] Train 0.0124/0.9981  Val 0.5408/0.8755  (12.1s)
  [F2 E 21/30] Train 0.0132/0.9963  Val 0.5375/0.8750  (13.0s)
  [F2 E 22/30] Train 0.0107/0.9971  Val 0.5378/0.8760  (12.6s)
  [F2 E 23/30] Train 0.0072/0.9990  Val 0.5287/0.8805  (11.9s)
  [F2 E 24/30] Train 0.0091/0.9979  Val 0.5268/0.8800  (12.2s)
  [F2 E 25/30] Train 0.0082/0.9987  Val 0.5169/0.8825  (12.7s)
  [F2 E 26/30] Train 0.0048/0.9995  Val 0.5167/0.8855  (12.2s)
  [F2 E 27/30] Train 0.0046/0.9992  Val 0.5101/0.8830  (12.4s)
  [F2 E 28/30] Train 0.0036/0.9998  Val 0.5089/0.8860  (11.6s)
  [F2 E 29/30] Train 0.0040/0.9998  Val 0.5100/0.8825  (11.9s)
  [F2 E 30/30] Train 0.0040/0.9995  Val 0.5146/0.8830  (12.1s)
  Fold 2 done — best val acc: 0.8860  (6m 14s)

============================================================
  Fold 3/4
============================================================
  Train: 6180, Val: 2000, Test: 2000
  resnet34 + CHANNEL  injected=9 modules
  [F3 E  1/30] Train 3.7444/0.1204  Val 3.3203/0.2200  (13.5s)
  [F3 E  2/30] Train 3.0792/0.2586  Val 2.9014/0.2970  (12.1s)
  [F3 E  3/30] Train 2.7020/0.3481  Val 2.6162/0.3470  (11.0s)
  [F3 E  4/30] Train 2.4403/0.4113  Val 2.4548/0.3610  (11.9s)
  [F3 E  5/30] Train 2.2495/0.4479  Val 2.3185/0.4085  (11.2s)
  [Epoch 6] Backbone unfreeze (lr=1e-04)
  [F3 E  6/30] Train 1.2214/0.6610  Val 0.8966/0.7255  (12.1s)
  [F3 E  7/30] Train 0.5398/0.8498  Val 0.7512/0.7850  (12.3s)
  [F3 E  8/30] Train 0.3148/0.9066  Val 0.7185/0.8025  (12.3s)
  [F3 E  9/30] Train 0.2161/0.9346  Val 0.7190/0.7975  (12.2s)
  [F3 E 10/30] Train 0.1573/0.9565  Val 0.6677/0.8115  (11.9s)
  [F3 E 11/30] Train 0.1217/0.9623  Val 0.6772/0.8230  (11.5s)
  [F3 E 12/30] Train 0.1205/0.9649  Val 0.5732/0.8440  (12.6s)
  [F3 E 13/30] Train 0.0715/0.9804  Val 0.6202/0.8305  (12.6s)
  [F3 E 14/30] Train 0.0545/0.9854  Val 0.5919/0.8525  (12.6s)
  [F3 E 15/30] Train 0.0413/0.9890  Val 0.6092/0.8490  (11.8s)
  [F3 E 16/30] Train 0.0413/0.9882  Val 0.6354/0.8375  (12.5s)
  [F3 E 17/30] Train 0.0449/0.9901  Val 0.5953/0.8530  (12.2s)
  [F3 E 18/30] Train 0.0333/0.9908  Val 0.5741/0.8660  (12.2s)
  [F3 E 19/30] Train 0.0328/0.9922  Val 0.5807/0.8615  (12.2s)
  [F3 E 20/30] Train 0.0195/0.9968  Val 0.5780/0.8640  (12.3s)
  [F3 E 21/30] Train 0.0151/0.9972  Val 0.5412/0.8745  (11.7s)
  [F3 E 22/30] Train 0.0087/0.9987  Val 0.5437/0.8695  (12.0s)
  [F3 E 23/30] Train 0.0136/0.9979  Val 0.5291/0.8725  (12.0s)
  [F3 E 24/30] Train 0.0062/0.9987  Val 0.5072/0.8740  (11.9s)
  [F3 E 25/30] Train 0.0056/0.9992  Val 0.5186/0.8785  (11.9s)
  [F3 E 26/30] Train 0.0047/0.9994  Val 0.5093/0.8790  (12.5s)
  [F3 E 27/30] Train 0.0045/0.9997  Val 0.5148/0.8775  (12.3s)
  [F3 E 28/30] Train 0.0049/0.9994  Val 0.5144/0.8735  (12.3s)
  [F3 E 29/30] Train 0.0038/1.0000  Val 0.5098/0.8835  (11.5s)
  [F3 E 30/30] Train 0.0047/0.9995  Val 0.5032/0.8790  (12.0s)
  Fold 3 done — best val acc: 0.8835  (6m 6s)

============================================================
  Fold 4/4
============================================================
  Train: 6180, Val: 2000, Test: 2000
  resnet34 + CHANNEL  injected=9 modules
  [F4 E  1/30] Train 3.7571/0.1154  Val 3.3519/0.1970  (13.5s)
  [F4 E  2/30] Train 3.1176/0.2497  Val 2.9088/0.3085  (11.5s)
  [F4 E  3/30] Train 2.7326/0.3319  Val 2.6576/0.3465  (11.6s)
  [F4 E  4/30] Train 2.4712/0.4071  Val 2.4943/0.3650  (11.8s)
  [F4 E  5/30] Train 2.2804/0.4340  Val 2.3714/0.3920  (12.0s)
  [Epoch 6] Backbone unfreeze (lr=1e-04)
  [F4 E  6/30] Train 1.2619/0.6472  Val 0.9349/0.7125  (12.6s)
  [F4 E  7/30] Train 0.5533/0.8432  Val 0.7578/0.7635  (12.3s)
  [F4 E  8/30] Train 0.3383/0.9036  Val 0.6972/0.7760  (11.8s)
  [F4 E  9/30] Train 0.2212/0.9340  Val 0.6693/0.8100  (12.2s)
  [F4 E 10/30] Train 0.1605/0.9557  Val 0.6218/0.8200  (12.9s)
  [F4 E 11/30] Train 0.1217/0.9665  Val 0.6154/0.8250  (12.2s)
  [F4 E 12/30] Train 0.1210/0.9639  Val 0.8287/0.7940  (12.5s)
  [F4 E 13/30] Train 0.1309/0.9613  Val 0.5748/0.8370  (12.2s)
  [F4 E 14/30] Train 0.0716/0.9785  Val 0.6128/0.8340  (12.4s)
  [F4 E 15/30] Train 0.0435/0.9887  Val 0.5726/0.8460  (12.4s)
  [F4 E 16/30] Train 0.0339/0.9916  Val 0.5938/0.8435  (11.8s)
  [F4 E 17/30] Train 0.0241/0.9947  Val 0.6528/0.8370  (12.5s)
  [F4 E 18/30] Train 0.0265/0.9929  Val 0.5775/0.8505  (12.5s)
  [F4 E 19/30] Train 0.0218/0.9943  Val 0.5893/0.8575  (12.7s)
  [F4 E 20/30] Train 0.0151/0.9968  Val 0.5895/0.8550  (12.4s)
  [F4 E 21/30] Train 0.0091/0.9994  Val 0.5588/0.8610  (12.9s)
  [F4 E 22/30] Train 0.0099/0.9985  Val 0.5621/0.8540  (12.3s)
  [F4 E 23/30] Train 0.0089/0.9979  Val 0.5605/0.8570  (12.0s)
  [F4 E 24/30] Train 0.0076/0.9987  Val 0.5339/0.8655  (12.6s)
  [F4 E 25/30] Train 0.0053/0.9994  Val 0.5276/0.8730  (12.2s)
  [F4 E 26/30] Train 0.0054/0.9990  Val 0.5190/0.8705  (12.1s)
  [F4 E 27/30] Train 0.0052/0.9994  Val 0.5344/0.8660  (12.7s)
  [F4 E 28/30] Train 0.0042/0.9994  Val 0.5192/0.8705  (12.5s)
  [F4 E 29/30] Train 0.0042/0.9995  Val 0.5279/0.8710  (12.2s)
  [F4 E 30/30] Train 0.0056/0.9989  Val 0.5340/0.8705  (11.8s)
  Fold 4 done — best val acc: 0.8730  (6m 11s)

============================================================
  Ensemble — Weighted Soft Voting
  Fold val accs: ['0.8900', '0.8860', '0.8835', '0.8730']
  Weights      : ['0.2519', '0.2508', '0.2501', '0.2471']
============================================================
  resnet34 + CHANNEL  injected=9 modules
  resnet34 + CHANNEL  injected=9 modules
  resnet34 + CHANNEL  injected=9 modules
  resnet34 + CHANNEL  injected=9 modules
Ensemble Test Acc : 0.9010
Class-Norm Acc    : 0.8851
History → /home/work/AIPJ/EF2039_Introduction_to_AI_Programming_Project_1/experiment_2/history_resnet34_channel_tuning_family_bs32_lr0.001_optadam.csv
Curve → /home/work/AIPJ/EF2039_Introduction_to_AI_Programming_Project_1/experiment_2/curve_resnet34_channel_tuning_family_bs32_lr0.001_optadam.png
Confusion → /home/work/AIPJ/EF2039_Introduction_to_AI_Programming_Project_1/experiment_2/confusion_resnet34_channel_tuning_family_bs32_lr0.001_optadam.png
Class-wise → /home/work/AIPJ/EF2039_Introduction_to_AI_Programming_Project_1/experiment_2/classwise_resnet34_channel_tuning_family_bs32_lr0.001_optadam.csv
Predictions → /home/work/AIPJ/EF2039_Introduction_to_AI_Programming_Project_1/experiment_2/predictions_resnet34_channel_tuning_family_bs32_lr0.001_optadam.csv
Results → /home/work/AIPJ/EF2039_Introduction_to_AI_Programming_Project_1/experiment_2/results_all.csv
