===== Input Arguments =====
  model         : resnet34
  attn          : spatial
  tuning        : False
  use_excluded  : True
  use_added     : True
  folds         : 4
  epochs        : 30
  batch_size    : 32
  lr            : 0.001
  optimizer     : adam
  weight_decay  : 0.0001
  label         : family
  crop_bbox     : False
  seed          : 42
  save_csv      : results_all.csv
  outdir        : /home/work/AIPJ/EF2039_Introduction_to_AI_Programming_Project_1/experiment_2
===========================
Device: cuda  |  AMP: True  |  Workers: 14
Label: family  |  Classes: 70
Mode: excl=True, added=True  |  Original: 10000, Added(train-only): 180
Test set isolated: 2000 samples (20%, seed=42)
Train+Val pool   : 8000 samples → 4-fold CV

============================================================
  Fold 1/4
============================================================
  Train: 6180, Val: 2000, Test: 2000
  resnet34 + SPATIAL  injected=9 modules
  [F1 E  1/30] Train 3.7503/0.1180  Val 3.2923/0.2045  (11.5s)
  [F1 E  2/30] Train 3.0728/0.2581  Val 2.8731/0.2990  (11.4s)
  [F1 E  3/30] Train 2.6910/0.3439  Val 2.5840/0.3490  (9.9s)
  [F1 E  4/30] Train 2.4282/0.4108  Val 2.4164/0.3990  (9.8s)
  [F1 E  5/30] Train 2.2380/0.4555  Val 2.2639/0.4180  (9.7s)
  [Epoch 6] Backbone unfreeze (lr=1e-04)
  [F1 E  6/30] Train 1.1926/0.6565  Val 0.9239/0.7130  (9.9s)
  [F1 E  7/30] Train 0.5181/0.8374  Val 0.8015/0.7505  (10.9s)
  [F1 E  8/30] Train 0.2932/0.9100  Val 0.7478/0.7915  (10.3s)
  [F1 E  9/30] Train 0.2287/0.9312  Val 0.6483/0.8235  (10.9s)
  [F1 E 10/30] Train 0.1673/0.9492  Val 0.6648/0.8220  (10.2s)
  [F1 E 11/30] Train 0.1284/0.9613  Val 0.6362/0.8305  (11.0s)
  [F1 E 12/30] Train 0.0912/0.9714  Val 0.5735/0.8505  (10.6s)
  [F1 E 13/30] Train 0.0625/0.9816  Val 0.6124/0.8515  (10.7s)
  [F1 E 14/30] Train 0.0516/0.9861  Val 0.6212/0.8445  (11.0s)
  [F1 E 15/30] Train 0.0714/0.9785  Val 0.6341/0.8410  (11.2s)
  [F1 E 16/30] Train 0.0593/0.9828  Val 0.5815/0.8530  (11.0s)
  [F1 E 17/30] Train 0.0369/0.9882  Val 0.5755/0.8500  (11.3s)
  [F1 E 18/30] Train 0.0242/0.9935  Val 0.5445/0.8665  (11.4s)
  [F1 E 19/30] Train 0.0195/0.9950  Val 0.4961/0.8800  (11.7s)
  [F1 E 20/30] Train 0.0144/0.9971  Val 0.4787/0.8830  (11.1s)
  [F1 E 21/30] Train 0.0122/0.9968  Val 0.4829/0.8845  (11.4s)
  [F1 E 22/30] Train 0.0109/0.9972  Val 0.5030/0.8785  (11.6s)
  [F1 E 23/30] Train 0.0090/0.9984  Val 0.4774/0.8915  (11.7s)
  [F1 E 24/30] Train 0.0066/0.9989  Val 0.4851/0.8930  (11.2s)
  [F1 E 25/30] Train 0.0049/0.9990  Val 0.4793/0.8960  (11.6s)
  [F1 E 26/30] Train 0.0033/1.0000  Val 0.4607/0.8965  (11.8s)
  [F1 E 27/30] Train 0.0049/0.9992  Val 0.4823/0.8900  (11.1s)
  [F1 E 28/30] Train 0.0033/0.9998  Val 0.4597/0.8925  (10.8s)
  [F1 E 29/30] Train 0.0032/0.9998  Val 0.4622/0.8955  (11.3s)
  [F1 E 30/30] Train 0.0038/0.9994  Val 0.4597/0.8925  (11.3s)
  Fold 1 done — best val acc: 0.8965  (5m 32s)

============================================================
  Fold 2/4
============================================================
  Train: 6180, Val: 2000, Test: 2000
  resnet34 + SPATIAL  injected=9 modules
  [F2 E  1/30] Train 3.6683/0.1346  Val 3.1422/0.2240  (13.4s)
  [F2 E  2/30] Train 2.8829/0.3083  Val 2.6384/0.3520  (12.1s)
  [F2 E  3/30] Train 2.4720/0.3990  Val 2.3368/0.4235  (12.1s)
  [F2 E  4/30] Train 2.2373/0.4485  Val 2.1960/0.4400  (12.6s)
  [F2 E  5/30] Train 2.0525/0.4895  Val 2.1078/0.4675  (11.6s)
  [Epoch 6] Backbone unfreeze (lr=1e-04)
  [F2 E  6/30] Train 1.1520/0.6704  Val 0.9151/0.7300  (12.3s)
  [F2 E  7/30] Train 0.5047/0.8519  Val 0.7118/0.7835  (12.2s)
  [F2 E  8/30] Train 0.3113/0.9003  Val 0.6859/0.8105  (11.9s)
  [F2 E  9/30] Train 0.1980/0.9403  Val 0.6404/0.8255  (12.6s)
  [F2 E 10/30] Train 0.1322/0.9610  Val 0.6130/0.8400  (12.4s)
  [F2 E 11/30] Train 0.1308/0.9654  Val 0.6652/0.8355  (12.7s)
  [F2 E 12/30] Train 0.0826/0.9772  Val 0.6203/0.8440  (12.0s)
  [F2 E 13/30] Train 0.0671/0.9809  Val 0.5852/0.8530  (12.7s)
  [F2 E 14/30] Train 0.0458/0.9885  Val 0.5920/0.8495  (12.9s)
  [F2 E 15/30] Train 0.0381/0.9905  Val 0.5672/0.8645  (11.8s)
  [F2 E 16/30] Train 0.0371/0.9906  Val 0.6182/0.8560  (11.9s)
  [F2 E 17/30] Train 0.0506/0.9848  Val 0.6117/0.8520  (12.7s)
  [F2 E 18/30] Train 0.0343/0.9900  Val 0.5627/0.8610  (12.4s)
  [F2 E 19/30] Train 0.0153/0.9972  Val 0.5313/0.8740  (12.0s)
  [F2 E 20/30] Train 0.0131/0.9968  Val 0.5217/0.8775  (11.8s)
  [F2 E 21/30] Train 0.0105/0.9977  Val 0.5023/0.8770  (11.7s)
  [F2 E 22/30] Train 0.0099/0.9981  Val 0.4862/0.8795  (11.9s)
  [F2 E 23/30] Train 0.0095/0.9987  Val 0.5092/0.8820  (11.5s)
  [F2 E 24/30] Train 0.0065/0.9992  Val 0.4850/0.8895  (12.7s)
  [F2 E 25/30] Train 0.0044/0.9997  Val 0.4842/0.8865  (11.5s)
  [F2 E 26/30] Train 0.0040/0.9997  Val 0.4917/0.8830  (12.2s)
  [F2 E 27/30] Train 0.0041/0.9994  Val 0.4916/0.8855  (11.9s)
  [F2 E 28/30] Train 0.0040/0.9998  Val 0.4872/0.8885  (11.9s)
  [F2 E 29/30] Train 0.0037/0.9995  Val 0.4814/0.8865  (12.3s)
  [F2 E 30/30] Train 0.0034/0.9995  Val 0.4742/0.8895  (12.5s)
  Fold 2 done — best val acc: 0.8895  (6m 8s)

============================================================
  Fold 3/4
============================================================
  Train: 6180, Val: 2000, Test: 2000
  resnet34 + SPATIAL  injected=9 modules
  [F3 E  1/30] Train 3.8443/0.0966  Val 3.5296/0.1600  (12.8s)
  [F3 E  2/30] Train 3.3112/0.2021  Val 3.1243/0.2550  (11.0s)
  [F3 E  3/30] Train 2.9649/0.2892  Val 2.8888/0.2830  (11.1s)
  [F3 E  4/30] Train 2.7161/0.3505  Val 2.6789/0.3355  (11.9s)
  [F3 E  5/30] Train 2.5197/0.4006  Val 2.5518/0.3785  (11.1s)
  [Epoch 6] Backbone unfreeze (lr=1e-04)
  [F3 E  6/30] Train 1.2743/0.6385  Val 0.9390/0.7245  (12.2s)
  [F3 E  7/30] Train 0.5378/0.8286  Val 0.9134/0.7410  (11.5s)
  [F3 E  8/30] Train 0.3369/0.8908  Val 0.8415/0.7495  (11.7s)
  [F3 E  9/30] Train 0.2141/0.9316  Val 0.7925/0.7870  (11.5s)
  [F3 E 10/30] Train 0.1707/0.9443  Val 0.9025/0.7695  (11.5s)
  [F3 E 11/30] Train 0.1662/0.9524  Val 0.7473/0.7995  (11.3s)
  [F3 E 12/30] Train 0.1166/0.9644  Val 0.7210/0.8065  (11.7s)
  [F3 E 13/30] Train 0.0877/0.9739  Val 0.6953/0.8285  (11.7s)
  [F3 E 14/30] Train 0.0578/0.9846  Val 0.6487/0.8310  (12.0s)
  [F3 E 15/30] Train 0.0590/0.9825  Val 0.6215/0.8435  (11.6s)
  [F3 E 16/30] Train 0.0695/0.9786  Val 0.6767/0.8400  (11.4s)
  [F3 E 17/30] Train 0.0350/0.9890  Val 0.6546/0.8450  (10.5s)
  [F3 E 18/30] Train 0.0271/0.9921  Val 0.6570/0.8475  (12.0s)
  [F3 E 19/30] Train 0.0204/0.9945  Val 0.5890/0.8680  (12.1s)
  [F3 E 20/30] Train 0.0125/0.9971  Val 0.5824/0.8645  (11.5s)
  [F3 E 21/30] Train 0.0119/0.9971  Val 0.5755/0.8660  (10.7s)
  [F3 E 22/30] Train 0.0095/0.9976  Val 0.5722/0.8650  (10.9s)
  [F3 E 23/30] Train 0.0091/0.9979  Val 0.5800/0.8650  (11.6s)
  [F3 E 24/30] Train 0.0065/0.9990  Val 0.5675/0.8670  (11.7s)
  [F3 E 25/30] Train 0.0052/0.9994  Val 0.5685/0.8710  (11.5s)
  [F3 E 26/30] Train 0.0042/0.9990  Val 0.5611/0.8675  (11.4s)
  [F3 E 27/30] Train 0.0039/0.9997  Val 0.5611/0.8705  (11.5s)
  [F3 E 28/30] Train 0.0034/0.9997  Val 0.5497/0.8730  (11.2s)
  [F3 E 29/30] Train 0.0036/0.9994  Val 0.5494/0.8765  (11.2s)
  [F3 E 30/30] Train 0.0036/0.9994  Val 0.5595/0.8770  (11.7s)
  Fold 3 done — best val acc: 0.8770  (5m 48s)

============================================================
  Fold 4/4
============================================================
  Train: 6180, Val: 2000, Test: 2000
  resnet34 + SPATIAL  injected=9 modules
  [F4 E  1/30] Train 3.7644/0.1215  Val 3.3439/0.1725  (13.6s)
  [F4 E  2/30] Train 3.1083/0.2547  Val 2.9118/0.2790  (11.4s)
  [F4 E  3/30] Train 2.7290/0.3333  Val 2.6495/0.3420  (11.9s)
  [F4 E  4/30] Train 2.4742/0.3981  Val 2.5354/0.3520  (12.1s)
  [F4 E  5/30] Train 2.3006/0.4248  Val 2.3815/0.3780  (11.8s)
  [Epoch 6] Backbone unfreeze (lr=1e-04)
  [F4 E  6/30] Train 1.2376/0.6458  Val 1.0159/0.6865  (10.9s)
  [F4 E  7/30] Train 0.5346/0.8345  Val 0.7924/0.7680  (11.4s)
  [F4 E  8/30] Train 0.3216/0.8992  Val 0.7142/0.7835  (11.7s)
  [F4 E  9/30] Train 0.2210/0.9337  Val 0.6790/0.8080  (12.2s)
  [F4 E 10/30] Train 0.1547/0.9529  Val 0.7054/0.8040  (12.4s)
  [F4 E 11/30] Train 0.1085/0.9680  Val 0.6488/0.8235  (11.7s)
  [F4 E 12/30] Train 0.1266/0.9607  Val 0.6507/0.8255  (10.8s)
  [F4 E 13/30] Train 0.0838/0.9759  Val 0.6137/0.8290  (10.8s)
  [F4 E 14/30] Train 0.0574/0.9851  Val 0.6397/0.8375  (11.2s)
  [F4 E 15/30] Train 0.0519/0.9871  Val 0.6047/0.8475  (12.7s)
  [F4 E 16/30] Train 0.0472/0.9861  Val 0.5642/0.8505  (11.0s)
  [F4 E 17/30] Train 0.0314/0.9916  Val 0.5975/0.8475  (10.4s)
  [F4 E 18/30] Train 0.0324/0.9909  Val 0.5845/0.8545  (11.2s)
  [F4 E 19/30] Train 0.0336/0.9911  Val 0.6098/0.8450  (11.8s)
  [F4 E 20/30] Train 0.0240/0.9921  Val 0.5817/0.8535  (11.2s)
  [F4 E 21/30] Train 0.0205/0.9951  Val 0.5897/0.8565  (11.1s)
  [F4 E 22/30] Train 0.0120/0.9979  Val 0.5221/0.8760  (11.6s)
  [F4 E 23/30] Train 0.0072/0.9989  Val 0.4995/0.8755  (11.0s)
  [F4 E 24/30] Train 0.0076/0.9989  Val 0.5089/0.8710  (11.1s)
  [F4 E 25/30] Train 0.0058/0.9994  Val 0.4905/0.8830  (10.9s)
  [F4 E 26/30] Train 0.0053/0.9994  Val 0.4836/0.8810  (10.8s)
  [F4 E 27/30] Train 0.0042/0.9995  Val 0.4795/0.8825  (10.6s)
  [F4 E 28/30] Train 0.0042/0.9998  Val 0.4829/0.8840  (11.1s)
  [F4 E 29/30] Train 0.0057/0.9990  Val 0.4817/0.8810  (11.1s)
  [F4 E 30/30] Train 0.0032/0.9998  Val 0.4922/0.8820  (11.0s)
  Fold 4 done — best val acc: 0.8840  (5m 45s)

============================================================
  Ensemble — Weighted Soft Voting
  Fold val accs: ['0.8965', '0.8895', '0.8770', '0.8840']
  Weights      : ['0.2527', '0.2508', '0.2473', '0.2492']
============================================================
  resnet34 + SPATIAL  injected=9 modules
  resnet34 + SPATIAL  injected=9 modules
  resnet34 + SPATIAL  injected=9 modules
  resnet34 + SPATIAL  injected=9 modules
Ensemble Test Acc : 0.8970
Class-Norm Acc    : 0.8786
History → /home/work/AIPJ/EF2039_Introduction_to_AI_Programming_Project_1/experiment_2/history_resnet34_spatial_tuning_family_bs32_lr0.001_optadam.csv
Curve → /home/work/AIPJ/EF2039_Introduction_to_AI_Programming_Project_1/experiment_2/curve_resnet34_spatial_tuning_family_bs32_lr0.001_optadam.png
Confusion → /home/work/AIPJ/EF2039_Introduction_to_AI_Programming_Project_1/experiment_2/confusion_resnet34_spatial_tuning_family_bs32_lr0.001_optadam.png
Class-wise → /home/work/AIPJ/EF2039_Introduction_to_AI_Programming_Project_1/experiment_2/classwise_resnet34_spatial_tuning_family_bs32_lr0.001_optadam.csv
Predictions → /home/work/AIPJ/EF2039_Introduction_to_AI_Programming_Project_1/experiment_2/predictions_resnet34_spatial_tuning_family_bs32_lr0.001_optadam.csv
Results → /home/work/AIPJ/EF2039_Introduction_to_AI_Programming_Project_1/experiment_2/results_all.csv
