===== Input Arguments =====
  model         : resnet34
  attn          : cbam
  tuning        : False
  use_excluded  : True
  use_added     : True
  folds         : 4
  epochs        : 30
  batch_size    : 32
  lr            : 0.001
  optimizer     : adam
  weight_decay  : 0.0001
  label         : family
  crop_bbox     : False
  seed          : 42
  save_csv      : results_all.csv
  outdir        : /home/work/AIPJ/EF2039_Introduction_to_AI_Programming_Project_1/experiment_2
===========================
Device: cuda  |  AMP: True  |  Workers: 14
Label: family  |  Classes: 70
Mode: excl=True, added=True  |  Original: 10000, Added(train-only): 180
Test set isolated: 2000 samples (20%, seed=42)
Train+Val pool   : 8000 samples → 4-fold CV

============================================================
  Fold 1/4
============================================================
  Train: 6180, Val: 2000, Test: 2000
  resnet34 + CBAM  injected=9 modules
  [F1 E  1/30] Train 3.9280/0.0853  Val 3.6770/0.1115  (12.1s)
  [F1 E  2/30] Train 3.5567/0.1471  Val 3.3961/0.1765  (9.9s)
  [F1 E  3/30] Train 3.3023/0.2000  Val 3.1884/0.2390  (9.9s)
  [F1 E  4/30] Train 3.1064/0.2414  Val 3.0384/0.2790  (10.0s)
  [F1 E  5/30] Train 2.9663/0.2762  Val 2.9435/0.2910  (10.2s)
  [Epoch 6] Backbone unfreeze (lr=1e-04)
  [F1 E  6/30] Train 1.5697/0.5715  Val 1.0845/0.6740  (11.3s)
  [F1 E  7/30] Train 0.6699/0.8019  Val 0.8037/0.7495  (11.8s)
  [F1 E  8/30] Train 0.3986/0.8764  Val 0.7577/0.7800  (11.2s)
  [F1 E  9/30] Train 0.2512/0.9225  Val 0.6528/0.8085  (11.9s)
  [F1 E 10/30] Train 0.1801/0.9469  Val 0.6440/0.8225  (11.5s)
  [F1 E 11/30] Train 0.1592/0.9495  Val 0.5993/0.8350  (12.0s)
  [F1 E 12/30] Train 0.1183/0.9650  Val 0.6021/0.8425  (11.8s)
  [F1 E 13/30] Train 0.0791/0.9770  Val 0.5992/0.8410  (12.3s)
  [F1 E 14/30] Train 0.0782/0.9764  Val 0.5723/0.8530  (11.5s)
  [F1 E 15/30] Train 0.0421/0.9890  Val 0.5464/0.8615  (11.3s)
  [F1 E 16/30] Train 0.0392/0.9890  Val 0.5668/0.8600  (12.9s)
  [F1 E 17/30] Train 0.0610/0.9833  Val 0.6054/0.8545  (12.7s)
  [F1 E 18/30] Train 0.0402/0.9901  Val 0.5662/0.8680  (13.1s)
  [F1 E 19/30] Train 0.0298/0.9916  Val 0.5439/0.8660  (12.9s)
  [F1 E 20/30] Train 0.0194/0.9963  Val 0.5200/0.8790  (12.5s)
  [F1 E 21/30] Train 0.0140/0.9969  Val 0.4917/0.8860  (12.0s)
  [F1 E 22/30] Train 0.0208/0.9958  Val 0.5089/0.8880  (13.1s)
  [F1 E 23/30] Train 0.0107/0.9979  Val 0.4958/0.8865  (12.7s)
  [F1 E 24/30] Train 0.0084/0.9985  Val 0.5036/0.8870  (12.1s)
  [F1 E 25/30] Train 0.0049/0.9998  Val 0.5004/0.8895  (13.1s)
  [F1 E 26/30] Train 0.0062/0.9992  Val 0.4896/0.8925  (12.3s)
  [F1 E 27/30] Train 0.0044/0.9997  Val 0.4856/0.8925  (12.1s)
  [F1 E 28/30] Train 0.0048/0.9995  Val 0.4804/0.8965  (12.2s)
  [F1 E 29/30] Train 0.0048/0.9994  Val 0.4779/0.8970  (13.1s)
  [F1 E 30/30] Train 0.0042/0.9998  Val 0.4842/0.8940  (11.7s)
  Fold 1 done — best val acc: 0.8970  (5m 60s)

============================================================
  Fold 2/4
============================================================
  Train: 6180, Val: 2000, Test: 2000
  resnet34 + CBAM  injected=9 modules
  [F2 E  1/30] Train 3.8755/0.0945  Val 3.5670/0.1635  (11.9s)
  [F2 E  2/30] Train 3.4103/0.1846  Val 3.2404/0.2290  (11.1s)
  [F2 E  3/30] Train 3.1080/0.2492  Val 2.9835/0.2660  (12.5s)
  [F2 E  4/30] Train 2.8922/0.2942  Val 2.8162/0.3185  (12.0s)
  [F2 E  5/30] Train 2.7338/0.3390  Val 2.7044/0.3220  (12.3s)
  [Epoch 6] Backbone unfreeze (lr=1e-04)
  [F2 E  6/30] Train 1.4305/0.5998  Val 1.1050/0.6660  (12.1s)
  [F2 E  7/30] Train 0.6176/0.8165  Val 0.8140/0.7570  (12.3s)
  [F2 E  8/30] Train 0.3714/0.8892  Val 0.7769/0.7705  (12.9s)
  [F2 E  9/30] Train 0.2565/0.9206  Val 0.6976/0.8035  (12.9s)
  [F2 E 10/30] Train 0.1590/0.9539  Val 0.7301/0.8070  (13.9s)
  [F2 E 11/30] Train 0.1378/0.9591  Val 0.7893/0.7940  (12.9s)
  [F2 E 12/30] Train 0.1093/0.9691  Val 0.6146/0.8400  (12.0s)
  [F2 E 13/30] Train 0.0808/0.9764  Val 0.6840/0.8325  (13.8s)
  [F2 E 14/30] Train 0.0620/0.9824  Val 0.5833/0.8545  (12.6s)
  [F2 E 15/30] Train 0.0469/0.9872  Val 0.6551/0.8465  (12.2s)
  [F2 E 16/30] Train 0.0360/0.9917  Val 0.6323/0.8545  (13.2s)
  [F2 E 17/30] Train 0.0402/0.9896  Val 0.5456/0.8730  (12.5s)
  [F2 E 18/30] Train 0.0371/0.9917  Val 0.6359/0.8450  (13.8s)
  [F2 E 19/30] Train 0.0270/0.9939  Val 0.5791/0.8645  (12.8s)
  [F2 E 20/30] Train 0.0304/0.9909  Val 0.5954/0.8620  (12.7s)
  [F2 E 21/30] Train 0.0259/0.9937  Val 0.5961/0.8650  (11.9s)
  [F2 E 22/30] Train 0.0163/0.9974  Val 0.5724/0.8760  (12.0s)
  [F2 E 23/30] Train 0.0096/0.9987  Val 0.5577/0.8740  (14.1s)
  [F2 E 24/30] Train 0.0074/0.9994  Val 0.5634/0.8730  (12.9s)
  [F2 E 25/30] Train 0.0058/0.9994  Val 0.5503/0.8785  (12.7s)
  [F2 E 26/30] Train 0.0047/0.9998  Val 0.5512/0.8775  (12.1s)
  [F2 E 27/30] Train 0.0051/0.9992  Val 0.5550/0.8795  (13.2s)
  [F2 E 28/30] Train 0.0044/0.9997  Val 0.5645/0.8800  (12.4s)
  [F2 E 29/30] Train 0.0038/0.9997  Val 0.5690/0.8740  (12.6s)
  [F2 E 30/30] Train 0.0043/0.9998  Val 0.5573/0.8740  (13.4s)
  Fold 2 done — best val acc: 0.8800  (6m 22s)

============================================================
  Fold 3/4
============================================================
  Train: 6180, Val: 2000, Test: 2000
  resnet34 + CBAM  injected=9 modules
  [F3 E  1/30] Train 3.9511/0.0811  Val 3.7494/0.0825  (10.8s)
  [F3 E  2/30] Train 3.6213/0.1319  Val 3.5090/0.1390  (11.4s)
  [F3 E  3/30] Train 3.3884/0.1803  Val 3.3346/0.1890  (9.8s)
  [F3 E  4/30] Train 3.2133/0.2214  Val 3.1904/0.2405  (10.8s)
  [F3 E  5/30] Train 3.0630/0.2547  Val 3.0588/0.2440  (10.3s)
  [Epoch 6] Backbone unfreeze (lr=1e-04)
  [F3 E  6/30] Train 1.6332/0.5539  Val 1.1745/0.6480  (12.7s)
  [F3 E  7/30] Train 0.7093/0.7841  Val 0.9025/0.7320  (12.7s)
  [F3 E  8/30] Train 0.4130/0.8696  Val 0.7778/0.7700  (12.8s)
  [F3 E  9/30] Train 0.2737/0.9144  Val 0.7462/0.7965  (12.7s)
  [F3 E 10/30] Train 0.1888/0.9392  Val 0.7113/0.8015  (12.7s)
  [F3 E 11/30] Train 0.1503/0.9515  Val 0.7297/0.7925  (12.9s)
  [F3 E 12/30] Train 0.1423/0.9568  Val 0.6727/0.8280  (13.2s)
  [F3 E 13/30] Train 0.0944/0.9728  Val 0.6265/0.8330  (12.4s)
  [F3 E 14/30] Train 0.0709/0.9807  Val 0.6038/0.8385  (13.0s)
  [F3 E 15/30] Train 0.0565/0.9837  Val 0.6185/0.8400  (13.6s)
  [F3 E 16/30] Train 0.0651/0.9820  Val 0.6206/0.8415  (13.8s)
  [F3 E 17/30] Train 0.0390/0.9903  Val 0.6269/0.8470  (13.5s)
  [F3 E 18/30] Train 0.0226/0.9948  Val 0.5976/0.8575  (12.2s)
  [F3 E 19/30] Train 0.0212/0.9945  Val 0.5566/0.8695  (11.7s)
  [F3 E 20/30] Train 0.0134/0.9976  Val 0.5795/0.8660  (13.1s)
  [F3 E 21/30] Train 0.0224/0.9942  Val 0.5680/0.8610  (13.6s)
  [F3 E 22/30] Train 0.0131/0.9977  Val 0.5744/0.8625  (13.6s)
  [F3 E 23/30] Train 0.0078/0.9987  Val 0.5678/0.8635  (14.2s)
  [F3 E 24/30] Train 0.0076/0.9987  Val 0.5541/0.8665  (13.9s)
  [F3 E 25/30] Train 0.0066/0.9995  Val 0.5598/0.8640  (13.1s)
  [F3 E 26/30] Train 0.0054/0.9992  Val 0.5604/0.8635  (14.2s)
  [F3 E 27/30] Train 0.0059/0.9987  Val 0.5566/0.8670  (13.8s)
  [F3 E 28/30] Train 0.0058/0.9992  Val 0.5588/0.8680  (13.5s)
  [F3 E 29/30] Train 0.0056/0.9990  Val 0.5533/0.8665  (14.2s)
  [F3 E 30/30] Train 0.0061/0.9987  Val 0.5508/0.8690  (14.1s)
  Fold 3 done — best val acc: 0.8695  (6m 27s)

============================================================
  Fold 4/4
============================================================
  Train: 6180, Val: 2000, Test: 2000
  resnet34 + CBAM  injected=9 modules
  [F4 E  1/30] Train 3.8881/0.0911  Val 3.5995/0.1235  (14.2s)
  [F4 E  2/30] Train 3.4537/0.1617  Val 3.2846/0.2110  (13.6s)
  [F4 E  3/30] Train 3.1665/0.2369  Val 3.0690/0.2385  (12.6s)
  [F4 E  4/30] Train 2.9528/0.2835  Val 2.9128/0.3050  (13.2s)
  [F4 E  5/30] Train 2.7860/0.3265  Val 2.7869/0.3390  (13.6s)
  [Epoch 6] Backbone unfreeze (lr=1e-04)
  [F4 E  6/30] Train 1.4623/0.5890  Val 1.0824/0.6685  (13.5s)
  [F4 E  7/30] Train 0.6245/0.8176  Val 0.7993/0.7585  (12.9s)
  [F4 E  8/30] Train 0.3845/0.8871  Val 0.7276/0.7780  (13.9s)
  [F4 E  9/30] Train 0.2728/0.9160  Val 0.6856/0.7905  (13.6s)
  [F4 E 10/30] Train 0.1580/0.9539  Val 0.6487/0.8090  (13.3s)
  [F4 E 11/30] Train 0.1533/0.9508  Val 0.7495/0.7935  (12.8s)
  [F4 E 12/30] Train 0.1157/0.9631  Val 0.6561/0.8295  (13.2s)
  [F4 E 13/30] Train 0.0778/0.9778  Val 0.7262/0.8155  (12.6s)
  [F4 E 14/30] Train 0.0598/0.9830  Val 0.5660/0.8440  (12.6s)
  [F4 E 15/30] Train 0.0591/0.9819  Val 0.6396/0.8365  (14.0s)
  [F4 E 16/30] Train 0.0396/0.9895  Val 0.5721/0.8505  (13.2s)
  [F4 E 17/30] Train 0.0313/0.9922  Val 0.5434/0.8595  (13.5s)
  [F4 E 18/30] Train 0.0212/0.9950  Val 0.5450/0.8635  (13.0s)
  [F4 E 19/30] Train 0.0142/0.9969  Val 0.6202/0.8565  (13.3s)
  [F4 E 20/30] Train 0.0115/0.9976  Val 0.5260/0.8640  (13.4s)
  [F4 E 21/30] Train 0.0086/0.9989  Val 0.5381/0.8630  (13.7s)
  [F4 E 22/30] Train 0.0094/0.9985  Val 0.5929/0.8630  (13.7s)
  [F4 E 23/30] Train 0.0076/0.9992  Val 0.5567/0.8655  (12.7s)
  [F4 E 24/30] Train 0.0061/0.9998  Val 0.5411/0.8720  (13.3s)
  [F4 E 25/30] Train 0.0056/0.9989  Val 0.5194/0.8790  (13.2s)
  [F4 E 26/30] Train 0.0052/0.9997  Val 0.5288/0.8720  (13.3s)
  [F4 E 27/30] Train 0.0043/0.9992  Val 0.5195/0.8755  (13.4s)
  [F4 E 28/30] Train 0.0045/0.9995  Val 0.5201/0.8750  (13.0s)
  [F4 E 29/30] Train 0.0033/0.9998  Val 0.5286/0.8735  (13.4s)
  [F4 E 30/30] Train 0.0032/0.9998  Val 0.5356/0.8685  (13.9s)
  Fold 4 done — best val acc: 0.8790  (6m 42s)

============================================================
  Ensemble — Weighted Soft Voting
  Fold val accs: ['0.8970', '0.8800', '0.8695', '0.8790']
  Weights      : ['0.2544', '0.2496', '0.2466', '0.2493']
============================================================
  resnet34 + CBAM  injected=9 modules
  resnet34 + CBAM  injected=9 modules
  resnet34 + CBAM  injected=9 modules
  resnet34 + CBAM  injected=9 modules
Ensemble Test Acc : 0.8955
Class-Norm Acc    : 0.8796
History → /home/work/AIPJ/EF2039_Introduction_to_AI_Programming_Project_1/experiment_2/history_resnet34_cbam_tuning_family_bs32_lr0.001_optadam.csv
Curve → /home/work/AIPJ/EF2039_Introduction_to_AI_Programming_Project_1/experiment_2/curve_resnet34_cbam_tuning_family_bs32_lr0.001_optadam.png
Confusion → /home/work/AIPJ/EF2039_Introduction_to_AI_Programming_Project_1/experiment_2/confusion_resnet34_cbam_tuning_family_bs32_lr0.001_optadam.png
Class-wise → /home/work/AIPJ/EF2039_Introduction_to_AI_Programming_Project_1/experiment_2/classwise_resnet34_cbam_tuning_family_bs32_lr0.001_optadam.csv
Predictions → /home/work/AIPJ/EF2039_Introduction_to_AI_Programming_Project_1/experiment_2/predictions_resnet34_cbam_tuning_family_bs32_lr0.001_optadam.csv
Results → /home/work/AIPJ/EF2039_Introduction_to_AI_Programming_Project_1/experiment_2/results_all.csv
