===== Input Arguments =====
  model         : resnet34
  attn          : none
  tuning        : False
  use_excluded  : False
  use_added     : False
  folds         : 4
  epochs        : 30
  batch_size    : 32
  lr            : 0.001
  optimizer     : adamw
  weight_decay  : 0.001
  label_smoothing: 0.0
  label         : family
  crop_bbox     : True
  seed          : 42
  save_csv      : results_all.csv
  outdir        : /home/work/AIPJ/EF2039_Introduction_to_AI_Programming_Project_1/experiment_weight_decay
  added_repeat  : 1
===========================
Device: cuda  |  AMP: True  |  Workers: 22
Label: family  |  Classes: 70
Mode: excl=False, added=False  |  Original: 10000, Added(train-only): 0 ×1 = 0
Test set isolated: 2000 samples (20%, seed=42)
Train+Val pool   : 8000 samples → 4-fold CV

============================================================
  Fold 1/4
============================================================
  Train: 6000, Val: 2000, Test: 2000
  resnet34 (no attention)
  [F1 E  1/30] Train 3.8590/0.1010  Val 3.3500/0.1845  (10.0s)
  [F1 E  2/30] Train 3.1801/0.2150  Val 3.0109/0.2450  (8.9s)
  [F1 E  3/30] Train 2.8719/0.2865  Val 2.8040/0.2815  (8.8s)
  [F1 E  4/30] Train 2.6861/0.3127  Val 2.6788/0.3140  (9.1s)
  [F1 E  5/30] Train 2.5182/0.3542  Val 2.5781/0.3250  (9.0s)
  [Epoch 6] Backbone unfreeze (lr=1e-04)
  [F1 E  6/30] Train 1.5799/0.5475  Val 1.0990/0.6580  (9.7s)
  [F1 E  7/30] Train 0.7119/0.7888  Val 0.8214/0.7485  (10.0s)
  [F1 E  8/30] Train 0.3892/0.8852  Val 0.7078/0.7900  (10.4s)
  [F1 E  9/30] Train 0.2377/0.9307  Val 0.6656/0.8070  (10.3s)
  [F1 E 10/30] Train 0.1542/0.9573  Val 0.7907/0.7890  (10.1s)
  [F1 E 11/30] Train 0.1071/0.9702  Val 0.5999/0.8285  (10.1s)
  [F1 E 12/30] Train 0.0727/0.9813  Val 0.6536/0.8290  (10.0s)
  [F1 E 13/30] Train 0.0547/0.9870  Val 0.6683/0.8280  (10.3s)
  [F1 E 14/30] Train 0.0459/0.9885  Val 0.6031/0.8455  (9.9s)
  [F1 E 15/30] Train 0.0419/0.9887  Val 0.6434/0.8425  (10.1s)
  [F1 E 16/30] Train 0.0240/0.9952  Val 0.5792/0.8530  (10.1s)
  [F1 E 17/30] Train 0.0178/0.9963  Val 0.5542/0.8590  (10.3s)
  [F1 E 18/30] Train 0.0107/0.9977  Val 0.5678/0.8670  (9.9s)
  [F1 E 19/30] Train 0.0057/0.9997  Val 0.5305/0.8760  (9.2s)
  [F1 E 20/30] Train 0.0049/0.9995  Val 0.5327/0.8750  (9.2s)
  [F1 E 21/30] Train 0.0032/1.0000  Val 0.5326/0.8710  (9.6s)
  [F1 E 22/30] Train 0.0026/0.9998  Val 0.5246/0.8740  (9.3s)
  [F1 E 23/30] Train 0.0026/0.9997  Val 0.5172/0.8740  (9.6s)
  [F1 E 24/30] Train 0.0033/0.9997  Val 0.5200/0.8790  (9.1s)
  [F1 E 25/30] Train 0.0036/0.9992  Val 0.5335/0.8745  (9.6s)
  [F1 E 26/30] Train 0.0023/1.0000  Val 0.5182/0.8780  (9.7s)
