===== Input Arguments =====
  model         : resnet34
  attn          : none
  tuning        : False
  use_excluded  : False
  use_added     : False
  folds         : 4
  epochs        : 30
  batch_size    : 32
  lr            : 0.001
  optimizer     : adamw
  weight_decay  : 0.01
  label_smoothing: 0.0
  label         : family
  crop_bbox     : True
  seed          : 42
  save_csv      : results_all.csv
  outdir        : /home/work/AIPJ/EF2039_Introduction_to_AI_Programming_Project_1/experiment_weight_decay
  added_repeat  : 1
===========================
Device: cuda  |  AMP: True  |  Workers: 22
Label: family  |  Classes: 70
Mode: excl=False, added=False  |  Original: 10000, Added(train-only): 0 ×1 = 0
Test set isolated: 2000 samples (20%, seed=42)
Train+Val pool   : 8000 samples → 4-fold CV

============================================================
  Fold 1/4
============================================================
  Train: 6000, Val: 2000, Test: 2000
  resnet34 (no attention)
  [F1 E  1/30] Train 3.8541/0.1103  Val 3.3536/0.1745  (9.9s)
  [F1 E  2/30] Train 3.1990/0.2137  Val 2.9942/0.2490  (8.9s)
  [F1 E  3/30] Train 2.8723/0.2828  Val 2.8019/0.2855  (9.0s)
  [F1 E  4/30] Train 2.6842/0.3250  Val 2.6712/0.3105  (8.9s)
  [F1 E  5/30] Train 2.5375/0.3533  Val 2.5901/0.3275  (8.7s)
  [Epoch 6] Backbone unfreeze (lr=1e-04)
  [F1 E  6/30] Train 1.6040/0.5320  Val 1.1117/0.6475  (9.1s)
  [F1 E  7/30] Train 0.6999/0.7915  Val 0.8127/0.7510  (9.3s)
  [F1 E  8/30] Train 0.3794/0.8927  Val 0.7716/0.7655  (9.4s)
  [F1 E  9/30] Train 0.2472/0.9262  Val 0.7587/0.7815  (9.8s)
  [F1 E 10/30] Train 0.1521/0.9568  Val 0.6375/0.8200  (9.4s)
  [F1 E 11/30] Train 0.1155/0.9660  Val 0.6889/0.8110  (9.3s)
  [F1 E 12/30] Train 0.0732/0.9825  Val 0.5722/0.8475  (9.3s)
  [F1 E 13/30] Train 0.0524/0.9875  Val 0.6286/0.8365  (9.1s)
  [F1 E 14/30] Train 0.0328/0.9932  Val 0.5856/0.8505  (9.6s)
  [F1 E 15/30] Train 0.0414/0.9890  Val 0.6317/0.8420  (9.1s)
  [F1 E 16/30] Train 0.0230/0.9957  Val 0.5768/0.8555  (9.5s)
  [F1 E 17/30] Train 0.0207/0.9958  Val 0.6321/0.8465  (9.6s)
  [F1 E 18/30] Train 0.0132/0.9980  Val 0.5981/0.8560  (9.6s)
  [F1 E 19/30] Train 0.0090/0.9985  Val 0.5539/0.8680  (9.0s)
  [F1 E 20/30] Train 0.0103/0.9978  Val 0.5748/0.8590  (9.1s)
  [F1 E 21/30] Train 0.0059/0.9990  Val 0.5471/0.8720  (9.6s)
  [F1 E 22/30] Train 0.0040/0.9998  Val 0.5568/0.8690  (10.0s)
  [F1 E 23/30] Train 0.0037/0.9993  Val 0.5497/0.8655  (9.9s)
  [F1 E 24/30] Train 0.0027/0.9998  Val 0.5429/0.8705  (9.5s)
  [F1 E 25/30] Train 0.0021/1.0000  Val 0.5437/0.8695  (9.5s)
  [F1 E 26/30] Train 0.0023/0.9998  Val 0.5428/0.8695  (10.1s)
  [F1 E 27/30] Train 0.0021/1.0000  Val 0.5370/0.8690  (10.2s)
  [F1 E 28/30] Train 0.0019/1.0000  Val 0.5347/0.8705  (9.6s)
  [F1 E 29/30] Train 0.0017/1.0000  Val 0.5343/0.8695  (9.0s)
  [F1 E 30/30] Train 0.0016/1.0000  Val 0.5392/0.8690  (9.4s)
  Fold 1 done — best val acc: 0.8720  (4m 44s)

============================================================
  Fold 2/4
============================================================
  Train: 6000, Val: 2000, Test: 2000
  resnet34 (no attention)
  [F2 E  1/30] Train 3.8472/0.1002  Val 3.4116/0.1635  (9.5s)
  [F2 E  2/30] Train 3.1889/0.2172  Val 3.0223/0.2615  (9.3s)
  [F2 E  3/30] Train 2.8628/0.2875  Val 2.8128/0.2920  (8.5s)
  [F2 E  4/30] Train 2.6632/0.3207  Val 2.6669/0.3365  (8.3s)
  [F2 E  5/30] Train 2.5219/0.3478  Val 2.6332/0.3260  (8.3s)
  [Epoch 6] Backbone unfreeze (lr=1e-04)
  [F2 E  6/30] Train 1.5659/0.5450  Val 1.1824/0.6485  (9.2s)
  [F2 E  7/30] Train 0.6804/0.7992  Val 0.9190/0.7310  (9.2s)
  [F2 E  8/30] Train 0.3695/0.8895  Val 0.7401/0.7905  (9.1s)
  [F2 E  9/30] Train 0.2218/0.9320  Val 0.7712/0.7950  (8.9s)
  [F2 E 10/30] Train 0.1570/0.9535  Val 0.7278/0.8055  (9.1s)
  [F2 E 11/30] Train 0.0990/0.9742  Val 0.6900/0.8225  (9.2s)
  [F2 E 12/30] Train 0.0818/0.9783  Val 0.7042/0.8280  (8.9s)
  [F2 E 13/30] Train 0.0621/0.9842  Val 0.6605/0.8355  (9.0s)
  [F2 E 14/30] Train 0.0372/0.9913  Val 0.6718/0.8390  (9.2s)
  [F2 E 15/30] Train 0.0415/0.9900  Val 0.6328/0.8510  (8.8s)
  [F2 E 16/30] Train 0.0238/0.9953  Val 0.6578/0.8410  (9.4s)
  [F2 E 17/30] Train 0.0211/0.9950  Val 0.5984/0.8610  (8.9s)
  [F2 E 18/30] Train 0.0089/0.9997  Val 0.5594/0.8675  (9.2s)
  [F2 E 19/30] Train 0.0074/0.9990  Val 0.5359/0.8765  (9.1s)
  [F2 E 20/30] Train 0.0071/0.9993  Val 0.5445/0.8785  (9.5s)
  [F2 E 21/30] Train 0.0042/0.9995  Val 0.5392/0.8770  (9.0s)
  [F2 E 22/30] Train 0.0034/0.9998  Val 0.5475/0.8760  (9.0s)
  [F2 E 23/30] Train 0.0028/0.9997  Val 0.5494/0.8755  (9.4s)
  [F2 E 24/30] Train 0.0023/1.0000  Val 0.5358/0.8810  (9.3s)
  [F2 E 25/30] Train 0.0017/1.0000  Val 0.5298/0.8835  (9.1s)
  [F2 E 26/30] Train 0.0016/1.0000  Val 0.5334/0.8855  (9.1s)
  [F2 E 27/30] Train 0.0016/1.0000  Val 0.5307/0.8840  (9.1s)
  [F2 E 28/30] Train 0.0017/0.9998  Val 0.5322/0.8840  (9.5s)
  [F2 E 29/30] Train 0.0014/1.0000  Val 0.5332/0.8810  (9.1s)
  [F2 E 30/30] Train 0.0015/0.9998  Val 0.5336/0.8830  (9.0s)
  Fold 2 done — best val acc: 0.8855  (4m 34s)

============================================================
  Fold 3/4
============================================================
  Train: 6000, Val: 2000, Test: 2000
  resnet34 (no attention)
  [F3 E  1/30] Train 3.8610/0.1057  Val 3.3692/0.1610  (10.5s)
  [F3 E  2/30] Train 3.1970/0.2155  Val 3.0316/0.2255  (9.5s)
  [F3 E  3/30] Train 2.8581/0.2768  Val 2.7723/0.2925  (9.7s)
  [F3 E  4/30] Train 2.6636/0.3225  Val 2.7046/0.2980  (9.4s)
  [F3 E  5/30] Train 2.5058/0.3477  Val 2.5858/0.3265  (8.8s)
  [Epoch 6] Backbone unfreeze (lr=1e-04)
  [F3 E  6/30] Train 1.5713/0.5565  Val 1.2268/0.6300  (9.6s)
  [F3 E  7/30] Train 0.6986/0.7932  Val 0.9038/0.7205  (9.5s)
  [F3 E  8/30] Train 0.3713/0.8928  Val 0.7837/0.7610  (9.9s)
  [F3 E  9/30] Train 0.2317/0.9328  Val 0.6977/0.7965  (9.8s)
  [F3 E 10/30] Train 0.1234/0.9687  Val 0.7424/0.7995  (9.6s)
  [F3 E 11/30] Train 0.0960/0.9747  Val 0.6777/0.8165  (10.0s)
  [F3 E 12/30] Train 0.0812/0.9797  Val 0.7048/0.8130  (10.4s)
  [F3 E 13/30] Train 0.0651/0.9840  Val 0.6581/0.8380  (10.3s)
  [F3 E 14/30] Train 0.0407/0.9905  Val 0.6922/0.8325  (10.1s)
  [F3 E 15/30] Train 0.0306/0.9933  Val 0.6282/0.8450  (10.4s)
  [F3 E 16/30] Train 0.0214/0.9957  Val 0.6534/0.8405  (10.3s)
  [F3 E 17/30] Train 0.0135/0.9973  Val 0.6311/0.8475  (10.7s)
  [F3 E 18/30] Train 0.0117/0.9978  Val 0.6632/0.8395  (9.8s)
  [F3 E 19/30] Train 0.0199/0.9953  Val 0.6092/0.8485  (9.9s)
  [F3 E 20/30] Train 0.0114/0.9983  Val 0.6315/0.8540  (9.6s)
  [F3 E 21/30] Train 0.0074/0.9990  Val 0.6091/0.8535  (9.9s)
  [F3 E 22/30] Train 0.0068/0.9988  Val 0.5671/0.8640  (9.6s)
  [F3 E 23/30] Train 0.0030/0.9997  Val 0.5634/0.8670  (9.8s)
  [F3 E 24/30] Train 0.0021/1.0000  Val 0.5475/0.8710  (9.4s)
  [F3 E 25/30] Train 0.0019/1.0000  Val 0.5541/0.8730  (9.7s)
  [F3 E 26/30] Train 0.0022/0.9995  Val 0.5653/0.8630  (9.6s)
  [F3 E 27/30] Train 0.0017/1.0000  Val 0.5579/0.8680  (9.7s)
  [F3 E 28/30] Train 0.0019/1.0000  Val 0.5528/0.8720  (9.7s)
  [F3 E 29/30] Train 0.0017/0.9998  Val 0.5505/0.8735  (9.6s)
  [F3 E 30/30] Train 0.0016/1.0000  Val 0.5531/0.8680  (10.2s)
  Fold 3 done — best val acc: 0.8735  (4m 58s)

============================================================
  Fold 4/4
============================================================
  Train: 6000, Val: 2000, Test: 2000
  resnet34 (no attention)
  [F4 E  1/30] Train 3.8274/0.1127  Val 3.4092/0.1595  (10.6s)
  [F4 E  2/30] Train 3.1723/0.2205  Val 3.0430/0.2410  (9.0s)
  [F4 E  3/30] Train 2.8626/0.2858  Val 2.8489/0.2660  (9.1s)
  [F4 E  4/30] Train 2.6488/0.3282  Val 2.7596/0.2935  (9.1s)
  [F4 E  5/30] Train 2.5148/0.3478  Val 2.6199/0.3255  (9.3s)
  [Epoch 6] Backbone unfreeze (lr=1e-04)
  [F4 E  6/30] Train 1.5500/0.5552  Val 1.0862/0.6750  (9.8s)
  [F4 E  7/30] Train 0.6789/0.7965  Val 0.8147/0.7580  (9.9s)
  [F4 E  8/30] Train 0.3649/0.8898  Val 0.7692/0.7800  (10.5s)
  [F4 E  9/30] Train 0.2241/0.9352  Val 0.6881/0.8035  (10.4s)
  [F4 E 10/30] Train 0.1362/0.9617  Val 0.6705/0.8215  (9.9s)
  [F4 E 11/30] Train 0.0995/0.9717  Val 0.7061/0.8185  (10.1s)
  [F4 E 12/30] Train 0.0757/0.9798  Val 0.6942/0.8275  (10.2s)
  [F4 E 13/30] Train 0.0717/0.9813  Val 0.6624/0.8340  (10.1s)
  [F4 E 14/30] Train 0.0434/0.9893  Val 0.7443/0.8130  (10.2s)
  [F4 E 15/30] Train 0.0311/0.9947  Val 0.6157/0.8560  (9.9s)
  [F4 E 16/30] Train 0.0238/0.9948  Val 0.6399/0.8525  (9.6s)
  [F4 E 17/30] Train 0.0212/0.9950  Val 0.6071/0.8560  (9.5s)
  [F4 E 18/30] Train 0.0121/0.9973  Val 0.6012/0.8630  (10.1s)
  [F4 E 19/30] Train 0.0128/0.9973  Val 0.5797/0.8610  (10.0s)
  [F4 E 20/30] Train 0.0099/0.9978  Val 0.5821/0.8670  (9.7s)
  [F4 E 21/30] Train 0.0068/0.9990  Val 0.5798/0.8680  (9.8s)
  [F4 E 22/30] Train 0.0043/0.9997  Val 0.5517/0.8725  (9.9s)
  [F4 E 23/30] Train 0.0030/1.0000  Val 0.5619/0.8725  (9.6s)
  [F4 E 24/30] Train 0.0032/0.9997  Val 0.5629/0.8710  (9.8s)
  [F4 E 25/30] Train 0.0019/1.0000  Val 0.5634/0.8710  (9.5s)
  [F4 E 26/30] Train 0.0021/0.9998  Val 0.5575/0.8760  (9.6s)
  [F4 E 27/30] Train 0.0020/0.9998  Val 0.5607/0.8740  (9.9s)
  [F4 E 28/30] Train 0.0017/1.0000  Val 0.5540/0.8765  (9.9s)
  [F4 E 29/30] Train 0.0017/0.9998  Val 0.5508/0.8770  (9.7s)
  [F4 E 30/30] Train 0.0018/0.9998  Val 0.5548/0.8770  (9.9s)
  Fold 4 done — best val acc: 0.8770  (4m 57s)

============================================================
  Ensemble — Weighted Soft Voting
  Fold val accs: ['0.8720', '0.8855', '0.8735', '0.8770']
  Weights      : ['0.2486', '0.2524', '0.2490', '0.2500']
============================================================
  resnet34 (no attention)
  resnet34 (no attention)
  resnet34 (no attention)
  resnet34 (no attention)
Ensemble Test Acc : 0.8890
Class-Norm Acc    : 0.8744
History → /home/work/AIPJ/EF2039_Introduction_to_AI_Programming_Project_1/experiment_weight_decay/history_resnet34_noattn_vanilla_family_lr0.001_optadamw_wd0.01.csv
Curve → /home/work/AIPJ/EF2039_Introduction_to_AI_Programming_Project_1/experiment_weight_decay/curve_resnet34_noattn_vanilla_family_lr0.001_optadamw_wd0.01.png
Confusion → /home/work/AIPJ/EF2039_Introduction_to_AI_Programming_Project_1/experiment_weight_decay/confusion_resnet34_noattn_vanilla_family_lr0.001_optadamw_wd0.01.png
Class-wise → /home/work/AIPJ/EF2039_Introduction_to_AI_Programming_Project_1/experiment_weight_decay/classwise_resnet34_noattn_vanilla_family_lr0.001_optadamw_wd0.01.csv
Predictions → /home/work/AIPJ/EF2039_Introduction_to_AI_Programming_Project_1/experiment_weight_decay/predictions_resnet34_noattn_vanilla_family_lr0.001_optadamw_wd0.01.csv
Results → /home/work/AIPJ/EF2039_Introduction_to_AI_Programming_Project_1/experiment_weight_decay/results_all.csv
