===== Input Arguments =====
  model         : resnet34
  attn          : none
  tuning        : False
  use_excluded  : False
  use_added     : False
  folds         : 4
  epochs        : 30
  batch_size    : 32
  lr            : 0.001
  optimizer     : adamw
  weight_decay  : 0.05
  label_smoothing: 0.0
  label         : family
  crop_bbox     : True
  seed          : 42
  save_csv      : results_all.csv
  outdir        : /home/work/AIPJ/EF2039_Introduction_to_AI_Programming_Project_1/experiment_weight_decay
  added_repeat  : 1
===========================
Device: cuda  |  AMP: True  |  Workers: 22
Label: family  |  Classes: 70
Mode: excl=False, added=False  |  Original: 10000, Added(train-only): 0 ×1 = 0
Test set isolated: 2000 samples (20%, seed=42)
Train+Val pool   : 8000 samples → 4-fold CV

============================================================
  Fold 1/4
============================================================
  Train: 6000, Val: 2000, Test: 2000
  resnet34 (no attention)
  [F1 E  1/30] Train 3.8576/0.1048  Val 3.3872/0.1540  (10.2s)
  [F1 E  2/30] Train 3.1836/0.2233  Val 2.9936/0.2395  (9.2s)
  [F1 E  3/30] Train 2.8895/0.2833  Val 2.7846/0.2770  (9.0s)
  [F1 E  4/30] Train 2.6676/0.3282  Val 2.7057/0.3135  (9.3s)
  [F1 E  5/30] Train 2.5427/0.3458  Val 2.6644/0.3100  (9.0s)
  [Epoch 6] Backbone unfreeze (lr=1e-04)
  [F1 E  6/30] Train 1.5980/0.5373  Val 1.0927/0.6660  (9.6s)
  [F1 E  7/30] Train 0.6913/0.7947  Val 0.8265/0.7510  (9.8s)
  [F1 E  8/30] Train 0.3788/0.8923  Val 0.6863/0.8060  (10.2s)
  [F1 E  9/30] Train 0.2378/0.9353  Val 0.6373/0.8150  (9.6s)
  [F1 E 10/30] Train 0.1430/0.9612  Val 0.7671/0.7890  (9.4s)
  [F1 E 11/30] Train 0.1067/0.9713  Val 0.6287/0.8340  (9.7s)
  [F1 E 12/30] Train 0.0894/0.9757  Val 0.6705/0.8285  (10.0s)
  [F1 E 13/30] Train 0.0587/0.9852  Val 0.6820/0.8230  (9.5s)
  [F1 E 14/30] Train 0.0590/0.9857  Val 0.6471/0.8300  (9.7s)
  [F1 E 15/30] Train 0.0321/0.9932  Val 0.5741/0.8490  (9.7s)
  [F1 E 16/30] Train 0.0214/0.9953  Val 0.5648/0.8545  (10.2s)
  [F1 E 17/30] Train 0.0198/0.9955  Val 0.5458/0.8625  (9.7s)
  [F1 E 18/30] Train 0.0153/0.9967  Val 0.6089/0.8535  (9.4s)
  [F1 E 19/30] Train 0.0078/0.9993  Val 0.5297/0.8670  (9.3s)
  [F1 E 20/30] Train 0.0042/1.0000  Val 0.5258/0.8680  (9.6s)
  [F1 E 21/30] Train 0.0032/1.0000  Val 0.5099/0.8705  (9.8s)
  [F1 E 22/30] Train 0.0029/1.0000  Val 0.5213/0.8725  (9.6s)
  [F1 E 23/30] Train 0.0026/1.0000  Val 0.5047/0.8740  (9.7s)
  [F1 E 24/30] Train 0.0027/1.0000  Val 0.5061/0.8725  (9.3s)
  [F1 E 25/30] Train 0.0024/0.9998  Val 0.5170/0.8660  (10.0s)
  [F1 E 26/30] Train 0.0026/0.9997  Val 0.5054/0.8655  (9.5s)
  [F1 E 27/30] Train 0.0023/0.9998  Val 0.5099/0.8695  (9.4s)
  [F1 E 28/30] Train 0.0019/1.0000  Val 0.5074/0.8670  (9.4s)
  [F1 E 29/30] Train 0.0018/1.0000  Val 0.5072/0.8720  (9.8s)
  [F1 E 30/30] Train 0.0018/1.0000  Val 0.5065/0.8715  (9.7s)
  Fold 1 done — best val acc: 0.8740  (4m 50s)

============================================================
  Fold 2/4
============================================================
  Train: 6000, Val: 2000, Test: 2000
  resnet34 (no attention)
  [F2 E  1/30] Train 3.8632/0.1025  Val 3.3660/0.1960  (10.2s)
  [F2 E  2/30] Train 3.1974/0.2208  Val 3.0184/0.2600  (9.4s)
  [F2 E  3/30] Train 2.8665/0.2787  Val 2.8012/0.3060  (9.8s)
  [F2 E  4/30] Train 2.6769/0.3137  Val 2.7165/0.3165  (9.5s)
  [F2 E  5/30] Train 2.5350/0.3448  Val 2.6378/0.3245  (9.3s)
  [Epoch 6] Backbone unfreeze (lr=1e-04)
  [F2 E  6/30] Train 1.5723/0.5468  Val 1.2005/0.6465  (9.8s)
  [F2 E  7/30] Train 0.6824/0.8003  Val 0.8583/0.7530  (9.5s)
  [F2 E  8/30] Train 0.3733/0.8915  Val 0.7549/0.7895  (10.3s)
  [F2 E  9/30] Train 0.2102/0.9428  Val 0.6538/0.8275  (9.5s)
  [F2 E 10/30] Train 0.1333/0.9643  Val 0.6613/0.8220  (9.8s)
  [F2 E 11/30] Train 0.1012/0.9725  Val 0.6731/0.8220  (9.8s)
  [F2 E 12/30] Train 0.0929/0.9767  Val 0.6383/0.8285  (9.8s)
  [F2 E 13/30] Train 0.0578/0.9833  Val 0.7163/0.8215  (9.8s)
  [F2 E 14/30] Train 0.0429/0.9913  Val 0.6315/0.8445  (9.2s)
  [F2 E 15/30] Train 0.0349/0.9928  Val 0.6854/0.8265  (9.9s)
  [F2 E 16/30] Train 0.0348/0.9915  Val 0.6116/0.8545  (10.3s)
  [F2 E 17/30] Train 0.0168/0.9978  Val 0.5752/0.8650  (9.5s)
  [F2 E 18/30] Train 0.0114/0.9982  Val 0.5627/0.8630  (10.1s)
  [F2 E 19/30] Train 0.0105/0.9983  Val 0.5735/0.8625  (9.6s)
  [F2 E 20/30] Train 0.0071/0.9990  Val 0.5414/0.8685  (9.7s)
  [F2 E 21/30] Train 0.0056/0.9997  Val 0.5226/0.8750  (9.8s)
  [F2 E 22/30] Train 0.0049/0.9998  Val 0.5291/0.8745  (9.8s)
  [F2 E 23/30] Train 0.0036/0.9997  Val 0.5329/0.8720  (9.5s)
  [F2 E 24/30] Train 0.0024/1.0000  Val 0.5123/0.8780  (9.6s)
  [F2 E 25/30] Train 0.0026/0.9998  Val 0.5129/0.8800  (9.9s)
  [F2 E 26/30] Train 0.0022/0.9998  Val 0.5053/0.8815  (9.8s)
  [F2 E 27/30] Train 0.0019/1.0000  Val 0.5093/0.8790  (9.7s)
  [F2 E 28/30] Train 0.0019/1.0000  Val 0.5085/0.8840  (10.0s)
  [F2 E 29/30] Train 0.0019/1.0000  Val 0.5111/0.8805  (9.6s)
  [F2 E 30/30] Train 0.0020/0.9998  Val 0.5112/0.8800  (9.6s)
  Fold 2 done — best val acc: 0.8840  (4m 54s)

============================================================
  Fold 3/4
============================================================
  Train: 6000, Val: 2000, Test: 2000
  resnet34 (no attention)
  [F3 E  1/30] Train 3.8393/0.1060  Val 3.4150/0.1560  (9.8s)
  [F3 E  2/30] Train 3.2029/0.2143  Val 2.9957/0.2645  (9.4s)
  [F3 E  3/30] Train 2.8800/0.2820  Val 2.7967/0.2955  (8.8s)
  [F3 E  4/30] Train 2.6827/0.3205  Val 2.6900/0.3035  (9.4s)
  [F3 E  5/30] Train 2.5496/0.3457  Val 2.6237/0.3085  (8.9s)
  [Epoch 6] Backbone unfreeze (lr=1e-04)
  [F3 E  6/30] Train 1.6114/0.5340  Val 1.1374/0.6495  (10.0s)
  [F3 E  7/30] Train 0.7033/0.7913  Val 0.8422/0.7435  (9.4s)
  [F3 E  8/30] Train 0.3819/0.8890  Val 0.7391/0.7850  (9.7s)
  [F3 E  9/30] Train 0.2288/0.9358  Val 0.7181/0.7920  (9.8s)
  [F3 E 10/30] Train 0.1554/0.9563  Val 0.7309/0.7945  (9.9s)
  [F3 E 11/30] Train 0.1096/0.9708  Val 0.6775/0.8185  (9.7s)
  [F3 E 12/30] Train 0.0718/0.9820  Val 0.6902/0.8295  (9.8s)
  [F3 E 13/30] Train 0.0529/0.9885  Val 0.6715/0.8315  (10.0s)
  [F3 E 14/30] Train 0.0496/0.9880  Val 0.6056/0.8480  (10.1s)
  [F3 E 15/30] Train 0.0272/0.9945  Val 0.5949/0.8390  (9.8s)
  [F3 E 16/30] Train 0.0203/0.9958  Val 0.5714/0.8545  (9.6s)
  [F3 E 17/30] Train 0.0172/0.9970  Val 0.5452/0.8580  (9.9s)
  [F3 E 18/30] Train 0.0179/0.9965  Val 0.5892/0.8490  (10.2s)
  [F3 E 19/30] Train 0.0117/0.9987  Val 0.5395/0.8610  (10.1s)
  [F3 E 20/30] Train 0.0056/0.9995  Val 0.5404/0.8595  (9.6s)
  [F3 E 21/30] Train 0.0076/0.9982  Val 0.5308/0.8645  (9.7s)
  [F3 E 22/30] Train 0.0043/0.9997  Val 0.5289/0.8670  (10.2s)
  [F3 E 23/30] Train 0.0029/1.0000  Val 0.5147/0.8710  (9.5s)
  [F3 E 24/30] Train 0.0028/0.9998  Val 0.5160/0.8715  (9.8s)
  [F3 E 25/30] Train 0.0028/0.9998  Val 0.5186/0.8775  (10.0s)
  [F3 E 26/30] Train 0.0021/1.0000  Val 0.5049/0.8730  (9.5s)
  [F3 E 27/30] Train 0.0021/0.9998  Val 0.5063/0.8730  (9.9s)
  [F3 E 28/30] Train 0.0023/0.9998  Val 0.5067/0.8720  (10.0s)
  [F3 E 29/30] Train 0.0022/0.9998  Val 0.5010/0.8750  (9.5s)
  [F3 E 30/30] Train 0.0019/1.0000  Val 0.5028/0.8715  (9.7s)
  Fold 3 done — best val acc: 0.8775  (4m 54s)

============================================================
  Fold 4/4
============================================================
  Train: 6000, Val: 2000, Test: 2000
  resnet34 (no attention)
  [F4 E  1/30] Train 3.8444/0.1028  Val 3.3820/0.1860  (9.9s)
  [F4 E  2/30] Train 3.1751/0.2242  Val 3.0237/0.2325  (9.4s)
  [F4 E  3/30] Train 2.8641/0.2840  Val 2.8738/0.2655  (9.0s)
  [F4 E  4/30] Train 2.6724/0.3232  Val 2.7203/0.3055  (9.3s)
  [F4 E  5/30] Train 2.5388/0.3493  Val 2.6749/0.3195  (9.7s)
  [Epoch 6] Backbone unfreeze (lr=1e-04)
  [F4 E  6/30] Train 1.5610/0.5555  Val 1.1140/0.6770  (9.8s)
  [F4 E  7/30] Train 0.6982/0.7900  Val 0.8569/0.7445  (10.0s)
  [F4 E  8/30] Train 0.3718/0.8873  Val 0.7211/0.7930  (9.9s)
  [F4 E  9/30] Train 0.2330/0.9335  Val 0.7171/0.7840  (10.2s)
  [F4 E 10/30] Train 0.1571/0.9563  Val 0.6933/0.8055  (10.3s)
  [F4 E 11/30] Train 0.0880/0.9807  Val 0.6178/0.8325  (10.0s)
  [F4 E 12/30] Train 0.0693/0.9827  Val 0.7174/0.8115  (10.3s)
  [F4 E 13/30] Train 0.0690/0.9820  Val 0.6450/0.8335  (10.1s)
  [F4 E 14/30] Train 0.0530/0.9877  Val 0.6329/0.8395  (10.1s)
  [F4 E 15/30] Train 0.0391/0.9898  Val 0.6485/0.8365  (9.9s)
  [F4 E 16/30] Train 0.0249/0.9945  Val 0.5767/0.8490  (10.0s)
  [F4 E 17/30] Train 0.0186/0.9967  Val 0.5711/0.8550  (10.2s)
  [F4 E 18/30] Train 0.0157/0.9967  Val 0.5649/0.8600  (9.9s)
  [F4 E 19/30] Train 0.0096/0.9990  Val 0.5466/0.8655  (10.3s)
  [F4 E 20/30] Train 0.0079/0.9988  Val 0.5522/0.8660  (10.0s)
  [F4 E 21/30] Train 0.0048/0.9998  Val 0.5214/0.8700  (9.8s)
  [F4 E 22/30] Train 0.0039/0.9995  Val 0.5237/0.8715  (9.8s)
  [F4 E 23/30] Train 0.0028/0.9998  Val 0.5292/0.8745  (10.0s)
  [F4 E 24/30] Train 0.0034/0.9997  Val 0.5215/0.8695  (9.9s)
  [F4 E 25/30] Train 0.0027/0.9998  Val 0.5176/0.8695  (10.0s)
  [F4 E 26/30] Train 0.0021/1.0000  Val 0.5175/0.8720  (9.6s)
  [F4 E 27/30] Train 0.0021/1.0000  Val 0.5161/0.8700  (10.0s)
  [F4 E 28/30] Train 0.0017/1.0000  Val 0.5154/0.8695  (10.2s)
  [F4 E 29/30] Train 0.0018/1.0000  Val 0.5106/0.8715  (10.0s)
  [F4 E 30/30] Train 0.0019/1.0000  Val 0.5147/0.8685  (9.8s)
  Fold 4 done — best val acc: 0.8745  (4m 60s)

============================================================
  Ensemble — Weighted Soft Voting
  Fold val accs: ['0.8740', '0.8840', '0.8775', '0.8745']
  Weights      : ['0.2490', '0.2519', '0.2500', '0.2491']
============================================================
  resnet34 (no attention)
  resnet34 (no attention)
  resnet34 (no attention)
  resnet34 (no attention)
Ensemble Test Acc : 0.8905
Class-Norm Acc    : 0.8766
History → /home/work/AIPJ/EF2039_Introduction_to_AI_Programming_Project_1/experiment_weight_decay/history_resnet34_noattn_vanilla_family_lr0.001_optadamw_wd0.05.csv
Curve → /home/work/AIPJ/EF2039_Introduction_to_AI_Programming_Project_1/experiment_weight_decay/curve_resnet34_noattn_vanilla_family_lr0.001_optadamw_wd0.05.png
Confusion → /home/work/AIPJ/EF2039_Introduction_to_AI_Programming_Project_1/experiment_weight_decay/confusion_resnet34_noattn_vanilla_family_lr0.001_optadamw_wd0.05.png
Class-wise → /home/work/AIPJ/EF2039_Introduction_to_AI_Programming_Project_1/experiment_weight_decay/classwise_resnet34_noattn_vanilla_family_lr0.001_optadamw_wd0.05.csv
Predictions → /home/work/AIPJ/EF2039_Introduction_to_AI_Programming_Project_1/experiment_weight_decay/predictions_resnet34_noattn_vanilla_family_lr0.001_optadamw_wd0.05.csv
Results → /home/work/AIPJ/EF2039_Introduction_to_AI_Programming_Project_1/experiment_weight_decay/results_all.csv
