===== Input Arguments =====
  model         : resnet34
  attn          : none
  tuning        : False
  use_excluded  : False
  use_added     : False
  folds         : 4
  epochs        : 30
  batch_size    : 32
  lr            : 0.001
  optimizer     : adamw
  weight_decay  : 0.0005
  label_smoothing: 0.0
  label         : family
  crop_bbox     : True
  seed          : 42
  save_csv      : results_all.csv
  outdir        : /home/work/AIPJ/EF2039_Introduction_to_AI_Programming_Project_1/experiment_weight_decay
  added_repeat  : 1
===========================
Device: cuda  |  AMP: True  |  Workers: 14
Label: family  |  Classes: 70
Mode: excl=False, added=False  |  Original: 10000, Added(train-only): 0 ×1 = 0
Test set isolated: 2000 samples (20%, seed=42)
Train+Val pool   : 8000 samples → 4-fold CV

============================================================
  Fold 1/4
============================================================
  Train: 6000, Val: 2000, Test: 2000
  resnet34 (no attention)
  [F1 E  1/30] Train 3.8452/0.1095  Val 3.3873/0.1805  (9.3s)
  [F1 E  2/30] Train 3.1897/0.2142  Val 2.9819/0.2445  (8.1s)
  [F1 E  3/30] Train 2.8788/0.2790  Val 2.8222/0.2970  (7.4s)
  [F1 E  4/30] Train 2.6727/0.3293  Val 2.6615/0.3165  (7.5s)
  [F1 E  5/30] Train 2.5263/0.3470  Val 2.6023/0.3155  (7.6s)
  [Epoch 6] Backbone unfreeze (lr=1e-04)
  [F1 E  6/30] Train 1.5710/0.5455  Val 1.0628/0.6720  (8.5s)
  [F1 E  7/30] Train 0.6837/0.7995  Val 0.8619/0.7455  (7.9s)
  [F1 E  8/30] Train 0.3827/0.8898  Val 0.7820/0.7670  (7.9s)
  [F1 E  9/30] Train 0.2222/0.9367  Val 0.7029/0.7985  (7.8s)
  [F1 E 10/30] Train 0.1450/0.9622  Val 0.6932/0.8050  (7.8s)
  [F1 E 11/30] Train 0.1007/0.9723  Val 0.6298/0.8270  (8.2s)
  [F1 E 12/30] Train 0.0844/0.9767  Val 0.7069/0.8045  (8.0s)
  [F1 E 13/30] Train 0.0590/0.9847  Val 0.5958/0.8390  (7.9s)
  [F1 E 14/30] Train 0.0633/0.9823  Val 0.7050/0.8140  (7.8s)
  [F1 E 15/30] Train 0.0344/0.9923  Val 0.5622/0.8575  (7.9s)
  [F1 E 16/30] Train 0.0244/0.9947  Val 0.5658/0.8550  (7.8s)
  [F1 E 17/30] Train 0.0191/0.9958  Val 0.5622/0.8545  (8.2s)
  [F1 E 18/30] Train 0.0146/0.9970  Val 0.5641/0.8540  (8.0s)
  [F1 E 19/30] Train 0.0111/0.9978  Val 0.6066/0.8485  (7.9s)
  [F1 E 20/30] Train 0.0091/0.9980  Val 0.5598/0.8555  (7.9s)
  [F1 E 21/30] Train 0.0057/0.9995  Val 0.5246/0.8680  (8.0s)
  [F1 E 22/30] Train 0.0033/1.0000  Val 0.5172/0.8675  (8.1s)
  [F1 E 23/30] Train 0.0032/0.9998  Val 0.5045/0.8680  (8.1s)
  [F1 E 24/30] Train 0.0028/0.9997  Val 0.5155/0.8685  (8.2s)
  [F1 E 25/30] Train 0.0021/1.0000  Val 0.4997/0.8695  (7.8s)
  [F1 E 26/30] Train 0.0018/1.0000  Val 0.5008/0.8715  (8.1s)
  [F1 E 27/30] Train 0.0017/1.0000  Val 0.4958/0.8720  (8.2s)
  [F1 E 28/30] Train 0.0016/1.0000  Val 0.4997/0.8710  (7.8s)
  [F1 E 29/30] Train 0.0018/0.9998  Val 0.4990/0.8705  (7.8s)
  [F1 E 30/30] Train 0.0021/0.9998  Val 0.4971/0.8705  (7.8s)
  Fold 1 done — best val acc: 0.8720  (4m 1s)

============================================================
  Fold 2/4
============================================================
  Train: 6000, Val: 2000, Test: 2000
  resnet34 (no attention)
  [F2 E  1/30] Train 3.8189/0.1030  Val 3.3330/0.1995  (10.4s)
  [F2 E  2/30] Train 3.1637/0.2157  Val 3.0115/0.2600  (8.5s)
  [F2 E  3/30] Train 2.8645/0.2758  Val 2.8356/0.2775  (8.1s)
  [F2 E  4/30] Train 2.6576/0.3185  Val 2.6655/0.3065  (7.4s)
  [F2 E  5/30] Train 2.5140/0.3498  Val 2.6348/0.3335  (7.4s)
  [Epoch 6] Backbone unfreeze (lr=1e-04)
  [F2 E  6/30] Train 1.5659/0.5452  Val 1.0677/0.6800  (8.1s)
  [F2 E  7/30] Train 0.6913/0.7933  Val 0.9162/0.7395  (8.1s)
  [F2 E  8/30] Train 0.3763/0.8878  Val 0.7688/0.7830  (7.8s)
  [F2 E  9/30] Train 0.2274/0.9355  Val 0.7584/0.7905  (7.9s)
  [F2 E 10/30] Train 0.1631/0.9565  Val 0.7512/0.8045  (7.6s)
  [F2 E 11/30] Train 0.1072/0.9727  Val 0.6233/0.8400  (8.0s)
  [F2 E 12/30] Train 0.0713/0.9832  Val 0.6576/0.8285  (7.4s)
  [F2 E 13/30] Train 0.0554/0.9857  Val 0.6313/0.8480  (8.2s)
  [F2 E 14/30] Train 0.0427/0.9910  Val 0.6582/0.8440  (7.9s)
  [F2 E 15/30] Train 0.0357/0.9922  Val 0.6060/0.8515  (7.8s)
  [F2 E 16/30] Train 0.0318/0.9922  Val 0.6580/0.8390  (7.7s)
  [F2 E 17/30] Train 0.0212/0.9957  Val 0.5860/0.8640  (7.7s)
  [F2 E 18/30] Train 0.0126/0.9977  Val 0.5642/0.8705  (7.5s)
  [F2 E 19/30] Train 0.0093/0.9983  Val 0.5809/0.8695  (7.7s)
  [F2 E 20/30] Train 0.0080/0.9985  Val 0.5435/0.8765  (7.7s)
  [F2 E 21/30] Train 0.0046/0.9995  Val 0.5414/0.8820  (7.4s)
  [F2 E 22/30] Train 0.0033/0.9997  Val 0.5582/0.8755  (7.8s)
  [F2 E 23/30] Train 0.0047/0.9990  Val 0.5512/0.8760  (7.6s)
  [F2 E 24/30] Train 0.0030/0.9998  Val 0.5406/0.8785  (7.7s)
  [F2 E 25/30] Train 0.0021/1.0000  Val 0.5340/0.8815  (8.0s)
  [F2 E 26/30] Train 0.0020/0.9998  Val 0.5330/0.8820  (7.7s)
  [F2 E 27/30] Train 0.0022/0.9997  Val 0.5306/0.8830  (7.5s)
  [F2 E 28/30] Train 0.0017/0.9998  Val 0.5300/0.8850  (7.8s)
  [F2 E 29/30] Train 0.0018/0.9998  Val 0.5259/0.8830  (7.5s)
  [F2 E 30/30] Train 0.0013/1.0000  Val 0.5225/0.8865  (7.7s)
  Fold 2 done — best val acc: 0.8865  (3m 58s)

============================================================
  Fold 3/4
============================================================
  Train: 6000, Val: 2000, Test: 2000
  resnet34 (no attention)
  [F3 E  1/30] Train 3.8402/0.1080  Val 3.3846/0.1725  (9.5s)
  [F3 E  2/30] Train 3.1934/0.2140  Val 2.9864/0.2475  (8.1s)
  [F3 E  3/30] Train 2.8598/0.2873  Val 2.7855/0.2935  (7.6s)
  [F3 E  4/30] Train 2.6643/0.3220  Val 2.6664/0.3190  (7.5s)
  [F3 E  5/30] Train 2.5019/0.3568  Val 2.6578/0.3000  (7.9s)
  [Epoch 6] Backbone unfreeze (lr=1e-04)
  [F3 E  6/30] Train 1.5659/0.5450  Val 1.1699/0.6365  (7.7s)
  [F3 E  7/30] Train 0.6828/0.7952  Val 0.8345/0.7535  (8.4s)
  [F3 E  8/30] Train 0.3873/0.8853  Val 0.8304/0.7695  (7.9s)
  [F3 E  9/30] Train 0.2309/0.9360  Val 0.6814/0.8080  (7.6s)
  [F3 E 10/30] Train 0.1376/0.9638  Val 0.7109/0.8125  (7.7s)
  [F3 E 11/30] Train 0.1118/0.9707  Val 0.6495/0.8175  (7.6s)
  [F3 E 12/30] Train 0.0825/0.9773  Val 0.6543/0.8305  (7.6s)
  [F3 E 13/30] Train 0.0467/0.9885  Val 0.6624/0.8405  (7.4s)
  [F3 E 14/30] Train 0.0453/0.9875  Val 0.6625/0.8390  (7.6s)
  [F3 E 15/30] Train 0.0449/0.9877  Val 0.6581/0.8360  (7.7s)
  [F3 E 16/30] Train 0.0352/0.9903  Val 0.6495/0.8360  (7.7s)
  [F3 E 17/30] Train 0.0218/0.9967  Val 0.6234/0.8420  (7.7s)
  [F3 E 18/30] Train 0.0132/0.9967  Val 0.6008/0.8575  (7.5s)
  [F3 E 19/30] Train 0.0152/0.9963  Val 0.5819/0.8510  (7.5s)
  [F3 E 20/30] Train 0.0106/0.9973  Val 0.5604/0.8585  (7.7s)
  [F3 E 21/30] Train 0.0063/0.9993  Val 0.5527/0.8635  (7.9s)
  [F3 E 22/30] Train 0.0038/0.9997  Val 0.5562/0.8630  (7.6s)
  [F3 E 23/30] Train 0.0035/0.9998  Val 0.5427/0.8645  (7.5s)
  [F3 E 24/30] Train 0.0026/1.0000  Val 0.5399/0.8640  (8.2s)
  [F3 E 25/30] Train 0.0023/0.9998  Val 0.5422/0.8655  (7.7s)
  [F3 E 26/30] Train 0.0025/0.9995  Val 0.5345/0.8680  (7.6s)
  [F3 E 27/30] Train 0.0024/0.9997  Val 0.5367/0.8670  (8.0s)
  [F3 E 28/30] Train 0.0019/1.0000  Val 0.5304/0.8700  (8.0s)
  [F3 E 29/30] Train 0.0015/1.0000  Val 0.5333/0.8655  (7.6s)
  [F3 E 30/30] Train 0.0016/1.0000  Val 0.5383/0.8655  (7.8s)
  Fold 3 done — best val acc: 0.8700  (3m 56s)

============================================================
  Fold 4/4
============================================================
  Train: 6000, Val: 2000, Test: 2000
  resnet34 (no attention)
  [F4 E  1/30] Train 3.8050/0.1135  Val 3.3878/0.1800  (10.2s)
  [F4 E  2/30] Train 3.1802/0.2207  Val 3.0207/0.2470  (8.3s)
  [F4 E  3/30] Train 2.8615/0.2820  Val 2.8624/0.2595  (7.6s)
  [F4 E  4/30] Train 2.6703/0.3157  Val 2.7133/0.3010  (7.9s)
  [F4 E  5/30] Train 2.5123/0.3523  Val 2.6678/0.3205  (7.6s)
  [Epoch 6] Backbone unfreeze (lr=1e-04)
  [F4 E  6/30] Train 1.5771/0.5395  Val 1.1142/0.6780  (8.3s)
  [F4 E  7/30] Train 0.6794/0.7992  Val 0.8398/0.7510  (8.2s)
  [F4 E  8/30] Train 0.3867/0.8843  Val 0.8033/0.7770  (8.1s)
  [F4 E  9/30] Train 0.2173/0.9398  Val 0.6924/0.8045  (8.2s)
  [F4 E 10/30] Train 0.1328/0.9635  Val 0.7031/0.8070  (8.5s)
  [F4 E 11/30] Train 0.1196/0.9647  Val 0.7322/0.8110  (8.1s)
  [F4 E 12/30] Train 0.0799/0.9790  Val 0.7100/0.8225  (8.7s)
  [F4 E 13/30] Train 0.0598/0.9842  Val 0.7260/0.8190  (8.1s)
  [F4 E 14/30] Train 0.0490/0.9882  Val 0.6940/0.8235  (8.2s)
  [F4 E 15/30] Train 0.0357/0.9923  Val 0.6897/0.8355  (8.0s)
  [F4 E 16/30] Train 0.0295/0.9930  Val 0.6373/0.8485  (8.0s)
  [F4 E 17/30] Train 0.0208/0.9947  Val 0.6596/0.8380  (8.1s)
  [F4 E 18/30] Train 0.0153/0.9973  Val 0.5942/0.8510  (8.5s)
  [F4 E 19/30] Train 0.0090/0.9987  Val 0.5862/0.8605  (8.1s)
  [F4 E 20/30] Train 0.0054/0.9988  Val 0.5913/0.8575  (8.1s)
  [F4 E 21/30] Train 0.0043/0.9995  Val 0.5728/0.8635  (7.9s)
  [F4 E 22/30] Train 0.0037/0.9997  Val 0.5725/0.8655  (8.7s)
  [F4 E 23/30] Train 0.0021/1.0000  Val 0.5647/0.8670  (8.5s)
  [F4 E 24/30] Train 0.0022/0.9998  Val 0.5660/0.8675  (8.6s)
  [F4 E 25/30] Train 0.0018/1.0000  Val 0.5655/0.8705  (8.4s)
  [F4 E 26/30] Train 0.0019/1.0000  Val 0.5605/0.8680  (7.9s)
  [F4 E 27/30] Train 0.0015/1.0000  Val 0.5638/0.8710  (8.1s)
  [F4 E 28/30] Train 0.0015/1.0000  Val 0.5685/0.8715  (7.9s)
  [F4 E 29/30] Train 0.0017/0.9998  Val 0.5638/0.8715  (8.0s)
  [F4 E 30/30] Train 0.0015/1.0000  Val 0.5661/0.8720  (8.1s)
  Fold 4 done — best val acc: 0.8720  (4m 10s)

============================================================
  Ensemble — Weighted Soft Voting
  Fold val accs: ['0.8720', '0.8865', '0.8700', '0.8720']
  Weights      : ['0.2491', '0.2532', '0.2485', '0.2491']
============================================================
  resnet34 (no attention)
  resnet34 (no attention)
  resnet34 (no attention)
  resnet34 (no attention)
Ensemble Test Acc : 0.8905
Class-Norm Acc    : 0.8756
History → /home/work/AIPJ/EF2039_Introduction_to_AI_Programming_Project_1/experiment_weight_decay/history_resnet34_noattn_vanilla_family_lr0.001_optadamw_wd0.0005.csv
Curve → /home/work/AIPJ/EF2039_Introduction_to_AI_Programming_Project_1/experiment_weight_decay/curve_resnet34_noattn_vanilla_family_lr0.001_optadamw_wd0.0005.png
Confusion → /home/work/AIPJ/EF2039_Introduction_to_AI_Programming_Project_1/experiment_weight_decay/confusion_resnet34_noattn_vanilla_family_lr0.001_optadamw_wd0.0005.png
Class-wise → /home/work/AIPJ/EF2039_Introduction_to_AI_Programming_Project_1/experiment_weight_decay/classwise_resnet34_noattn_vanilla_family_lr0.001_optadamw_wd0.0005.csv
Predictions → /home/work/AIPJ/EF2039_Introduction_to_AI_Programming_Project_1/experiment_weight_decay/predictions_resnet34_noattn_vanilla_family_lr0.001_optadamw_wd0.0005.csv
Results → /home/work/AIPJ/EF2039_Introduction_to_AI_Programming_Project_1/experiment_weight_decay/results_all.csv
