===== Input Arguments =====
  model         : resnet34
  attn          : none
  tuning        : False
  use_excluded  : False
  use_added     : False
  folds         : 4
  epochs        : 30
  batch_size    : 32
  lr            : 0.001
  optimizer     : adamw
  weight_decay  : 0.005
  label_smoothing: 0.0
  label         : family
  crop_bbox     : True
  seed          : 42
  save_csv      : results_all.csv
  outdir        : /home/work/AIPJ/EF2039_Introduction_to_AI_Programming_Project_1/experiment_weight_decay
  added_repeat  : 1
===========================
Device: cuda  |  AMP: True  |  Workers: 14
Label: family  |  Classes: 70
Mode: excl=False, added=False  |  Original: 10000, Added(train-only): 0 ×1 = 0
Test set isolated: 2000 samples (20%, seed=42)
Train+Val pool   : 8000 samples → 4-fold CV

============================================================
  Fold 1/4
============================================================
  Train: 6000, Val: 2000, Test: 2000
  resnet34 (no attention)
  [F1 E  1/30] Train 3.8381/0.1137  Val 3.3953/0.1625  (10.0s)
  [F1 E  2/30] Train 3.1952/0.2182  Val 3.0047/0.2450  (8.2s)
  [F1 E  3/30] Train 2.8798/0.2775  Val 2.7858/0.2985  (7.8s)
  [F1 E  4/30] Train 2.6668/0.3190  Val 2.6790/0.3105  (7.5s)
  [F1 E  5/30] Train 2.5308/0.3568  Val 2.5957/0.3215  (7.5s)
  [Epoch 6] Backbone unfreeze (lr=1e-04)
  [F1 E  6/30] Train 1.6169/0.5310  Val 1.0529/0.6805  (8.5s)
  [F1 E  7/30] Train 0.6818/0.8025  Val 0.8238/0.7455  (8.1s)
  [F1 E  8/30] Train 0.3829/0.8910  Val 0.6978/0.7800  (8.2s)
  [F1 E  9/30] Train 0.2334/0.9357  Val 0.7056/0.7955  (7.8s)
  [F1 E 10/30] Train 0.1557/0.9567  Val 0.7115/0.8035  (8.0s)
  [F1 E 11/30] Train 0.1062/0.9703  Val 0.6372/0.8225  (8.3s)
  [F1 E 12/30] Train 0.0767/0.9800  Val 0.6843/0.8200  (8.0s)
  [F1 E 13/30] Train 0.0624/0.9855  Val 0.6175/0.8320  (7.9s)
  [F1 E 14/30] Train 0.0391/0.9907  Val 0.6311/0.8400  (8.0s)
  [F1 E 15/30] Train 0.0246/0.9955  Val 0.5918/0.8450  (8.0s)
  [F1 E 16/30] Train 0.0266/0.9943  Val 0.5202/0.8665  (8.0s)
  [F1 E 17/30] Train 0.0186/0.9965  Val 0.5631/0.8625  (8.1s)
  [F1 E 18/30] Train 0.0128/0.9975  Val 0.5704/0.8610  (7.9s)
  [F1 E 19/30] Train 0.0130/0.9977  Val 0.5604/0.8680  (7.9s)
  [F1 E 20/30] Train 0.0059/0.9992  Val 0.5415/0.8685  (7.8s)
  [F1 E 21/30] Train 0.0051/0.9997  Val 0.5281/0.8785  (8.1s)
  [F1 E 22/30] Train 0.0054/0.9993  Val 0.5534/0.8685  (8.1s)
  [F1 E 23/30] Train 0.0035/0.9998  Val 0.5500/0.8750  (7.7s)
  [F1 E 24/30] Train 0.0027/0.9998  Val 0.5396/0.8725  (7.9s)
  [F1 E 25/30] Train 0.0028/0.9995  Val 0.5313/0.8770  (7.9s)
  [F1 E 26/30] Train 0.0021/1.0000  Val 0.5319/0.8780  (7.9s)
  [F1 E 27/30] Train 0.0019/1.0000  Val 0.5266/0.8770  (8.0s)
  [F1 E 28/30] Train 0.0020/0.9998  Val 0.5232/0.8795  (8.0s)
  [F1 E 29/30] Train 0.0014/1.0000  Val 0.5270/0.8745  (8.3s)
  [F1 E 30/30] Train 0.0016/1.0000  Val 0.5277/0.8790  (7.6s)
  Fold 1 done — best val acc: 0.8795  (4m 3s)

============================================================
  Fold 2/4
============================================================
  Train: 6000, Val: 2000, Test: 2000
  resnet34 (no attention)
  [F2 E  1/30] Train 3.8279/0.1097  Val 3.3655/0.1815  (10.7s)
  [F2 E  2/30] Train 3.1988/0.2123  Val 2.9758/0.2475  (8.5s)
  [F2 E  3/30] Train 2.8660/0.2792  Val 2.8146/0.2920  (7.6s)
  [F2 E  4/30] Train 2.6617/0.3202  Val 2.7209/0.3080  (7.9s)
  [F2 E  5/30] Train 2.5308/0.3473  Val 2.6428/0.3085  (7.5s)
  [Epoch 6] Backbone unfreeze (lr=1e-04)
  [F2 E  6/30] Train 1.5775/0.5390  Val 1.0815/0.6745  (7.7s)
  [F2 E  7/30] Train 0.6789/0.7938  Val 0.8448/0.7515  (7.9s)
  [F2 E  8/30] Train 0.3705/0.8918  Val 0.7968/0.7805  (7.9s)
  [F2 E  9/30] Train 0.2342/0.9317  Val 0.7691/0.7925  (7.9s)
  [F2 E 10/30] Train 0.1565/0.9568  Val 0.7115/0.8115  (7.7s)
  [F2 E 11/30] Train 0.0947/0.9765  Val 0.6341/0.8350  (7.7s)
  [F2 E 12/30] Train 0.0669/0.9815  Val 0.6577/0.8345  (7.7s)
  [F2 E 13/30] Train 0.0625/0.9842  Val 0.6467/0.8415  (7.7s)
  [F2 E 14/30] Train 0.0394/0.9912  Val 0.6824/0.8385  (8.2s)
  [F2 E 15/30] Train 0.0299/0.9932  Val 0.6586/0.8415  (7.6s)
  [F2 E 16/30] Train 0.0369/0.9917  Val 0.6179/0.8525  (7.6s)
  [F2 E 17/30] Train 0.0131/0.9982  Val 0.5896/0.8640  (7.8s)
  [F2 E 18/30] Train 0.0131/0.9967  Val 0.5865/0.8575  (7.7s)
  [F2 E 19/30] Train 0.0059/0.9997  Val 0.5781/0.8625  (8.1s)
  [F2 E 20/30] Train 0.0051/0.9995  Val 0.5754/0.8600  (8.0s)
  [F2 E 21/30] Train 0.0040/0.9998  Val 0.5496/0.8665  (7.6s)
  [F2 E 22/30] Train 0.0027/1.0000  Val 0.5487/0.8690  (7.7s)
  [F2 E 23/30] Train 0.0021/1.0000  Val 0.5427/0.8690  (7.7s)
  [F2 E 24/30] Train 0.0018/1.0000  Val 0.5401/0.8720  (8.1s)
  [F2 E 25/30] Train 0.0018/1.0000  Val 0.5429/0.8700  (7.6s)
  [F2 E 26/30] Train 0.0017/1.0000  Val 0.5468/0.8690  (7.7s)
  [F2 E 27/30] Train 0.0015/1.0000  Val 0.5478/0.8725  (8.0s)
  [F2 E 28/30] Train 0.0015/1.0000  Val 0.5469/0.8690  (7.7s)
  [F2 E 29/30] Train 0.0015/1.0000  Val 0.5418/0.8740  (8.0s)
  [F2 E 30/30] Train 0.0014/1.0000  Val 0.5423/0.8685  (7.8s)
  Fold 2 done — best val acc: 0.8740  (3m 60s)

============================================================
  Fold 3/4
============================================================
  Train: 6000, Val: 2000, Test: 2000
  resnet34 (no attention)
  [F3 E  1/30] Train 3.8439/0.1102  Val 3.3879/0.1695  (10.9s)
  [F3 E  2/30] Train 3.1882/0.2233  Val 3.0534/0.2345  (8.1s)
  [F3 E  3/30] Train 2.8784/0.2732  Val 2.8322/0.2730  (7.7s)
  [F3 E  4/30] Train 2.6601/0.3263  Val 2.6701/0.3140  (8.1s)
  [F3 E  5/30] Train 2.5176/0.3528  Val 2.5734/0.3260  (7.7s)
  [Epoch 6] Backbone unfreeze (lr=1e-04)
  [F3 E  6/30] Train 1.5653/0.5440  Val 1.2061/0.6170  (7.7s)
  [F3 E  7/30] Train 0.6911/0.7990  Val 0.8725/0.7325  (7.6s)
  [F3 E  8/30] Train 0.3868/0.8842  Val 0.7585/0.7765  (7.8s)
  [F3 E  9/30] Train 0.2405/0.9313  Val 0.7513/0.7865  (8.2s)
  [F3 E 10/30] Train 0.1399/0.9643  Val 0.6612/0.8185  (7.8s)
  [F3 E 11/30] Train 0.1006/0.9737  Val 0.6846/0.8235  (7.8s)
  [F3 E 12/30] Train 0.0859/0.9760  Val 0.6899/0.8175  (7.7s)
  [F3 E 13/30] Train 0.0596/0.9853  Val 0.6286/0.8350  (7.7s)
  [F3 E 14/30] Train 0.0554/0.9853  Val 0.6331/0.8435  (8.2s)
  [F3 E 15/30] Train 0.0299/0.9937  Val 0.6062/0.8485  (7.7s)
  [F3 E 16/30] Train 0.0173/0.9965  Val 0.5661/0.8615  (7.7s)
  [F3 E 17/30] Train 0.0110/0.9983  Val 0.6333/0.8615  (8.2s)
  [F3 E 18/30] Train 0.0160/0.9953  Val 0.5519/0.8570  (7.8s)
  [F3 E 19/30] Train 0.0076/0.9993  Val 0.5540/0.8585  (7.8s)
  [F3 E 20/30] Train 0.0057/0.9993  Val 0.5319/0.8675  (8.0s)
  [F3 E 21/30] Train 0.0063/0.9992  Val 0.5522/0.8650  (7.8s)
  [F3 E 22/30] Train 0.0074/0.9987  Val 0.5369/0.8655  (7.8s)
  [F3 E 23/30] Train 0.0036/0.9998  Val 0.5230/0.8720  (7.8s)
  [F3 E 24/30] Train 0.0028/0.9998  Val 0.5213/0.8765  (7.9s)
  [F3 E 25/30] Train 0.0028/0.9997  Val 0.5258/0.8750  (7.7s)
  [F3 E 26/30] Train 0.0021/1.0000  Val 0.5263/0.8750  (7.8s)
  [F3 E 27/30] Train 0.0020/0.9998  Val 0.5164/0.8785  (7.9s)
  [F3 E 28/30] Train 0.0016/1.0000  Val 0.5118/0.8795  (7.6s)
  [F3 E 29/30] Train 0.0020/0.9998  Val 0.5112/0.8770  (7.7s)
  [F3 E 30/30] Train 0.0017/1.0000  Val 0.5157/0.8780  (7.8s)
  Fold 3 done — best val acc: 0.8795  (4m 0s)

============================================================
  Fold 4/4
============================================================
  Train: 6000, Val: 2000, Test: 2000
  resnet34 (no attention)
  [F4 E  1/30] Train 3.8276/0.1077  Val 3.3953/0.1800  (9.5s)
  [F4 E  2/30] Train 3.1910/0.2203  Val 3.0267/0.2500  (8.1s)
  [F4 E  3/30] Train 2.8649/0.2858  Val 2.8442/0.2775  (7.5s)
  [F4 E  4/30] Train 2.6619/0.3245  Val 2.7139/0.3105  (7.4s)
  [F4 E  5/30] Train 2.5221/0.3522  Val 2.6476/0.3180  (7.5s)
  [Epoch 6] Backbone unfreeze (lr=1e-04)
  [F4 E  6/30] Train 1.5814/0.5462  Val 1.1370/0.6515  (8.0s)
  [F4 E  7/30] Train 0.6752/0.7952  Val 0.9438/0.7215  (8.0s)
  [F4 E  8/30] Train 0.3866/0.8847  Val 0.7889/0.7765  (7.8s)
  [F4 E  9/30] Train 0.2169/0.9410  Val 0.7193/0.7960  (8.1s)
  [F4 E 10/30] Train 0.1396/0.9603  Val 0.6199/0.8355  (7.9s)
  [F4 E 11/30] Train 0.0959/0.9742  Val 0.7038/0.8195  (7.9s)
  [F4 E 12/30] Train 0.0749/0.9793  Val 0.7253/0.8190  (8.0s)
  [F4 E 13/30] Train 0.0635/0.9832  Val 0.6702/0.8230  (8.0s)
  [F4 E 14/30] Train 0.0443/0.9895  Val 0.6995/0.8290  (7.8s)
  [F4 E 15/30] Train 0.0363/0.9918  Val 0.6755/0.8260  (7.9s)
  [F4 E 16/30] Train 0.0301/0.9932  Val 0.6523/0.8455  (8.6s)
  [F4 E 17/30] Train 0.0182/0.9967  Val 0.6429/0.8425  (8.9s)
  [F4 E 18/30] Train 0.0107/0.9987  Val 0.5732/0.8570  (8.7s)
  [F4 E 19/30] Train 0.0065/0.9990  Val 0.5611/0.8655  (8.0s)
  [F4 E 20/30] Train 0.0050/0.9998  Val 0.5968/0.8570  (7.7s)
  [F4 E 21/30] Train 0.0037/0.9998  Val 0.5560/0.8670  (8.2s)
  [F4 E 22/30] Train 0.0033/0.9997  Val 0.5533/0.8680  (8.0s)
  [F4 E 23/30] Train 0.0023/1.0000  Val 0.5461/0.8725  (8.2s)
  [F4 E 24/30] Train 0.0033/0.9995  Val 0.5331/0.8710  (7.9s)
  [F4 E 25/30] Train 0.0020/1.0000  Val 0.5273/0.8710  (7.9s)
  [F4 E 26/30] Train 0.0024/0.9997  Val 0.5345/0.8715  (7.7s)
  [F4 E 27/30] Train 0.0022/0.9997  Val 0.5338/0.8730  (7.8s)
  [F4 E 28/30] Train 0.0027/0.9998  Val 0.5357/0.8725  (7.9s)
  [F4 E 29/30] Train 0.0020/0.9997  Val 0.5314/0.8740  (8.5s)
  [F4 E 30/30] Train 0.0016/0.9998  Val 0.5293/0.8770  (8.3s)
  Fold 4 done — best val acc: 0.8770  (4m 4s)

============================================================
  Ensemble — Weighted Soft Voting
  Fold val accs: ['0.8795', '0.8740', '0.8795', '0.8770']
  Weights      : ['0.2506', '0.2490', '0.2506', '0.2499']
============================================================
  resnet34 (no attention)
  resnet34 (no attention)
  resnet34 (no attention)
  resnet34 (no attention)
Ensemble Test Acc : 0.8940
Class-Norm Acc    : 0.8816
History → /home/work/AIPJ/EF2039_Introduction_to_AI_Programming_Project_1/experiment_weight_decay/history_resnet34_noattn_vanilla_family_lr0.001_optadamw_wd0.005.csv
Curve → /home/work/AIPJ/EF2039_Introduction_to_AI_Programming_Project_1/experiment_weight_decay/curve_resnet34_noattn_vanilla_family_lr0.001_optadamw_wd0.005.png
Confusion → /home/work/AIPJ/EF2039_Introduction_to_AI_Programming_Project_1/experiment_weight_decay/confusion_resnet34_noattn_vanilla_family_lr0.001_optadamw_wd0.005.png
Class-wise → /home/work/AIPJ/EF2039_Introduction_to_AI_Programming_Project_1/experiment_weight_decay/classwise_resnet34_noattn_vanilla_family_lr0.001_optadamw_wd0.005.csv
Predictions → /home/work/AIPJ/EF2039_Introduction_to_AI_Programming_Project_1/experiment_weight_decay/predictions_resnet34_noattn_vanilla_family_lr0.001_optadamw_wd0.005.csv
Results → /home/work/AIPJ/EF2039_Introduction_to_AI_Programming_Project_1/experiment_weight_decay/results_all.csv
