===== Input Arguments =====
  model         : resnet34
  attn          : none
  tuning        : False
  use_excluded  : False
  use_added     : False
  folds         : 4
  epochs        : 30
  batch_size    : 32
  lr            : 0.001
  optimizer     : adamw
  weight_decay  : 0.0001
  label_smoothing: 0.0
  label         : family
  crop_bbox     : True
  seed          : 42
  save_csv      : results_all.csv
  outdir        : /home/work/AIPJ/EF2039_Introduction_to_AI_Programming_Project_1/experiment_weight_decay
  added_repeat  : 1
===========================
Device: cuda  |  AMP: True  |  Workers: 14
Label: family  |  Classes: 70
Mode: excl=False, added=False  |  Original: 10000, Added(train-only): 0 ×1 = 0
Test set isolated: 2000 samples (20%, seed=42)
Train+Val pool   : 8000 samples → 4-fold CV

============================================================
  Fold 1/4
============================================================
  Train: 6000, Val: 2000, Test: 2000
  resnet34 (no attention)
  [F1 E  1/30] Train 3.8460/0.1073  Val 3.3887/0.1805  (9.0s)
  [F1 E  2/30] Train 3.2028/0.2128  Val 3.0156/0.2390  (8.0s)
  [F1 E  3/30] Train 2.8833/0.2793  Val 2.8097/0.2810  (8.2s)
  [F1 E  4/30] Train 2.6560/0.3252  Val 2.7176/0.2960  (8.6s)
  [F1 E  5/30] Train 2.5201/0.3570  Val 2.6040/0.3065  (7.7s)
  [Epoch 6] Backbone unfreeze (lr=1e-04)
  [F1 E  6/30] Train 1.5835/0.5387  Val 1.1734/0.6435  (8.2s)
  [F1 E  7/30] Train 0.7012/0.7960  Val 0.7816/0.7640  (8.0s)
  [F1 E  8/30] Train 0.3888/0.8880  Val 0.7374/0.7770  (8.4s)
  [F1 E  9/30] Train 0.2383/0.9338  Val 0.7258/0.7900  (8.0s)
  [F1 E 10/30] Train 0.1542/0.9597  Val 0.6608/0.8155  (7.8s)
  [F1 E 11/30] Train 0.0974/0.9755  Val 0.6428/0.8325  (8.2s)
  [F1 E 12/30] Train 0.0801/0.9802  Val 0.6590/0.8260  (8.0s)
  [F1 E 13/30] Train 0.0516/0.9870  Val 0.6416/0.8445  (8.6s)
  [F1 E 14/30] Train 0.0391/0.9908  Val 0.5866/0.8585  (8.1s)
  [F1 E 15/30] Train 0.0444/0.9882  Val 0.5688/0.8505  (8.6s)
  [F1 E 16/30] Train 0.0284/0.9927  Val 0.6002/0.8555  (7.8s)
  [F1 E 17/30] Train 0.0318/0.9922  Val 0.5986/0.8550  (8.4s)
  [F1 E 18/30] Train 0.0137/0.9975  Val 0.5198/0.8755  (8.0s)
  [F1 E 19/30] Train 0.0094/0.9992  Val 0.5543/0.8635  (8.1s)
  [F1 E 20/30] Train 0.0075/0.9987  Val 0.5286/0.8710  (7.7s)
  [F1 E 21/30] Train 0.0043/0.9997  Val 0.5316/0.8730  (8.0s)
  [F1 E 22/30] Train 0.0028/1.0000  Val 0.5137/0.8785  (8.1s)
  [F1 E 23/30] Train 0.0022/1.0000  Val 0.5191/0.8810  (8.1s)
  [F1 E 24/30] Train 0.0018/1.0000  Val 0.5197/0.8745  (8.4s)
  [F1 E 25/30] Train 0.0017/1.0000  Val 0.5149/0.8790  (8.0s)
  [F1 E 26/30] Train 0.0018/1.0000  Val 0.5070/0.8820  (8.2s)
  [F1 E 27/30] Train 0.0019/0.9998  Val 0.5110/0.8810  (7.9s)
  [F1 E 28/30] Train 0.0018/1.0000  Val 0.5098/0.8825  (8.3s)
  [F1 E 29/30] Train 0.0014/1.0000  Val 0.5096/0.8780  (8.3s)
  [F1 E 30/30] Train 0.0017/1.0000  Val 0.5059/0.8825  (8.5s)
  Fold 1 done — best val acc: 0.8825  (4m 7s)

============================================================
  Fold 2/4
============================================================
  Train: 6000, Val: 2000, Test: 2000
  resnet34 (no attention)
  [F2 E  1/30] Train 3.8189/0.1125  Val 3.4196/0.1710  (9.8s)
  [F2 E  2/30] Train 3.1948/0.2165  Val 2.9906/0.2735  (8.7s)
  [F2 E  3/30] Train 2.8625/0.2810  Val 2.8367/0.2910  (7.9s)
  [F2 E  4/30] Train 2.6625/0.3173  Val 2.6777/0.3195  (8.5s)
  [F2 E  5/30] Train 2.5227/0.3532  Val 2.6469/0.3315  (8.1s)
  [Epoch 6] Backbone unfreeze (lr=1e-04)
  [F2 E  6/30] Train 1.5773/0.5465  Val 1.1534/0.6585  (8.7s)
  [F2 E  7/30] Train 0.6854/0.7947  Val 0.8483/0.7420  (8.7s)
  [F2 E  8/30] Train 0.3934/0.8790  Val 0.7717/0.7900  (8.8s)
  [F2 E  9/30] Train 0.2226/0.9375  Val 0.7655/0.7965  (9.8s)
  [F2 E 10/30] Train 0.1451/0.9610  Val 0.7046/0.8150  (9.4s)
  [F2 E 11/30] Train 0.1116/0.9693  Val 0.7681/0.7860  (9.0s)
  [F2 E 12/30] Train 0.0791/0.9773  Val 0.7062/0.8230  (8.7s)
  [F2 E 13/30] Train 0.0582/0.9858  Val 0.6849/0.8285  (9.4s)
  [F2 E 14/30] Train 0.0423/0.9905  Val 0.6669/0.8300  (8.7s)
  [F2 E 15/30] Train 0.0273/0.9942  Val 0.6256/0.8460  (8.6s)
  [F2 E 16/30] Train 0.0211/0.9963  Val 0.6955/0.8390  (9.0s)
  [F2 E 17/30] Train 0.0189/0.9953  Val 0.6077/0.8545  (8.2s)
  [F2 E 18/30] Train 0.0085/0.9990  Val 0.5932/0.8630  (8.5s)
  [F2 E 19/30] Train 0.0056/0.9995  Val 0.6194/0.8600  (8.7s)
  [F2 E 20/30] Train 0.0054/0.9993  Val 0.5897/0.8710  (9.0s)
  [F2 E 21/30] Train 0.0044/0.9997  Val 0.5697/0.8675  (8.6s)
  [F2 E 22/30] Train 0.0032/0.9997  Val 0.5666/0.8705  (8.7s)
  [F2 E 23/30] Train 0.0043/0.9995  Val 0.5783/0.8710  (8.4s)
  [F2 E 24/30] Train 0.0044/0.9997  Val 0.5594/0.8745  (9.1s)
  [F2 E 25/30] Train 0.0032/0.9993  Val 0.5651/0.8695  (8.8s)
  [F2 E 26/30] Train 0.0019/0.9998  Val 0.5633/0.8720  (8.5s)
  [F2 E 27/30] Train 0.0017/1.0000  Val 0.5611/0.8735  (8.8s)
  [F2 E 28/30] Train 0.0019/1.0000  Val 0.5622/0.8730  (8.4s)
  [F2 E 29/30] Train 0.0017/1.0000  Val 0.5544/0.8705  (9.3s)
  [F2 E 30/30] Train 0.0015/1.0000  Val 0.5626/0.8705  (8.9s)
  Fold 2 done — best val acc: 0.8745  (4m 26s)

============================================================
  Fold 3/4
============================================================
  Train: 6000, Val: 2000, Test: 2000
  resnet34 (no attention)
  [F3 E  1/30] Train 3.8467/0.1108  Val 3.3768/0.1785  (11.6s)
  [F3 E  2/30] Train 3.1940/0.2110  Val 2.9956/0.2515  (10.9s)
  [F3 E  3/30] Train 2.8755/0.2793  Val 2.8044/0.2790  (10.2s)
  [F3 E  4/30] Train 2.6576/0.3205  Val 2.7467/0.2820  (10.1s)
  [F3 E  5/30] Train 2.5273/0.3428  Val 2.6046/0.3215  (8.9s)
  [Epoch 6] Backbone unfreeze (lr=1e-04)
  [F3 E  6/30] Train 1.6039/0.5428  Val 1.1164/0.6550  (9.4s)
  [F3 E  7/30] Train 0.7102/0.7835  Val 0.8419/0.7495  (9.6s)
  [F3 E  8/30] Train 0.3910/0.8877  Val 0.7561/0.7680  (9.5s)
  [F3 E  9/30] Train 0.2279/0.9348  Val 0.6974/0.8045  (8.9s)
  [F3 E 10/30] Train 0.1407/0.9617  Val 0.6306/0.8235  (9.1s)
  [F3 E 11/30] Train 0.0804/0.9803  Val 0.6056/0.8400  (8.7s)
  [F3 E 12/30] Train 0.0750/0.9792  Val 0.7048/0.8140  (9.3s)
  [F3 E 13/30] Train 0.0750/0.9798  Val 0.6849/0.8180  (9.2s)
  [F3 E 14/30] Train 0.0540/0.9865  Val 0.6774/0.8215  (8.9s)
  [F3 E 15/30] Train 0.0358/0.9915  Val 0.6181/0.8385  (9.1s)
  [F3 E 16/30] Train 0.0248/0.9945  Val 0.6001/0.8525  (8.3s)
  [F3 E 17/30] Train 0.0135/0.9975  Val 0.5515/0.8610  (9.4s)
  [F3 E 18/30] Train 0.0131/0.9975  Val 0.5875/0.8585  (9.3s)
  [F3 E 19/30] Train 0.0099/0.9983  Val 0.5697/0.8640  (8.7s)
  [F3 E 20/30] Train 0.0100/0.9978  Val 0.5616/0.8650  (9.1s)
  [F3 E 21/30] Train 0.0062/0.9988  Val 0.5141/0.8715  (9.3s)
  [F3 E 22/30] Train 0.0040/0.9997  Val 0.5093/0.8810  (9.3s)
  [F3 E 23/30] Train 0.0026/1.0000  Val 0.5061/0.8785  (9.3s)
  [F3 E 24/30] Train 0.0035/0.9995  Val 0.5108/0.8760  (8.9s)
  [F3 E 25/30] Train 0.0033/0.9997  Val 0.5039/0.8850  (9.6s)
  [F3 E 26/30] Train 0.0022/0.9997  Val 0.5059/0.8825  (8.6s)
  [F3 E 27/30] Train 0.0021/1.0000  Val 0.5061/0.8810  (8.9s)
  [F3 E 28/30] Train 0.0018/1.0000  Val 0.5056/0.8815  (8.4s)
  [F3 E 29/30] Train 0.0017/0.9998  Val 0.5034/0.8835  (8.5s)
  [F3 E 30/30] Train 0.0016/1.0000  Val 0.5044/0.8880  (7.7s)
  Fold 3 done — best val acc: 0.8880  (4m 39s)

============================================================
  Fold 4/4
============================================================
  Train: 6000, Val: 2000, Test: 2000
  resnet34 (no attention)
  [F4 E  1/30] Train 3.8548/0.1067  Val 3.3789/0.1950  (11.8s)
  [F4 E  2/30] Train 3.1850/0.2207  Val 3.0492/0.2295  (9.0s)
  [F4 E  3/30] Train 2.8763/0.2795  Val 2.8356/0.2905  (8.4s)
  [F4 E  4/30] Train 2.6683/0.3298  Val 2.7163/0.3120  (8.4s)
  [F4 E  5/30] Train 2.5249/0.3477  Val 2.6421/0.3270  (8.8s)
  [Epoch 6] Backbone unfreeze (lr=1e-04)
  [F4 E  6/30] Train 1.5513/0.5462  Val 1.1145/0.6630  (9.0s)
  [F4 E  7/30] Train 0.6511/0.8082  Val 0.8326/0.7550  (8.6s)
  [F4 E  8/30] Train 0.3737/0.8938  Val 0.6917/0.7975  (8.4s)
  [F4 E  9/30] Train 0.2236/0.9390  Val 0.6784/0.8080  (8.6s)
  [F4 E 10/30] Train 0.1579/0.9542  Val 0.7304/0.8040  (8.9s)
  [F4 E 11/30] Train 0.1148/0.9692  Val 0.6997/0.8180  (9.2s)
  [F4 E 12/30] Train 0.0722/0.9807  Val 0.6390/0.8405  (8.7s)
  [F4 E 13/30] Train 0.0562/0.9865  Val 0.7114/0.8330  (8.5s)
  [F4 E 14/30] Train 0.0509/0.9870  Val 0.6500/0.8380  (8.9s)
  [F4 E 15/30] Train 0.0450/0.9870  Val 0.6798/0.8465  (8.8s)
  [F4 E 16/30] Train 0.0244/0.9957  Val 0.7127/0.8370  (8.8s)
  [F4 E 17/30] Train 0.0245/0.9928  Val 0.7027/0.8345  (8.4s)
  [F4 E 18/30] Train 0.0159/0.9963  Val 0.6267/0.8580  (7.8s)
  [F4 E 19/30] Train 0.0096/0.9983  Val 0.6124/0.8560  (8.1s)
  [F4 E 20/30] Train 0.0057/0.9990  Val 0.5800/0.8645  (8.4s)
  [F4 E 21/30] Train 0.0060/0.9990  Val 0.5834/0.8665  (8.2s)
  [F4 E 22/30] Train 0.0057/0.9988  Val 0.5748/0.8680  (7.6s)
  [F4 E 23/30] Train 0.0037/0.9995  Val 0.5546/0.8745  (7.7s)
  [F4 E 24/30] Train 0.0024/1.0000  Val 0.5566/0.8715  (8.1s)
  [F4 E 25/30] Train 0.0020/0.9998  Val 0.5539/0.8745  (8.3s)
  [F4 E 26/30] Train 0.0024/0.9998  Val 0.5532/0.8735  (8.4s)
  [F4 E 27/30] Train 0.0016/1.0000  Val 0.5540/0.8740  (8.4s)
  [F4 E 28/30] Train 0.0018/0.9998  Val 0.5554/0.8705  (8.7s)
  [F4 E 29/30] Train 0.0016/0.9998  Val 0.5530/0.8745  (8.0s)
  [F4 E 30/30] Train 0.0015/1.0000  Val 0.5536/0.8725  (8.1s)
  Fold 4 done — best val acc: 0.8745  (4m 19s)

============================================================
  Ensemble — Weighted Soft Voting
  Fold val accs: ['0.8825', '0.8745', '0.8880', '0.8745']
  Weights      : ['0.2507', '0.2485', '0.2523', '0.2485']
============================================================
  resnet34 (no attention)
  resnet34 (no attention)
  resnet34 (no attention)
  resnet34 (no attention)
Ensemble Test Acc : 0.8930
Class-Norm Acc    : 0.8782
History → /home/work/AIPJ/EF2039_Introduction_to_AI_Programming_Project_1/experiment_weight_decay/history_resnet34_noattn_vanilla_family_bs32_lr0.001_optadamw.csv
Curve → /home/work/AIPJ/EF2039_Introduction_to_AI_Programming_Project_1/experiment_weight_decay/curve_resnet34_noattn_vanilla_family_bs32_lr0.001_optadamw.png
Confusion → /home/work/AIPJ/EF2039_Introduction_to_AI_Programming_Project_1/experiment_weight_decay/confusion_resnet34_noattn_vanilla_family_bs32_lr0.001_optadamw.png
Class-wise → /home/work/AIPJ/EF2039_Introduction_to_AI_Programming_Project_1/experiment_weight_decay/classwise_resnet34_noattn_vanilla_family_bs32_lr0.001_optadamw.csv
Predictions → /home/work/AIPJ/EF2039_Introduction_to_AI_Programming_Project_1/experiment_weight_decay/predictions_resnet34_noattn_vanilla_family_bs32_lr0.001_optadamw.csv
Results → /home/work/AIPJ/EF2039_Introduction_to_AI_Programming_Project_1/experiment_weight_decay/results_all.csv
