===== Input Arguments =====
  model         : cnn
  attn          : none
  tuning        : False
  use_excluded  : False
  use_added     : False
  folds         : 4
  epochs        : 100
  batch_size    : 32
  lr            : 0.001
  optimizer     : adamw
  weight_decay  : 0.005
  label_smoothing: 0.0
  label         : family
  crop_bbox     : True
  seed          : 42
  save_csv      : results_all.csv
  outdir        : /home/work/AIPJ/EF2039_Introduction_to_AI_Programming_Project_1/experiment_final
  added_repeat  : 1
  rotation      : 15
  cutmix        : 0.5
===========================
Device: cuda  |  AMP: True  |  Workers: 14
Label: family  |  Classes: 70
Mode: excl=False, added=False  |  Original: 10000, Added(train-only): 0 ×1 = 0
Test set isolated: 2000 samples (20%, seed=42)
Train+Val pool   : 8000 samples → 4-fold CV

============================================================
  Fold 1/4
============================================================
  Train: 6000, Val: 2000, Test: 2000
  SimpleCNN  params=2,522,950
  [F1 E  1/100] Train 4.1759/0.0713  Val 4.0312/0.0810  (12.5s)
  [F1 E  2/100] Train 4.0943/0.0777  Val 3.9785/0.0795  (11.1s)
  [F1 E  3/100] Train 4.0421/0.0802  Val 3.9609/0.0810  (11.7s)
  [F1 E  4/100] Train 4.0063/0.0810  Val 3.8275/0.0820  (12.2s)
  [F1 E  5/100] Train 3.9469/0.0865  Val 3.7328/0.0985  (11.2s)
  [F1 E  6/100] Train 3.9247/0.0882  Val 3.6956/0.0935  (10.6s)
  [F1 E  7/100] Train 3.9002/0.0858  Val 3.6903/0.0965  (10.5s)
  [F1 E  8/100] Train 3.8820/0.0908  Val 3.6922/0.1045  (9.3s)
  [F1 E  9/100] Train 3.8862/0.0905  Val 3.5731/0.1185  (8.7s)
  [F1 E 10/100] Train 3.8279/0.0923  Val 3.6611/0.0885  (8.9s)
  [F1 E 11/100] Train 3.8240/0.0912  Val 3.5535/0.1030  (8.6s)
  [F1 E 12/100] Train 3.8259/0.0918  Val 3.5396/0.1085  (9.2s)
  [F1 E 13/100] Train 3.7878/0.0947  Val 3.5380/0.1175  (9.2s)
  [F1 E 14/100] Train 3.7921/0.0927  Val 3.5379/0.1105  (8.5s)
  [F1 E 15/100] Train 3.7737/0.0962  Val 3.4726/0.1200  (8.4s)
  [F1 E 16/100] Train 3.7582/0.0947  Val 3.4864/0.1055  (9.8s)
  [F1 E 17/100] Train 3.7279/0.1012  Val 3.3958/0.1280  (9.2s)
  [F1 E 18/100] Train 3.7321/0.0997  Val 3.4057/0.1325  (8.3s)
  [F1 E 19/100] Train 3.7270/0.1033  Val 3.3921/0.1195  (8.6s)
  [F1 E 20/100] Train 3.7184/0.1008  Val 3.3714/0.1300  (8.6s)
  [F1 E 21/100] Train 3.6774/0.1053  Val 3.3340/0.1385  (8.6s)
  [F1 E 22/100] Train 3.6985/0.1047  Val 3.2936/0.1620  (9.0s)
  [F1 E 23/100] Train 3.7024/0.1052  Val 3.2714/0.1520  (9.1s)
  [F1 E 24/100] Train 3.6618/0.1063  Val 3.3386/0.1565  (8.8s)
  [F1 E 25/100] Train 3.6463/0.1055  Val 3.2340/0.1595  (8.7s)
  [F1 E 26/100] Train 3.5885/0.1133  Val 3.1836/0.1585  (9.2s)
  [F1 E 27/100] Train 3.6337/0.1137  Val 3.1664/0.1735  (9.2s)
  [F1 E 28/100] Train 3.6054/0.1098  Val 3.1750/0.1800  (8.8s)
  [F1 E 29/100] Train 3.6098/0.1133  Val 3.1896/0.1800  (8.8s)
  [F1 E 30/100] Train 3.6021/0.1138  Val 3.0814/0.1940  (8.7s)
  [F1 E 31/100] Train 3.5656/0.1140  Val 3.3886/0.1055  (8.7s)
  [F1 E 32/100] Train 3.5241/0.1178  Val 3.0105/0.1870  (9.5s)
  [F1 E 33/100] Train 3.5562/0.1095  Val 3.0088/0.1840  (9.7s)
  [F1 E 34/100] Train 3.5297/0.1215  Val 3.0195/0.1880  (9.8s)
  [F1 E 35/100] Train 3.4924/0.1235  Val 3.0002/0.1905  (8.9s)
  [F1 E 36/100] Train 3.4728/0.1215  Val 2.9922/0.2050  (8.8s)
  [F1 E 37/100] Train 3.4519/0.1332  Val 2.9339/0.2080  (8.9s)
  [F1 E 38/100] Train 3.5182/0.1170  Val 2.9529/0.1995  (9.1s)
  [F1 E 39/100] Train 3.4570/0.1267  Val 2.8647/0.2030  (8.8s)
  [F1 E 40/100] Train 3.4740/0.1317  Val 3.0376/0.1710  (9.0s)
  [F1 E 41/100] Train 3.4423/0.1300  Val 2.8812/0.2065  (8.3s)
  [F1 E 42/100] Train 3.4720/0.1310  Val 2.8863/0.2135  (8.6s)
  [F1 E 43/100] Train 3.4233/0.1372  Val 2.8478/0.2335  (8.1s)
  [F1 E 44/100] Train 3.4037/0.1337  Val 2.8098/0.2340  (8.6s)
  [F1 E 45/100] Train 3.4064/0.1335  Val 2.8173/0.2120  (8.8s)
  [F1 E 46/100] Train 3.4295/0.1302  Val 2.7794/0.2300  (8.7s)
  [F1 E 47/100] Train 3.4108/0.1353  Val 2.8369/0.2205  (9.4s)
  [F1 E 48/100] Train 3.3921/0.1368  Val 2.7797/0.2230  (8.4s)
  [F1 E 49/100] Train 3.4021/0.1382  Val 2.8130/0.2280  (8.3s)
  [F1 E 50/100] Train 3.4106/0.1377  Val 2.8291/0.2040  (8.5s)
  [F1 E 51/100] Train 3.3559/0.1392  Val 2.9698/0.1555  (8.5s)
  [F1 E 52/100] Train 3.3761/0.1378  Val 2.6843/0.2360  (8.7s)
  [F1 E 53/100] Train 3.3775/0.1360  Val 2.7012/0.2335  (8.9s)
  [F1 E 54/100] Train 3.3851/0.1393  Val 2.7410/0.2440  (8.7s)
  [F1 E 55/100] Train 3.3739/0.1407  Val 2.6896/0.2420  (8.8s)
  [F1 E 56/100] Train 3.4012/0.1312  Val 2.8320/0.2095  (9.1s)
  [F1 E 57/100] Train 3.3685/0.1338  Val 2.6454/0.2595  (9.1s)
  [F1 E 58/100] Train 3.3893/0.1355  Val 3.1163/0.1475  (9.0s)
  [F1 E 59/100] Train 3.3705/0.1360  Val 2.7785/0.2225  (9.3s)
  [F1 E 60/100] Train 3.3177/0.1467  Val 2.7688/0.2385  (9.8s)
  [F1 E 61/100] Train 3.3011/0.1483  Val 2.7484/0.2485  (9.4s)
  [F1 E 62/100] Train 3.3271/0.1417  Val 2.6489/0.2405  (9.1s)
  [F1 E 63/100] Train 3.3559/0.1390  Val 2.6446/0.2385  (8.7s)
  [F1 E 64/100] Train 3.3325/0.1425  Val 2.6812/0.2410  (9.3s)
  [F1 E 65/100] Train 3.3120/0.1442  Val 2.6964/0.2430  (10.0s)
  [F1 E 66/100] Train 3.3274/0.1440  Val 2.5910/0.2625  (8.9s)
  [F1 E 67/100] Train 3.2834/0.1408  Val 2.6065/0.2430  (9.1s)
  [F1 E 68/100] Train 3.2539/0.1532  Val 2.6123/0.2465  (9.2s)
  [F1 E 69/100] Train 3.2937/0.1428  Val 2.5966/0.2625  (9.5s)
  [F1 E 70/100] Train 3.3220/0.1440  Val 2.6367/0.2430  (9.4s)
  [F1 E 71/100] Train 3.2720/0.1545  Val 2.5918/0.2630  (9.1s)
  [F1 E 72/100] Train 3.3236/0.1430  Val 2.5769/0.2595  (9.2s)
  [F1 E 73/100] Train 3.3138/0.1433  Val 2.6412/0.2450  (8.6s)
  [F1 E 74/100] Train 3.2246/0.1575  Val 2.5541/0.2650  (8.6s)
  [F1 E 75/100] Train 3.2913/0.1460  Val 2.6158/0.2480  (9.4s)
  [F1 E 76/100] Train 3.3405/0.1385  Val 2.6257/0.2505  (9.5s)
  [F1 E 77/100] Train 3.2569/0.1560  Val 2.6352/0.2695  (8.8s)
  [F1 E 78/100] Train 3.3238/0.1448  Val 2.5884/0.2570  (8.8s)
  [F1 E 79/100] Train 3.3014/0.1488  Val 2.6369/0.2475  (9.1s)
  [F1 E 80/100] Train 3.2691/0.1468  Val 2.5867/0.2595  (9.3s)
  [F1 E 81/100] Train 3.2575/0.1468  Val 2.5365/0.2715  (8.9s)
  [F1 E 82/100] Train 3.2546/0.1495  Val 2.5156/0.2685  (8.4s)
  [F1 E 83/100] Train 3.2858/0.1487  Val 2.5431/0.2650  (8.7s)
  [F1 E 84/100] Train 3.2670/0.1485  Val 2.5501/0.2685  (8.6s)
  [F1 E 85/100] Train 3.2518/0.1513  Val 2.6429/0.2520  (8.1s)
  [F1 E 86/100] Train 3.2027/0.1570  Val 2.4982/0.2690  (8.6s)
  [F1 E 87/100] Train 3.1823/0.1578  Val 2.5190/0.2685  (9.1s)
  [F1 E 88/100] Train 3.2207/0.1487  Val 2.5030/0.2735  (8.8s)
  [F1 E 89/100] Train 3.2241/0.1607  Val 2.5215/0.2670  (8.5s)
  [F1 E 90/100] Train 3.2103/0.1557  Val 2.5084/0.2700  (8.6s)
  [F1 E 91/100] Train 3.2765/0.1513  Val 2.5686/0.2610  (8.6s)
  [F1 E 92/100] Train 3.3014/0.1508  Val 2.5435/0.2665  (8.6s)
  [F1 E 93/100] Train 3.2388/0.1542  Val 2.5265/0.2710  (8.5s)
  [F1 E 94/100] Train 3.2487/0.1558  Val 2.5386/0.2675  (8.1s)
  [F1 E 95/100] Train 3.2870/0.1438  Val 2.5224/0.2690  (8.9s)
  [F1 E 96/100] Train 3.2841/0.1477  Val 2.5176/0.2710  (8.7s)
  [F1 E 97/100] Train 3.3191/0.1438  Val 2.5897/0.2615  (8.6s)
  [F1 E 98/100] Train 3.2272/0.1585  Val 2.5440/0.2660  (9.0s)
  [F1 E 99/100] Train 3.2203/0.1530  Val 2.5375/0.2680  (8.3s)
  [F1 E100/100] Train 3.2516/0.1553  Val 2.5587/0.2680  (7.7s)
  Fold 1 done — best val acc: 0.2735  (15m 6s)

============================================================
  Fold 2/4
============================================================
  Train: 6000, Val: 2000, Test: 2000
  SimpleCNN  params=2,522,950
  [F2 E  1/100] Train 4.1935/0.0580  Val 4.0821/0.0810  (10.0s)
  [F2 E  2/100] Train 4.0991/0.0722  Val 3.9917/0.0800  (8.0s)
  [F2 E  3/100] Train 4.0695/0.0790  Val 3.9742/0.0805  (8.0s)
  [F2 E  4/100] Train 4.0237/0.0777  Val 3.8702/0.0800  (8.5s)
  [F2 E  5/100] Train 3.9775/0.0828  Val 3.7984/0.0925  (7.9s)
  [F2 E  6/100] Train 3.9471/0.0840  Val 3.7373/0.1055  (8.2s)
  [F2 E  7/100] Train 3.8828/0.0867  Val 3.6600/0.1175  (8.0s)
  [F2 E  8/100] Train 3.8704/0.0913  Val 3.6341/0.1075  (7.7s)
  [F2 E  9/100] Train 3.8333/0.0910  Val 3.6137/0.1080  (7.6s)
  [F2 E 10/100] Train 3.8292/0.0932  Val 3.5656/0.1140  (7.5s)
  [F2 E 11/100] Train 3.8153/0.0903  Val 3.5405/0.1075  (7.9s)
  [F2 E 12/100] Train 3.7854/0.0940  Val 3.5239/0.1210  (7.7s)
  [F2 E 13/100] Train 3.7920/0.0922  Val 3.4862/0.1190  (8.1s)
  [F2 E 14/100] Train 3.7725/0.0962  Val 3.5090/0.1280  (7.7s)
  [F2 E 15/100] Train 3.7460/0.1010  Val 3.5037/0.1170  (7.5s)
  [F2 E 16/100] Train 3.7441/0.0983  Val 3.4703/0.1310  (7.8s)
  [F2 E 17/100] Train 3.7463/0.0987  Val 3.3824/0.1450  (7.8s)
  [F2 E 18/100] Train 3.7225/0.0998  Val 3.3712/0.1355  (7.7s)
  [F2 E 19/100] Train 3.7180/0.1052  Val 3.3433/0.1460  (8.3s)
  [F2 E 20/100] Train 3.6970/0.1033  Val 3.3167/0.1625  (7.9s)
  [F2 E 21/100] Train 3.7059/0.1053  Val 3.3483/0.1460  (7.6s)
  [F2 E 22/100] Train 3.6432/0.1082  Val 3.2340/0.1530  (8.2s)
  [F2 E 23/100] Train 3.6250/0.1098  Val 3.2286/0.1625  (7.5s)
  [F2 E 24/100] Train 3.6694/0.1085  Val 3.2835/0.1480  (7.7s)
  [F2 E 25/100] Train 3.6404/0.1092  Val 3.2652/0.1675  (7.9s)
  [F2 E 26/100] Train 3.6534/0.1032  Val 3.2427/0.1490  (7.6s)
  [F2 E 27/100] Train 3.6385/0.1115  Val 3.2678/0.1685  (7.7s)
  [F2 E 28/100] Train 3.5991/0.1175  Val 3.1600/0.1835  (7.7s)
  [F2 E 29/100] Train 3.5886/0.1137  Val 3.0609/0.1985  (8.2s)
  [F2 E 30/100] Train 3.5407/0.1200  Val 3.0220/0.1885  (7.5s)
  [F2 E 31/100] Train 3.5472/0.1135  Val 3.0474/0.1960  (8.2s)
  [F2 E 32/100] Train 3.5558/0.1155  Val 3.0594/0.1990  (7.9s)
  [F2 E 33/100] Train 3.5491/0.1207  Val 3.0143/0.1965  (7.7s)
  [F2 E 34/100] Train 3.5289/0.1172  Val 2.9492/0.2120  (8.4s)
  [F2 E 35/100] Train 3.5144/0.1278  Val 2.9364/0.2170  (7.9s)
  [F2 E 36/100] Train 3.5419/0.1170  Val 3.0471/0.2115  (7.8s)
  [F2 E 37/100] Train 3.5361/0.1168  Val 2.9514/0.2255  (7.9s)
  [F2 E 38/100] Train 3.4897/0.1242  Val 3.2678/0.1670  (7.8s)
  [F2 E 39/100] Train 3.4881/0.1240  Val 2.8836/0.2365  (7.9s)
  [F2 E 40/100] Train 3.4744/0.1270  Val 2.8879/0.2260  (7.6s)
  [F2 E 41/100] Train 3.4723/0.1265  Val 2.9532/0.2195  (7.7s)
  [F2 E 42/100] Train 3.4405/0.1282  Val 2.8192/0.2280  (7.9s)
  [F2 E 43/100] Train 3.4996/0.1187  Val 2.8451/0.2230  (7.6s)
  [F2 E 44/100] Train 3.4734/0.1243  Val 2.8845/0.2350  (7.9s)
  [F2 E 45/100] Train 3.4563/0.1260  Val 2.9110/0.2370  (8.7s)
  [F2 E 46/100] Train 3.4077/0.1303  Val 2.8703/0.2235  (8.0s)
  [F2 E 47/100] Train 3.4310/0.1332  Val 2.9942/0.2190  (8.1s)
  [F2 E 48/100] Train 3.4124/0.1293  Val 2.7459/0.2455  (7.6s)
  [F2 E 49/100] Train 3.4125/0.1332  Val 3.0601/0.1805  (8.1s)
  [F2 E 50/100] Train 3.4236/0.1285  Val 2.7815/0.2490  (8.8s)
  [F2 E 51/100] Train 3.3974/0.1380  Val 2.7324/0.2470  (7.9s)
  [F2 E 52/100] Train 3.4427/0.1303  Val 2.9513/0.2415  (8.2s)
  [F2 E 53/100] Train 3.4139/0.1315  Val 2.7846/0.2395  (7.8s)
  [F2 E 54/100] Train 3.4032/0.1350  Val 2.7349/0.2590  (7.8s)
  [F2 E 55/100] Train 3.3702/0.1367  Val 2.8003/0.2375  (8.8s)
  [F2 E 56/100] Train 3.3870/0.1330  Val 2.7101/0.2420  (8.4s)
  [F2 E 57/100] Train 3.3440/0.1378  Val 2.6794/0.2560  (7.5s)
  [F2 E 58/100] Train 3.4213/0.1313  Val 2.6424/0.2635  (7.9s)
  [F2 E 59/100] Train 3.3593/0.1363  Val 2.6944/0.2605  (8.0s)
  [F2 E 60/100] Train 3.3309/0.1452  Val 2.6918/0.2680  (8.5s)
  [F2 E 61/100] Train 3.3254/0.1415  Val 2.7589/0.2585  (8.1s)
  [F2 E 62/100] Train 3.3737/0.1345  Val 2.6963/0.2725  (8.3s)
  [F2 E 63/100] Train 3.3435/0.1407  Val 2.7148/0.2595  (8.2s)
  [F2 E 64/100] Train 3.3670/0.1368  Val 2.7193/0.2625  (8.0s)
  [F2 E 65/100] Train 3.3132/0.1427  Val 2.7014/0.2695  (8.0s)
  [F2 E 66/100] Train 3.3187/0.1418  Val 2.6901/0.2625  (8.0s)
  [F2 E 67/100] Train 3.3700/0.1353  Val 2.7093/0.2490  (8.3s)
  [F2 E 68/100] Train 3.3219/0.1405  Val 2.6415/0.2615  (7.7s)
  [F2 E 69/100] Train 3.3213/0.1385  Val 2.6358/0.2675  (8.1s)
  [F2 E 70/100] Train 3.3138/0.1493  Val 2.6195/0.2725  (7.8s)
  [F2 E 71/100] Train 3.3404/0.1358  Val 2.5853/0.2875  (7.6s)
  [F2 E 72/100] Train 3.2861/0.1460  Val 2.5856/0.2905  (8.6s)
  [F2 E 73/100] Train 3.3289/0.1423  Val 2.5835/0.2870  (7.9s)
  [F2 E 74/100] Train 3.2879/0.1542  Val 2.6605/0.2830  (7.5s)
  [F2 E 75/100] Train 3.3028/0.1500  Val 2.5721/0.2745  (8.2s)
  [F2 E 76/100] Train 3.2831/0.1502  Val 2.6451/0.2730  (7.9s)
  [F2 E 77/100] Train 3.2951/0.1475  Val 2.6399/0.2810  (7.7s)
  [F2 E 78/100] Train 3.2527/0.1465  Val 2.5377/0.2945  (7.8s)
  [F2 E 79/100] Train 3.2519/0.1528  Val 2.5737/0.2945  (7.4s)
  [F2 E 80/100] Train 3.2485/0.1532  Val 2.5764/0.2960  (8.1s)
  [F2 E 81/100] Train 3.1866/0.1612  Val 2.5360/0.2965  (7.8s)
  [F2 E 82/100] Train 3.2909/0.1505  Val 2.5931/0.2950  (7.4s)
  [F2 E 83/100] Train 3.3099/0.1532  Val 2.5219/0.3025  (7.7s)
  [F2 E 84/100] Train 3.2594/0.1488  Val 2.5825/0.2935  (7.7s)
  [F2 E 85/100] Train 3.2873/0.1487  Val 2.5902/0.2945  (7.7s)
  [F2 E 86/100] Train 3.2859/0.1523  Val 2.5656/0.2945  (7.7s)
  [F2 E 87/100] Train 3.2366/0.1593  Val 2.6078/0.2830  (8.2s)
  [F2 E 88/100] Train 3.1911/0.1618  Val 2.5367/0.3000  (9.1s)
  [F2 E 89/100] Train 3.2708/0.1542  Val 2.5419/0.3015  (8.7s)
  [F2 E 90/100] Train 3.2532/0.1528  Val 2.5461/0.2950  (8.7s)
  [F2 E 91/100] Train 3.3032/0.1512  Val 2.5303/0.3030  (8.8s)
  [F2 E 92/100] Train 3.2499/0.1545  Val 2.5280/0.2995  (8.3s)
  [F2 E 93/100] Train 3.2509/0.1473  Val 2.5743/0.2950  (8.9s)
  [F2 E 94/100] Train 3.3125/0.1495  Val 2.5381/0.3045  (8.9s)
  [F2 E 95/100] Train 3.2681/0.1510  Val 2.5419/0.2980  (8.8s)
  [F2 E 96/100] Train 3.2390/0.1550  Val 2.5937/0.2910  (8.3s)
  [F2 E 97/100] Train 3.2614/0.1523  Val 2.5520/0.2995  (8.7s)
  [F2 E 98/100] Train 3.2269/0.1548  Val 2.5039/0.3055  (8.3s)
  [F2 E 99/100] Train 3.2483/0.1512  Val 2.5344/0.3010  (8.9s)
  [F2 E100/100] Train 3.2267/0.1552  Val 2.5851/0.2960  (8.8s)
  Fold 2 done — best val acc: 0.3055  (13m 25s)

============================================================
  Fold 3/4
============================================================
  Train: 6000, Val: 2000, Test: 2000
  SimpleCNN  params=2,522,950
  [F3 E  1/100] Train 4.1546/0.0707  Val 4.0289/0.0805  (9.5s)
  [F3 E  2/100] Train 4.0840/0.0773  Val 3.9787/0.0800  (8.3s)
  [F3 E  3/100] Train 4.0184/0.0805  Val 3.8820/0.0880  (8.8s)
  [F3 E  4/100] Train 3.9644/0.0847  Val 3.8702/0.1045  (8.6s)
  [F3 E  5/100] Train 3.9126/0.0823  Val 3.7244/0.0890  (8.7s)
  [F3 E  6/100] Train 3.8862/0.0892  Val 3.6425/0.1035  (8.2s)
  [F3 E  7/100] Train 3.8457/0.0917  Val 3.6241/0.1055  (9.2s)
  [F3 E  8/100] Train 3.8514/0.0895  Val 3.5537/0.1095  (9.0s)
  [F3 E  9/100] Train 3.8239/0.0912  Val 3.5736/0.1010  (8.3s)
  [F3 E 10/100] Train 3.8111/0.0990  Val 3.5537/0.1155  (8.3s)
  [F3 E 11/100] Train 3.8069/0.0980  Val 3.4842/0.1335  (8.4s)
  [F3 E 12/100] Train 3.7671/0.1003  Val 3.5224/0.1360  (8.6s)
  [F3 E 13/100] Train 3.7462/0.1020  Val 3.6353/0.0885  (8.9s)
  [F3 E 14/100] Train 3.7349/0.1067  Val 3.3285/0.1445  (8.7s)
  [F3 E 15/100] Train 3.7187/0.1055  Val 3.3092/0.1515  (8.5s)
  [F3 E 16/100] Train 3.7154/0.1043  Val 3.6024/0.1200  (8.4s)
  [F3 E 17/100] Train 3.7033/0.1052  Val 3.5546/0.1055  (8.4s)
  [F3 E 18/100] Train 3.6681/0.1082  Val 3.2844/0.1680  (9.2s)
  [F3 E 19/100] Train 3.6438/0.1085  Val 3.3148/0.1470  (8.3s)
  [F3 E 20/100] Train 3.6494/0.1100  Val 3.3320/0.1510  (8.0s)
  [F3 E 21/100] Train 3.6037/0.1120  Val 3.1819/0.1655  (8.2s)
  [F3 E 22/100] Train 3.6273/0.1130  Val 3.1561/0.1910  (7.7s)
  [F3 E 23/100] Train 3.6348/0.1120  Val 3.1179/0.1760  (8.0s)
  [F3 E 24/100] Train 3.6060/0.1170  Val 3.3162/0.1620  (7.6s)
  [F3 E 25/100] Train 3.6234/0.1083  Val 3.0156/0.1775  (7.6s)
  [F3 E 26/100] Train 3.5522/0.1198  Val 3.0495/0.1825  (7.6s)
  [F3 E 27/100] Train 3.5522/0.1207  Val 3.2611/0.1415  (7.9s)
  [F3 E 28/100] Train 3.5359/0.1232  Val 3.0719/0.1695  (7.6s)
  [F3 E 29/100] Train 3.5309/0.1245  Val 3.0297/0.1795  (8.1s)
  [F3 E 30/100] Train 3.5081/0.1308  Val 2.9902/0.2060  (8.0s)
  [F3 E 31/100] Train 3.5075/0.1303  Val 3.0433/0.2090  (7.8s)
  [F3 E 32/100] Train 3.5212/0.1308  Val 2.8582/0.2200  (7.7s)
  [F3 E 33/100] Train 3.5051/0.1230  Val 2.8799/0.2110  (7.8s)
  [F3 E 34/100] Train 3.4795/0.1303  Val 2.9520/0.1990  (7.8s)
  [F3 E 35/100] Train 3.5015/0.1310  Val 2.9190/0.2105  (7.6s)
  [F3 E 36/100] Train 3.4698/0.1277  Val 3.0183/0.1800  (7.5s)
  [F3 E 37/100] Train 3.4674/0.1277  Val 2.9158/0.2165  (7.5s)
  [F3 E 38/100] Train 3.4658/0.1275  Val 2.8737/0.2280  (7.6s)
  [F3 E 39/100] Train 3.4140/0.1357  Val 2.8587/0.2200  (7.8s)
  [F3 E 40/100] Train 3.4485/0.1348  Val 2.8853/0.2150  (8.3s)
  [F3 E 41/100] Train 3.4041/0.1367  Val 3.0496/0.1950  (7.5s)
  [F3 E 42/100] Train 3.3498/0.1468  Val 2.8124/0.2275  (8.0s)
  [F3 E 43/100] Train 3.4060/0.1390  Val 2.7261/0.2350  (7.6s)
  [F3 E 44/100] Train 3.4563/0.1293  Val 2.7578/0.2430  (7.6s)
  [F3 E 45/100] Train 3.4385/0.1333  Val 2.9239/0.2230  (8.5s)
  [F3 E 46/100] Train 3.3570/0.1427  Val 2.6935/0.2560  (8.0s)
  [F3 E 47/100] Train 3.3302/0.1425  Val 2.9461/0.2045  (7.9s)
  [F3 E 48/100] Train 3.4313/0.1393  Val 2.8751/0.2255  (7.9s)
  [F3 E 49/100] Train 3.4073/0.1402  Val 2.9070/0.2190  (7.7s)
  [F3 E 50/100] Train 3.3308/0.1408  Val 2.6422/0.2470  (8.1s)
  [F3 E 51/100] Train 3.2915/0.1487  Val 3.0744/0.2015  (7.8s)
  [F3 E 52/100] Train 3.3470/0.1410  Val 2.7004/0.2580  (7.6s)
  [F3 E 53/100] Train 3.3613/0.1470  Val 2.7388/0.2550  (7.9s)
  [F3 E 54/100] Train 3.2637/0.1545  Val 2.6792/0.2490  (7.8s)
  [F3 E 55/100] Train 3.3177/0.1443  Val 2.7499/0.2545  (7.5s)
  [F3 E 56/100] Train 3.3280/0.1447  Val 2.6232/0.2545  (7.5s)
  [F3 E 57/100] Train 3.2755/0.1570  Val 2.6677/0.2710  (8.2s)
  [F3 E 58/100] Train 3.3349/0.1473  Val 2.8324/0.2350  (7.7s)
  [F3 E 59/100] Train 3.3127/0.1503  Val 2.7004/0.2535  (7.6s)
  [F3 E 60/100] Train 3.2768/0.1512  Val 2.5955/0.2560  (7.7s)
  [F3 E 61/100] Train 3.3447/0.1458  Val 2.7223/0.2640  (7.9s)
  [F3 E 62/100] Train 3.3177/0.1525  Val 2.6350/0.2635  (8.2s)
  [F3 E 63/100] Train 3.3279/0.1407  Val 2.9007/0.2300  (7.6s)
  [F3 E 64/100] Train 3.2653/0.1610  Val 2.5923/0.2595  (7.6s)
  [F3 E 65/100] Train 3.3209/0.1402  Val 2.5644/0.2710  (8.0s)
  [F3 E 66/100] Train 3.2229/0.1578  Val 2.4895/0.2930  (7.9s)
  [F3 E 67/100] Train 3.1947/0.1640  Val 2.5145/0.3000  (8.1s)
  [F3 E 68/100] Train 3.2323/0.1565  Val 2.6054/0.2710  (7.8s)
  [F3 E 69/100] Train 3.1910/0.1658  Val 2.4689/0.2905  (7.6s)
  [F3 E 70/100] Train 3.2430/0.1622  Val 2.6268/0.2715  (7.8s)
  [F3 E 71/100] Train 3.2046/0.1643  Val 2.5144/0.2885  (7.6s)
  [F3 E 72/100] Train 3.2809/0.1577  Val 2.5614/0.2915  (7.6s)
  [F3 E 73/100] Train 3.2675/0.1555  Val 2.5102/0.3010  (7.8s)
  [F3 E 74/100] Train 3.2196/0.1608  Val 2.7078/0.2720  (7.5s)
  [F3 E 75/100] Train 3.2528/0.1525  Val 2.4920/0.3010  (7.5s)
  [F3 E 76/100] Train 3.2493/0.1605  Val 2.4772/0.2995  (7.5s)
  [F3 E 77/100] Train 3.1891/0.1643  Val 2.4969/0.2905  (7.6s)
  [F3 E 78/100] Train 3.1812/0.1705  Val 2.5105/0.2870  (8.2s)
  [F3 E 79/100] Train 3.2495/0.1602  Val 2.5315/0.2955  (8.1s)
  [F3 E 80/100] Train 3.1825/0.1647  Val 2.5323/0.3020  (8.0s)
  [F3 E 81/100] Train 3.1867/0.1665  Val 2.4615/0.3035  (7.6s)
  [F3 E 82/100] Train 3.1662/0.1675  Val 2.4953/0.2990  (7.5s)
  [F3 E 83/100] Train 3.1792/0.1600  Val 2.5218/0.2995  (7.8s)
  [F3 E 84/100] Train 3.2549/0.1647  Val 2.5695/0.3035  (7.9s)
  [F3 E 85/100] Train 3.1990/0.1640  Val 2.4871/0.3055  (7.8s)
  [F3 E 86/100] Train 3.3047/0.1510  Val 2.4728/0.3145  (7.6s)
  [F3 E 87/100] Train 3.1882/0.1662  Val 2.4463/0.3055  (7.8s)
  [F3 E 88/100] Train 3.1799/0.1623  Val 2.5082/0.3020  (7.8s)
  [F3 E 89/100] Train 3.2149/0.1642  Val 2.5271/0.3025  (7.6s)
  [F3 E 90/100] Train 3.2249/0.1547  Val 2.4775/0.3075  (8.4s)
  [F3 E 91/100] Train 3.2107/0.1643  Val 2.4509/0.3090  (7.7s)
  [F3 E 92/100] Train 3.2068/0.1640  Val 2.4981/0.3080  (7.7s)
  [F3 E 93/100] Train 3.1903/0.1727  Val 2.4810/0.3015  (7.8s)
  [F3 E 94/100] Train 3.2246/0.1672  Val 2.4646/0.3050  (7.6s)
  [F3 E 95/100] Train 3.1815/0.1675  Val 2.4684/0.3050  (7.5s)
  [F3 E 96/100] Train 3.1731/0.1695  Val 2.4924/0.3040  (7.7s)
  [F3 E 97/100] Train 3.1850/0.1667  Val 2.4410/0.3030  (7.8s)
  [F3 E 98/100] Train 3.2446/0.1588  Val 2.4755/0.3050  (7.6s)
  [F3 E 99/100] Train 3.1953/0.1663  Val 2.4596/0.3015  (7.5s)
  [F3 E100/100] Train 3.2075/0.1637  Val 2.4667/0.3050  (8.3s)
  Fold 3 done — best val acc: 0.3145  (13m 15s)

============================================================
  Fold 4/4
============================================================
  Train: 6000, Val: 2000, Test: 2000
  SimpleCNN  params=2,522,950
  [F4 E  1/100] Train 4.1651/0.0687  Val 3.9744/0.0800  (10.3s)
  [F4 E  2/100] Train 4.0581/0.0800  Val 3.9109/0.0860  (8.3s)
  [F4 E  3/100] Train 3.9908/0.0802  Val 3.8118/0.0910  (8.3s)
  [F4 E  4/100] Train 3.9360/0.0908  Val 3.7570/0.1065  (7.6s)
  [F4 E  5/100] Train 3.8785/0.0880  Val 3.6803/0.1075  (7.6s)
  [F4 E  6/100] Train 3.8756/0.0890  Val 3.7165/0.1090  (7.8s)
  [F4 E  7/100] Train 3.8472/0.0950  Val 3.6210/0.1180  (7.7s)
  [F4 E  8/100] Train 3.8483/0.0877  Val 3.5798/0.1135  (7.6s)
  [F4 E  9/100] Train 3.7941/0.0912  Val 3.4994/0.1240  (7.6s)
  [F4 E 10/100] Train 3.7740/0.0960  Val 3.6153/0.1120  (7.6s)
  [F4 E 11/100] Train 3.7521/0.1002  Val 3.4008/0.1255  (7.7s)
  [F4 E 12/100] Train 3.7078/0.0978  Val 3.4740/0.1470  (8.0s)
  [F4 E 13/100] Train 3.6727/0.1073  Val 3.3491/0.1415  (8.1s)
  [F4 E 14/100] Train 3.6443/0.1082  Val 3.3639/0.1590  (7.6s)
  [F4 E 15/100] Train 3.6281/0.1060  Val 3.2069/0.1495  (8.2s)
  [F4 E 16/100] Train 3.6355/0.1127  Val 3.2679/0.1355  (8.3s)
  [F4 E 17/100] Train 3.6052/0.1103  Val 3.1454/0.1695  (8.5s)
  [F4 E 18/100] Train 3.5592/0.1173  Val 3.1193/0.1810  (7.9s)
  [F4 E 19/100] Train 3.5592/0.1202  Val 3.0977/0.1800  (7.6s)
  [F4 E 20/100] Train 3.5928/0.1165  Val 3.0244/0.1885  (8.0s)
  [F4 E 21/100] Train 3.5283/0.1218  Val 3.0344/0.1870  (7.8s)
  [F4 E 22/100] Train 3.5321/0.1193  Val 3.0393/0.1770  (7.7s)
  [F4 E 23/100] Train 3.5147/0.1272  Val 2.9662/0.1780  (8.1s)
  [F4 E 24/100] Train 3.4715/0.1283  Val 2.9183/0.2050  (7.7s)
  [F4 E 25/100] Train 3.4884/0.1277  Val 3.2680/0.1410  (7.8s)
  [F4 E 26/100] Train 3.4701/0.1240  Val 3.0418/0.1840  (8.6s)
  [F4 E 27/100] Train 3.4279/0.1327  Val 2.8781/0.2105  (7.6s)
  [F4 E 28/100] Train 3.4482/0.1338  Val 2.8975/0.2115  (8.1s)
  [F4 E 29/100] Train 3.4160/0.1363  Val 3.0257/0.1740  (7.7s)
  [F4 E 30/100] Train 3.3703/0.1437  Val 2.7651/0.2250  (8.1s)
  [F4 E 31/100] Train 3.3703/0.1442  Val 3.0093/0.1755  (7.7s)
  [F4 E 32/100] Train 3.3934/0.1408  Val 2.7918/0.2495  (7.7s)
  [F4 E 33/100] Train 3.3174/0.1495  Val 2.6911/0.2300  (7.7s)
  [F4 E 34/100] Train 3.2776/0.1543  Val 2.7284/0.2510  (7.9s)
  [F4 E 35/100] Train 3.2985/0.1490  Val 2.5615/0.2515  (7.9s)
  [F4 E 36/100] Train 3.2833/0.1555  Val 2.7036/0.2490  (8.7s)
  [F4 E 37/100] Train 3.2773/0.1585  Val 2.6004/0.2715  (7.6s)
  [F4 E 38/100] Train 3.2874/0.1462  Val 2.5962/0.2560  (7.8s)
  [F4 E 39/100] Train 3.2643/0.1502  Val 2.5782/0.2755  (8.2s)
  [F4 E 40/100] Train 3.2908/0.1452  Val 2.5903/0.2760  (7.7s)
  [F4 E 41/100] Train 3.2560/0.1572  Val 2.5985/0.2455  (7.7s)
  [F4 E 42/100] Train 3.2351/0.1552  Val 2.8825/0.2065  (7.8s)
  [F4 E 43/100] Train 3.2201/0.1610  Val 2.5925/0.2700  (7.6s)
  [F4 E 44/100] Train 3.2441/0.1628  Val 2.5793/0.2820  (7.9s)
  [F4 E 45/100] Train 3.2598/0.1528  Val 2.5675/0.2755  (7.9s)
  [F4 E 46/100] Train 3.1740/0.1697  Val 2.6272/0.2830  (7.6s)
  [F4 E 47/100] Train 3.2237/0.1628  Val 2.5597/0.2715  (8.2s)
  [F4 E 48/100] Train 3.1504/0.1653  Val 2.5540/0.2885  (8.0s)
  [F4 E 49/100] Train 3.1573/0.1723  Val 2.6440/0.2825  (8.3s)
  [F4 E 50/100] Train 3.2143/0.1590  Val 2.9374/0.2300  (8.2s)
  [F4 E 51/100] Train 3.2001/0.1650  Val 2.4679/0.2945  (8.0s)
  [F4 E 52/100] Train 3.2041/0.1675  Val 2.4585/0.2835  (8.3s)
  [F4 E 53/100] Train 3.1853/0.1738  Val 2.4214/0.3060  (7.7s)
  [F4 E 54/100] Train 3.1840/0.1663  Val 2.4758/0.3125  (7.9s)
  [F4 E 55/100] Train 3.1945/0.1702  Val 2.5529/0.2965  (8.6s)
  [F4 E 56/100] Train 3.1512/0.1760  Val 2.4578/0.3050  (8.6s)
  [F4 E 57/100] Train 3.1361/0.1742  Val 2.4159/0.3235  (8.2s)
  [F4 E 58/100] Train 3.1381/0.1727  Val 2.6001/0.2885  (7.7s)
  [F4 E 59/100] Train 3.1280/0.1802  Val 2.3057/0.3160  (7.6s)
  [F4 E 60/100] Train 3.0132/0.1917  Val 2.2765/0.3225  (8.5s)
  [F4 E 61/100] Train 3.1722/0.1697  Val 2.3812/0.3245  (7.9s)
  [F4 E 62/100] Train 3.0973/0.1887  Val 2.4271/0.3025  (8.2s)
  [F4 E 63/100] Train 3.1385/0.1767  Val 2.3066/0.3285  (8.2s)
  [F4 E 64/100] Train 3.1013/0.1832  Val 2.4118/0.3350  (8.4s)
  [F4 E 65/100] Train 3.1285/0.1813  Val 2.4356/0.3125  (8.2s)
  [F4 E 66/100] Train 3.1513/0.1703  Val 2.3846/0.3325  (8.0s)
  [F4 E 67/100] Train 3.1197/0.1872  Val 2.4003/0.3175  (8.5s)
  [F4 E 68/100] Train 3.1002/0.1837  Val 2.3279/0.3385  (7.6s)
  [F4 E 69/100] Train 3.1019/0.1818  Val 2.3227/0.3120  (7.9s)
  [F4 E 70/100] Train 3.1175/0.1812  Val 2.2821/0.3440  (7.7s)
  [F4 E 71/100] Train 3.0546/0.1920  Val 2.3092/0.3255  (8.1s)
  [F4 E 72/100] Train 3.0530/0.1827  Val 2.3611/0.3265  (8.2s)
  [F4 E 73/100] Train 2.9671/0.2038  Val 2.2306/0.3435  (8.0s)
  [F4 E 74/100] Train 3.1070/0.1755  Val 2.3581/0.3310  (7.9s)
  [F4 E 75/100] Train 3.1041/0.1795  Val 2.3356/0.3355  (7.6s)
  [F4 E 76/100] Train 3.0837/0.1855  Val 2.2774/0.3370  (7.8s)
  [F4 E 77/100] Train 3.0755/0.1967  Val 2.3520/0.3305  (8.0s)
  [F4 E 78/100] Train 3.0053/0.1957  Val 2.3022/0.3330  (7.8s)
  [F4 E 79/100] Train 2.9997/0.1955  Val 2.2248/0.3385  (8.6s)
  [F4 E 80/100] Train 3.0333/0.1880  Val 2.3486/0.3380  (8.3s)
  [F4 E 81/100] Train 3.0010/0.2040  Val 2.3269/0.3320  (8.0s)
  [F4 E 82/100] Train 3.0552/0.1925  Val 2.2685/0.3445  (8.2s)
  [F4 E 83/100] Train 3.0069/0.1987  Val 2.2773/0.3435  (8.1s)
  [F4 E 84/100] Train 3.0192/0.1878  Val 2.2285/0.3495  (7.9s)
  [F4 E 85/100] Train 2.9898/0.2015  Val 2.2544/0.3370  (7.7s)
  [F4 E 86/100] Train 2.9861/0.2005  Val 2.2927/0.3395  (7.8s)
  [F4 E 87/100] Train 3.0397/0.1873  Val 2.2850/0.3430  (7.8s)
  [F4 E 88/100] Train 3.0566/0.1827  Val 2.3081/0.3410  (7.9s)
  [F4 E 89/100] Train 2.9765/0.2015  Val 2.2048/0.3590  (8.0s)
  [F4 E 90/100] Train 2.9433/0.1983  Val 2.1888/0.3570  (8.2s)
  [F4 E 91/100] Train 3.0115/0.1945  Val 2.2453/0.3485  (8.0s)
  [F4 E 92/100] Train 3.0057/0.2018  Val 2.2549/0.3460  (8.2s)
  [F4 E 93/100] Train 2.9821/0.1948  Val 2.2669/0.3485  (8.1s)
  [F4 E 94/100] Train 2.9771/0.2047  Val 2.2627/0.3485  (8.3s)
  [F4 E 95/100] Train 2.9753/0.2000  Val 2.2763/0.3485  (7.9s)
  [F4 E 96/100] Train 3.0056/0.2035  Val 2.2855/0.3505  (7.8s)
  [F4 E 97/100] Train 2.9838/0.2042  Val 2.1591/0.3620  (7.9s)
  [F4 E 98/100] Train 2.9957/0.2025  Val 2.2426/0.3515  (7.9s)
  [F4 E 99/100] Train 2.9800/0.2058  Val 2.2338/0.3545  (7.7s)
  [F4 E100/100] Train 3.0031/0.2042  Val 2.2239/0.3575  (7.7s)
  Fold 4 done — best val acc: 0.3620  (13m 20s)

============================================================
  Ensemble — Weighted Soft Voting
  Fold val accs: ['0.2735', '0.3055', '0.3145', '0.3620']
  Weights      : ['0.2178', '0.2433', '0.2505', '0.2883']
============================================================
  SimpleCNN  params=2,522,950
  SimpleCNN  params=2,522,950
  SimpleCNN  params=2,522,950
  SimpleCNN  params=2,522,950
Ensemble Test Acc : 0.3615
Class-Norm Acc    : 0.2651
History → /home/work/AIPJ/EF2039_Introduction_to_AI_Programming_Project_1/experiment_final/history_cnn_noattn_vanilla_family_lr0.001_optadamw_wd0.005_rot15_cm0.5.csv
Curve → /home/work/AIPJ/EF2039_Introduction_to_AI_Programming_Project_1/experiment_final/curve_cnn_noattn_vanilla_family_lr0.001_optadamw_wd0.005_rot15_cm0.5.png
Confusion → /home/work/AIPJ/EF2039_Introduction_to_AI_Programming_Project_1/experiment_final/confusion_cnn_noattn_vanilla_family_lr0.001_optadamw_wd0.005_rot15_cm0.5.png
Class-wise → /home/work/AIPJ/EF2039_Introduction_to_AI_Programming_Project_1/experiment_final/classwise_cnn_noattn_vanilla_family_lr0.001_optadamw_wd0.005_rot15_cm0.5.csv
Predictions → /home/work/AIPJ/EF2039_Introduction_to_AI_Programming_Project_1/experiment_final/predictions_cnn_noattn_vanilla_family_lr0.001_optadamw_wd0.005_rot15_cm0.5.csv
Results → /home/work/AIPJ/EF2039_Introduction_to_AI_Programming_Project_1/experiment_final/results_all.csv
