===== Input Arguments =====
  model         : resnet34d
  attn          : none
  tuning        : False
  use_excluded  : False
  use_added     : False
  folds         : 4
  epochs        : 50
  batch_size    : 32
  lr            : 0.001
  optimizer     : adamw
  weight_decay  : 0.005
  label_smoothing: 0.0
  label         : family
  crop_bbox     : True
  seed          : 42
  save_csv      : results_all.csv
  outdir        : /home/work/AIPJ/EF2039_Introduction_to_AI_Programming_Project_1/experiment_final
  added_repeat  : 1
  rotation      : 15
  cutmix        : 0.5
===========================
Device: cuda  |  AMP: True  |  Workers: 14
Label: family  |  Classes: 70
Mode: excl=False, added=False  |  Original: 10000, Added(train-only): 0 ×1 = 0
Test set isolated: 2000 samples (20%, seed=42)
Train+Val pool   : 8000 samples → 4-fold CV

============================================================
  Fold 1/4
============================================================
  Train: 6000, Val: 2000, Test: 2000
  resnet34_dropout(p=0.5, no attention)
  [F1 E  1/50] Train 4.3185/0.0510  Val 3.7671/0.0945  (9.6s)
  [F1 E  2/50] Train 4.0149/0.0793  Val 3.5767/0.1385  (7.5s)
  [F1 E  3/50] Train 3.8914/0.0952  Val 3.4257/0.1675  (8.3s)
  [F1 E  4/50] Train 3.8161/0.1022  Val 3.3139/0.1685  (9.4s)
  [F1 E  5/50] Train 3.8302/0.1058  Val 3.2739/0.1825  (8.7s)
  [Epoch 6] Backbone unfreeze (lr=1e-04)
  [F1 E  6/50] Train 3.1254/0.2162  Val 1.8530/0.4440  (9.3s)
  [F1 E  7/50] Train 2.3412/0.3780  Val 1.2879/0.6100  (8.7s)
  [F1 E  8/50] Train 2.0538/0.4703  Val 0.9691/0.7140  (9.4s)
  [F1 E  9/50] Train 2.0110/0.4942  Val 0.8793/0.7540  (9.5s)
  [F1 E 10/50] Train 1.5682/0.5833  Val 0.7834/0.7645  (8.9s)
  [F1 E 11/50] Train 1.6163/0.5865  Val 0.7395/0.7790  (8.9s)
  [F1 E 12/50] Train 1.6288/0.5845  Val 0.6613/0.8090  (8.7s)
  [F1 E 13/50] Train 1.2499/0.6855  Val 0.6011/0.8250  (9.1s)
  [F1 E 14/50] Train 1.3080/0.6730  Val 0.5954/0.8240  (9.3s)
  [F1 E 15/50] Train 1.3959/0.6552  Val 0.5961/0.8280  (9.6s)
  [F1 E 16/50] Train 1.1399/0.7228  Val 0.6737/0.8115  (9.5s)
  [F1 E 17/50] Train 1.1543/0.7120  Val 0.5599/0.8370  (9.0s)
  [F1 E 18/50] Train 1.1317/0.7173  Val 0.5643/0.8435  (9.0s)
  [F1 E 19/50] Train 1.0853/0.7297  Val 0.5432/0.8555  (8.8s)
  [F1 E 20/50] Train 1.0622/0.7452  Val 0.4844/0.8665  (9.7s)
  [F1 E 21/50] Train 1.0346/0.7448  Val 0.5253/0.8590  (9.1s)
  [F1 E 22/50] Train 1.1866/0.7150  Val 0.5367/0.8600  (9.3s)
  [F1 E 23/50] Train 0.9564/0.7733  Val 0.5088/0.8725  (9.5s)
  [F1 E 24/50] Train 0.8151/0.8152  Val 0.4818/0.8760  (10.1s)
  [F1 E 25/50] Train 0.9982/0.7432  Val 0.4752/0.8800  (8.9s)
  [F1 E 26/50] Train 1.0175/0.7557  Val 0.4531/0.8775  (9.4s)
  [F1 E 27/50] Train 0.9145/0.7987  Val 0.4587/0.8760  (8.7s)
  [F1 E 28/50] Train 0.9620/0.7710  Val 0.4527/0.8790  (9.1s)
  [F1 E 29/50] Train 0.8277/0.8010  Val 0.4257/0.8885  (8.2s)
  [F1 E 30/50] Train 0.9894/0.7557  Val 0.4322/0.8895  (8.7s)
  [F1 E 31/50] Train 0.6992/0.8388  Val 0.4052/0.8890  (9.3s)
  [F1 E 32/50] Train 0.7933/0.8168  Val 0.4290/0.8870  (8.9s)
  [F1 E 33/50] Train 0.8224/0.7897  Val 0.4276/0.8885  (8.9s)
  [F1 E 34/50] Train 0.8345/0.7918  Val 0.3963/0.8965  (9.4s)
  [F1 E 35/50] Train 0.9426/0.7723  Val 0.4037/0.8960  (9.5s)
  [F1 E 36/50] Train 0.8017/0.8148  Val 0.4027/0.8940  (8.8s)
  [F1 E 37/50] Train 0.6988/0.8385  Val 0.3868/0.8995  (8.3s)
  [F1 E 38/50] Train 0.8317/0.8125  Val 0.4113/0.9015  (9.5s)
  [F1 E 39/50] Train 0.7096/0.8295  Val 0.3801/0.9020  (9.4s)
  [F1 E 40/50] Train 0.7922/0.8202  Val 0.3847/0.9015  (9.6s)
  [F1 E 41/50] Train 0.8084/0.7972  Val 0.3831/0.9040  (9.2s)
  [F1 E 42/50] Train 0.8088/0.8203  Val 0.3770/0.9020  (9.0s)
  [F1 E 43/50] Train 0.8014/0.8212  Val 0.3704/0.9030  (8.3s)
  [F1 E 44/50] Train 0.8032/0.8050  Val 0.3673/0.9085  (8.6s)
  [F1 E 45/50] Train 0.7195/0.7995  Val 0.3607/0.9080  (8.0s)
  [F1 E 46/50] Train 0.7106/0.8247  Val 0.3587/0.9065  (8.1s)
  [F1 E 47/50] Train 0.8224/0.8207  Val 0.3628/0.9085  (8.6s)
  [F1 E 48/50] Train 0.7199/0.7987  Val 0.3630/0.9090  (8.9s)
  [F1 E 49/50] Train 0.7593/0.8267  Val 0.3577/0.9115  (8.3s)
  [F1 E 50/50] Train 0.7862/0.7967  Val 0.3610/0.9095  (8.5s)
  Fold 1 done — best val acc: 0.9115  (7m 33s)

============================================================
  Fold 2/4
============================================================
  Train: 6000, Val: 2000, Test: 2000
  resnet34_dropout(p=0.5, no attention)
  [F2 E  1/50] Train 4.2921/0.0565  Val 3.7810/0.1025  (9.4s)
  [F2 E  2/50] Train 4.0393/0.0717  Val 3.5756/0.1410  (8.6s)
  [F2 E  3/50] Train 3.8874/0.0905  Val 3.4409/0.1620  (8.4s)
  [F2 E  4/50] Train 3.8298/0.0998  Val 3.3928/0.1600  (8.1s)
  [F2 E  5/50] Train 3.7741/0.1105  Val 3.3151/0.1835  (8.5s)
  [Epoch 6] Backbone unfreeze (lr=1e-04)
  [F2 E  6/50] Train 3.0391/0.2302  Val 1.9003/0.4360  (8.8s)
  [F2 E  7/50] Train 2.3958/0.3673  Val 1.3369/0.5845  (8.3s)
  [F2 E  8/50] Train 2.0467/0.4628  Val 1.1394/0.6660  (8.3s)
  [F2 E  9/50] Train 1.8002/0.5318  Val 0.9536/0.7180  (8.5s)
  [F2 E 10/50] Train 1.6587/0.5782  Val 0.7979/0.7650  (8.9s)
  [F2 E 11/50] Train 1.4607/0.6263  Val 0.7231/0.7890  (8.7s)
  [F2 E 12/50] Train 1.4674/0.6187  Val 0.7346/0.7880  (9.4s)
  [F2 E 13/50] Train 1.4840/0.6277  Val 0.7042/0.7945  (8.7s)
  [F2 E 14/50] Train 1.3167/0.6825  Val 0.6499/0.8125  (8.4s)
  [F2 E 15/50] Train 1.2621/0.6805  Val 0.6155/0.8240  (7.8s)
  [F2 E 16/50] Train 1.2525/0.7052  Val 0.5745/0.8370  (8.2s)
  [F2 E 17/50] Train 1.2592/0.6983  Val 0.5923/0.8400  (7.9s)
  [F2 E 18/50] Train 1.1346/0.7095  Val 0.6646/0.8140  (8.5s)
  [F2 E 19/50] Train 0.9981/0.7465  Val 0.5483/0.8520  (8.1s)
  [F2 E 20/50] Train 1.0728/0.7347  Val 0.4833/0.8670  (7.6s)
  [F2 E 21/50] Train 1.0976/0.7215  Val 0.5382/0.8520  (8.0s)
  [F2 E 22/50] Train 0.9967/0.7697  Val 0.4849/0.8670  (7.6s)
  [F2 E 23/50] Train 1.0792/0.7433  Val 0.5109/0.8565  (8.4s)
  [F2 E 24/50] Train 1.0524/0.7555  Val 0.4587/0.8790  (7.9s)
  [F2 E 25/50] Train 0.9446/0.7663  Val 0.4467/0.8830  (8.2s)
  [F2 E 26/50] Train 0.8352/0.8238  Val 0.4910/0.8650  (7.8s)
