===== Input Arguments =====
  model         : resnet34d
  attn          : none
  tuning        : False
  use_excluded  : True
  use_added     : False
  folds         : 4
  epochs        : 50
  batch_size    : 32
  lr            : 0.001
  optimizer     : adamw
  weight_decay  : 0.005
  label_smoothing: 0.0
  label         : family
  crop_bbox     : True
  seed          : 42
  save_csv      : results_all.csv
  outdir        : /home/work/AIPJ/EF2039_Introduction_to_AI_Programming_Project_1/experiment_final
  added_repeat  : 1
  rotation      : 15
  cutmix        : 0.5
===========================
Device: cuda  |  AMP: True  |  Workers: 14
Label: family  |  Classes: 70
Mode: excl=True, added=False  |  Original: 10000, Added(train-only): 0 ×1 = 0
Test set isolated: 2000 samples (20%, seed=42)
Train+Val pool   : 8000 samples → 4-fold CV

============================================================
  Fold 1/4
============================================================
  Train: 6000, Val: 2000, Test: 2000
  resnet34_dropout(p=0.5, no attention)
  [F1 E  1/50] Train 4.3211/0.0577  Val 3.7691/0.1075  (8.8s)
  [F1 E  2/50] Train 4.0660/0.0785  Val 3.5541/0.1300  (7.6s)
  [F1 E  3/50] Train 3.9209/0.0902  Val 3.4315/0.1465  (8.5s)
  [F1 E  4/50] Train 3.8889/0.0997  Val 3.3759/0.1455  (7.9s)
  [F1 E  5/50] Train 3.8325/0.1073  Val 3.2586/0.1920  (8.2s)
  [Epoch 6] Backbone unfreeze (lr=1e-04)
  [F1 E  6/50] Train 3.0849/0.2205  Val 1.8285/0.4675  (8.6s)
  [F1 E  7/50] Train 2.4108/0.3613  Val 1.4163/0.5635  (8.6s)
  [F1 E  8/50] Train 2.0261/0.4645  Val 1.1076/0.6735  (8.7s)
  [F1 E  9/50] Train 1.8195/0.5248  Val 0.9552/0.7160  (8.3s)
  [F1 E 10/50] Train 1.7334/0.5550  Val 0.8794/0.7405  (8.1s)
  [F1 E 11/50] Train 1.5215/0.6058  Val 0.7239/0.7990  (8.4s)
  [F1 E 12/50] Train 1.4302/0.6412  Val 0.6789/0.7945  (8.3s)
  [F1 E 13/50] Train 1.3794/0.6490  Val 0.6019/0.8280  (8.5s)
  [F1 E 14/50] Train 1.3358/0.6660  Val 0.5608/0.8390  (9.0s)
  [F1 E 15/50] Train 1.3923/0.6608  Val 0.5797/0.8330  (8.9s)
  [F1 E 16/50] Train 1.1041/0.7280  Val 0.5444/0.8300  (8.4s)
  [F1 E 17/50] Train 1.2552/0.6880  Val 0.5387/0.8470  (8.7s)
  [F1 E 18/50] Train 1.2472/0.6833  Val 0.4965/0.8575  (9.1s)
  [F1 E 19/50] Train 1.0249/0.7382  Val 0.4922/0.8525  (8.1s)
  [F1 E 20/50] Train 1.0988/0.7163  Val 0.5054/0.8610  (8.2s)
  [F1 E 21/50] Train 1.0798/0.7445  Val 0.4817/0.8635  (8.3s)
  [F1 E 22/50] Train 0.9731/0.7797  Val 0.5101/0.8705  (8.0s)
  [F1 E 23/50] Train 0.9799/0.7608  Val 0.5141/0.8670  (8.0s)
  [F1 E 24/50] Train 0.9297/0.7822  Val 0.4648/0.8690  (9.2s)
  [F1 E 25/50] Train 0.9656/0.7585  Val 0.4750/0.8705  (8.6s)
  [F1 E 26/50] Train 1.0209/0.7423  Val 0.4406/0.8815  (8.4s)
  [F1 E 27/50] Train 0.9691/0.7772  Val 0.4376/0.8805  (8.6s)
  [F1 E 28/50] Train 1.0111/0.7783  Val 0.4565/0.8840  (8.3s)
  [F1 E 29/50] Train 0.8481/0.7705  Val 0.4192/0.8930  (8.0s)
  [F1 E 30/50] Train 0.8654/0.8175  Val 0.4138/0.8895  (8.8s)
  [F1 E 31/50] Train 0.8759/0.7717  Val 0.3888/0.8995  (8.4s)
  [F1 E 32/50] Train 0.8227/0.8287  Val 0.4091/0.8910  (8.3s)
  [F1 E 33/50] Train 0.8203/0.8203  Val 0.3907/0.8990  (8.8s)
  [F1 E 34/50] Train 0.8744/0.8218  Val 0.3888/0.8985  (8.4s)
  [F1 E 35/50] Train 0.8100/0.8012  Val 0.3783/0.8965  (9.0s)
  [F1 E 36/50] Train 0.7206/0.8355  Val 0.3865/0.9035  (8.9s)
  [F1 E 37/50] Train 0.8132/0.8002  Val 0.3830/0.9020  (8.9s)
  [F1 E 38/50] Train 0.8530/0.7953  Val 0.3879/0.9040  (9.1s)
  [F1 E 39/50] Train 0.7597/0.8097  Val 0.3687/0.9025  (8.7s)
  [F1 E 40/50] Train 0.7833/0.8207  Val 0.3546/0.9105  (9.2s)
  [F1 E 41/50] Train 0.8379/0.8185  Val 0.3519/0.9065  (8.6s)
  [F1 E 42/50] Train 0.7195/0.8247  Val 0.3522/0.9095  (8.9s)
  [F1 E 43/50] Train 0.7620/0.8282  Val 0.3531/0.9050  (9.1s)
  [F1 E 44/50] Train 0.7394/0.8300  Val 0.3538/0.9085  (9.1s)
  [F1 E 45/50] Train 0.7453/0.8438  Val 0.3501/0.9075  (8.8s)
  [F1 E 46/50] Train 0.6298/0.8410  Val 0.3448/0.9095  (9.1s)
  [F1 E 47/50] Train 0.8082/0.8085  Val 0.3513/0.9080  (8.5s)
  [F1 E 48/50] Train 0.7187/0.8472  Val 0.3456/0.9110  (9.1s)
  [F1 E 49/50] Train 0.9180/0.7785  Val 0.3443/0.9110  (9.1s)
  [F1 E 50/50] Train 0.9075/0.7645  Val 0.3462/0.9115  (9.0s)
  Fold 1 done — best val acc: 0.9115  (7m 14s)

============================================================
  Fold 2/4
============================================================
  Train: 6000, Val: 2000, Test: 2000
  resnet34_dropout(p=0.5, no attention)
  [F2 E  1/50] Train 4.3045/0.0588  Val 3.7812/0.1040  (9.0s)
  [F2 E  2/50] Train 4.0330/0.0752  Val 3.5792/0.1325  (7.6s)
  [F2 E  3/50] Train 3.9142/0.0933  Val 3.4577/0.1685  (8.8s)
  [F2 E  4/50] Train 3.8678/0.0977  Val 3.3433/0.1865  (8.8s)
  [F2 E  5/50] Train 3.8107/0.1013  Val 3.3121/0.2010  (8.8s)
  [Epoch 6] Backbone unfreeze (lr=1e-04)
  [F2 E  6/50] Train 3.0752/0.2235  Val 1.8907/0.4480  (8.7s)
  [F2 E  7/50] Train 2.4025/0.3720  Val 1.4135/0.5765  (9.4s)
  [F2 E  8/50] Train 1.9673/0.4765  Val 1.1007/0.6695  (9.4s)
  [F2 E  9/50] Train 1.7619/0.5245  Val 1.0667/0.6770  (10.3s)
  [F2 E 10/50] Train 1.7233/0.5605  Val 0.8947/0.7275  (9.7s)
  [F2 E 11/50] Train 1.4541/0.6263  Val 0.7530/0.7740  (9.4s)
  [F2 E 12/50] Train 1.6044/0.5893  Val 0.7826/0.7800  (8.9s)
  [F2 E 13/50] Train 1.4077/0.6547  Val 0.6667/0.8165  (9.7s)
  [F2 E 14/50] Train 1.3178/0.6755  Val 0.5960/0.8435  (9.3s)
  [F2 E 15/50] Train 1.3811/0.6415  Val 0.6639/0.8225  (9.3s)
  [F2 E 16/50] Train 1.3585/0.6773  Val 0.5574/0.8510  (9.3s)
  [F2 E 17/50] Train 1.0857/0.7278  Val 0.5671/0.8410  (8.8s)
  [F2 E 18/50] Train 1.2246/0.7000  Val 0.5270/0.8625  (9.2s)
  [F2 E 19/50] Train 1.0099/0.7645  Val 0.5461/0.8555  (9.0s)
  [F2 E 20/50] Train 1.1016/0.7368  Val 0.5062/0.8615  (9.1s)
  [F2 E 21/50] Train 1.2580/0.7022  Val 0.5483/0.8645  (8.8s)
  [F2 E 22/50] Train 0.9945/0.7737  Val 0.5055/0.8625  (9.1s)
  [F2 E 23/50] Train 1.0600/0.7545  Val 0.4775/0.8725  (8.9s)
  [F2 E 24/50] Train 1.0251/0.7273  Val 0.4567/0.8820  (9.0s)
  [F2 E 25/50] Train 0.9093/0.8113  Val 0.4446/0.8885  (9.4s)
  [F2 E 26/50] Train 0.9444/0.7627  Val 0.4816/0.8800  (8.8s)
  [F2 E 27/50] Train 0.7921/0.8333  Val 0.4666/0.8755  (9.3s)
  [F2 E 28/50] Train 0.8770/0.7840  Val 0.4520/0.8845  (9.1s)
  [F2 E 29/50] Train 0.9263/0.7637  Val 0.4482/0.8790  (9.2s)
  [F2 E 30/50] Train 0.8061/0.8025  Val 0.4328/0.8885  (9.0s)
  [F2 E 31/50] Train 0.8587/0.8035  Val 0.4377/0.8930  (8.9s)
  [F2 E 32/50] Train 0.8969/0.8032  Val 0.4509/0.8925  (8.7s)
  [F2 E 33/50] Train 0.9365/0.7682  Val 0.4183/0.8940  (9.4s)
  [F2 E 34/50] Train 0.8776/0.7713  Val 0.3968/0.8995  (8.6s)
  [F2 E 35/50] Train 0.8308/0.7718  Val 0.3987/0.8975  (9.0s)
  [F2 E 36/50] Train 0.8072/0.8103  Val 0.3935/0.9025  (8.8s)
  [F2 E 37/50] Train 0.8145/0.8155  Val 0.4009/0.8965  (9.6s)
  [F2 E 38/50] Train 0.8336/0.8143  Val 0.3914/0.9020  (8.9s)
  [F2 E 39/50] Train 0.8519/0.8042  Val 0.3855/0.9030  (9.3s)
  [F2 E 40/50] Train 0.7695/0.8092  Val 0.3811/0.9055  (9.3s)
  [F2 E 41/50] Train 0.6909/0.8172  Val 0.3680/0.9050  (8.9s)
  [F2 E 42/50] Train 0.8121/0.8050  Val 0.3718/0.9090  (9.4s)
  [F2 E 43/50] Train 0.6803/0.8362  Val 0.3677/0.9065  (9.1s)
  [F2 E 44/50] Train 0.8447/0.7970  Val 0.3714/0.9065  (9.1s)
  [F2 E 45/50] Train 0.7622/0.8170  Val 0.3680/0.9065  (8.3s)
  [F2 E 46/50] Train 0.6766/0.8398  Val 0.3741/0.9045  (9.4s)
  [F2 E 47/50] Train 0.7156/0.8155  Val 0.3700/0.9080  (8.8s)
  [F2 E 48/50] Train 0.7772/0.8190  Val 0.3657/0.9100  (9.0s)
  [F2 E 49/50] Train 0.6974/0.8440  Val 0.3725/0.9080  (9.5s)
  [F2 E 50/50] Train 0.8367/0.7813  Val 0.3668/0.9065  (8.5s)
  Fold 2 done — best val acc: 0.9100  (7m 37s)

============================================================
  Fold 3/4
============================================================
  Train: 6000, Val: 2000, Test: 2000
  resnet34_dropout(p=0.5, no attention)
  [F3 E  1/50] Train 4.3279/0.0577  Val 3.8206/0.0910  (9.2s)
  [F3 E  2/50] Train 4.0393/0.0767  Val 3.5906/0.1395  (7.8s)
  [F3 E  3/50] Train 3.8907/0.0932  Val 3.4230/0.1845  (8.5s)
  [F3 E  4/50] Train 3.8400/0.1097  Val 3.3574/0.1700  (7.9s)
  [F3 E  5/50] Train 3.8054/0.1047  Val 3.2996/0.1890  (8.0s)
  [Epoch 6] Backbone unfreeze (lr=1e-04)
  [F3 E  6/50] Train 3.0081/0.2313  Val 1.8965/0.4375  (9.2s)
  [F3 E  7/50] Train 2.4044/0.3633  Val 1.4519/0.5750  (8.7s)
  [F3 E  8/50] Train 2.1304/0.4497  Val 1.0595/0.6965  (8.5s)
  [F3 E  9/50] Train 1.8120/0.5145  Val 0.8887/0.7385  (9.0s)
  [F3 E 10/50] Train 1.7021/0.5768  Val 0.9007/0.7245  (9.2s)
  [F3 E 11/50] Train 1.6761/0.5627  Val 0.7895/0.7685  (8.3s)
  [F3 E 12/50] Train 1.4344/0.6428  Val 0.7066/0.8055  (9.4s)
  [F3 E 13/50] Train 1.4116/0.6580  Val 0.6859/0.7895  (9.5s)
  [F3 E 14/50] Train 1.2506/0.7007  Val 0.6223/0.8010  (9.5s)
  [F3 E 15/50] Train 1.2279/0.7060  Val 0.6348/0.8200  (9.3s)
  [F3 E 16/50] Train 1.1747/0.7207  Val 0.6533/0.8190  (9.3s)
  [F3 E 17/50] Train 1.1198/0.7103  Val 0.5736/0.8400  (9.0s)
  [F3 E 18/50] Train 1.0722/0.7292  Val 0.5932/0.8305  (9.0s)
  [F3 E 19/50] Train 1.1698/0.7148  Val 0.5231/0.8545  (9.7s)
  [F3 E 20/50] Train 1.1540/0.7238  Val 0.5483/0.8435  (9.8s)
  [F3 E 21/50] Train 0.9339/0.7782  Val 0.5065/0.8690  (8.8s)
  [F3 E 22/50] Train 0.9800/0.7942  Val 0.4929/0.8640  (9.2s)
  [F3 E 23/50] Train 0.8653/0.7778  Val 0.5298/0.8545  (9.3s)
  [F3 E 24/50] Train 0.9670/0.7562  Val 0.4640/0.8725  (9.0s)
  [F3 E 25/50] Train 0.7778/0.8000  Val 0.5071/0.8650  (9.1s)
  [F3 E 26/50] Train 0.8754/0.7707  Val 0.4871/0.8645  (9.7s)
  [F3 E 27/50] Train 0.9176/0.7778  Val 0.4671/0.8710  (9.0s)
  [F3 E 28/50] Train 0.9360/0.7623  Val 0.4553/0.8790  (9.2s)
  [F3 E 29/50] Train 0.7672/0.8467  Val 0.4660/0.8690  (9.1s)
  [F3 E 30/50] Train 0.8969/0.7880  Val 0.4364/0.8825  (9.7s)
  [F3 E 31/50] Train 0.7113/0.8245  Val 0.4174/0.8855  (9.1s)
  [F3 E 32/50] Train 0.8597/0.7883  Val 0.4253/0.8820  (9.2s)
  [F3 E 33/50] Train 0.8755/0.7827  Val 0.4341/0.8835  (9.7s)
  [F3 E 34/50] Train 0.6968/0.8095  Val 0.4285/0.8865  (9.4s)
  [F3 E 35/50] Train 0.6990/0.8203  Val 0.4136/0.8885  (9.7s)
  [F3 E 36/50] Train 0.7341/0.8205  Val 0.4261/0.8880  (9.8s)
  [F3 E 37/50] Train 0.7165/0.8575  Val 0.4162/0.8920  (9.2s)
  [F3 E 38/50] Train 0.8642/0.7953  Val 0.3989/0.8920  (9.1s)
  [F3 E 39/50] Train 0.8399/0.7948  Val 0.3916/0.8945  (10.1s)
  [F3 E 40/50] Train 0.7591/0.8478  Val 0.3941/0.8935  (9.4s)
  [F3 E 41/50] Train 0.7167/0.8262  Val 0.3955/0.8995  (9.2s)
  [F3 E 42/50] Train 0.7091/0.8670  Val 0.3771/0.8995  (9.3s)
  [F3 E 43/50] Train 0.7948/0.8142  Val 0.3797/0.8980  (9.3s)
  [F3 E 44/50] Train 0.7640/0.8072  Val 0.3892/0.9005  (9.1s)
  [F3 E 45/50] Train 0.7880/0.7985  Val 0.3743/0.9010  (8.8s)
  [F3 E 46/50] Train 0.6797/0.8483  Val 0.3770/0.9010  (9.0s)
  [F3 E 47/50] Train 0.7980/0.8067  Val 0.3801/0.9010  (9.2s)
  [F3 E 48/50] Train 0.7781/0.7915  Val 0.3699/0.9025  (8.6s)
  [F3 E 49/50] Train 0.8294/0.7718  Val 0.3887/0.8990  (8.9s)
  [F3 E 50/50] Train 0.7449/0.8177  Val 0.3767/0.8990  (9.2s)
  Fold 3 done — best val acc: 0.9025  (7m 39s)

============================================================
  Fold 4/4
============================================================
  Train: 6000, Val: 2000, Test: 2000
  resnet34_dropout(p=0.5, no attention)
  [F4 E  1/50] Train 4.2792/0.0582  Val 3.8115/0.0975  (9.6s)
  [F4 E  2/50] Train 4.0320/0.0820  Val 3.5742/0.1360  (8.3s)
  [F4 E  3/50] Train 3.9007/0.0955  Val 3.4616/0.1595  (8.6s)
  [F4 E  4/50] Train 3.8478/0.1000  Val 3.3791/0.1805  (8.1s)
  [F4 E  5/50] Train 3.8307/0.1028  Val 3.3169/0.1815  (8.3s)
  [Epoch 6] Backbone unfreeze (lr=1e-04)
  [F4 E  6/50] Train 3.0537/0.2118  Val 1.8757/0.4335  (9.1s)
  [F4 E  7/50] Train 2.3355/0.3810  Val 1.3915/0.5860  (9.8s)
  [F4 E  8/50] Train 2.0350/0.4608  Val 1.0892/0.6685  (9.7s)
  [F4 E  9/50] Train 1.6744/0.5710  Val 0.8972/0.7340  (9.2s)
  [F4 E 10/50] Train 1.6547/0.5698  Val 0.8987/0.7325  (9.2s)
  [F4 E 11/50] Train 1.5729/0.5983  Val 0.7882/0.7725  (9.2s)
  [F4 E 12/50] Train 1.4667/0.6230  Val 0.7383/0.7840  (9.8s)
  [F4 E 13/50] Train 1.3111/0.6742  Val 0.6570/0.8100  (10.5s)
  [F4 E 14/50] Train 1.2414/0.6990  Val 0.6921/0.8070  (9.7s)
  [F4 E 15/50] Train 1.1852/0.7090  Val 0.6404/0.8170  (9.3s)
  [F4 E 16/50] Train 1.2333/0.7012  Val 0.5826/0.8265  (9.9s)
  [F4 E 17/50] Train 1.1982/0.7035  Val 0.6096/0.8325  (9.9s)
  [F4 E 18/50] Train 1.1761/0.7157  Val 0.5842/0.8340  (9.8s)
  [F4 E 19/50] Train 1.1660/0.7162  Val 0.5621/0.8475  (10.9s)
  [F4 E 20/50] Train 1.0874/0.7215  Val 0.5557/0.8435  (9.8s)
  [F4 E 21/50] Train 1.0410/0.7663  Val 0.5253/0.8545  (10.4s)
  [F4 E 22/50] Train 1.0190/0.7515  Val 0.5028/0.8595  (9.2s)
  [F4 E 23/50] Train 1.0298/0.7560  Val 0.5398/0.8470  (10.1s)
  [F4 E 24/50] Train 1.0926/0.7373  Val 0.4753/0.8760  (10.1s)
  [F4 E 25/50] Train 0.8499/0.7913  Val 0.5058/0.8570  (9.3s)
  [F4 E 26/50] Train 0.8557/0.7872  Val 0.5080/0.8655  (9.8s)
  [F4 E 27/50] Train 0.9188/0.7968  Val 0.4829/0.8740  (9.0s)
  [F4 E 28/50] Train 0.9954/0.7750  Val 0.4702/0.8785  (9.7s)
  [F4 E 29/50] Train 0.7767/0.8048  Val 0.4681/0.8795  (9.5s)
  [F4 E 30/50] Train 0.9465/0.7917  Val 0.4518/0.8890  (9.7s)
  [F4 E 31/50] Train 0.8059/0.8078  Val 0.4532/0.8785  (10.2s)
  [F4 E 32/50] Train 0.8443/0.8183  Val 0.4417/0.8920  (9.7s)
  [F4 E 33/50] Train 0.8292/0.8130  Val 0.4355/0.8890  (9.1s)
  [F4 E 34/50] Train 0.8344/0.8083  Val 0.4311/0.8895  (9.8s)
  [F4 E 35/50] Train 0.9020/0.8038  Val 0.4154/0.8915  (10.3s)
  [F4 E 36/50] Train 0.6846/0.8290  Val 0.4053/0.8970  (9.8s)
  [F4 E 37/50] Train 0.7186/0.8213  Val 0.4001/0.9000  (9.6s)
  [F4 E 38/50] Train 0.8992/0.7683  Val 0.3962/0.8980  (10.3s)
  [F4 E 39/50] Train 0.9106/0.7798  Val 0.4023/0.8970  (10.0s)
  [F4 E 40/50] Train 0.7789/0.8007  Val 0.4038/0.8955  (10.0s)
  [F4 E 41/50] Train 0.7773/0.8158  Val 0.3961/0.8960  (10.2s)
  [F4 E 42/50] Train 0.8080/0.8030  Val 0.3891/0.9025  (10.0s)
  [F4 E 43/50] Train 0.9190/0.7575  Val 0.3975/0.8990  (9.8s)
  [F4 E 44/50] Train 0.8309/0.8047  Val 0.3834/0.9045  (10.2s)
  [F4 E 45/50] Train 0.7565/0.8057  Val 0.3875/0.9005  (9.7s)
  [F4 E 46/50] Train 0.6678/0.8433  Val 0.3826/0.9030  (9.9s)
  [F4 E 47/50] Train 0.6702/0.8332  Val 0.3790/0.9065  (9.5s)
  [F4 E 48/50] Train 0.6658/0.8597  Val 0.3836/0.9015  (10.2s)
  [F4 E 49/50] Train 0.6672/0.8527  Val 0.3820/0.9025  (10.5s)
  [F4 E 50/50] Train 0.8757/0.8080  Val 0.3788/0.9025  (10.0s)
  Fold 4 done — best val acc: 0.9065  (8m 8s)

============================================================
  Ensemble — Weighted Soft Voting
  Fold val accs: ['0.9115', '0.9100', '0.9025', '0.9065']
  Weights      : ['0.2511', '0.2507', '0.2486', '0.2497']
============================================================
  resnet34_dropout(p=0.5, no attention)
  resnet34_dropout(p=0.5, no attention)
  resnet34_dropout(p=0.5, no attention)
  resnet34_dropout(p=0.5, no attention)
Ensemble Test Acc : 0.9190
Class-Norm Acc    : 0.9092
History → /home/work/AIPJ/EF2039_Introduction_to_AI_Programming_Project_1/experiment_final/history_resnet34d_noattn_excl_family_lr0.001_optadamw_wd0.005_rot15_cm0.5.csv
Curve → /home/work/AIPJ/EF2039_Introduction_to_AI_Programming_Project_1/experiment_final/curve_resnet34d_noattn_excl_family_lr0.001_optadamw_wd0.005_rot15_cm0.5.png
Confusion → /home/work/AIPJ/EF2039_Introduction_to_AI_Programming_Project_1/experiment_final/confusion_resnet34d_noattn_excl_family_lr0.001_optadamw_wd0.005_rot15_cm0.5.png
Class-wise → /home/work/AIPJ/EF2039_Introduction_to_AI_Programming_Project_1/experiment_final/classwise_resnet34d_noattn_excl_family_lr0.001_optadamw_wd0.005_rot15_cm0.5.csv
Predictions → /home/work/AIPJ/EF2039_Introduction_to_AI_Programming_Project_1/experiment_final/predictions_resnet34d_noattn_excl_family_lr0.001_optadamw_wd0.005_rot15_cm0.5.csv
Results → /home/work/AIPJ/EF2039_Introduction_to_AI_Programming_Project_1/experiment_final/results_all.csv
