===== Input Arguments =====
  model         : resnet34d
  attn          : none
  tuning        : False
  use_excluded  : False
  use_added     : True
  folds         : 4
  epochs        : 50
  batch_size    : 32
  lr            : 0.001
  optimizer     : adamw
  weight_decay  : 0.005
  label_smoothing: 0.0
  label         : family
  crop_bbox     : True
  seed          : 42
  save_csv      : results_all.csv
  outdir        : /home/work/AIPJ/EF2039_Introduction_to_AI_Programming_Project_1/experiment_final
  added_repeat  : 1
  rotation      : 15
  cutmix        : 0.5
===========================
Device: cuda  |  AMP: True  |  Workers: 14
Label: family  |  Classes: 70
Mode: excl=False, added=True  |  Original: 10000, Added(train-only): 185 ×1 = 185
Test set isolated: 2000 samples (20%, seed=42)
Train+Val pool   : 8000 samples → 4-fold CV

============================================================
  Fold 1/4
============================================================
  Train: 6185, Val: 2000, Test: 2000
  resnet34_dropout(p=0.5, no attention)
  [F1 E  1/50] Train 4.3130/0.0579  Val 3.8091/0.1115  (10.3s)
  [F1 E  2/50] Train 4.0301/0.0795  Val 3.5737/0.1355  (9.5s)
  [F1 E  3/50] Train 3.9292/0.0952  Val 3.4374/0.1745  (9.4s)
  [F1 E  4/50] Train 3.8574/0.1057  Val 3.3291/0.1775  (10.4s)
  [F1 E  5/50] Train 3.8237/0.1077  Val 3.2887/0.1795  (9.1s)
  [Epoch 6] Backbone unfreeze (lr=1e-04)
  [F1 E  6/50] Train 3.1097/0.2194  Val 1.8347/0.4580  (9.4s)
  [F1 E  7/50] Train 2.4526/0.3447  Val 1.3233/0.5950  (8.6s)
  [F1 E  8/50] Train 2.0046/0.4692  Val 1.0669/0.6825  (8.7s)
  [F1 E  9/50] Train 1.7914/0.5350  Val 0.9188/0.7335  (9.7s)
  [F1 E 10/50] Train 1.7091/0.5652  Val 0.8063/0.7595  (10.2s)
  [F1 E 11/50] Train 1.6143/0.6082  Val 0.7581/0.7815  (9.3s)
  [F1 E 12/50] Train 1.5210/0.6184  Val 0.6635/0.8035  (9.9s)
  [F1 E 13/50] Train 1.3540/0.6614  Val 0.6325/0.8145  (9.4s)
  [F1 E 14/50] Train 1.2963/0.6716  Val 0.6168/0.8165  (9.5s)
  [F1 E 15/50] Train 1.2316/0.6994  Val 0.5763/0.8365  (9.3s)
  [F1 E 16/50] Train 1.2326/0.6901  Val 0.6302/0.8090  (10.2s)
  [F1 E 17/50] Train 1.2533/0.7059  Val 0.5933/0.8210  (9.6s)
  [F1 E 18/50] Train 1.1474/0.7235  Val 0.5974/0.8360  (9.2s)
  [F1 E 19/50] Train 1.1409/0.7281  Val 0.5578/0.8525  (9.0s)
  [F1 E 20/50] Train 1.0252/0.7489  Val 0.5349/0.8525  (9.0s)
  [F1 E 21/50] Train 0.9753/0.7643  Val 0.5149/0.8605  (8.6s)
  [F1 E 22/50] Train 0.9790/0.7822  Val 0.4525/0.8740  (9.8s)
  [F1 E 23/50] Train 1.0067/0.7678  Val 0.4710/0.8740  (9.8s)
  [F1 E 24/50] Train 1.1034/0.7617  Val 0.4574/0.8750  (9.4s)
  [F1 E 25/50] Train 0.9575/0.7617  Val 0.4283/0.8845  (9.3s)
  [F1 E 26/50] Train 0.8254/0.8133  Val 0.4467/0.8820  (9.3s)
  [F1 E 27/50] Train 0.7940/0.8243  Val 0.4194/0.8925  (8.8s)
  [F1 E 28/50] Train 0.9766/0.7757  Val 0.4317/0.8865  (8.9s)
  [F1 E 29/50] Train 0.9793/0.7680  Val 0.4196/0.8920  (10.4s)
  [F1 E 30/50] Train 0.8380/0.8089  Val 0.4347/0.8885  (9.8s)
  [F1 E 31/50] Train 0.9258/0.7814  Val 0.3991/0.9045  (9.7s)
  [F1 E 32/50] Train 0.9007/0.7832  Val 0.3845/0.8985  (9.2s)
  [F1 E 33/50] Train 0.9176/0.7882  Val 0.3993/0.8980  (9.0s)
  [F1 E 34/50] Train 0.7966/0.8079  Val 0.3853/0.9020  (9.2s)
  [F1 E 35/50] Train 0.7477/0.8327  Val 0.3725/0.9095  (10.5s)
  [F1 E 36/50] Train 0.7705/0.8160  Val 0.3805/0.8975  (10.5s)
  [F1 E 37/50] Train 0.7695/0.8474  Val 0.3655/0.9065  (9.2s)
  [F1 E 38/50] Train 0.7310/0.8378  Val 0.3598/0.9100  (10.1s)
  [F1 E 39/50] Train 0.8321/0.7934  Val 0.3666/0.9065  (10.1s)
  [F1 E 40/50] Train 0.8305/0.8152  Val 0.3610/0.9110  (10.3s)
  [F1 E 41/50] Train 0.9380/0.7662  Val 0.3513/0.9095  (10.5s)
  [F1 E 42/50] Train 0.6965/0.8084  Val 0.3449/0.9095  (9.5s)
  [F1 E 43/50] Train 0.6530/0.8537  Val 0.3460/0.9140  (8.9s)
  [F1 E 44/50] Train 0.8236/0.7953  Val 0.3411/0.9130  (10.1s)
  [F1 E 45/50] Train 0.8053/0.8011  Val 0.3475/0.9180  (9.4s)
  [F1 E 46/50] Train 0.7391/0.8123  Val 0.3468/0.9150  (9.1s)
  [F1 E 47/50] Train 0.8247/0.7848  Val 0.3453/0.9150  (9.3s)
  [F1 E 48/50] Train 0.6582/0.8370  Val 0.3380/0.9150  (9.7s)
  [F1 E 49/50] Train 0.7941/0.7858  Val 0.3436/0.9165  (9.7s)
  [F1 E 50/50] Train 0.7042/0.8205  Val 0.3394/0.9165  (9.3s)
  Fold 1 done — best val acc: 0.9180  (8m 1s)

============================================================
  Fold 2/4
============================================================
  Train: 6185, Val: 2000, Test: 2000
  resnet34_dropout(p=0.5, no attention)
  [F2 E  1/50] Train 4.2897/0.0566  Val 3.8084/0.1035  (10.0s)
  [F2 E  2/50] Train 4.0366/0.0795  Val 3.5971/0.1380  (9.3s)
  [F2 E  3/50] Train 3.8870/0.0949  Val 3.4420/0.1575  (9.6s)
  [F2 E  4/50] Train 3.8354/0.0993  Val 3.3493/0.1900  (8.7s)
  [F2 E  5/50] Train 3.7821/0.1151  Val 3.2501/0.1950  (8.9s)
  [Epoch 6] Backbone unfreeze (lr=1e-04)
  [F2 E  6/50] Train 3.1080/0.2184  Val 1.9625/0.4330  (9.6s)
  [F2 E  7/50] Train 2.3789/0.3665  Val 1.4026/0.5985  (9.3s)
  [F2 E  8/50] Train 2.1877/0.4181  Val 1.1701/0.6660  (9.7s)
  [F2 E  9/50] Train 1.7818/0.5378  Val 0.8897/0.7520  (9.7s)
  [F2 E 10/50] Train 1.6229/0.5825  Val 0.8490/0.7465  (10.0s)
  [F2 E 11/50] Train 1.5800/0.5934  Val 0.8042/0.7690  (9.0s)
  [F2 E 12/50] Train 1.3377/0.6568  Val 0.6661/0.8035  (9.4s)
  [F2 E 13/50] Train 1.4381/0.6440  Val 0.6550/0.8175  (9.8s)
  [F2 E 14/50] Train 1.3842/0.6475  Val 0.6629/0.8095  (9.0s)
  [F2 E 15/50] Train 1.3675/0.6673  Val 0.7051/0.7995  (9.4s)
  [F2 E 16/50] Train 1.1399/0.7234  Val 0.5909/0.8375  (9.9s)
  [F2 E 17/50] Train 1.1694/0.7132  Val 0.5640/0.8490  (8.8s)
  [F2 E 18/50] Train 1.2510/0.6899  Val 0.5893/0.8395  (9.2s)
  [F2 E 19/50] Train 1.1127/0.7347  Val 0.5421/0.8495  (9.1s)
  [F2 E 20/50] Train 1.0223/0.7588  Val 0.4852/0.8740  (9.1s)
  [F2 E 21/50] Train 0.9608/0.7722  Val 0.4811/0.8645  (9.3s)
  [F2 E 22/50] Train 1.0714/0.7272  Val 0.4564/0.8815  (10.3s)
  [F2 E 23/50] Train 1.0801/0.7232  Val 0.4808/0.8740  (9.5s)
  [F2 E 24/50] Train 0.9585/0.7576  Val 0.5089/0.8680  (9.1s)
  [F2 E 25/50] Train 0.8845/0.7908  Val 0.4873/0.8760  (9.4s)
  [F2 E 26/50] Train 0.8889/0.7745  Val 0.4472/0.8835  (9.2s)
  [F2 E 27/50] Train 0.9528/0.7683  Val 0.4642/0.8800  (9.3s)
  [F2 E 28/50] Train 0.8613/0.7916  Val 0.4316/0.8925  (9.0s)
  [F2 E 29/50] Train 0.8675/0.7827  Val 0.4456/0.8850  (9.9s)
  [F2 E 30/50] Train 0.9124/0.7926  Val 0.4256/0.8810  (9.3s)
  [F2 E 31/50] Train 0.8886/0.7604  Val 0.4252/0.8920  (10.5s)
  [F2 E 32/50] Train 0.7837/0.8073  Val 0.4335/0.8890  (9.3s)
  [F2 E 33/50] Train 0.7464/0.8264  Val 0.4093/0.8950  (9.6s)
  [F2 E 34/50] Train 0.8600/0.7908  Val 0.3950/0.9050  (9.7s)
  [F2 E 35/50] Train 0.7222/0.8500  Val 0.4162/0.8900  (10.1s)
  [F2 E 36/50] Train 0.7802/0.8170  Val 0.3943/0.8970  (9.2s)
  [F2 E 37/50] Train 0.7980/0.8099  Val 0.3944/0.8985  (9.6s)
  [F2 E 38/50] Train 0.7000/0.8414  Val 0.4038/0.9010  (9.5s)
  [F2 E 39/50] Train 0.7375/0.8120  Val 0.3754/0.9050  (8.2s)
  [F2 E 40/50] Train 0.7765/0.8095  Val 0.3796/0.8975  (8.2s)
  [F2 E 41/50] Train 0.8666/0.8133  Val 0.3896/0.9010  (8.4s)
  [F2 E 42/50] Train 0.8105/0.7832  Val 0.3896/0.9035  (9.5s)
  [F2 E 43/50] Train 0.7060/0.8252  Val 0.3825/0.9050  (8.5s)
  [F2 E 44/50] Train 0.6974/0.8322  Val 0.3852/0.9015  (8.2s)
  [F2 E 45/50] Train 0.8103/0.7997  Val 0.3655/0.9035  (8.0s)
  [F2 E 46/50] Train 0.8015/0.8008  Val 0.3877/0.9070  (8.2s)
  [F2 E 47/50] Train 0.7585/0.8079  Val 0.3649/0.9035  (7.8s)
  [F2 E 48/50] Train 0.7139/0.8369  Val 0.3833/0.9090  (7.9s)
  [F2 E 49/50] Train 0.6734/0.8671  Val 0.3623/0.9060  (8.5s)
  [F2 E 50/50] Train 0.6932/0.8192  Val 0.3806/0.9070  (8.4s)
  Fold 2 done — best val acc: 0.9090  (7m 42s)

============================================================
  Fold 3/4
============================================================
  Train: 6185, Val: 2000, Test: 2000
  resnet34_dropout(p=0.5, no attention)
  [F3 E  1/50] Train 4.3095/0.0582  Val 3.8064/0.1050  (9.0s)
  [F3 E  2/50] Train 4.0501/0.0762  Val 3.5878/0.1245  (7.8s)
  [F3 E  3/50] Train 3.8934/0.0978  Val 3.4541/0.1650  (7.6s)
  [F3 E  4/50] Train 3.8683/0.0960  Val 3.3574/0.1645  (7.5s)
  [F3 E  5/50] Train 3.8015/0.1078  Val 3.2951/0.1755  (7.7s)
  [Epoch 6] Backbone unfreeze (lr=1e-04)
  [F3 E  6/50] Train 3.2346/0.1898  Val 1.9038/0.4500  (9.2s)
  [F3 E  7/50] Train 2.4266/0.3528  Val 1.4581/0.5600  (8.2s)
  [F3 E  8/50] Train 2.0418/0.4480  Val 1.0738/0.6760  (7.9s)
  [F3 E  9/50] Train 1.8240/0.5190  Val 0.9825/0.7080  (7.7s)
  [F3 E 10/50] Train 1.6805/0.5670  Val 0.7873/0.7670  (8.0s)
  [F3 E 11/50] Train 1.5974/0.6031  Val 0.8132/0.7620  (8.1s)
  [F3 E 12/50] Train 1.3474/0.6449  Val 0.7661/0.7660  (7.7s)
  [F3 E 13/50] Train 1.4722/0.6160  Val 0.7302/0.7715  (8.4s)
  [F3 E 14/50] Train 1.3671/0.6616  Val 0.6129/0.8225  (8.1s)
  [F3 E 15/50] Train 1.3755/0.6543  Val 0.5825/0.8335  (8.0s)
  [F3 E 16/50] Train 1.1358/0.7237  Val 0.5655/0.8335  (8.3s)
  [F3 E 17/50] Train 1.1380/0.7138  Val 0.6107/0.8330  (8.1s)
  [F3 E 18/50] Train 1.1786/0.7044  Val 0.5772/0.8465  (8.2s)
  [F3 E 19/50] Train 0.9737/0.7803  Val 0.5762/0.8420  (8.0s)
  [F3 E 20/50] Train 1.2641/0.7004  Val 0.5174/0.8540  (8.2s)
  [F3 E 21/50] Train 0.9496/0.7859  Val 0.5136/0.8490  (8.6s)
  [F3 E 22/50] Train 0.9300/0.7753  Val 0.5019/0.8655  (8.2s)
  [F3 E 23/50] Train 1.0111/0.7562  Val 0.5051/0.8555  (8.1s)
  [F3 E 24/50] Train 1.0716/0.7184  Val 0.5016/0.8695  (7.9s)
  [F3 E 25/50] Train 0.9857/0.7712  Val 0.4874/0.8715  (8.0s)
  [F3 E 26/50] Train 1.0597/0.7508  Val 0.4757/0.8720  (7.8s)
  [F3 E 27/50] Train 0.9775/0.7703  Val 0.4644/0.8690  (7.9s)
  [F3 E 28/50] Train 0.8836/0.7756  Val 0.4472/0.8810  (9.2s)
  [F3 E 29/50] Train 0.9552/0.7717  Val 0.4490/0.8825  (8.0s)
  [F3 E 30/50] Train 0.9068/0.7793  Val 0.4392/0.8785  (8.0s)
  [F3 E 31/50] Train 0.8644/0.8065  Val 0.4315/0.8855  (8.4s)
  [F3 E 32/50] Train 0.7984/0.8133  Val 0.4240/0.8820  (7.9s)
  [F3 E 33/50] Train 0.8684/0.7939  Val 0.4361/0.8910  (8.3s)
  [F3 E 34/50] Train 0.7846/0.8317  Val 0.4189/0.8870  (8.3s)
  [F3 E 35/50] Train 0.7961/0.8186  Val 0.4251/0.8905  (8.2s)
  [F3 E 36/50] Train 0.8787/0.8023  Val 0.4017/0.8910  (9.0s)
  [F3 E 37/50] Train 0.7181/0.8126  Val 0.4108/0.8955  (7.9s)
  [F3 E 38/50] Train 0.8206/0.7905  Val 0.4004/0.8955  (7.6s)
  [F3 E 39/50] Train 0.7057/0.8470  Val 0.4004/0.8965  (8.1s)
  [F3 E 40/50] Train 0.7528/0.8328  Val 0.3982/0.8950  (7.9s)
  [F3 E 41/50] Train 0.8369/0.8102  Val 0.4146/0.8950  (7.9s)
  [F3 E 42/50] Train 0.8800/0.7665  Val 0.3997/0.8960  (9.0s)
  [F3 E 43/50] Train 0.7438/0.8301  Val 0.3827/0.8970  (8.6s)
  [F3 E 44/50] Train 0.7078/0.8289  Val 0.4064/0.8985  (8.5s)
  [F3 E 45/50] Train 0.7468/0.8160  Val 0.3850/0.8975  (8.0s)
  [F3 E 46/50] Train 0.7416/0.7987  Val 0.3830/0.8975  (7.9s)
  [F3 E 47/50] Train 0.6909/0.8217  Val 0.3852/0.8960  (8.2s)
  [F3 E 48/50] Train 0.7384/0.8131  Val 0.3968/0.8960  (7.8s)
  [F3 E 49/50] Train 0.7602/0.8087  Val 0.3820/0.8975  (8.0s)
  [F3 E 50/50] Train 0.8026/0.8124  Val 0.3875/0.8980  (8.2s)
  Fold 3 done — best val acc: 0.8985  (6m 50s)

============================================================
  Fold 4/4
============================================================
  Train: 6185, Val: 2000, Test: 2000
  resnet34_dropout(p=0.5, no attention)
  [F4 E  1/50] Train 4.3354/0.0550  Val 3.8390/0.0930  (8.6s)
  [F4 E  2/50] Train 4.0452/0.0792  Val 3.5958/0.1270  (7.9s)
  [F4 E  3/50] Train 3.9347/0.0894  Val 3.4382/0.1585  (7.7s)
  [F4 E  4/50] Train 3.8215/0.1065  Val 3.3348/0.1870  (7.9s)
  [F4 E  5/50] Train 3.7813/0.1020  Val 3.3142/0.1820  (7.7s)
  [Epoch 6] Backbone unfreeze (lr=1e-04)
  [F4 E  6/50] Train 2.9931/0.2362  Val 1.8168/0.4725  (8.0s)
  [F4 E  7/50] Train 2.3760/0.3677  Val 1.4276/0.5800  (8.5s)
  [F4 E  8/50] Train 1.9628/0.4846  Val 1.0744/0.6910  (8.0s)
  [F4 E  9/50] Train 1.7438/0.5403  Val 0.9818/0.7065  (8.2s)
  [F4 E 10/50] Train 1.5570/0.5914  Val 0.8399/0.7540  (8.1s)
  [F4 E 11/50] Train 1.5213/0.6120  Val 0.7998/0.7675  (7.8s)
  [F4 E 12/50] Train 1.5323/0.6071  Val 0.6944/0.8045  (8.1s)
  [F4 E 13/50] Train 1.5230/0.6134  Val 0.6858/0.8055  (8.1s)
  [F4 E 14/50] Train 1.3187/0.6571  Val 0.6445/0.8205  (8.6s)
  [F4 E 15/50] Train 1.2958/0.6842  Val 0.6505/0.8130  (8.3s)
  [F4 E 16/50] Train 1.1088/0.7180  Val 0.5967/0.8395  (8.3s)
  [F4 E 17/50] Train 1.1071/0.7248  Val 0.6291/0.8335  (8.1s)
  [F4 E 18/50] Train 1.2836/0.6841  Val 0.5514/0.8505  (8.0s)
  [F4 E 19/50] Train 1.1288/0.7245  Val 0.5481/0.8445  (8.1s)
  [F4 E 20/50] Train 1.1081/0.7457  Val 0.5335/0.8585  (7.9s)
  [F4 E 21/50] Train 0.9593/0.7670  Val 0.5322/0.8595  (8.4s)
  [F4 E 22/50] Train 1.0105/0.7340  Val 0.5092/0.8600  (7.8s)
  [F4 E 23/50] Train 0.9611/0.7845  Val 0.4968/0.8710  (8.0s)
  [F4 E 24/50] Train 0.9242/0.7688  Val 0.4951/0.8685  (7.9s)
  [F4 E 25/50] Train 0.8716/0.8128  Val 0.4753/0.8715  (8.0s)
  [F4 E 26/50] Train 0.9340/0.7790  Val 0.4721/0.8770  (7.8s)
  [F4 E 27/50] Train 0.8748/0.7969  Val 0.4827/0.8785  (8.1s)
  [F4 E 28/50] Train 0.8086/0.8045  Val 0.4715/0.8830  (7.8s)
  [F4 E 29/50] Train 0.8790/0.7942  Val 0.4676/0.8760  (8.6s)
  [F4 E 30/50] Train 0.8316/0.7809  Val 0.4649/0.8800  (7.9s)
  [F4 E 31/50] Train 0.8619/0.8040  Val 0.4627/0.8760  (8.0s)
  [F4 E 32/50] Train 0.8403/0.7985  Val 0.4579/0.8815  (7.9s)
  [F4 E 33/50] Train 0.8693/0.7922  Val 0.4515/0.8855  (7.6s)
  [F4 E 34/50] Train 0.8030/0.8039  Val 0.4203/0.8890  (8.2s)
  [F4 E 35/50] Train 0.7934/0.8171  Val 0.4310/0.8865  (8.4s)
  [F4 E 36/50] Train 0.8045/0.8087  Val 0.4386/0.8935  (8.1s)
  [F4 E 37/50] Train 0.6954/0.8598  Val 0.4281/0.8905  (7.8s)
  [F4 E 38/50] Train 0.8066/0.8005  Val 0.4118/0.8910  (8.0s)
  [F4 E 39/50] Train 0.7868/0.8189  Val 0.4124/0.8930  (8.1s)
  [F4 E 40/50] Train 0.7920/0.8094  Val 0.4069/0.8945  (8.0s)
  [F4 E 41/50] Train 0.8043/0.7872  Val 0.4070/0.8915  (8.1s)
  [F4 E 42/50] Train 0.6955/0.8445  Val 0.3976/0.8935  (8.2s)
  [F4 E 43/50] Train 0.7580/0.8209  Val 0.4011/0.8970  (8.0s)
  [F4 E 44/50] Train 0.6972/0.8333  Val 0.4013/0.9000  (7.8s)
  [F4 E 45/50] Train 0.6320/0.8600  Val 0.3998/0.8945  (8.4s)
  [F4 E 46/50] Train 0.7342/0.8215  Val 0.4010/0.9020  (8.0s)
  [F4 E 47/50] Train 0.7478/0.8276  Val 0.3948/0.9005  (7.8s)
  [F4 E 48/50] Train 0.7088/0.8330  Val 0.3954/0.8975  (8.0s)
  [F4 E 49/50] Train 0.7395/0.8430  Val 0.3968/0.9010  (8.0s)
  [F4 E 50/50] Train 0.8249/0.7963  Val 0.3962/0.8985  (8.4s)
  Fold 4 done — best val acc: 0.9020  (6m 47s)

============================================================
  Ensemble — Weighted Soft Voting
  Fold val accs: ['0.9180', '0.9090', '0.8985', '0.9020']
  Weights      : ['0.2531', '0.2506', '0.2477', '0.2487']
============================================================
  resnet34_dropout(p=0.5, no attention)
  resnet34_dropout(p=0.5, no attention)
  resnet34_dropout(p=0.5, no attention)
  resnet34_dropout(p=0.5, no attention)
Ensemble Test Acc : 0.9220
Class-Norm Acc    : 0.9110
History → /home/work/AIPJ/EF2039_Introduction_to_AI_Programming_Project_1/experiment_final/history_resnet34d_noattn_added_family_lr0.001_optadamw_wd0.005_rot15_cm0.5.csv
Curve → /home/work/AIPJ/EF2039_Introduction_to_AI_Programming_Project_1/experiment_final/curve_resnet34d_noattn_added_family_lr0.001_optadamw_wd0.005_rot15_cm0.5.png
Confusion → /home/work/AIPJ/EF2039_Introduction_to_AI_Programming_Project_1/experiment_final/confusion_resnet34d_noattn_added_family_lr0.001_optadamw_wd0.005_rot15_cm0.5.png
Class-wise → /home/work/AIPJ/EF2039_Introduction_to_AI_Programming_Project_1/experiment_final/classwise_resnet34d_noattn_added_family_lr0.001_optadamw_wd0.005_rot15_cm0.5.csv
Predictions → /home/work/AIPJ/EF2039_Introduction_to_AI_Programming_Project_1/experiment_final/predictions_resnet34d_noattn_added_family_lr0.001_optadamw_wd0.005_rot15_cm0.5.csv
Results → /home/work/AIPJ/EF2039_Introduction_to_AI_Programming_Project_1/experiment_final/results_all.csv
