===== Input Arguments =====
  model         : resnet34d
  attn          : none
  tuning        : True
  use_excluded  : True
  use_added     : True
  folds         : 4
  epochs        : 50
  batch_size    : 32
  lr            : 0.001
  optimizer     : adamw
  weight_decay  : 0.005
  label_smoothing: 0.0
  label         : family
  crop_bbox     : True
  seed          : 42
  save_csv      : results_all.csv
  outdir        : /home/work/AIPJ/EF2039_Introduction_to_AI_Programming_Project_1/experiment_final
  added_repeat  : 1
  rotation      : 15
  cutmix        : 0.5
===========================
Device: cuda  |  AMP: True  |  Workers: 14
Label: family  |  Classes: 70
Mode: excl=True, added=True  |  Original: 10000, Added(train-only): 180 ×1 = 180
Test set isolated: 2000 samples (20%, seed=42)
Train+Val pool   : 8000 samples → 4-fold CV

============================================================
  Fold 1/4
============================================================
  Train: 6180, Val: 2000, Test: 2000
  resnet34_dropout(p=0.5, no attention)
  [F1 E  1/50] Train 4.3151/0.0549  Val 3.8004/0.1170  (9.3s)
  [F1 E  2/50] Train 4.0181/0.0807  Val 3.5636/0.1485  (8.0s)
  [F1 E  3/50] Train 3.9399/0.0840  Val 3.3964/0.1660  (8.5s)
  [F1 E  4/50] Train 3.8664/0.0958  Val 3.2990/0.1995  (7.9s)
  [F1 E  5/50] Train 3.8266/0.1104  Val 3.2719/0.1830  (7.7s)
  [Epoch 6] Backbone unfreeze (lr=1e-04)
  [F1 E  6/50] Train 3.0700/0.2162  Val 1.8001/0.4600  (8.2s)
  [F1 E  7/50] Train 2.2659/0.3872  Val 1.2313/0.6265  (7.8s)
  [F1 E  8/50] Train 2.0908/0.4492  Val 1.0363/0.6950  (8.0s)
  [F1 E  9/50] Train 1.8551/0.5159  Val 0.9600/0.7280  (7.8s)
  [F1 E 10/50] Train 1.8065/0.5241  Val 0.9080/0.7275  (8.8s)
  [F1 E 11/50] Train 1.6070/0.5825  Val 0.7069/0.7980  (8.8s)
  [F1 E 12/50] Train 1.5891/0.6042  Val 0.7066/0.7980  (8.2s)
  [F1 E 13/50] Train 1.5429/0.6136  Val 0.6283/0.8175  (8.4s)
  [F1 E 14/50] Train 1.2933/0.6772  Val 0.5545/0.8320  (8.3s)
  [F1 E 15/50] Train 1.3130/0.6756  Val 0.5694/0.8410  (8.3s)
  [F1 E 16/50] Train 1.3592/0.6437  Val 0.5348/0.8470  (8.9s)
  [F1 E 17/50] Train 1.1715/0.7047  Val 0.5359/0.8505  (8.3s)
  [F1 E 18/50] Train 1.1998/0.6966  Val 0.4741/0.8655  (8.5s)
  [F1 E 19/50] Train 1.0789/0.7495  Val 0.5120/0.8675  (8.5s)
  [F1 E 20/50] Train 1.3310/0.6738  Val 0.5011/0.8585  (8.3s)
  [F1 E 21/50] Train 1.0474/0.7474  Val 0.4785/0.8730  (8.4s)
  [F1 E 22/50] Train 1.0254/0.7549  Val 0.4685/0.8780  (8.3s)
  [F1 E 23/50] Train 0.9512/0.7888  Val 0.4517/0.8770  (8.4s)
  [F1 E 24/50] Train 1.1232/0.7267  Val 0.4411/0.8855  (8.3s)
  [F1 E 25/50] Train 1.2457/0.7181  Val 0.4406/0.8780  (8.7s)
  [F1 E 26/50] Train 1.1201/0.7183  Val 0.4231/0.8895  (8.1s)
  [F1 E 27/50] Train 0.9683/0.7665  Val 0.4296/0.8835  (7.9s)
  [F1 E 28/50] Train 0.7800/0.8270  Val 0.4106/0.8865  (8.0s)
  [F1 E 29/50] Train 0.9140/0.7672  Val 0.4155/0.8850  (8.7s)
  [F1 E 30/50] Train 0.8037/0.8026  Val 0.3978/0.8915  (8.6s)
  [F1 E 31/50] Train 0.9664/0.7659  Val 0.3959/0.8980  (8.1s)
  [F1 E 32/50] Train 0.9893/0.7634  Val 0.3934/0.8955  (8.5s)
  [F1 E 33/50] Train 0.7304/0.8241  Val 0.3888/0.9000  (8.3s)
  [F1 E 34/50] Train 0.8928/0.7782  Val 0.4036/0.8910  (8.7s)
  [F1 E 35/50] Train 0.8662/0.8055  Val 0.3953/0.8950  (8.5s)
  [F1 E 36/50] Train 0.7525/0.7947  Val 0.3892/0.8970  (8.0s)
  [F1 E 37/50] Train 0.7501/0.8249  Val 0.3850/0.9000  (8.4s)
  [F1 E 38/50] Train 0.7177/0.8364  Val 0.3818/0.9010  (8.1s)
  [F1 E 39/50] Train 0.8045/0.8485  Val 0.3747/0.9020  (8.8s)
  [F1 E 40/50] Train 0.8500/0.8097  Val 0.3808/0.9035  (8.9s)
  [F1 E 41/50] Train 0.7111/0.8392  Val 0.3640/0.9045  (9.0s)
  [F1 E 42/50] Train 0.8249/0.8230  Val 0.3591/0.9045  (8.7s)
  [F1 E 43/50] Train 0.8159/0.8105  Val 0.3618/0.9050  (9.3s)
  [F1 E 44/50] Train 0.6458/0.8400  Val 0.3503/0.9075  (9.0s)
  [F1 E 45/50] Train 0.6483/0.8615  Val 0.3498/0.9070  (9.5s)
  [F1 E 46/50] Train 0.7228/0.8257  Val 0.3568/0.9055  (9.1s)
  [F1 E 47/50] Train 0.8615/0.7885  Val 0.3586/0.9070  (9.5s)
  [F1 E 48/50] Train 0.7788/0.8181  Val 0.3533/0.9070  (9.3s)
  [F1 E 49/50] Train 0.7764/0.8141  Val 0.3549/0.9065  (9.3s)
  [F1 E 50/50] Train 0.7250/0.8396  Val 0.3523/0.9050  (9.9s)
  Fold 1 done — best val acc: 0.9075  (7m 11s)

============================================================
  Fold 2/4
============================================================
  Train: 6180, Val: 2000, Test: 2000
  resnet34_dropout(p=0.5, no attention)
  [F2 E  1/50] Train 4.3081/0.0566  Val 3.8247/0.0860  (10.1s)
  [F2 E  2/50] Train 4.0766/0.0701  Val 3.5677/0.1525  (8.6s)
  [F2 E  3/50] Train 3.9199/0.0909  Val 3.4675/0.1570  (9.6s)
  [F2 E  4/50] Train 3.8583/0.0995  Val 3.3775/0.1565  (9.7s)
  [F2 E  5/50] Train 3.7971/0.1108  Val 3.3052/0.1910  (9.8s)
  [Epoch 6] Backbone unfreeze (lr=1e-04)
  [F2 E  6/50] Train 3.0082/0.2367  Val 1.7677/0.4780  (9.9s)
  [F2 E  7/50] Train 2.3822/0.3712  Val 1.3817/0.5820  (10.7s)
  [F2 E  8/50] Train 2.0758/0.4561  Val 1.0623/0.6825  (10.5s)
  [F2 E  9/50] Train 1.8394/0.5167  Val 0.9708/0.7155  (10.2s)
  [F2 E 10/50] Train 1.6170/0.5699  Val 0.8041/0.7545  (10.6s)
  [F2 E 11/50] Train 1.5791/0.5919  Val 0.7432/0.7830  (10.7s)
  [F2 E 12/50] Train 1.4432/0.6272  Val 0.6499/0.8110  (10.2s)
  [F2 E 13/50] Train 1.2551/0.6937  Val 0.6567/0.8160  (10.5s)
  [F2 E 14/50] Train 1.3818/0.6549  Val 0.6471/0.8105  (10.2s)
  [F2 E 15/50] Train 1.3207/0.6706  Val 0.5723/0.8450  (10.3s)
  [F2 E 16/50] Train 1.1524/0.7011  Val 0.5137/0.8660  (10.3s)
  [F2 E 17/50] Train 1.3065/0.6819  Val 0.5356/0.8535  (10.0s)
  [F2 E 18/50] Train 1.0752/0.7366  Val 0.5270/0.8485  (10.4s)
  [F2 E 19/50] Train 1.2603/0.6843  Val 0.5965/0.8335  (10.0s)
  [F2 E 20/50] Train 1.1259/0.7194  Val 0.4987/0.8645  (10.7s)
  [F2 E 21/50] Train 1.1836/0.7165  Val 0.5109/0.8720  (10.7s)
  [F2 E 22/50] Train 1.1488/0.7217  Val 0.5064/0.8685  (10.8s)
  [F2 E 23/50] Train 1.0416/0.7586  Val 0.5034/0.8660  (10.7s)
  [F2 E 24/50] Train 0.9604/0.7848  Val 0.4972/0.8675  (11.0s)
  [F2 E 25/50] Train 1.0510/0.7604  Val 0.5000/0.8665  (10.3s)
  [F2 E 26/50] Train 1.0210/0.7696  Val 0.4579/0.8830  (10.5s)
  [F2 E 27/50] Train 0.8694/0.8029  Val 0.4988/0.8725  (9.7s)
  [F2 E 28/50] Train 0.8919/0.7833  Val 0.4391/0.8865  (10.9s)
  [F2 E 29/50] Train 0.8119/0.8155  Val 0.4371/0.8815  (10.1s)
  [F2 E 30/50] Train 0.7749/0.8149  Val 0.4561/0.8815  (10.7s)
  [F2 E 31/50] Train 0.8326/0.7921  Val 0.4248/0.8915  (10.6s)
  [F2 E 32/50] Train 0.7562/0.7974  Val 0.4434/0.8845  (10.3s)
  [F2 E 33/50] Train 0.8773/0.7835  Val 0.4229/0.8950  (11.2s)
  [F2 E 34/50] Train 0.7034/0.8383  Val 0.4232/0.8865  (10.5s)
  [F2 E 35/50] Train 0.8857/0.7803  Val 0.4316/0.8915  (9.7s)
  [F2 E 36/50] Train 0.6501/0.8411  Val 0.4247/0.9020  (10.0s)
  [F2 E 37/50] Train 0.6948/0.8293  Val 0.4272/0.8930  (11.0s)
  [F2 E 38/50] Train 0.7308/0.8178  Val 0.4170/0.8965  (10.8s)
  [F2 E 39/50] Train 0.8387/0.7654  Val 0.4018/0.9005  (10.3s)
  [F2 E 40/50] Train 0.7744/0.8298  Val 0.4084/0.8935  (11.4s)
  [F2 E 41/50] Train 0.7199/0.8372  Val 0.4130/0.9010  (10.6s)
  [F2 E 42/50] Train 0.8196/0.8049  Val 0.4223/0.8990  (10.4s)
  [F2 E 43/50] Train 0.8267/0.7811  Val 0.3969/0.9035  (10.1s)
  [F2 E 44/50] Train 0.8051/0.8215  Val 0.4190/0.9020  (9.8s)
  [F2 E 45/50] Train 0.6110/0.8424  Val 0.3920/0.9060  (10.5s)
  [F2 E 46/50] Train 0.7671/0.8008  Val 0.3944/0.9095  (10.9s)
  [F2 E 47/50] Train 0.7585/0.8095  Val 0.4042/0.9060  (10.6s)
  [F2 E 48/50] Train 0.7941/0.8125  Val 0.4000/0.9080  (10.9s)
  [F2 E 49/50] Train 0.7471/0.8236  Val 0.3972/0.9075  (10.8s)
  [F2 E 50/50] Train 0.6140/0.8332  Val 0.3958/0.9060  (10.3s)
  Fold 2 done — best val acc: 0.9095  (8m 42s)

============================================================
  Fold 3/4
============================================================
  Train: 6180, Val: 2000, Test: 2000
  resnet34_dropout(p=0.5, no attention)
  [F3 E  1/50] Train 4.2968/0.0570  Val 3.7986/0.0960  (10.2s)
  [F3 E  2/50] Train 4.0521/0.0786  Val 3.5794/0.1175  (9.8s)
  [F3 E  3/50] Train 3.9222/0.0948  Val 3.4528/0.1565  (10.6s)
  [F3 E  4/50] Train 3.8357/0.1036  Val 3.3407/0.1775  (10.3s)
  [F3 E  5/50] Train 3.7997/0.1108  Val 3.2703/0.1865  (10.9s)
  [Epoch 6] Backbone unfreeze (lr=1e-04)
  [F3 E  6/50] Train 3.1199/0.2068  Val 1.8941/0.4315  (11.1s)
  [F3 E  7/50] Train 2.5037/0.3256  Val 1.3902/0.5825  (11.5s)
  [F3 E  8/50] Train 2.1386/0.4519  Val 1.0378/0.6965  (10.7s)
  [F3 E  9/50] Train 1.7411/0.5393  Val 0.9401/0.7055  (11.1s)
  [F3 E 10/50] Train 1.6704/0.5725  Val 0.8462/0.7505  (10.9s)
  [F3 E 11/50] Train 1.6398/0.5943  Val 0.7188/0.7860  (10.8s)
  [F3 E 12/50] Train 1.3419/0.6519  Val 0.7671/0.7705  (10.2s)
  [F3 E 13/50] Train 1.3008/0.6458  Val 0.6947/0.8080  (10.3s)
  [F3 E 14/50] Train 1.4446/0.6238  Val 0.6144/0.8220  (10.8s)
  [F3 E 15/50] Train 1.3383/0.6803  Val 0.6377/0.8225  (11.3s)
  [F3 E 16/50] Train 1.4001/0.6537  Val 0.5624/0.8355  (11.1s)
  [F3 E 17/50] Train 1.2452/0.6977  Val 0.5817/0.8345  (10.7s)
  [F3 E 18/50] Train 1.0393/0.7464  Val 0.5140/0.8560  (9.9s)
  [F3 E 19/50] Train 1.2631/0.6838  Val 0.5366/0.8535  (10.4s)
  [F3 E 20/50] Train 1.1047/0.7531  Val 0.5451/0.8465  (10.5s)
  [F3 E 21/50] Train 0.9516/0.7681  Val 0.5106/0.8515  (9.9s)
  [F3 E 22/50] Train 0.9325/0.7840  Val 0.5223/0.8585  (9.8s)
  [F3 E 23/50] Train 0.9705/0.7587  Val 0.4906/0.8655  (10.0s)
  [F3 E 24/50] Train 0.9850/0.7824  Val 0.4497/0.8830  (10.0s)
  [F3 E 25/50] Train 0.9522/0.7584  Val 0.5177/0.8640  (9.9s)
  [F3 E 26/50] Train 1.0199/0.7583  Val 0.4429/0.8845  (9.5s)
  [F3 E 27/50] Train 0.9936/0.7649  Val 0.5174/0.8710  (9.7s)
  [F3 E 28/50] Train 0.9216/0.7714  Val 0.4511/0.8740  (10.1s)
  [F3 E 29/50] Train 1.0227/0.7782  Val 0.4359/0.8840  (9.4s)
  [F3 E 30/50] Train 0.8497/0.7981  Val 0.4208/0.8910  (9.9s)
  [F3 E 31/50] Train 0.8134/0.8058  Val 0.4325/0.8895  (9.9s)
  [F3 E 32/50] Train 0.9386/0.7605  Val 0.4162/0.8885  (9.9s)
  [F3 E 33/50] Train 0.7926/0.8028  Val 0.4218/0.8925  (9.5s)
  [F3 E 34/50] Train 0.8586/0.7879  Val 0.4201/0.8955  (10.0s)
  [F3 E 35/50] Train 0.8194/0.7948  Val 0.4068/0.8920  (9.9s)
  [F3 E 36/50] Train 0.7629/0.8230  Val 0.4006/0.9020  (9.7s)
  [F3 E 37/50] Train 0.7659/0.8243  Val 0.4124/0.8940  (10.3s)
  [F3 E 38/50] Train 0.6339/0.8228  Val 0.3914/0.8980  (10.5s)
  [F3 E 39/50] Train 0.8214/0.8099  Val 0.3981/0.9055  (9.9s)
  [F3 E 40/50] Train 0.7526/0.8128  Val 0.3914/0.9030  (9.9s)
  [F3 E 41/50] Train 0.7815/0.8316  Val 0.3760/0.9065  (9.8s)
  [F3 E 42/50] Train 0.8253/0.8094  Val 0.3871/0.9010  (10.0s)
  [F3 E 43/50] Train 0.7156/0.8259  Val 0.3843/0.9010  (9.8s)
  [F3 E 44/50] Train 0.7522/0.8288  Val 0.3865/0.8985  (10.1s)
  [F3 E 45/50] Train 0.8309/0.8032  Val 0.3822/0.9000  (10.1s)
  [F3 E 46/50] Train 0.7512/0.8285  Val 0.3786/0.9020  (10.4s)
  [F3 E 47/50] Train 0.7492/0.8413  Val 0.3785/0.9030  (9.7s)
  [F3 E 48/50] Train 0.7559/0.8220  Val 0.3792/0.9000  (10.1s)
  [F3 E 49/50] Train 0.8364/0.8029  Val 0.3836/0.9030  (10.0s)
  [F3 E 50/50] Train 0.7452/0.8180  Val 0.3829/0.8980  (10.1s)
  Fold 3 done — best val acc: 0.9065  (8m 34s)

============================================================
  Fold 4/4
============================================================
  Train: 6180, Val: 2000, Test: 2000
  resnet34_dropout(p=0.5, no attention)
  [F4 E  1/50] Train 4.3153/0.0536  Val 3.7889/0.1055  (14.3s)
  [F4 E  2/50] Train 4.0431/0.0764  Val 3.6090/0.1255  (11.0s)
  [F4 E  3/50] Train 3.9140/0.0934  Val 3.4854/0.1485  (11.7s)
  [F4 E  4/50] Train 3.8642/0.0994  Val 3.3453/0.1795  (11.4s)
  [F4 E  5/50] Train 3.7802/0.1071  Val 3.2987/0.1790  (10.5s)
  [Epoch 6] Backbone unfreeze (lr=1e-04)
  [F4 E  6/50] Train 3.1192/0.2107  Val 1.9287/0.4350  (10.5s)
  [F4 E  7/50] Train 2.4811/0.3387  Val 1.3675/0.6090  (10.2s)
  [F4 E  8/50] Train 2.0236/0.4592  Val 1.1214/0.6585  (10.7s)
  [F4 E  9/50] Train 1.8998/0.4984  Val 0.9629/0.7120  (10.9s)
  [F4 E 10/50] Train 1.6612/0.5814  Val 0.8543/0.7430  (10.8s)
  [F4 E 11/50] Train 1.6062/0.5927  Val 0.9021/0.7195  (10.9s)
  [F4 E 12/50] Train 1.6384/0.5769  Val 0.7056/0.7940  (10.6s)
  [F4 E 13/50] Train 1.3175/0.6751  Val 0.6764/0.8005  (10.7s)
  [F4 E 14/50] Train 1.4729/0.6217  Val 0.7169/0.8035  (11.2s)
  [F4 E 15/50] Train 1.2183/0.6848  Val 0.6677/0.8055  (10.6s)
  [F4 E 16/50] Train 1.2412/0.6945  Val 0.5999/0.8205  (11.2s)
  [F4 E 17/50] Train 1.1847/0.7241  Val 0.5632/0.8460  (10.7s)
  [F4 E 18/50] Train 1.1127/0.7291  Val 0.5648/0.8440  (10.9s)
  [F4 E 19/50] Train 1.1002/0.7228  Val 0.6022/0.8285  (11.0s)
  [F4 E 20/50] Train 1.1184/0.7081  Val 0.5610/0.8470  (10.6s)
  [F4 E 21/50] Train 1.0348/0.7447  Val 0.5693/0.8375  (10.6s)
  [F4 E 22/50] Train 1.0380/0.7405  Val 0.5270/0.8615  (10.8s)
  [F4 E 23/50] Train 0.9492/0.7636  Val 0.5261/0.8570  (11.5s)
  [F4 E 24/50] Train 0.9114/0.7712  Val 0.4927/0.8685  (11.2s)
  [F4 E 25/50] Train 0.9690/0.7523  Val 0.4896/0.8695  (11.1s)
  [F4 E 26/50] Train 0.9734/0.7738  Val 0.4921/0.8600  (10.5s)
  [F4 E 27/50] Train 1.0038/0.7516  Val 0.4737/0.8675  (10.9s)
  [F4 E 28/50] Train 0.8274/0.7990  Val 0.4417/0.8845  (11.5s)
  [F4 E 29/50] Train 0.7939/0.8225  Val 0.4515/0.8735  (10.5s)
  [F4 E 30/50] Train 0.9337/0.7702  Val 0.4345/0.8850  (10.2s)
  [F4 E 31/50] Train 0.9561/0.7474  Val 0.4408/0.8810  (10.5s)
  [F4 E 32/50] Train 0.8752/0.7791  Val 0.4365/0.8885  (10.6s)
  [F4 E 33/50] Train 0.8243/0.8000  Val 0.4540/0.8830  (10.8s)
  [F4 E 34/50] Train 0.8484/0.7819  Val 0.4366/0.8880  (10.3s)
  [F4 E 35/50] Train 0.8044/0.8220  Val 0.4269/0.8890  (10.2s)
  [F4 E 36/50] Train 0.8197/0.7798  Val 0.4220/0.8890  (10.7s)
  [F4 E 37/50] Train 0.6563/0.8558  Val 0.4175/0.8935  (10.7s)
  [F4 E 38/50] Train 0.7738/0.8060  Val 0.4179/0.8930  (10.7s)
  [F4 E 39/50] Train 0.6484/0.8605  Val 0.4175/0.8875  (10.5s)
  [F4 E 40/50] Train 0.8052/0.7879  Val 0.4208/0.8890  (10.9s)
  [F4 E 41/50] Train 0.7117/0.8128  Val 0.4120/0.8950  (10.2s)
  [F4 E 42/50] Train 0.7475/0.8261  Val 0.4116/0.8955  (10.1s)
  [F4 E 43/50] Train 0.8131/0.7972  Val 0.4179/0.8940  (10.8s)
  [F4 E 44/50] Train 0.7656/0.8092  Val 0.4005/0.8935  (10.5s)
  [F4 E 45/50] Train 0.7469/0.8210  Val 0.4044/0.8960  (10.5s)
  [F4 E 46/50] Train 0.8016/0.8052  Val 0.3994/0.8980  (10.8s)
  [F4 E 47/50] Train 0.7488/0.8214  Val 0.4007/0.8960  (10.3s)
  [F4 E 48/50] Train 0.7511/0.8367  Val 0.3992/0.8975  (11.5s)
  [F4 E 49/50] Train 0.7638/0.8113  Val 0.3953/0.8950  (10.7s)
  [F4 E 50/50] Train 0.8435/0.7850  Val 0.4029/0.8980  (10.9s)
  Fold 4 done — best val acc: 0.8980  (9m 5s)

============================================================
  Ensemble — Weighted Soft Voting
  Fold val accs: ['0.9075', '0.9095', '0.9065', '0.8980']
  Weights      : ['0.2506', '0.2511', '0.2503', '0.2480']
============================================================
  resnet34_dropout(p=0.5, no attention)
  resnet34_dropout(p=0.5, no attention)
  resnet34_dropout(p=0.5, no attention)
  resnet34_dropout(p=0.5, no attention)
Ensemble Test Acc : 0.9225
Class-Norm Acc    : 0.9134
History → /home/work/AIPJ/EF2039_Introduction_to_AI_Programming_Project_1/experiment_final/history_resnet34d_noattn_tuning_family_lr0.001_optadamw_wd0.005_rot15_cm0.5.csv
Curve → /home/work/AIPJ/EF2039_Introduction_to_AI_Programming_Project_1/experiment_final/curve_resnet34d_noattn_tuning_family_lr0.001_optadamw_wd0.005_rot15_cm0.5.png
Confusion → /home/work/AIPJ/EF2039_Introduction_to_AI_Programming_Project_1/experiment_final/confusion_resnet34d_noattn_tuning_family_lr0.001_optadamw_wd0.005_rot15_cm0.5.png
Class-wise → /home/work/AIPJ/EF2039_Introduction_to_AI_Programming_Project_1/experiment_final/classwise_resnet34d_noattn_tuning_family_lr0.001_optadamw_wd0.005_rot15_cm0.5.csv
Predictions → /home/work/AIPJ/EF2039_Introduction_to_AI_Programming_Project_1/experiment_final/predictions_resnet34d_noattn_tuning_family_lr0.001_optadamw_wd0.005_rot15_cm0.5.csv
Results → /home/work/AIPJ/EF2039_Introduction_to_AI_Programming_Project_1/experiment_final/results_all.csv
