===== Input Arguments =====
  model         : resnet34d
  attn          : channel
  tuning        : False
  use_excluded  : True
  use_added     : True
  folds         : 4
  epochs        : 50
  batch_size    : 32
  lr            : 0.001
  optimizer     : adamw
  weight_decay  : 0.005
  label_smoothing: 0.0
  label         : family
  crop_bbox     : True
  seed          : 42
  save_csv      : results_all.csv
  outdir        : /home/work/AIPJ/EF2039_Introduction_to_AI_Programming_Project_1/experiment_final
  added_repeat  : 1
  rotation      : 15
  cutmix        : 0.5
===========================
Device: cuda  |  AMP: True  |  Workers: 14
Label: family  |  Classes: 70
Mode: excl=True, added=True  |  Original: 10000, Added(train-only): 180 ×1 = 180
Test set isolated: 2000 samples (20%, seed=42)
Train+Val pool   : 8000 samples → 4-fold CV

============================================================
  Fold 1/4
============================================================
  Train: 6180, Val: 2000, Test: 2000
  resnet34_dropout(p=0.5) + CHANNEL  injected=9 modules
  [F1 E  1/50] Train 4.1318/0.0699  Val 3.8518/0.0830  (10.2s)
  [F1 E  2/50] Train 3.9623/0.0812  Val 3.6733/0.1100  (8.7s)
  [F1 E  3/50] Train 3.8434/0.0958  Val 3.5475/0.1400  (9.8s)
  [F1 E  4/50] Train 3.7748/0.1010  Val 3.4920/0.1450  (9.9s)
  [F1 E  5/50] Train 3.7380/0.1089  Val 3.3906/0.1645  (9.4s)
  [Epoch 6] Backbone unfreeze (lr=1e-04)
  [F1 E  6/50] Train 2.9229/0.2469  Val 1.8413/0.4630  (10.1s)
  [F1 E  7/50] Train 2.3456/0.3840  Val 1.3851/0.5775  (10.5s)
  [F1 E  8/50] Train 1.9210/0.4950  Val 1.0232/0.7160  (9.5s)
  [F1 E  9/50] Train 1.8379/0.5057  Val 0.9628/0.7055  (9.9s)
  [F1 E 10/50] Train 1.6801/0.5592  Val 0.8144/0.7550  (10.2s)
  [F1 E 11/50] Train 1.4337/0.6269  Val 0.7106/0.7895  (10.2s)
  [F1 E 12/50] Train 1.4920/0.6361  Val 0.6509/0.8060  (9.8s)
  [F1 E 13/50] Train 1.2222/0.7006  Val 0.6020/0.8275  (10.0s)
  [F1 E 14/50] Train 1.2608/0.6827  Val 0.5461/0.8470  (9.8s)
  [F1 E 15/50] Train 1.2450/0.6807  Val 0.5709/0.8315  (9.9s)
  [F1 E 16/50] Train 1.2970/0.6864  Val 0.5113/0.8515  (10.0s)
  [F1 E 17/50] Train 1.2371/0.6850  Val 0.4921/0.8640  (9.8s)
  [F1 E 18/50] Train 1.3240/0.6702  Val 0.5221/0.8520  (10.0s)
  [F1 E 19/50] Train 1.0970/0.7353  Val 0.4876/0.8650  (10.2s)
  [F1 E 20/50] Train 1.0892/0.7222  Val 0.4672/0.8685  (9.7s)
  [F1 E 21/50] Train 0.9916/0.7605  Val 0.4485/0.8780  (9.8s)
  [F1 E 22/50] Train 1.1079/0.7261  Val 0.4494/0.8830  (10.5s)
  [F1 E 23/50] Train 0.9685/0.7667  Val 0.4225/0.8805  (9.8s)
  [F1 E 24/50] Train 0.8837/0.7816  Val 0.4387/0.8840  (9.9s)
  [F1 E 25/50] Train 0.9545/0.7608  Val 0.4122/0.8915  (9.9s)
  [F1 E 26/50] Train 0.9777/0.7667  Val 0.4316/0.8840  (10.3s)
  [F1 E 27/50] Train 0.8696/0.7939  Val 0.4316/0.8880  (10.5s)
  [F1 E 28/50] Train 0.9519/0.7859  Val 0.4118/0.8880  (10.4s)
  [F1 E 29/50] Train 0.7833/0.8249  Val 0.4130/0.8900  (10.0s)
  [F1 E 30/50] Train 0.8139/0.7987  Val 0.3805/0.9025  (10.1s)
  [F1 E 31/50] Train 0.8321/0.8040  Val 0.3955/0.8950  (9.8s)
  [F1 E 32/50] Train 0.8673/0.8144  Val 0.3879/0.8950  (10.1s)
  [F1 E 33/50] Train 0.8069/0.7828  Val 0.3735/0.9030  (10.0s)
  [F1 E 34/50] Train 0.8909/0.7862  Val 0.3748/0.9050  (10.1s)
  [F1 E 35/50] Train 0.7696/0.8160  Val 0.3604/0.9010  (10.0s)
  [F1 E 36/50] Train 0.8624/0.7883  Val 0.3511/0.9090  (10.3s)
  [F1 E 37/50] Train 0.7545/0.8241  Val 0.3557/0.9115  (9.9s)
  [F1 E 38/50] Train 0.7610/0.8044  Val 0.3485/0.9070  (9.7s)
  [F1 E 39/50] Train 0.7898/0.8186  Val 0.3561/0.9080  (9.7s)
  [F1 E 40/50] Train 0.7086/0.8159  Val 0.3516/0.9075  (9.8s)
  [F1 E 41/50] Train 0.9077/0.7684  Val 0.3432/0.9075  (9.9s)
  [F1 E 42/50] Train 0.6561/0.8400  Val 0.3382/0.9090  (10.0s)
  [F1 E 43/50] Train 0.7331/0.8189  Val 0.3386/0.9105  (10.4s)
  [F1 E 44/50] Train 0.8403/0.7924  Val 0.3409/0.9095  (10.5s)
  [F1 E 45/50] Train 0.7950/0.8108  Val 0.3403/0.9140  (10.6s)
  [F1 E 46/50] Train 0.8520/0.7676  Val 0.3370/0.9125  (9.9s)
  [F1 E 47/50] Train 0.7773/0.7798  Val 0.3377/0.9150  (9.8s)
  [F1 E 48/50] Train 0.7602/0.7900  Val 0.3350/0.9130  (10.0s)
  [F1 E 49/50] Train 0.7758/0.8112  Val 0.3365/0.9120  (10.0s)
  [F1 E 50/50] Train 0.8035/0.8133  Val 0.3330/0.9115  (10.2s)
  Fold 1 done — best val acc: 0.9150  (8m 23s)

============================================================
  Fold 2/4
============================================================
  Train: 6180, Val: 2000, Test: 2000
  resnet34_dropout(p=0.5) + CHANNEL  injected=9 modules
  [F2 E  1/50] Train 4.1322/0.0684  Val 3.8780/0.0805  (9.2s)
  [F2 E  2/50] Train 3.9247/0.0919  Val 3.6904/0.1025  (8.4s)
  [F2 E  3/50] Train 3.8277/0.1011  Val 3.5503/0.1345  (8.2s)
  [F2 E  4/50] Train 3.7443/0.1074  Val 3.4743/0.1495  (8.2s)
  [F2 E  5/50] Train 3.7060/0.1165  Val 3.4035/0.1645  (8.0s)
  [Epoch 6] Backbone unfreeze (lr=1e-04)
  [F2 E  6/50] Train 3.0663/0.2162  Val 1.9085/0.4595  (9.8s)
  [F2 E  7/50] Train 2.3678/0.3604  Val 1.6540/0.5225  (10.1s)
  [F2 E  8/50] Train 2.0425/0.4621  Val 1.0854/0.6950  (9.8s)
  [F2 E  9/50] Train 1.8854/0.5018  Val 0.8920/0.7530  (10.3s)
  [F2 E 10/50] Train 1.7667/0.5332  Val 0.8364/0.7605  (9.8s)
  [F2 E 11/50] Train 1.5630/0.5963  Val 0.7487/0.7935  (10.0s)
  [F2 E 12/50] Train 1.4275/0.6286  Val 0.7393/0.7940  (10.2s)
  [F2 E 13/50] Train 1.2856/0.6798  Val 0.7479/0.7800  (10.1s)
  [F2 E 14/50] Train 1.3355/0.6830  Val 0.6788/0.8140  (10.0s)
  [F2 E 15/50] Train 1.2092/0.6947  Val 0.5815/0.8460  (10.1s)
  [F2 E 16/50] Train 1.1280/0.7256  Val 0.6280/0.8225  (10.4s)
  [F2 E 17/50] Train 1.1776/0.7074  Val 0.5810/0.8445  (10.8s)
  [F2 E 18/50] Train 1.1493/0.7291  Val 0.5963/0.8460  (10.2s)
  [F2 E 19/50] Train 1.0795/0.7348  Val 0.5380/0.8585  (10.5s)
  [F2 E 20/50] Train 0.9607/0.7602  Val 0.4886/0.8700  (10.0s)
  [F2 E 21/50] Train 1.0876/0.7375  Val 0.5463/0.8505  (9.8s)
  [F2 E 22/50] Train 1.0961/0.7081  Val 0.4773/0.8735  (10.5s)
  [F2 E 23/50] Train 1.0306/0.7280  Val 0.4827/0.8660  (9.7s)
  [F2 E 24/50] Train 0.9382/0.7862  Val 0.5044/0.8680  (10.0s)
  [F2 E 25/50] Train 0.9109/0.7966  Val 0.4755/0.8675  (10.7s)
  [F2 E 26/50] Train 0.8990/0.7672  Val 0.4372/0.8885  (10.5s)
  [F2 E 27/50] Train 0.9666/0.7464  Val 0.4437/0.8905  (10.0s)
  [F2 E 28/50] Train 0.9095/0.7992  Val 0.4915/0.8685  (9.6s)
  [F2 E 29/50] Train 0.8239/0.8015  Val 0.4224/0.8900  (9.8s)
  [F2 E 30/50] Train 0.9180/0.7926  Val 0.4304/0.8890  (10.5s)
  [F2 E 31/50] Train 1.0190/0.7537  Val 0.4279/0.8995  (10.0s)
  [F2 E 32/50] Train 0.8754/0.7794  Val 0.3965/0.8970  (9.9s)
  [F2 E 33/50] Train 0.7813/0.8314  Val 0.3970/0.9005  (9.6s)
  [F2 E 34/50] Train 0.6829/0.8325  Val 0.4069/0.8965  (10.0s)
  [F2 E 35/50] Train 0.8992/0.7775  Val 0.4102/0.8995  (10.6s)
  [F2 E 36/50] Train 0.7354/0.8228  Val 0.4034/0.9010  (10.0s)
  [F2 E 37/50] Train 0.9144/0.7537  Val 0.3980/0.9015  (9.8s)
  [F2 E 38/50] Train 0.7611/0.8217  Val 0.3950/0.8975  (9.5s)
  [F2 E 39/50] Train 0.6505/0.8335  Val 0.3721/0.9035  (9.9s)
  [F2 E 40/50] Train 0.7568/0.8084  Val 0.3858/0.9030  (10.1s)
  [F2 E 41/50] Train 0.8629/0.7738  Val 0.3778/0.9080  (9.8s)
  [F2 E 42/50] Train 0.6601/0.8642  Val 0.3790/0.9060  (9.8s)
  [F2 E 43/50] Train 0.7517/0.8186  Val 0.3765/0.9080  (10.2s)
  [F2 E 44/50] Train 0.8804/0.7835  Val 0.3695/0.9060  (9.7s)
  [F2 E 45/50] Train 0.6894/0.8324  Val 0.3634/0.9075  (9.7s)
  [F2 E 46/50] Train 0.7710/0.8015  Val 0.3687/0.9090  (9.8s)
  [F2 E 47/50] Train 0.7006/0.8625  Val 0.3672/0.9115  (9.7s)
  [F2 E 48/50] Train 0.7383/0.8104  Val 0.3648/0.9100  (10.5s)
  [F2 E 49/50] Train 0.7824/0.8343  Val 0.3699/0.9045  (10.1s)
  [F2 E 50/50] Train 0.7384/0.8304  Val 0.3659/0.9090  (9.8s)
  Fold 2 done — best val acc: 0.9115  (8m 17s)

============================================================
  Fold 3/4
============================================================
  Train: 6180, Val: 2000, Test: 2000
  resnet34_dropout(p=0.5) + CHANNEL  injected=9 modules
  [F3 E  1/50] Train 4.1380/0.0689  Val 3.8584/0.0820  (9.8s)
  [F3 E  2/50] Train 3.9539/0.0817  Val 3.7040/0.0960  (8.9s)
  [F3 E  3/50] Train 3.8577/0.0989  Val 3.5660/0.1320  (8.3s)
  [F3 E  4/50] Train 3.7763/0.1061  Val 3.4661/0.1365  (7.9s)
  [F3 E  5/50] Train 3.7233/0.1155  Val 3.3956/0.1745  (7.9s)
  [Epoch 6] Backbone unfreeze (lr=1e-04)
  [F3 E  6/50] Train 2.9544/0.2396  Val 1.9086/0.4385  (9.9s)
  [F3 E  7/50] Train 2.2529/0.3963  Val 1.4060/0.5590  (10.3s)
  [F3 E  8/50] Train 2.0359/0.4659  Val 1.0522/0.6930  (9.5s)
  [F3 E  9/50] Train 1.7476/0.5568  Val 0.9538/0.7145  (9.7s)
  [F3 E 10/50] Train 1.6575/0.5629  Val 0.8326/0.7650  (9.8s)
  [F3 E 11/50] Train 1.6489/0.5828  Val 0.8237/0.7610  (10.2s)
  [F3 E 12/50] Train 1.5775/0.5960  Val 0.7590/0.7785  (9.8s)
  [F3 E 13/50] Train 1.2491/0.7023  Val 0.6193/0.8285  (10.2s)
  [F3 E 14/50] Train 1.2897/0.6772  Val 0.6697/0.8065  (10.0s)
  [F3 E 15/50] Train 1.2448/0.6798  Val 0.6008/0.8285  (9.8s)
  [F3 E 16/50] Train 1.2533/0.6807  Val 0.5775/0.8405  (9.8s)
  [F3 E 17/50] Train 1.1715/0.7133  Val 0.6063/0.8355  (10.0s)
  [F3 E 18/50] Train 1.1795/0.6994  Val 0.5660/0.8405  (10.1s)
  [F3 E 19/50] Train 1.1023/0.7039  Val 0.5273/0.8475  (10.1s)
  [F3 E 20/50] Train 1.0389/0.7534  Val 0.5435/0.8425  (10.1s)
  [F3 E 21/50] Train 1.0389/0.7409  Val 0.5300/0.8495  (9.9s)
  [F3 E 22/50] Train 0.9756/0.7693  Val 0.5088/0.8665  (10.4s)
  [F3 E 23/50] Train 0.9318/0.7762  Val 0.4992/0.8660  (9.5s)
  [F3 E 24/50] Train 1.0338/0.7494  Val 0.4877/0.8720  (10.4s)
  [F3 E 25/50] Train 0.9349/0.7812  Val 0.4724/0.8650  (10.2s)
  [F3 E 26/50] Train 0.8860/0.7610  Val 0.4588/0.8750  (9.9s)
  [F3 E 27/50] Train 0.8590/0.7992  Val 0.4681/0.8735  (10.0s)
  [F3 E 28/50] Train 0.7701/0.8173  Val 0.4210/0.8875  (9.7s)
  [F3 E 29/50] Train 0.7671/0.8283  Val 0.4406/0.8775  (10.4s)
  [F3 E 30/50] Train 0.9800/0.7791  Val 0.4346/0.8910  (9.5s)
  [F3 E 31/50] Train 0.8248/0.8233  Val 0.4405/0.8830  (9.6s)
  [F3 E 32/50] Train 0.7739/0.8479  Val 0.4277/0.8925  (9.8s)
  [F3 E 33/50] Train 0.7870/0.8162  Val 0.4198/0.8900  (9.7s)
  [F3 E 34/50] Train 0.7224/0.7943  Val 0.4248/0.8900  (9.8s)
  [F3 E 35/50] Train 0.7681/0.8073  Val 0.4194/0.8920  (9.8s)
  [F3 E 36/50] Train 0.7215/0.8291  Val 0.4186/0.8865  (9.9s)
  [F3 E 37/50] Train 0.7487/0.8220  Val 0.4013/0.8980  (9.8s)
  [F3 E 38/50] Train 0.7980/0.8325  Val 0.4154/0.8950  (9.8s)
  [F3 E 39/50] Train 0.6704/0.8193  Val 0.4074/0.8970  (10.7s)
  [F3 E 40/50] Train 0.7330/0.8320  Val 0.3997/0.8965  (10.2s)
  [F3 E 41/50] Train 0.6634/0.8246  Val 0.3937/0.8995  (10.7s)
  [F3 E 42/50] Train 0.8245/0.8280  Val 0.3887/0.9015  (10.2s)
  [F3 E 43/50] Train 0.7749/0.8314  Val 0.3822/0.8995  (10.2s)
  [F3 E 44/50] Train 0.8666/0.7932  Val 0.3865/0.9050  (9.6s)
  [F3 E 45/50] Train 0.7461/0.8320  Val 0.3895/0.9010  (9.9s)
  [F3 E 46/50] Train 0.7430/0.8113  Val 0.3810/0.9010  (10.0s)
  [F3 E 47/50] Train 0.6837/0.8513  Val 0.3780/0.8995  (10.1s)
  [F3 E 48/50] Train 0.8181/0.8133  Val 0.3740/0.9030  (9.6s)
  [F3 E 49/50] Train 0.6976/0.8401  Val 0.3740/0.9030  (10.0s)
  [F3 E 50/50] Train 0.6867/0.8435  Val 0.3791/0.9030  (9.7s)
  Fold 3 done — best val acc: 0.9050  (8m 14s)

============================================================
  Fold 4/4
============================================================
  Train: 6180, Val: 2000, Test: 2000
  resnet34_dropout(p=0.5) + CHANNEL  injected=9 modules
  [F4 E  1/50] Train 4.1268/0.0701  Val 3.8625/0.0825  (9.8s)
  [F4 E  2/50] Train 3.9251/0.0922  Val 3.6616/0.1180  (8.4s)
  [F4 E  3/50] Train 3.8303/0.0976  Val 3.5676/0.1415  (7.9s)
  [F4 E  4/50] Train 3.7565/0.1073  Val 3.4789/0.1405  (8.0s)
  [F4 E  5/50] Train 3.7121/0.1155  Val 3.4014/0.1695  (8.0s)
  [Epoch 6] Backbone unfreeze (lr=1e-04)
  [F4 E  6/50] Train 2.9822/0.2319  Val 1.9128/0.4315  (10.9s)
  [F4 E  7/50] Train 2.3254/0.3654  Val 1.3711/0.5900  (10.7s)
  [F4 E  8/50] Train 2.0428/0.4476  Val 1.1149/0.6675  (10.3s)
  [F4 E  9/50] Train 1.8675/0.5251  Val 0.9248/0.7110  (10.6s)
  [F4 E 10/50] Train 1.7173/0.5595  Val 0.7973/0.7755  (10.1s)
  [F4 E 11/50] Train 1.5066/0.6149  Val 0.7480/0.7860  (10.2s)
  [F4 E 12/50] Train 1.3864/0.6419  Val 0.6606/0.8090  (10.3s)
  [F4 E 13/50] Train 1.4150/0.6345  Val 0.6695/0.8050  (10.3s)
  [F4 E 14/50] Train 1.2917/0.6744  Val 0.5936/0.8320  (9.8s)
  [F4 E 15/50] Train 1.3248/0.6827  Val 0.5882/0.8395  (10.6s)
  [F4 E 16/50] Train 1.1680/0.6888  Val 0.5181/0.8605  (10.6s)
  [F4 E 17/50] Train 1.0429/0.7435  Val 0.5654/0.8350  (10.2s)
  [F4 E 18/50] Train 1.1846/0.6990  Val 0.5191/0.8465  (10.3s)
  [F4 E 19/50] Train 1.1564/0.7176  Val 0.5690/0.8475  (10.5s)
  [F4 E 20/50] Train 1.0964/0.7120  Val 0.5203/0.8555  (10.9s)
  [F4 E 21/50] Train 0.9918/0.7343  Val 0.4770/0.8675  (11.0s)
  [F4 E 22/50] Train 1.0034/0.7320  Val 0.4668/0.8690  (10.6s)
  [F4 E 23/50] Train 0.9447/0.7668  Val 0.4663/0.8805  (10.4s)
  [F4 E 24/50] Train 0.8201/0.7998  Val 0.4475/0.8755  (9.8s)
  [F4 E 25/50] Train 0.9114/0.7961  Val 0.4770/0.8700  (10.5s)
  [F4 E 26/50] Train 0.8887/0.7822  Val 0.4710/0.8765  (10.3s)
  [F4 E 27/50] Train 0.9271/0.7638  Val 0.4428/0.8840  (10.0s)
  [F4 E 28/50] Train 0.8914/0.7964  Val 0.4118/0.8810  (10.4s)
  [F4 E 29/50] Train 0.8516/0.7892  Val 0.4097/0.8890  (10.6s)
  [F4 E 30/50] Train 0.8987/0.7837  Val 0.4616/0.8800  (10.3s)
  [F4 E 31/50] Train 0.8237/0.7846  Val 0.4182/0.8820  (10.8s)
  [F4 E 32/50] Train 0.9615/0.7744  Val 0.4207/0.8905  (10.6s)
  [F4 E 33/50] Train 0.7501/0.8193  Val 0.3966/0.8875  (10.2s)
  [F4 E 34/50] Train 0.9395/0.7600  Val 0.4031/0.8920  (10.2s)
  [F4 E 35/50] Train 0.9424/0.7568  Val 0.3855/0.9050  (10.1s)
  [F4 E 36/50] Train 0.8388/0.7874  Val 0.3884/0.8920  (10.3s)
  [F4 E 37/50] Train 0.7478/0.8083  Val 0.3887/0.8925  (9.7s)
  [F4 E 38/50] Train 0.6983/0.8398  Val 0.3849/0.9005  (10.4s)
  [F4 E 39/50] Train 0.8144/0.8194  Val 0.3724/0.9035  (9.6s)
  [F4 E 40/50] Train 0.7018/0.8115  Val 0.3787/0.8980  (10.6s)
  [F4 E 41/50] Train 0.7026/0.8595  Val 0.3812/0.9025  (10.5s)
  [F4 E 42/50] Train 0.7528/0.8206  Val 0.3642/0.9040  (10.3s)
  [F4 E 43/50] Train 0.8261/0.7854  Val 0.3655/0.9065  (10.4s)
  [F4 E 44/50] Train 0.7495/0.8314  Val 0.3702/0.9085  (10.2s)
  [F4 E 45/50] Train 0.7191/0.8468  Val 0.3671/0.9055  (10.6s)
  [F4 E 46/50] Train 0.7664/0.8149  Val 0.3645/0.9065  (10.5s)
  [F4 E 47/50] Train 0.7560/0.8092  Val 0.3637/0.9045  (9.6s)
  [F4 E 48/50] Train 0.7715/0.8400  Val 0.3624/0.9050  (10.2s)
  [F4 E 49/50] Train 0.8472/0.8049  Val 0.3612/0.9060  (9.6s)
  [F4 E 50/50] Train 0.6532/0.8172  Val 0.3649/0.9035  (10.0s)
  Fold 4 done — best val acc: 0.9085  (8m 30s)

============================================================
  Ensemble — Weighted Soft Voting
  Fold val accs: ['0.9150', '0.9115', '0.9050', '0.9085']
  Weights      : ['0.2514', '0.2504', '0.2486', '0.2496']
============================================================
  resnet34_dropout(p=0.5) + CHANNEL  injected=9 modules
  resnet34_dropout(p=0.5) + CHANNEL  injected=9 modules
  resnet34_dropout(p=0.5) + CHANNEL  injected=9 modules
  resnet34_dropout(p=0.5) + CHANNEL  injected=9 modules
Ensemble Test Acc : 0.9300
Class-Norm Acc    : 0.9207
History → /home/work/AIPJ/EF2039_Introduction_to_AI_Programming_Project_1/experiment_final/history_resnet34d_channel_tuning_family_lr0.001_optadamw_wd0.005_rot15_cm0.5.csv
Curve → /home/work/AIPJ/EF2039_Introduction_to_AI_Programming_Project_1/experiment_final/curve_resnet34d_channel_tuning_family_lr0.001_optadamw_wd0.005_rot15_cm0.5.png
Confusion → /home/work/AIPJ/EF2039_Introduction_to_AI_Programming_Project_1/experiment_final/confusion_resnet34d_channel_tuning_family_lr0.001_optadamw_wd0.005_rot15_cm0.5.png
Class-wise → /home/work/AIPJ/EF2039_Introduction_to_AI_Programming_Project_1/experiment_final/classwise_resnet34d_channel_tuning_family_lr0.001_optadamw_wd0.005_rot15_cm0.5.csv
Predictions → /home/work/AIPJ/EF2039_Introduction_to_AI_Programming_Project_1/experiment_final/predictions_resnet34d_channel_tuning_family_lr0.001_optadamw_wd0.005_rot15_cm0.5.csv
Results → /home/work/AIPJ/EF2039_Introduction_to_AI_Programming_Project_1/experiment_final/results_all.csv
