===== Input Arguments =====
  model         : resnet34d
  attn          : spatial
  tuning        : False
  use_excluded  : True
  use_added     : True
  folds         : 4
  epochs        : 50
  batch_size    : 32
  lr            : 0.001
  optimizer     : adamw
  weight_decay  : 0.005
  label_smoothing: 0.0
  label         : family
  crop_bbox     : True
  seed          : 42
  save_csv      : results_all.csv
  outdir        : /home/work/AIPJ/EF2039_Introduction_to_AI_Programming_Project_1/experiment_final
  added_repeat  : 1
  rotation      : 15
  cutmix        : 0.5
===========================
Device: cuda  |  AMP: True  |  Workers: 14
Label: family  |  Classes: 70
Mode: excl=True, added=True  |  Original: 10000, Added(train-only): 180 ×1 = 180
Test set isolated: 2000 samples (20%, seed=42)
Train+Val pool   : 8000 samples → 4-fold CV

============================================================
  Fold 1/4
============================================================
  Train: 6180, Val: 2000, Test: 2000
  resnet34_dropout(p=0.5) + SPATIAL  injected=9 modules
  [F1 E  1/50] Train 4.0989/0.0741  Val 3.9180/0.0805  (9.9s)
  [F1 E  2/50] Train 3.9686/0.0811  Val 3.8021/0.0820  (8.8s)
  [F1 E  3/50] Train 3.8975/0.0908  Val 3.6698/0.1250  (8.8s)
  [F1 E  4/50] Train 3.8094/0.0948  Val 3.5925/0.1100  (8.5s)
  [F1 E  5/50] Train 3.7726/0.1016  Val 3.5171/0.1370  (9.0s)
  [Epoch 6] Backbone unfreeze (lr=1e-04)
  [F1 E  6/50] Train 2.9837/0.2309  Val 1.8322/0.4695  (9.4s)
  [F1 E  7/50] Train 2.3275/0.3820  Val 1.3112/0.5920  (9.2s)
  [F1 E  8/50] Train 2.0387/0.4531  Val 1.0817/0.6855  (9.3s)
  [F1 E  9/50] Train 1.7578/0.5393  Val 0.8216/0.7595  (9.0s)
  [F1 E 10/50] Train 1.7399/0.5351  Val 0.7901/0.7685  (8.9s)
  [F1 E 11/50] Train 1.3993/0.6335  Val 0.7158/0.7920  (9.4s)
  [F1 E 12/50] Train 1.4683/0.6502  Val 0.7632/0.7895  (8.7s)
  [F1 E 13/50] Train 1.2697/0.6835  Val 0.6596/0.8070  (9.4s)
  [F1 E 14/50] Train 1.4293/0.6307  Val 0.5942/0.8310  (9.6s)
  [F1 E 15/50] Train 1.2572/0.6793  Val 0.5034/0.8550  (9.5s)
  [F1 E 16/50] Train 1.3384/0.6662  Val 0.5244/0.8655  (8.9s)
  [F1 E 17/50] Train 1.0529/0.7343  Val 0.5369/0.8495  (9.2s)
  [F1 E 18/50] Train 1.0395/0.7451  Val 0.5453/0.8485  (9.4s)
  [F1 E 19/50] Train 1.1030/0.7447  Val 0.4825/0.8640  (9.2s)
  [F1 E 20/50] Train 1.0773/0.7197  Val 0.4845/0.8760  (9.6s)
  [F1 E 21/50] Train 1.0154/0.7476  Val 0.4610/0.8640  (9.2s)
  [F1 E 22/50] Train 1.0646/0.7574  Val 0.4416/0.8760  (9.3s)
  [F1 E 23/50] Train 0.9774/0.7762  Val 0.4648/0.8740  (9.3s)
  [F1 E 24/50] Train 0.8864/0.7874  Val 0.4584/0.8805  (9.4s)
  [F1 E 25/50] Train 0.8444/0.7922  Val 0.4727/0.8675  (9.4s)
  [F1 E 26/50] Train 0.7657/0.8380  Val 0.4319/0.8845  (8.9s)
  [F1 E 27/50] Train 0.8235/0.8117  Val 0.4093/0.8920  (9.0s)
  [F1 E 28/50] Train 0.9303/0.7714  Val 0.4211/0.8840  (9.4s)
  [F1 E 29/50] Train 0.8606/0.7966  Val 0.3985/0.8935  (9.3s)
  [F1 E 30/50] Train 0.8998/0.7937  Val 0.4042/0.8975  (9.2s)
  [F1 E 31/50] Train 0.8727/0.7676  Val 0.3998/0.8955  (9.5s)
  [F1 E 32/50] Train 0.8365/0.7832  Val 0.3735/0.9010  (8.9s)
  [F1 E 33/50] Train 0.7897/0.7951  Val 0.4047/0.9020  (9.6s)
  [F1 E 34/50] Train 0.7710/0.8288  Val 0.3886/0.8965  (9.5s)
  [F1 E 35/50] Train 0.7734/0.8159  Val 0.3706/0.8995  (8.9s)
  [F1 E 36/50] Train 0.6614/0.8464  Val 0.3676/0.9020  (9.2s)
  [F1 E 37/50] Train 0.7040/0.7958  Val 0.3718/0.9040  (9.2s)
  [F1 E 38/50] Train 0.7051/0.8076  Val 0.3636/0.9075  (9.7s)
  [F1 E 39/50] Train 0.7262/0.8379  Val 0.3631/0.9065  (9.3s)
  [F1 E 40/50] Train 0.6884/0.8524  Val 0.3672/0.9080  (8.7s)
  [F1 E 41/50] Train 0.7419/0.8293  Val 0.3567/0.9095  (8.4s)
  [F1 E 42/50] Train 0.6557/0.8523  Val 0.3486/0.9095  (8.8s)
  [F1 E 43/50] Train 0.7114/0.8544  Val 0.3525/0.9080  (8.7s)
  [F1 E 44/50] Train 0.6173/0.8712  Val 0.3516/0.9070  (8.8s)
  [F1 E 45/50] Train 0.7951/0.8031  Val 0.3525/0.9120  (8.7s)
  [F1 E 46/50] Train 0.6082/0.8680  Val 0.3538/0.9110  (8.8s)
  [F1 E 47/50] Train 0.7751/0.8120  Val 0.3599/0.9085  (8.9s)
  [F1 E 48/50] Train 0.7270/0.8405  Val 0.3519/0.9095  (8.6s)
  [F1 E 49/50] Train 0.6512/0.8426  Val 0.3492/0.9070  (8.4s)
  [F1 E 50/50] Train 0.7039/0.8351  Val 0.3535/0.9060  (8.6s)
  Fold 1 done — best val acc: 0.9120  (7m 38s)

============================================================
  Fold 2/4
============================================================
  Train: 6180, Val: 2000, Test: 2000
  resnet34_dropout(p=0.5) + SPATIAL  injected=9 modules
  [F2 E  1/50] Train 4.1687/0.0641  Val 3.8251/0.0965  (9.2s)
  [F2 E  2/50] Train 3.9403/0.0875  Val 3.6138/0.1235  (8.0s)
  [F2 E  3/50] Train 3.8237/0.1011  Val 3.4920/0.1330  (7.8s)
  [F2 E  4/50] Train 3.7370/0.1149  Val 3.4345/0.1725  (8.0s)
  [F2 E  5/50] Train 3.7140/0.1115  Val 3.3497/0.1730  (7.7s)
  [Epoch 6] Backbone unfreeze (lr=1e-04)
  [F2 E  6/50] Train 2.8721/0.2461  Val 1.9022/0.4745  (8.9s)
  [F2 E  7/50] Train 2.2838/0.3901  Val 1.2893/0.6260  (9.0s)
  [F2 E  8/50] Train 2.0880/0.4717  Val 1.1083/0.6910  (8.8s)
  [F2 E  9/50] Train 1.8505/0.5168  Val 0.8897/0.7385  (9.1s)
  [F2 E 10/50] Train 1.6510/0.5678  Val 0.8356/0.7570  (9.0s)
  [F2 E 11/50] Train 1.5730/0.6049  Val 0.7544/0.7940  (8.9s)
  [F2 E 12/50] Train 1.5615/0.6071  Val 0.6660/0.8140  (8.4s)
  [F2 E 13/50] Train 1.2963/0.6765  Val 0.6318/0.8305  (8.7s)
  [F2 E 14/50] Train 1.3621/0.6479  Val 0.6464/0.8205  (9.2s)
  [F2 E 15/50] Train 1.2466/0.6859  Val 0.5987/0.8450  (8.9s)
  [F2 E 16/50] Train 1.2490/0.6825  Val 0.5750/0.8435  (9.0s)
  [F2 E 17/50] Train 1.2156/0.7061  Val 0.5882/0.8485  (8.8s)
  [F2 E 18/50] Train 1.0555/0.7350  Val 0.5588/0.8455  (8.7s)
  [F2 E 19/50] Train 1.0839/0.7408  Val 0.5410/0.8510  (8.8s)
  [F2 E 20/50] Train 1.0617/0.7341  Val 0.5154/0.8585  (8.7s)
  [F2 E 21/50] Train 0.9797/0.7589  Val 0.5833/0.8460  (9.0s)
  [F2 E 22/50] Train 1.0244/0.7668  Val 0.4815/0.8685  (8.5s)
  [F2 E 23/50] Train 0.9334/0.7636  Val 0.5174/0.8650  (9.3s)
  [F2 E 24/50] Train 0.9766/0.7798  Val 0.4785/0.8725  (9.1s)
  [F2 E 25/50] Train 0.9105/0.7887  Val 0.4845/0.8755  (9.0s)
  [F2 E 26/50] Train 1.0132/0.7379  Val 0.4832/0.8765  (8.9s)
  [F2 E 27/50] Train 0.8838/0.7901  Val 0.4711/0.8765  (9.0s)
  [F2 E 28/50] Train 0.8294/0.7969  Val 0.4670/0.8840  (8.5s)
  [F2 E 29/50] Train 0.9172/0.7885  Val 0.4389/0.8930  (8.9s)
  [F2 E 30/50] Train 0.8922/0.7769  Val 0.4383/0.8860  (8.9s)
  [F2 E 31/50] Train 0.8437/0.8071  Val 0.4267/0.8890  (8.6s)
  [F2 E 32/50] Train 0.9669/0.7837  Val 0.4547/0.8875  (8.9s)
  [F2 E 33/50] Train 0.8194/0.8061  Val 0.4180/0.8955  (8.9s)
  [F2 E 34/50] Train 0.8855/0.8040  Val 0.4232/0.9000  (9.3s)
  [F2 E 35/50] Train 0.6816/0.8591  Val 0.3890/0.9050  (8.3s)
  [F2 E 36/50] Train 0.7454/0.8061  Val 0.3984/0.8950  (9.0s)
  [F2 E 37/50] Train 0.7357/0.7853  Val 0.4147/0.8955  (9.0s)
  [F2 E 38/50] Train 0.8066/0.8042  Val 0.4113/0.8950  (8.8s)
  [F2 E 39/50] Train 0.7181/0.8196  Val 0.4063/0.8950  (8.9s)
  [F2 E 40/50] Train 0.7051/0.8540  Val 0.3869/0.8995  (8.8s)
  [F2 E 41/50] Train 0.7915/0.7990  Val 0.3904/0.9040  (9.3s)
  [F2 E 42/50] Train 0.6672/0.8639  Val 0.3812/0.9045  (9.1s)
  [F2 E 43/50] Train 0.7666/0.7974  Val 0.3899/0.9020  (9.2s)
  [F2 E 44/50] Train 0.7842/0.7987  Val 0.3791/0.9045  (8.4s)
  [F2 E 45/50] Train 0.6913/0.8524  Val 0.3750/0.9065  (8.6s)
  [F2 E 46/50] Train 0.7273/0.8112  Val 0.3782/0.9065  (8.9s)
  [F2 E 47/50] Train 0.6356/0.8429  Val 0.3738/0.9030  (10.1s)
  [F2 E 48/50] Train 0.7569/0.8293  Val 0.3755/0.9055  (11.0s)
  [F2 E 49/50] Train 0.7307/0.8066  Val 0.3826/0.9070  (10.5s)
  [F2 E 50/50] Train 0.7906/0.8159  Val 0.3761/0.9070  (10.3s)
  Fold 2 done — best val acc: 0.9070  (7m 30s)

============================================================
  Fold 3/4
============================================================
  Train: 6180, Val: 2000, Test: 2000
  resnet34_dropout(p=0.5) + SPATIAL  injected=9 modules
  [F3 E  1/50] Train 4.1164/0.0718  Val 3.9066/0.0800  (13.0s)
  [F3 E  2/50] Train 3.9744/0.0835  Val 3.7560/0.0865  (11.2s)
  [F3 E  3/50] Train 3.8772/0.0896  Val 3.6526/0.0960  (10.7s)
  [F3 E  4/50] Train 3.8116/0.1044  Val 3.5812/0.1170  (8.5s)
  [F3 E  5/50] Train 3.7522/0.1105  Val 3.4875/0.1495  (8.7s)
  [Epoch 6] Backbone unfreeze (lr=1e-04)
  [F3 E  6/50] Train 2.9923/0.2316  Val 1.9050/0.4320  (8.6s)
  [F3 E  7/50] Train 2.4292/0.3621  Val 1.3711/0.5865  (8.7s)
  [F3 E  8/50] Train 1.9132/0.4896  Val 1.1543/0.6450  (8.6s)
  [F3 E  9/50] Train 1.7858/0.5356  Val 0.9255/0.7220  (8.7s)
  [F3 E 10/50] Train 1.7108/0.5594  Val 0.8415/0.7515  (8.4s)
  [F3 E 11/50] Train 1.5652/0.5917  Val 0.7322/0.7920  (8.4s)
  [F3 E 12/50] Train 1.4364/0.6367  Val 0.7220/0.8060  (8.6s)
  [F3 E 13/50] Train 1.5037/0.6364  Val 0.6483/0.8240  (8.9s)
  [F3 E 14/50] Train 1.1704/0.7040  Val 0.6123/0.8240  (8.3s)
  [F3 E 15/50] Train 1.3323/0.6621  Val 0.5819/0.8400  (8.8s)
  [F3 E 16/50] Train 1.1239/0.7191  Val 0.5604/0.8420  (8.3s)
  [F3 E 17/50] Train 1.1205/0.7309  Val 0.5448/0.8555  (8.2s)
  [F3 E 18/50] Train 1.2173/0.7244  Val 0.5573/0.8470  (8.8s)
  [F3 E 19/50] Train 0.9705/0.7571  Val 0.4947/0.8540  (8.4s)
  [F3 E 20/50] Train 1.1089/0.7327  Val 0.5147/0.8585  (8.3s)
  [F3 E 21/50] Train 0.9981/0.7552  Val 0.5206/0.8635  (8.2s)
  [F3 E 22/50] Train 0.9621/0.7680  Val 0.4813/0.8685  (8.4s)
  [F3 E 23/50] Train 1.0201/0.7296  Val 0.4999/0.8675  (8.5s)
  [F3 E 24/50] Train 0.9987/0.7503  Val 0.5348/0.8515  (8.7s)
  [F3 E 25/50] Train 0.8384/0.7896  Val 0.4596/0.8790  (8.4s)
  [F3 E 26/50] Train 0.9293/0.7583  Val 0.4552/0.8720  (8.6s)
  [F3 E 27/50] Train 0.8463/0.7793  Val 0.4510/0.8865  (8.8s)
  [F3 E 28/50] Train 0.8153/0.8019  Val 0.4396/0.8795  (8.7s)
  [F3 E 29/50] Train 0.9018/0.7824  Val 0.4542/0.8825  (8.5s)
  [F3 E 30/50] Train 0.7150/0.8215  Val 0.4452/0.8830  (8.9s)
  [F3 E 31/50] Train 0.8631/0.7638  Val 0.4308/0.8810  (8.4s)
  [F3 E 32/50] Train 0.7908/0.8155  Val 0.4229/0.8880  (8.8s)
  [F3 E 33/50] Train 0.8102/0.8107  Val 0.4522/0.8850  (8.7s)
  [F3 E 34/50] Train 0.8351/0.7992  Val 0.4322/0.8820  (8.7s)
  [F3 E 35/50] Train 0.8425/0.8079  Val 0.4000/0.8930  (8.5s)
  [F3 E 36/50] Train 0.7338/0.8251  Val 0.4041/0.8890  (8.8s)
  [F3 E 37/50] Train 0.6942/0.8217  Val 0.4096/0.8900  (8.6s)
  [F3 E 38/50] Train 0.6857/0.8343  Val 0.4144/0.8900  (8.6s)
  [F3 E 39/50] Train 0.7594/0.8133  Val 0.3971/0.8940  (8.9s)
  [F3 E 40/50] Train 0.6956/0.8191  Val 0.3958/0.8950  (8.7s)
  [F3 E 41/50] Train 0.7597/0.8078  Val 0.3805/0.8985  (8.6s)
  [F3 E 42/50] Train 0.7238/0.8259  Val 0.3828/0.8995  (8.9s)
  [F3 E 43/50] Train 0.7618/0.8042  Val 0.3883/0.8955  (8.6s)
  [F3 E 44/50] Train 0.6061/0.8667  Val 0.3748/0.9015  (8.6s)
  [F3 E 45/50] Train 0.7177/0.8058  Val 0.3826/0.8980  (8.7s)
  [F3 E 46/50] Train 0.7619/0.8107  Val 0.3820/0.9000  (8.8s)
  [F3 E 47/50] Train 0.6769/0.8405  Val 0.3734/0.9000  (8.8s)
  [F3 E 48/50] Train 0.7238/0.8228  Val 0.3702/0.9005  (8.4s)
  [F3 E 49/50] Train 0.5996/0.8584  Val 0.3812/0.9005  (9.1s)
  [F3 E 50/50] Train 0.7959/0.8196  Val 0.3720/0.8980  (8.7s)
  Fold 3 done — best val acc: 0.9015  (7m 23s)

============================================================
  Fold 4/4
============================================================
  Train: 6180, Val: 2000, Test: 2000
  resnet34_dropout(p=0.5) + SPATIAL  injected=9 modules
  [F4 E  1/50] Train 4.0927/0.0752  Val 3.9390/0.0820  (8.8s)
  [F4 E  2/50] Train 3.9769/0.0801  Val 3.8086/0.0810  (7.8s)
  [F4 E  3/50] Train 3.8844/0.0909  Val 3.7193/0.1100  (8.2s)
  [F4 E  4/50] Train 3.8321/0.0947  Val 3.6162/0.1225  (7.7s)
  [F4 E  5/50] Train 3.7760/0.1065  Val 3.5772/0.1095  (8.1s)
  [Epoch 6] Backbone unfreeze (lr=1e-04)
  [F4 E  6/50] Train 2.9711/0.2346  Val 2.0143/0.4055  (8.7s)
  [F4 E  7/50] Train 2.3803/0.3608  Val 1.4284/0.5730  (8.7s)
  [F4 E  8/50] Train 2.1189/0.4537  Val 1.1884/0.6475  (8.8s)
  [F4 E  9/50] Train 1.7900/0.5207  Val 0.9546/0.7305  (8.8s)
  [F4 E 10/50] Train 1.5978/0.5796  Val 0.8962/0.7390  (8.7s)
  [F4 E 11/50] Train 1.6278/0.5754  Val 0.8022/0.7780  (8.6s)
  [F4 E 12/50] Train 1.3831/0.6286  Val 0.7139/0.7900  (8.7s)
  [F4 E 13/50] Train 1.4070/0.6361  Val 0.6932/0.7950  (9.0s)
  [F4 E 14/50] Train 1.2088/0.6974  Val 0.6114/0.8125  (8.5s)
  [F4 E 15/50] Train 1.2285/0.6905  Val 0.6256/0.8170  (8.8s)
  [F4 E 16/50] Train 1.1765/0.6939  Val 0.5804/0.8445  (8.5s)
  [F4 E 17/50] Train 1.2410/0.6961  Val 0.5804/0.8270  (9.0s)
  [F4 E 18/50] Train 1.0977/0.7117  Val 0.5815/0.8395  (8.8s)
  [F4 E 19/50] Train 0.8963/0.7837  Val 0.5698/0.8475  (8.5s)
  [F4 E 20/50] Train 1.0793/0.7356  Val 0.5364/0.8550  (8.5s)
  [F4 E 21/50] Train 0.9095/0.7783  Val 0.5228/0.8570  (8.5s)
  [F4 E 22/50] Train 1.0390/0.7379  Val 0.5104/0.8635  (8.5s)
  [F4 E 23/50] Train 1.0258/0.7406  Val 0.5247/0.8595  (8.7s)
  [F4 E 24/50] Train 0.9383/0.7843  Val 0.5004/0.8740  (8.4s)
  [F4 E 25/50] Train 0.8727/0.7880  Val 0.5139/0.8610  (8.4s)
  [F4 E 26/50] Train 0.9782/0.7531  Val 0.4638/0.8745  (8.4s)
  [F4 E 27/50] Train 0.8833/0.7864  Val 0.4593/0.8835  (8.8s)
  [F4 E 28/50] Train 0.9122/0.7540  Val 0.4863/0.8740  (8.5s)
  [F4 E 29/50] Train 0.9088/0.7589  Val 0.4811/0.8795  (8.8s)
  [F4 E 30/50] Train 0.8810/0.7914  Val 0.4574/0.8860  (8.5s)
  [F4 E 31/50] Train 0.9145/0.7639  Val 0.4649/0.8760  (9.1s)
  [F4 E 32/50] Train 0.8178/0.7984  Val 0.4449/0.8845  (8.3s)
  [F4 E 33/50] Train 0.8705/0.7739  Val 0.4435/0.8910  (8.5s)
  [F4 E 34/50] Train 0.6859/0.8267  Val 0.4233/0.8935  (9.1s)
  [F4 E 35/50] Train 0.6837/0.8319  Val 0.4328/0.8940  (8.5s)
  [F4 E 36/50] Train 0.7972/0.8183  Val 0.4186/0.8950  (8.8s)
  [F4 E 37/50] Train 0.7492/0.8181  Val 0.4265/0.8920  (8.6s)
  [F4 E 38/50] Train 0.7876/0.8016  Val 0.4320/0.8940  (8.8s)
  [F4 E 39/50] Train 0.8663/0.7720  Val 0.4374/0.8935  (9.4s)
  [F4 E 40/50] Train 0.8779/0.7777  Val 0.4334/0.8950  (8.9s)
  [F4 E 41/50] Train 0.5909/0.8659  Val 0.4112/0.8980  (8.6s)
  [F4 E 42/50] Train 0.8540/0.7811  Val 0.4100/0.9015  (8.6s)
  [F4 E 43/50] Train 0.7667/0.8123  Val 0.4161/0.8960  (9.1s)
  [F4 E 44/50] Train 0.6963/0.7979  Val 0.4144/0.8965  (9.1s)
  [F4 E 45/50] Train 0.7310/0.8157  Val 0.4079/0.8970  (8.7s)
  [F4 E 46/50] Train 0.7558/0.8251  Val 0.4179/0.8995  (8.8s)
  [F4 E 47/50] Train 0.7645/0.8121  Val 0.4174/0.8985  (8.4s)
  [F4 E 48/50] Train 0.7156/0.8437  Val 0.4075/0.9015  (9.3s)
  [F4 E 49/50] Train 0.6051/0.8621  Val 0.4041/0.9000  (8.8s)
  [F4 E 50/50] Train 0.7514/0.8006  Val 0.4085/0.8980  (8.8s)
  Fold 4 done — best val acc: 0.9015  (7m 16s)

============================================================
  Ensemble — Weighted Soft Voting
  Fold val accs: ['0.9120', '0.9070', '0.9015', '0.9015']
  Weights      : ['0.2518', '0.2504', '0.2489', '0.2489']
============================================================
  resnet34_dropout(p=0.5) + SPATIAL  injected=9 modules
  resnet34_dropout(p=0.5) + SPATIAL  injected=9 modules
  resnet34_dropout(p=0.5) + SPATIAL  injected=9 modules
  resnet34_dropout(p=0.5) + SPATIAL  injected=9 modules
Ensemble Test Acc : 0.9245
Class-Norm Acc    : 0.9175
History → /home/work/AIPJ/EF2039_Introduction_to_AI_Programming_Project_1/experiment_final/history_resnet34d_spatial_tuning_family_lr0.001_optadamw_wd0.005_rot15_cm0.5.csv
Curve → /home/work/AIPJ/EF2039_Introduction_to_AI_Programming_Project_1/experiment_final/curve_resnet34d_spatial_tuning_family_lr0.001_optadamw_wd0.005_rot15_cm0.5.png
Confusion → /home/work/AIPJ/EF2039_Introduction_to_AI_Programming_Project_1/experiment_final/confusion_resnet34d_spatial_tuning_family_lr0.001_optadamw_wd0.005_rot15_cm0.5.png
Class-wise → /home/work/AIPJ/EF2039_Introduction_to_AI_Programming_Project_1/experiment_final/classwise_resnet34d_spatial_tuning_family_lr0.001_optadamw_wd0.005_rot15_cm0.5.csv
Predictions → /home/work/AIPJ/EF2039_Introduction_to_AI_Programming_Project_1/experiment_final/predictions_resnet34d_spatial_tuning_family_lr0.001_optadamw_wd0.005_rot15_cm0.5.csv
Results → /home/work/AIPJ/EF2039_Introduction_to_AI_Programming_Project_1/experiment_final/results_all.csv
