===== Input Arguments =====
  model         : resnet34d
  attn          : cbam
  tuning        : False
  use_excluded  : True
  use_added     : True
  folds         : 4
  epochs        : 50
  batch_size    : 32
  lr            : 0.001
  optimizer     : adamw
  weight_decay  : 0.005
  label_smoothing: 0.0
  label         : family
  crop_bbox     : True
  seed          : 42
  save_csv      : results_all.csv
  outdir        : /home/work/AIPJ/EF2039_Introduction_to_AI_Programming_Project_1/experiment_final
  added_repeat  : 1
  rotation      : 15
  cutmix        : 0.5
===========================
Device: cuda  |  AMP: True  |  Workers: 14
Label: family  |  Classes: 70
Mode: excl=True, added=True  |  Original: 10000, Added(train-only): 180 ×1 = 180
Test set isolated: 2000 samples (20%, seed=42)
Train+Val pool   : 8000 samples → 4-fold CV

============================================================
  Fold 1/4
============================================================
  Train: 6180, Val: 2000, Test: 2000
  resnet34_dropout(p=0.5) + CBAM  injected=9 modules
  [F1 E  1/50] Train 4.0883/0.0770  Val 3.9570/0.0800  (9.7s)
  [F1 E  2/50] Train 3.9844/0.0798  Val 3.8745/0.0800  (7.9s)
  [F1 E  3/50] Train 3.9436/0.0854  Val 3.7779/0.0870  (8.0s)
  [F1 E  4/50] Train 3.8800/0.0896  Val 3.7327/0.0925  (7.9s)
  [F1 E  5/50] Train 3.8475/0.0979  Val 3.6728/0.0920  (7.6s)
  [Epoch 6] Backbone unfreeze (lr=1e-04)
  [F1 E  6/50] Train 3.1704/0.2000  Val 2.1145/0.3810  (11.1s)
  [F1 E  7/50] Train 2.4950/0.3379  Val 1.6170/0.5090  (10.3s)
  [F1 E  8/50] Train 2.1473/0.4343  Val 1.2284/0.6575  (10.4s)
  [F1 E  9/50] Train 1.9741/0.4803  Val 1.1478/0.6685  (10.3s)
  [F1 E 10/50] Train 1.6550/0.5696  Val 0.8224/0.7550  (10.3s)
  [F1 E 11/50] Train 1.6975/0.5626  Val 0.6891/0.8030  (10.6s)
  [F1 E 12/50] Train 1.5456/0.6129  Val 0.7217/0.7950  (11.0s)
  [F1 E 13/50] Train 1.4315/0.6403  Val 0.7147/0.7885  (10.3s)
  [F1 E 14/50] Train 1.4599/0.6405  Val 0.6285/0.8195  (10.3s)
  [F1 E 15/50] Train 1.3211/0.6804  Val 0.5770/0.8325  (10.5s)
  [F1 E 16/50] Train 1.4069/0.6435  Val 0.6211/0.8340  (10.2s)
  [F1 E 17/50] Train 1.2453/0.6820  Val 0.6095/0.8245  (10.6s)
  [F1 E 18/50] Train 1.1192/0.7217  Val 0.4996/0.8565  (10.5s)
  [F1 E 19/50] Train 1.1710/0.7073  Val 0.5123/0.8540  (10.5s)
  [F1 E 20/50] Train 1.1279/0.7108  Val 0.5465/0.8455  (10.4s)
  [F1 E 21/50] Train 1.0849/0.7262  Val 0.5062/0.8565  (10.3s)
  [F1 E 22/50] Train 0.9876/0.7618  Val 0.4735/0.8650  (10.4s)
  [F1 E 23/50] Train 0.9888/0.7691  Val 0.4415/0.8740  (10.8s)
  [F1 E 24/50] Train 1.0134/0.7570  Val 0.4870/0.8730  (10.4s)
  [F1 E 25/50] Train 0.8414/0.8123  Val 0.4375/0.8760  (10.3s)
  [F1 E 26/50] Train 0.9458/0.7772  Val 0.4732/0.8705  (10.5s)
  [F1 E 27/50] Train 0.8947/0.7772  Val 0.4359/0.8810  (11.0s)
  [F1 E 28/50] Train 0.8618/0.8039  Val 0.4132/0.8855  (10.9s)
  [F1 E 29/50] Train 0.7853/0.8181  Val 0.4332/0.8810  (10.4s)
  [F1 E 30/50] Train 0.7991/0.8173  Val 0.4317/0.8815  (10.8s)
  [F1 E 31/50] Train 0.9638/0.7689  Val 0.4162/0.8870  (10.9s)
  [F1 E 32/50] Train 0.8713/0.7820  Val 0.4001/0.9010  (10.5s)
  [F1 E 33/50] Train 0.8122/0.7702  Val 0.4065/0.8930  (11.4s)
  [F1 E 34/50] Train 0.8572/0.8165  Val 0.3938/0.8985  (11.0s)
  [F1 E 35/50] Train 0.8386/0.8071  Val 0.3799/0.8980  (10.7s)
  [F1 E 36/50] Train 0.7030/0.8307  Val 0.3864/0.8975  (10.9s)
  [F1 E 37/50] Train 0.7111/0.8134  Val 0.3817/0.8970  (10.5s)
  [F1 E 38/50] Train 0.7280/0.8243  Val 0.3712/0.8995  (11.1s)
  [F1 E 39/50] Train 0.8503/0.8078  Val 0.3850/0.9050  (10.5s)
  [F1 E 40/50] Train 0.8724/0.8015  Val 0.3872/0.9015  (11.6s)
  [F1 E 41/50] Train 0.8312/0.8400  Val 0.3721/0.9035  (10.3s)
  [F1 E 42/50] Train 0.6845/0.8396  Val 0.3588/0.9020  (10.3s)
  [F1 E 43/50] Train 0.7960/0.8222  Val 0.3691/0.9010  (10.8s)
  [F1 E 44/50] Train 0.7133/0.8230  Val 0.3674/0.9070  (10.6s)
  [F1 E 45/50] Train 0.6613/0.8633  Val 0.3598/0.9040  (10.6s)
  [F1 E 46/50] Train 0.8016/0.8236  Val 0.3669/0.9110  (10.8s)
  [F1 E 47/50] Train 0.7583/0.8040  Val 0.3588/0.9075  (10.9s)
  [F1 E 48/50] Train 0.6997/0.8204  Val 0.3599/0.9080  (11.1s)
  [F1 E 49/50] Train 0.8196/0.7913  Val 0.3629/0.9085  (11.0s)
  [F1 E 50/50] Train 0.9087/0.7435  Val 0.3606/0.9095  (11.1s)
  Fold 1 done — best val acc: 0.9110  (8m 43s)

============================================================
  Fold 2/4
============================================================
  Train: 6180, Val: 2000, Test: 2000
  resnet34_dropout(p=0.5) + CBAM  injected=9 modules
  [F2 E  1/50] Train 4.0936/0.0733  Val 3.9751/0.0800  (10.7s)
  [F2 E  2/50] Train 4.0054/0.0820  Val 3.9156/0.0805  (8.6s)
  [F2 E  3/50] Train 3.9422/0.0848  Val 3.8315/0.0895  (8.8s)
  [F2 E  4/50] Train 3.8992/0.0900  Val 3.7636/0.0995  (8.7s)
  [F2 E  5/50] Train 3.8552/0.0911  Val 3.7238/0.1060  (8.4s)
  [Epoch 6] Backbone unfreeze (lr=1e-04)
  [F2 E  6/50] Train 3.0640/0.2078  Val 2.0987/0.4065  (12.1s)
  [F2 E  7/50] Train 2.4931/0.3294  Val 1.5963/0.5160  (11.9s)
  [F2 E  8/50] Train 2.0707/0.4380  Val 1.3368/0.6070  (10.9s)
  [F2 E  9/50] Train 1.8877/0.5089  Val 1.1169/0.6555  (11.4s)
  [F2 E 10/50] Train 1.7023/0.5487  Val 0.9581/0.7095  (12.0s)
  [F2 E 11/50] Train 1.5874/0.5900  Val 0.8262/0.7645  (11.1s)
  [F2 E 12/50] Train 1.5403/0.6138  Val 0.7347/0.7970  (12.3s)
  [F2 E 13/50] Train 1.3870/0.6508  Val 0.6914/0.7990  (12.3s)
  [F2 E 14/50] Train 1.3590/0.6610  Val 0.6412/0.8185  (11.4s)
  [F2 E 15/50] Train 1.3120/0.6840  Val 0.6965/0.8005  (11.7s)
  [F2 E 16/50] Train 1.1228/0.7280  Val 0.5737/0.8455  (11.7s)
  [F2 E 17/50] Train 1.1626/0.7058  Val 0.6309/0.8180  (12.3s)
  [F2 E 18/50] Train 1.2116/0.6790  Val 0.5997/0.8410  (12.2s)
  [F2 E 19/50] Train 1.0671/0.7406  Val 0.5872/0.8420  (11.4s)
  [F2 E 20/50] Train 1.1301/0.7215  Val 0.5220/0.8560  (11.4s)
  [F2 E 21/50] Train 1.0939/0.7306  Val 0.4966/0.8610  (12.2s)
  [F2 E 22/50] Train 1.0381/0.7463  Val 0.5110/0.8645  (11.6s)
  [F2 E 23/50] Train 0.9589/0.7898  Val 0.5181/0.8605  (11.0s)
  [F2 E 24/50] Train 0.9849/0.7654  Val 0.4790/0.8650  (11.6s)
  [F2 E 25/50] Train 0.9254/0.7691  Val 0.4754/0.8775  (11.7s)
  [F2 E 26/50] Train 0.9511/0.7675  Val 0.4713/0.8785  (11.4s)
  [F2 E 27/50] Train 0.7979/0.8053  Val 0.4708/0.8745  (12.6s)
  [F2 E 28/50] Train 0.9424/0.7820  Val 0.4525/0.8840  (11.9s)
  [F2 E 29/50] Train 0.7343/0.8092  Val 0.4644/0.8785  (12.0s)
  [F2 E 30/50] Train 0.8315/0.8010  Val 0.4687/0.8735  (11.2s)
  [F2 E 31/50] Train 0.9179/0.8126  Val 0.4832/0.8870  (11.7s)
  [F2 E 32/50] Train 0.7815/0.8233  Val 0.4459/0.8830  (12.3s)
  [F2 E 33/50] Train 0.7759/0.8066  Val 0.4138/0.8860  (12.5s)
  [F2 E 34/50] Train 0.8227/0.8118  Val 0.4139/0.8990  (11.1s)
  [F2 E 35/50] Train 0.7783/0.8228  Val 0.4133/0.9015  (11.5s)
  [F2 E 36/50] Train 0.7273/0.8599  Val 0.4219/0.8905  (13.5s)
  [F2 E 37/50] Train 0.7234/0.8286  Val 0.4148/0.8975  (11.3s)
  [F2 E 38/50] Train 0.8162/0.7947  Val 0.4316/0.8990  (11.4s)
  [F2 E 39/50] Train 0.6790/0.8366  Val 0.4136/0.8965  (12.4s)
  [F2 E 40/50] Train 0.7431/0.8100  Val 0.4017/0.8970  (11.8s)
  [F2 E 41/50] Train 0.7531/0.8316  Val 0.3960/0.9000  (11.8s)
  [F2 E 42/50] Train 0.7430/0.8361  Val 0.3982/0.9015  (11.8s)
  [F2 E 43/50] Train 0.7236/0.8028  Val 0.3980/0.9015  (12.2s)
  [F2 E 44/50] Train 0.7834/0.8117  Val 0.3968/0.9025  (11.6s)
  [F2 E 45/50] Train 0.7415/0.8299  Val 0.3952/0.9035  (11.2s)
  [F2 E 46/50] Train 0.7259/0.8089  Val 0.3939/0.9045  (11.8s)
  [F2 E 47/50] Train 0.7046/0.8424  Val 0.3830/0.9080  (12.2s)
  [F2 E 48/50] Train 0.8529/0.7843  Val 0.3932/0.9070  (11.1s)
  [F2 E 49/50] Train 0.6832/0.8392  Val 0.3894/0.9050  (12.4s)
  [F2 E 50/50] Train 0.7379/0.8382  Val 0.3937/0.9040  (11.4s)
  Fold 2 done — best val acc: 0.9080  (9m 39s)

============================================================
  Fold 3/4
============================================================
  Train: 6180, Val: 2000, Test: 2000
  resnet34_dropout(p=0.5) + CBAM  injected=9 modules
  [F3 E  1/50] Train 4.0939/0.0775  Val 3.9526/0.0800  (9.6s)
  [F3 E  2/50] Train 3.9814/0.0803  Val 3.8459/0.0800  (8.9s)
  [F3 E  3/50] Train 3.8997/0.0896  Val 3.7561/0.1165  (8.2s)
  [F3 E  4/50] Train 3.8619/0.0963  Val 3.6975/0.0960  (8.2s)
  [F3 E  5/50] Train 3.7941/0.1002  Val 3.6227/0.1240  (9.0s)
  [Epoch 6] Backbone unfreeze (lr=1e-04)
  [F3 E  6/50] Train 3.1003/0.2138  Val 2.0146/0.4330  (11.6s)
  [F3 E  7/50] Train 2.4896/0.3383  Val 1.5066/0.5695  (10.8s)
  [F3 E  8/50] Train 2.1042/0.4283  Val 1.1990/0.6300  (12.0s)
  [F3 E  9/50] Train 1.8758/0.5160  Val 1.0246/0.6710  (10.7s)
  [F3 E 10/50] Train 1.7332/0.5607  Val 0.8524/0.7635  (11.1s)
  [F3 E 11/50] Train 1.5645/0.6040  Val 0.8890/0.7455  (11.3s)
  [F3 E 12/50] Train 1.5277/0.6081  Val 0.7392/0.7870  (11.6s)
  [F3 E 13/50] Train 1.3381/0.6591  Val 0.7059/0.8025  (11.2s)
  [F3 E 14/50] Train 1.3383/0.6581  Val 0.6815/0.8000  (12.0s)
  [F3 E 15/50] Train 1.1580/0.7061  Val 0.5832/0.8240  (11.3s)
  [F3 E 16/50] Train 1.3028/0.6820  Val 0.6663/0.8050  (11.8s)
  [F3 E 17/50] Train 1.2122/0.6895  Val 0.5876/0.8305  (12.2s)
  [F3 E 18/50] Train 1.0380/0.7594  Val 0.5539/0.8475  (12.3s)
  [F3 E 19/50] Train 1.0712/0.7325  Val 0.5382/0.8500  (11.8s)
  [F3 E 20/50] Train 1.0186/0.7672  Val 0.5220/0.8480  (12.1s)
  [F3 E 21/50] Train 1.0614/0.7333  Val 0.5150/0.8520  (11.6s)
  [F3 E 22/50] Train 1.0234/0.7463  Val 0.4993/0.8580  (12.0s)
  [F3 E 23/50] Train 0.8323/0.7888  Val 0.5005/0.8635  (11.3s)
  [F3 E 24/50] Train 0.9681/0.7377  Val 0.4430/0.8800  (11.4s)
  [F3 E 25/50] Train 0.8624/0.7772  Val 0.4855/0.8710  (12.0s)
  [F3 E 26/50] Train 0.7606/0.8246  Val 0.4511/0.8775  (11.1s)
  [F3 E 27/50] Train 1.0013/0.7345  Val 0.4304/0.8845  (11.9s)
  [F3 E 28/50] Train 0.9192/0.7845  Val 0.4739/0.8770  (11.6s)
  [F3 E 29/50] Train 0.8863/0.7958  Val 0.4405/0.8810  (11.4s)
  [F3 E 30/50] Train 0.8481/0.8036  Val 0.4179/0.8820  (12.0s)
  [F3 E 31/50] Train 1.0131/0.7809  Val 0.4655/0.8780  (11.7s)
  [F3 E 32/50] Train 0.9350/0.7476  Val 0.4455/0.8915  (11.9s)
  [F3 E 33/50] Train 0.9207/0.7832  Val 0.4399/0.8900  (11.3s)
  [F3 E 34/50] Train 0.8246/0.8180  Val 0.4060/0.8950  (11.9s)
  [F3 E 35/50] Train 0.8179/0.7990  Val 0.4264/0.8895  (12.3s)
  [F3 E 36/50] Train 0.6792/0.8333  Val 0.3918/0.8940  (11.6s)
  [F3 E 37/50] Train 0.8382/0.8095  Val 0.4154/0.8935  (12.0s)
  [F3 E 38/50] Train 0.8327/0.7743  Val 0.3807/0.8975  (11.3s)
  [F3 E 39/50] Train 0.8823/0.7561  Val 0.3842/0.8985  (12.3s)
  [F3 E 40/50] Train 0.7534/0.8210  Val 0.3908/0.9015  (11.8s)
  [F3 E 41/50] Train 0.7704/0.8105  Val 0.3734/0.9010  (12.6s)
  [F3 E 42/50] Train 0.6415/0.8348  Val 0.3706/0.8980  (11.1s)
  [F3 E 43/50] Train 0.6468/0.8227  Val 0.3904/0.8955  (11.7s)
  [F3 E 44/50] Train 0.7095/0.8133  Val 0.3748/0.9000  (11.7s)
  [F3 E 45/50] Train 0.7002/0.8623  Val 0.3678/0.9015  (12.0s)
  [F3 E 46/50] Train 0.7342/0.8058  Val 0.3796/0.8990  (11.3s)
  [F3 E 47/50] Train 0.6278/0.8333  Val 0.3637/0.9005  (12.3s)
  [F3 E 48/50] Train 0.8310/0.7995  Val 0.3711/0.9020  (11.5s)
  [F3 E 49/50] Train 0.7756/0.7845  Val 0.3763/0.9025  (12.2s)
  [F3 E 50/50] Train 0.7891/0.7841  Val 0.3699/0.9025  (11.4s)
  Fold 3 done — best val acc: 0.9025  (9m 33s)

============================================================
  Fold 4/4
============================================================
  Train: 6180, Val: 2000, Test: 2000
  resnet34_dropout(p=0.5) + CBAM  injected=9 modules
  [F4 E  1/50] Train 4.0921/0.0738  Val 3.9820/0.0800  (10.7s)
  [F4 E  2/50] Train 4.0172/0.0801  Val 3.9084/0.0800  (8.4s)
  [F4 E  3/50] Train 3.9561/0.0827  Val 3.8454/0.0845  (8.5s)
  [F4 E  4/50] Train 3.9105/0.0851  Val 3.7760/0.0945  (8.6s)
  [F4 E  5/50] Train 3.8802/0.0903  Val 3.7360/0.0965  (8.6s)
  [Epoch 6] Backbone unfreeze (lr=1e-04)
  [F4 E  6/50] Train 3.2295/0.1824  Val 2.2127/0.3705  (11.1s)
  [F4 E  7/50] Train 2.6125/0.3081  Val 1.6249/0.5240  (11.7s)
  [F4 E  8/50] Train 2.1829/0.4184  Val 1.3034/0.6105  (11.6s)
  [F4 E  9/50] Train 1.9889/0.4869  Val 1.0627/0.6880  (11.3s)
  [F4 E 10/50] Train 1.7813/0.5427  Val 0.9476/0.7165  (11.4s)
  [F4 E 11/50] Train 1.5475/0.5794  Val 0.8522/0.7570  (11.6s)
  [F4 E 12/50] Train 1.4706/0.6375  Val 0.8401/0.7465  (11.3s)
  [F4 E 13/50] Train 1.4397/0.6236  Val 0.6969/0.7965  (12.0s)
  [F4 E 14/50] Train 1.3820/0.6265  Val 0.7191/0.7935  (11.7s)
  [F4 E 15/50] Train 1.1696/0.7193  Val 0.6322/0.8090  (11.7s)
  [F4 E 16/50] Train 1.3825/0.6553  Val 0.5665/0.8415  (12.5s)
  [F4 E 17/50] Train 1.2523/0.6926  Val 0.6093/0.8345  (11.7s)
  [F4 E 18/50] Train 1.1371/0.7086  Val 0.6229/0.8280  (12.4s)
  [F4 E 19/50] Train 1.0596/0.7319  Val 0.5885/0.8320  (11.9s)
  [F4 E 20/50] Train 1.0844/0.7126  Val 0.5163/0.8520  (11.9s)
  [F4 E 21/50] Train 1.0186/0.7204  Val 0.5402/0.8530  (11.7s)
  [F4 E 22/50] Train 0.9101/0.7710  Val 0.5429/0.8530  (12.1s)
  [F4 E 23/50] Train 0.9575/0.7811  Val 0.5098/0.8555  (12.1s)
  [F4 E 24/50] Train 0.9281/0.7553  Val 0.4938/0.8620  (12.1s)
  [F4 E 25/50] Train 0.8568/0.8123  Val 0.4903/0.8680  (12.2s)
  [F4 E 26/50] Train 0.8489/0.7794  Val 0.4575/0.8755  (12.2s)
  [F4 E 27/50] Train 1.0028/0.7502  Val 0.4978/0.8680  (11.6s)
  [F4 E 28/50] Train 0.9238/0.7972  Val 0.4895/0.8715  (11.4s)
  [F4 E 29/50] Train 0.8605/0.7942  Val 0.4719/0.8765  (12.0s)
  [F4 E 30/50] Train 0.8573/0.7869  Val 0.4564/0.8810  (11.8s)
  [F4 E 31/50] Train 0.9415/0.7634  Val 0.4424/0.8900  (11.9s)
  [F4 E 32/50] Train 0.8437/0.8065  Val 0.4677/0.8865  (11.6s)
  [F4 E 33/50] Train 0.8093/0.7976  Val 0.4559/0.8780  (11.7s)
  [F4 E 34/50] Train 0.8300/0.7880  Val 0.4481/0.8850  (12.2s)
  [F4 E 35/50] Train 0.8930/0.7739  Val 0.4399/0.8875  (11.6s)
  [F4 E 36/50] Train 0.8772/0.7811  Val 0.4418/0.8835  (11.7s)
  [F4 E 37/50] Train 0.6801/0.8180  Val 0.4197/0.8890  (12.4s)
  [F4 E 38/50] Train 0.8933/0.7982  Val 0.4313/0.8920  (12.3s)
  [F4 E 39/50] Train 0.6379/0.8676  Val 0.4069/0.8945  (11.9s)
  [F4 E 40/50] Train 0.7780/0.7947  Val 0.3924/0.8955  (12.6s)
  [F4 E 41/50] Train 0.7649/0.8288  Val 0.4079/0.8975  (12.0s)
  [F4 E 42/50] Train 0.7122/0.8534  Val 0.4064/0.8995  (11.8s)
  [F4 E 43/50] Train 0.7548/0.8424  Val 0.4112/0.8990  (11.3s)
  [F4 E 44/50] Train 0.7191/0.8115  Val 0.3955/0.9010  (11.7s)
  [F4 E 45/50] Train 0.7001/0.8294  Val 0.4014/0.8990  (12.0s)
  [F4 E 46/50] Train 0.6467/0.8264  Val 0.4014/0.9000  (11.8s)
  [F4 E 47/50] Train 0.7580/0.7976  Val 0.3981/0.8995  (12.1s)
  [F4 E 48/50] Train 0.7127/0.8138  Val 0.3857/0.8995  (11.9s)
  [F4 E 49/50] Train 0.7327/0.8134  Val 0.3973/0.9000  (11.9s)
  [F4 E 50/50] Train 0.7985/0.8078  Val 0.3958/0.9040  (11.4s)
  Fold 4 done — best val acc: 0.9040  (9m 41s)

============================================================
  Ensemble — Weighted Soft Voting
  Fold val accs: ['0.9110', '0.9080', '0.9025', '0.9040']
  Weights      : ['0.2513', '0.2504', '0.2489', '0.2493']
============================================================
  resnet34_dropout(p=0.5) + CBAM  injected=9 modules
  resnet34_dropout(p=0.5) + CBAM  injected=9 modules
  resnet34_dropout(p=0.5) + CBAM  injected=9 modules
  resnet34_dropout(p=0.5) + CBAM  injected=9 modules
Ensemble Test Acc : 0.9150
Class-Norm Acc    : 0.9037
History → /home/work/AIPJ/EF2039_Introduction_to_AI_Programming_Project_1/experiment_final/history_resnet34d_cbam_tuning_family_lr0.001_optadamw_wd0.005_rot15_cm0.5.csv
Curve → /home/work/AIPJ/EF2039_Introduction_to_AI_Programming_Project_1/experiment_final/curve_resnet34d_cbam_tuning_family_lr0.001_optadamw_wd0.005_rot15_cm0.5.png
Confusion → /home/work/AIPJ/EF2039_Introduction_to_AI_Programming_Project_1/experiment_final/confusion_resnet34d_cbam_tuning_family_lr0.001_optadamw_wd0.005_rot15_cm0.5.png
Class-wise → /home/work/AIPJ/EF2039_Introduction_to_AI_Programming_Project_1/experiment_final/classwise_resnet34d_cbam_tuning_family_lr0.001_optadamw_wd0.005_rot15_cm0.5.csv
Predictions → /home/work/AIPJ/EF2039_Introduction_to_AI_Programming_Project_1/experiment_final/predictions_resnet34d_cbam_tuning_family_lr0.001_optadamw_wd0.005_rot15_cm0.5.csv
Results → /home/work/AIPJ/EF2039_Introduction_to_AI_Programming_Project_1/experiment_final/results_all.csv
